{"C:\\Users\\esteb\\Documents\\TESIS\\ECenciaAPP\\frontend\\src\\components\\menu\\FoodSelector.tsx": {"path":"C:\\Users\\esteb\\Documents\\TESIS\\ECenciaAPP\\frontend\\src\\components\\menu\\FoodSelector.tsx","statementMap":{"0":{"start":{"line":34,"column":24},"end":{"line":34,"column":null}},"1":{"start":{"line":34,"column":43},"end":{"line":34,"column":null}},"2":{"start":{"line":46,"column":23},"end":{"line":46,"column":null}},"3":{"start":{"line":47,"column":33},"end":{"line":47,"column":null}},"4":{"start":{"line":48,"column":33},"end":{"line":48,"column":null}},"5":{"start":{"line":49,"column":27},"end":{"line":49,"column":null}},"6":{"start":{"line":51,"column":2},"end":{"line":53,"column":null}},"7":{"start":{"line":52,"column":4},"end":{"line":52,"column":null}},"8":{"start":{"line":52,"column":51},"end":{"line":52,"column":null}},"9":{"start":{"line":55,"column":26},"end":{"line":102,"column":null}},"10":{"start":{"line":56,"column":17},"end":{"line":56,"column":null}},"11":{"start":{"line":57,"column":4},"end":{"line":57,"column":null}},"12":{"start":{"line":57,"column":28},"end":{"line":57,"column":null}},"13":{"start":{"line":58,"column":4},"end":{"line":61,"column":null}},"14":{"start":{"line":59,"column":6},"end":{"line":59,"column":null}},"15":{"start":{"line":60,"column":6},"end":{"line":60,"column":null}},"16":{"start":{"line":62,"column":4},"end":{"line":65,"column":null}},"17":{"start":{"line":63,"column":6},"end":{"line":63,"column":null}},"18":{"start":{"line":64,"column":6},"end":{"line":64,"column":null}},"19":{"start":{"line":66,"column":4},"end":{"line":69,"column":null}},"20":{"start":{"line":66,"column":31},"end":{"line":66,"column":81}},"21":{"start":{"line":67,"column":6},"end":{"line":67,"column":null}},"22":{"start":{"line":68,"column":6},"end":{"line":68,"column":null}},"23":{"start":{"line":71,"column":4},"end":{"line":71,"column":null}},"24":{"start":{"line":72,"column":4},"end":{"line":101,"column":null}},"25":{"start":{"line":73,"column":23},"end":{"line":79,"column":null}},"26":{"start":{"line":80,"column":19},"end":{"line":80,"column":null}},"27":{"start":{"line":80,"column":54},"end":{"line":80,"column":null}},"28":{"start":{"line":81,"column":6},"end":{"line":83,"column":null}},"29":{"start":{"line":82,"column":8},"end":{"line":82,"column":null}},"30":{"start":{"line":85,"column":22},"end":{"line":85,"column":null}},"31":{"start":{"line":86,"column":6},"end":{"line":89,"column":null}},"32":{"start":{"line":87,"column":8},"end":{"line":87,"column":null}},"33":{"start":{"line":87,"column":35},"end":{"line":87,"column":57}},"34":{"start":{"line":87,"column":60},"end":{"line":87,"column":null}},"35":{"start":{"line":88,"column":8},"end":{"line":88,"column":null}},"36":{"start":{"line":90,"column":6},"end":{"line":90,"column":null}},"37":{"start":{"line":91,"column":6},"end":{"line":91,"column":null}},"38":{"start":{"line":92,"column":6},"end":{"line":92,"column":null}},"39":{"start":{"line":93,"column":6},"end":{"line":93,"column":null}},"40":{"start":{"line":94,"column":6},"end":{"line":94,"column":null}},"41":{"start":{"line":96,"column":6},"end":{"line":98,"column":null}},"42":{"start":{"line":100,"column":6},"end":{"line":100,"column":null}},"43":{"start":{"line":104,"column":2},"end":{"line":147,"column":null}},"44":{"start":{"line":143,"column":28},"end":{"line":143,"column":null}},"45":{"start":{"line":143,"column":52},"end":{"line":143,"column":null}},"46":{"start":{"line":145,"column":22},"end":{"line":147,"column":null}},"47":{"start":{"line":150,"column":22},"end":{"line":150,"column":null}},"48":{"start":{"line":151,"column":22},"end":{"line":151,"column":null}}},"fnMap":{"0":{"name":"(anonymous_0)","decl":{"start":{"line":34,"column":24},"end":{"line":34,"column":25}},"loc":{"start":{"line":34,"column":43},"end":{"line":34,"column":null}},"line":34},"1":{"name":"FoodSelector","decl":{"start":{"line":36,"column":16},"end":{"line":36,"column":29}},"loc":{"start":{"line":45,"column":20},"end":{"line":169,"column":null}},"line":45},"2":{"name":"(anonymous_2)","decl":{"start":{"line":51,"column":12},"end":{"line":51,"column":null}},"loc":{"start":{"line":51,"column":12},"end":{"line":53,"column":5}},"line":51},"3":{"name":"(anonymous_3)","decl":{"start":{"line":52,"column":41},"end":{"line":52,"column":42}},"loc":{"start":{"line":52,"column":51},"end":{"line":52,"column":null}},"line":52},"4":{"name":"(anonymous_4)","decl":{"start":{"line":55,"column":26},"end":{"line":55,"column":null}},"loc":{"start":{"line":55,"column":26},"end":{"line":102,"column":null}},"line":55},"5":{"name":"(anonymous_5)","decl":{"start":{"line":66,"column":21},"end":{"line":66,"column":22}},"loc":{"start":{"line":66,"column":31},"end":{"line":66,"column":81}},"line":66},"6":{"name":"(anonymous_6)","decl":{"start":{"line":80,"column":47},"end":{"line":80,"column":54}},"loc":{"start":{"line":80,"column":54},"end":{"line":80,"column":null}},"line":80},"7":{"name":"(anonymous_7)","decl":{"start":{"line":86,"column":19},"end":{"line":86,"column":20}},"loc":{"start":{"line":86,"column":20},"end":{"line":89,"column":null}},"line":86},"8":{"name":"(anonymous_8)","decl":{"start":{"line":87,"column":25},"end":{"line":87,"column":26}},"loc":{"start":{"line":87,"column":35},"end":{"line":87,"column":57}},"line":87},"9":{"name":"(anonymous_9)","decl":{"start":{"line":143,"column":18},"end":{"line":143,"column":19}},"loc":{"start":{"line":143,"column":28},"end":{"line":143,"column":null}},"line":143},"10":{"name":"(anonymous_10)","decl":{"start":{"line":143,"column":42},"end":{"line":143,"column":43}},"loc":{"start":{"line":143,"column":52},"end":{"line":143,"column":null}},"line":143},"11":{"name":"(anonymous_11)","decl":{"start":{"line":145,"column":21},"end":{"line":145,"column":22}},"loc":{"start":{"line":145,"column":22},"end":{"line":147,"column":null}},"line":145},"12":{"name":"(anonymous_12)","decl":{"start":{"line":149,"column":30},"end":{"line":149,"column":null}},"loc":{"start":{"line":149,"column":30},"end":{"line":152,"column":null}},"line":149}},"branchMap":{"0":{"loc":{"start":{"line":40,"column":13},"end":{"line":40,"column":34}},"type":"default-arg","locations":[{"start":{"line":40,"column":32},"end":{"line":40,"column":34}}],"line":40},"1":{"loc":{"start":{"line":41,"column":2},"end":{"line":41,"column":38}},"type":"default-arg","locations":[{"start":{"line":41,"column":16},"end":{"line":41,"column":38}}],"line":41},"2":{"loc":{"start":{"line":42,"column":2},"end":{"line":42,"column":14}},"type":"default-arg","locations":[{"start":{"line":42,"column":12},"end":{"line":42,"column":14}}],"line":42},"3":{"loc":{"start":{"line":43,"column":2},"end":{"line":43,"column":18}},"type":"default-arg","locations":[{"start":{"line":43,"column":13},"end":{"line":43,"column":18}}],"line":43},"4":{"loc":{"start":{"line":57,"column":4},"end":{"line":57,"column":null}},"type":"if","locations":[{"start":{"line":57,"column":4},"end":{"line":57,"column":null}},{"start":{},"end":{}}],"line":57},"5":{"loc":{"start":{"line":57,"column":8},"end":{"line":57,"column":28}},"type":"binary-expr","locations":[{"start":{"line":57,"column":8},"end":{"line":57,"column":17}},{"start":{"line":57,"column":17},"end":{"line":57,"column":28}}],"line":57},"6":{"loc":{"start":{"line":58,"column":4},"end":{"line":61,"column":null}},"type":"if","locations":[{"start":{"line":58,"column":4},"end":{"line":61,"column":null}},{"start":{},"end":{}}],"line":58},"7":{"loc":{"start":{"line":58,"column":8},"end":{"line":58,"column":60}},"type":"binary-expr","locations":[{"start":{"line":58,"column":8},"end":{"line":58,"column":42}},{"start":{"line":58,"column":42},"end":{"line":58,"column":60}}],"line":58},"8":{"loc":{"start":{"line":62,"column":4},"end":{"line":65,"column":null}},"type":"if","locations":[{"start":{"line":62,"column":4},"end":{"line":65,"column":null}},{"start":{},"end":{}}],"line":62},"9":{"loc":{"start":{"line":66,"column":4},"end":{"line":69,"column":null}},"type":"if","locations":[{"start":{"line":66,"column":4},"end":{"line":69,"column":null}},{"start":{},"end":{}}],"line":66},"10":{"loc":{"start":{"line":81,"column":6},"end":{"line":83,"column":null}},"type":"if","locations":[{"start":{"line":81,"column":6},"end":{"line":83,"column":null}},{"start":{},"end":{}}],"line":81},"11":{"loc":{"start":{"line":82,"column":24},"end":{"line":82,"column":null}},"type":"binary-expr","locations":[{"start":{"line":82,"column":24},"end":{"line":82,"column":34}},{"start":{"line":82,"column":38},"end":{"line":82,"column":null}}],"line":82},"12":{"loc":{"start":{"line":87,"column":8},"end":{"line":87,"column":null}},"type":"if","locations":[{"start":{"line":87,"column":8},"end":{"line":87,"column":null}},{"start":{},"end":{}}],"line":87},"13":{"loc":{"start":{"line":97,"column":21},"end":{"line":97,"column":null}},"type":"cond-expr","locations":[{"start":{"line":97,"column":46},"end":{"line":97,"column":59}},{"start":{"line":97,"column":62},"end":{"line":97,"column":null}}],"line":97},"14":{"loc":{"start":{"line":111,"column":20},"end":{"line":111,"column":null}},"type":"binary-expr","locations":[{"start":{"line":111,"column":20},"end":{"line":111,"column":32}},{"start":{"line":111,"column":32},"end":{"line":111,"column":null}}],"line":111},"15":{"loc":{"start":{"line":114,"column":11},"end":{"line":114,"column":null}},"type":"binary-expr","locations":[{"start":{"line":114,"column":11},"end":{"line":114,"column":20}},{"start":{"line":114,"column":20},"end":{"line":114,"column":null}}],"line":114},"16":{"loc":{"start":{"line":132,"column":28},"end":{"line":132,"column":null}},"type":"binary-expr","locations":[{"start":{"line":132,"column":28},"end":{"line":132,"column":41}},{"start":{"line":132,"column":41},"end":{"line":132,"column":null}}],"line":132},"17":{"loc":{"start":{"line":136,"column":19},"end":{"line":136,"column":null}},"type":"cond-expr","locations":[{"start":{"line":136,"column":31},"end":{"line":136,"column":48}},{"start":{"line":136,"column":48},"end":{"line":136,"column":null}}],"line":136},"18":{"loc":{"start":{"line":157,"column":24},"end":{"line":157,"column":null}},"type":"cond-expr","locations":[{"start":{"line":157,"column":48},"end":{"line":157,"column":64}},{"start":{"line":157,"column":64},"end":{"line":157,"column":null}}],"line":157}},"s":{"0":1,"1":0,"2":14,"3":14,"4":14,"5":14,"6":14,"7":3,"8":0,"9":14,"10":2,"11":2,"12":0,"13":2,"14":0,"15":0,"16":2,"17":0,"18":0,"19":2,"20":0,"21":0,"22":0,"23":2,"24":2,"25":2,"26":2,"27":0,"28":2,"29":1,"30":1,"31":1,"32":1,"33":0,"34":0,"35":1,"36":1,"37":2,"38":2,"39":2,"40":2,"41":1,"42":2,"43":14,"44":1,"45":0,"46":1,"47":0,"48":0},"f":{"0":0,"1":14,"2":3,"3":0,"4":2,"5":0,"6":0,"7":1,"8":0,"9":1,"10":0,"11":1,"12":0},"b":{"0":[14],"1":[14],"2":[14],"3":[14],"4":[0,2],"5":[2,2],"6":[0,2],"7":[2,2],"8":[0,2],"9":[0,2],"10":[1,1],"11":[1,0],"12":[0,1],"13":[1,0],"14":[14,14],"15":[14,14],"16":[14,12],"17":[2,12],"18":[0,1]},"meta":{"lastBranch":19,"lastFunction":13,"lastStatement":49,"seen":{"s:34:24:34:Infinity":0,"f:34:24:34:25":0,"s:34:43:34:Infinity":1,"f:36:16:36:29":1,"b:40:32:40:34":0,"b:41:16:41:38":1,"b:42:12:42:14":2,"b:43:13:43:18":3,"s:46:23:46:Infinity":2,"s:47:33:47:Infinity":3,"s:48:33:48:Infinity":4,"s:49:27:49:Infinity":5,"s:51:2:53:Infinity":6,"f:51:12:51:Infinity":2,"s:52:4:52:Infinity":7,"f:52:41:52:42":3,"s:52:51:52:Infinity":8,"s:55:26:102:Infinity":9,"f:55:26:55:Infinity":4,"s:56:17:56:Infinity":10,"b:57:4:57:Infinity:undefined:undefined:undefined:undefined":4,"s:57:4:57:Infinity":11,"b:57:8:57:17:57:17:57:28":5,"s:57:28:57:Infinity":12,"b:58:4:61:Infinity:undefined:undefined:undefined:undefined":6,"s:58:4:61:Infinity":13,"b:58:8:58:42:58:42:58:60":7,"s:59:6:59:Infinity":14,"s:60:6:60:Infinity":15,"b:62:4:65:Infinity:undefined:undefined:undefined:undefined":8,"s:62:4:65:Infinity":16,"s:63:6:63:Infinity":17,"s:64:6:64:Infinity":18,"b:66:4:69:Infinity:undefined:undefined:undefined:undefined":9,"s:66:4:69:Infinity":19,"f:66:21:66:22":5,"s:66:31:66:81":20,"s:67:6:67:Infinity":21,"s:68:6:68:Infinity":22,"s:71:4:71:Infinity":23,"s:72:4:101:Infinity":24,"s:73:23:79:Infinity":25,"s:80:19:80:Infinity":26,"f:80:47:80:54":6,"s:80:54:80:Infinity":27,"b:81:6:83:Infinity:undefined:undefined:undefined:undefined":10,"s:81:6:83:Infinity":28,"s:82:8:82:Infinity":29,"b:82:24:82:34:82:38:82:Infinity":11,"s:85:22:85:Infinity":30,"s:86:6:89:Infinity":31,"f:86:19:86:20":7,"b:87:8:87:Infinity:undefined:undefined:undefined:undefined":12,"s:87:8:87:Infinity":32,"f:87:25:87:26":8,"s:87:35:87:57":33,"s:87:60:87:Infinity":34,"s:88:8:88:Infinity":35,"s:90:6:90:Infinity":36,"s:91:6:91:Infinity":37,"s:92:6:92:Infinity":38,"s:93:6:93:Infinity":39,"s:94:6:94:Infinity":40,"s:96:6:98:Infinity":41,"b:97:46:97:59:97:62:97:Infinity":13,"s:100:6:100:Infinity":42,"s:104:2:147:Infinity":43,"b:111:20:111:32:111:32:111:Infinity":14,"b:114:11:114:20:114:20:114:Infinity":15,"b:132:28:132:41:132:41:132:Infinity":16,"b:136:31:136:48:136:48:136:Infinity":17,"f:143:18:143:19":9,"s:143:28:143:Infinity":44,"f:143:42:143:43":10,"s:143:52:143:Infinity":45,"f:145:21:145:22":11,"s:145:22:147:Infinity":46,"f:149:30:149:Infinity":12,"s:150:22:150:Infinity":47,"s:151:22:151:Infinity":48,"b:157:48:157:64:157:64:157:Infinity":18},"fnNames":{}}}
,"C:\\Users\\esteb\\Documents\\TESIS\\ECenciaAPP\\frontend\\src\\components\\menu\\RegisteredMenuList.tsx": {"path":"C:\\Users\\esteb\\Documents\\TESIS\\ECenciaAPP\\frontend\\src\\components\\menu\\RegisteredMenuList.tsx","statementMap":{"0":{"start":{"line":22,"column":19},"end":{"line":27,"column":null}},"1":{"start":{"line":23,"column":2},"end":{"line":27,"column":null}},"2":{"start":{"line":29,"column":20},"end":{"line":32,"column":null}},"3":{"start":{"line":29,"column":77},"end":{"line":32,"column":null}},"4":{"start":{"line":44,"column":2},"end":{"line":50,"column":null}},"5":{"start":{"line":45,"column":4},"end":{"line":46,"column":null}},"6":{"start":{"line":52,"column":2},"end":{"line":58,"column":null}},"7":{"start":{"line":53,"column":4},"end":{"line":55,"column":null}},"8":{"start":{"line":60,"column":2},"end":{"line":66,"column":null}},"9":{"start":{"line":61,"column":4},"end":{"line":62,"column":null}},"10":{"start":{"line":68,"column":2},"end":{"line":71,"column":34}},"11":{"start":{"line":70,"column":18},"end":{"line":71,"column":34}},"12":{"start":{"line":97,"column":82},"end":{"line":97,"column":96}},"13":{"start":{"line":105,"column":29},"end":{"line":105,"column":null}}},"fnMap":{"0":{"name":"(anonymous_0)","decl":{"start":{"line":22,"column":19},"end":{"line":22,"column":20}},"loc":{"start":{"line":23,"column":2},"end":{"line":27,"column":null}},"line":23},"1":{"name":"(anonymous_1)","decl":{"start":{"line":29,"column":20},"end":{"line":29,"column":21}},"loc":{"start":{"line":29,"column":77},"end":{"line":32,"column":null}},"line":29},"2":{"name":"RegisteredMenuList","decl":{"start":{"line":36,"column":16},"end":{"line":36,"column":35}},"loc":{"start":{"line":43,"column":26},"end":{"line":114,"column":null}},"line":43},"3":{"name":"(anonymous_3)","decl":{"start":{"line":70,"column":17},"end":{"line":70,"column":18}},"loc":{"start":{"line":70,"column":18},"end":{"line":71,"column":34}},"line":70},"4":{"name":"(anonymous_4)","decl":{"start":{"line":97,"column":76},"end":{"line":97,"column":82}},"loc":{"start":{"line":97,"column":82},"end":{"line":97,"column":96}},"line":97},"5":{"name":"(anonymous_5)","decl":{"start":{"line":105,"column":23},"end":{"line":105,"column":29}},"loc":{"start":{"line":105,"column":29},"end":{"line":105,"column":null}},"line":105}},"branchMap":{"0":{"loc":{"start":{"line":32,"column":5},"end":{"line":32,"column":null}},"type":"cond-expr","locations":[{"start":{"line":32,"column":22},"end":{"line":32,"column":43}},{"start":{"line":32,"column":43},"end":{"line":32,"column":null}}],"line":32},"1":{"loc":{"start":{"line":44,"column":2},"end":{"line":50,"column":null}},"type":"if","locations":[{"start":{"line":44,"column":2},"end":{"line":50,"column":null}},{"start":{},"end":{}}],"line":44},"2":{"loc":{"start":{"line":52,"column":2},"end":{"line":58,"column":null}},"type":"if","locations":[{"start":{"line":52,"column":2},"end":{"line":58,"column":null}},{"start":{},"end":{}}],"line":52},"3":{"loc":{"start":{"line":60,"column":2},"end":{"line":66,"column":null}},"type":"if","locations":[{"start":{"line":60,"column":2},"end":{"line":66,"column":null}},{"start":{},"end":{}}],"line":60},"4":{"loc":{"start":{"line":76,"column":33},"end":{"line":76,"column":null}},"type":"cond-expr","locations":[{"start":{"line":76,"column":55},"end":{"line":76,"column":66}},{"start":{"line":76,"column":66},"end":{"line":76,"column":null}}],"line":76},"5":{"loc":{"start":{"line":81,"column":16},"end":{"line":83,"column":null}},"type":"cond-expr","locations":[{"start":{"line":82,"column":20},"end":{"line":82,"column":null}},{"start":{"line":83,"column":20},"end":{"line":83,"column":null}}],"line":81},"6":{"loc":{"start":{"line":86,"column":15},"end":{"line":86,"column":null}},"type":"cond-expr","locations":[{"start":{"line":86,"column":42},"end":{"line":86,"column":53}},{"start":{"line":86,"column":53},"end":{"line":86,"column":null}}],"line":86},"7":{"loc":{"start":{"line":102,"column":23},"end":{"line":102,"column":null}},"type":"cond-expr","locations":[{"start":{"line":102,"column":50},"end":{"line":102,"column":64}},{"start":{"line":102,"column":64},"end":{"line":102,"column":null}}],"line":102},"8":{"loc":{"start":{"line":104,"column":24},"end":{"line":104,"column":79}},"type":"binary-expr","locations":[{"start":{"line":104,"column":24},"end":{"line":104,"column":52}},{"start":{"line":104,"column":52},"end":{"line":104,"column":79}}],"line":104},"9":{"loc":{"start":{"line":107,"column":15},"end":{"line":107,"column":null}},"type":"cond-expr","locations":[{"start":{"line":107,"column":45},"end":{"line":107,"column":62}},{"start":{"line":107,"column":62},"end":{"line":107,"column":null}}],"line":107}},"s":{"0":1,"1":7,"2":1,"3":21,"4":4,"5":1,"6":3,"7":1,"8":2,"9":1,"10":1,"11":7,"12":0,"13":0},"f":{"0":7,"1":21,"2":4,"3":7,"4":0,"5":0},"b":{"0":[21,0],"1":[1,3],"2":[1,2],"3":[1,1],"4":[0,7],"5":[1,6],"6":[1,6],"7":[1,6],"8":[7,6],"9":[0,7]},"meta":{"lastBranch":10,"lastFunction":6,"lastStatement":14,"seen":{"s:22:19:27:Infinity":0,"f:22:19:22:20":0,"s:23:2:27:Infinity":1,"s:29:20:32:Infinity":2,"f:29:20:29:21":1,"s:29:77:32:Infinity":3,"b:32:22:32:43:32:43:32:Infinity":0,"f:36:16:36:35":2,"b:44:2:50:Infinity:undefined:undefined:undefined:undefined":1,"s:44:2:50:Infinity":4,"s:45:4:46:Infinity":5,"b:52:2:58:Infinity:undefined:undefined:undefined:undefined":2,"s:52:2:58:Infinity":6,"s:53:4:55:Infinity":7,"b:60:2:66:Infinity:undefined:undefined:undefined:undefined":3,"s:60:2:66:Infinity":8,"s:61:4:62:Infinity":9,"s:68:2:71:34":10,"f:70:17:70:18":3,"s:70:18:71:34":11,"b:76:55:76:66:76:66:76:Infinity":4,"b:82:20:82:Infinity:83:20:83:Infinity":5,"b:86:42:86:53:86:53:86:Infinity":6,"f:97:76:97:82":4,"s:97:82:97:96":12,"b:102:50:102:64:102:64:102:Infinity":7,"b:104:24:104:52:104:52:104:79":8,"f:105:23:105:29":5,"s:105:29:105:Infinity":13,"b:107:45:107:62:107:62:107:Infinity":9},"fnNames":{}}}
,"C:\\Users\\esteb\\Documents\\TESIS\\ECenciaAPP\\frontend\\src\\components\\orders\\TelegramTraceList.tsx": {"path":"C:\\Users\\esteb\\Documents\\TESIS\\ECenciaAPP\\frontend\\src\\components\\orders\\TelegramTraceList.tsx","statementMap":{"0":{"start":{"line":26,"column":52},"end":{"line":32,"column":null}},"1":{"start":{"line":34,"column":53},"end":{"line":40,"column":null}},"2":{"start":{"line":42,"column":21},"end":{"line":47,"column":null}},"3":{"start":{"line":43,"column":2},"end":{"line":43,"column":null}},"4":{"start":{"line":43,"column":61},"end":{"line":43,"column":null}},"5":{"start":{"line":44,"column":2},"end":{"line":44,"column":null}},"6":{"start":{"line":44,"column":28},"end":{"line":44,"column":null}},"7":{"start":{"line":45,"column":2},"end":{"line":45,"column":null}},"8":{"start":{"line":45,"column":33},"end":{"line":45,"column":null}},"9":{"start":{"line":46,"column":2},"end":{"line":46,"column":null}},"10":{"start":{"line":49,"column":19},"end":{"line":53,"column":null}},"11":{"start":{"line":50,"column":17},"end":{"line":50,"column":83}},"12":{"start":{"line":51,"column":15},"end":{"line":51,"column":null}},"13":{"start":{"line":52,"column":2},"end":{"line":52,"column":null}},"14":{"start":{"line":55,"column":18},"end":{"line":68,"column":null}},"15":{"start":{"line":63,"column":1},"end":{"line":68,"column":null}},"16":{"start":{"line":73,"column":2},"end":{"line":75,"column":null}},"17":{"start":{"line":74,"column":4},"end":{"line":74,"column":null}},"18":{"start":{"line":77,"column":2},"end":{"line":79,"column":null}},"19":{"start":{"line":78,"column":4},"end":{"line":78,"column":null}},"20":{"start":{"line":81,"column":2},"end":{"line":83,"column":null}},"21":{"start":{"line":82,"column":4},"end":{"line":82,"column":null}},"22":{"start":{"line":85,"column":2},"end":{"line":88,"column":32}},"23":{"start":{"line":87,"column":19},"end":{"line":88,"column":32}}},"fnMap":{"0":{"name":"(anonymous_0)","decl":{"start":{"line":42,"column":21},"end":{"line":42,"column":22}},"loc":{"start":{"line":42,"column":22},"end":{"line":47,"column":null}},"line":42},"1":{"name":"(anonymous_1)","decl":{"start":{"line":49,"column":19},"end":{"line":49,"column":20}},"loc":{"start":{"line":49,"column":20},"end":{"line":53,"column":null}},"line":49},"2":{"name":"(anonymous_2)","decl":{"start":{"line":55,"column":18},"end":{"line":55,"column":19}},"loc":{"start":{"line":63,"column":1},"end":{"line":68,"column":null}},"line":63},"3":{"name":"TelegramTraceList","decl":{"start":{"line":72,"column":16},"end":{"line":72,"column":34}},"loc":{"start":{"line":72,"column":86},"end":{"line":140,"column":null}},"line":72},"4":{"name":"(anonymous_4)","decl":{"start":{"line":87,"column":18},"end":{"line":87,"column":19}},"loc":{"start":{"line":87,"column":19},"end":{"line":88,"column":32}},"line":87}},"branchMap":{"0":{"loc":{"start":{"line":43,"column":2},"end":{"line":43,"column":null}},"type":"if","locations":[{"start":{"line":43,"column":2},"end":{"line":43,"column":null}},{"start":{},"end":{}}],"line":43},"1":{"loc":{"start":{"line":43,"column":6},"end":{"line":43,"column":61}},"type":"binary-expr","locations":[{"start":{"line":43,"column":6},"end":{"line":43,"column":24}},{"start":{"line":43,"column":24},"end":{"line":43,"column":47}},{"start":{"line":43,"column":47},"end":{"line":43,"column":61}}],"line":43},"2":{"loc":{"start":{"line":44,"column":2},"end":{"line":44,"column":null}},"type":"if","locations":[{"start":{"line":44,"column":2},"end":{"line":44,"column":null}},{"start":{},"end":{}}],"line":44},"3":{"loc":{"start":{"line":44,"column":35},"end":{"line":44,"column":null}},"type":"cond-expr","locations":[{"start":{"line":44,"column":50},"end":{"line":44,"column":69}},{"start":{"line":44,"column":69},"end":{"line":44,"column":null}}],"line":44},"4":{"loc":{"start":{"line":45,"column":2},"end":{"line":45,"column":null}},"type":"if","locations":[{"start":{"line":45,"column":2},"end":{"line":45,"column":null}},{"start":{},"end":{}}],"line":45},"5":{"loc":{"start":{"line":50,"column":17},"end":{"line":50,"column":83}},"type":"cond-expr","locations":[{"start":{"line":50,"column":49},"end":{"line":50,"column":66}},{"start":{"line":50,"column":69},"end":{"line":50,"column":83}}],"line":50},"6":{"loc":{"start":{"line":51,"column":18},"end":{"line":51,"column":39}},"type":"binary-expr","locations":[{"start":{"line":51,"column":18},"end":{"line":51,"column":36}},{"start":{"line":51,"column":36},"end":{"line":51,"column":39}}],"line":51},"7":{"loc":{"start":{"line":51,"column":42},"end":{"line":51,"column":66}},"type":"binary-expr","locations":[{"start":{"line":51,"column":42},"end":{"line":51,"column":62}},{"start":{"line":51,"column":62},"end":{"line":51,"column":66}}],"line":51},"8":{"loc":{"start":{"line":52,"column":9},"end":{"line":52,"column":null}},"type":"binary-expr","locations":[{"start":{"line":52,"column":9},"end":{"line":52,"column":17}},{"start":{"line":52,"column":17},"end":{"line":52,"column":null}}],"line":52},"9":{"loc":{"start":{"line":73,"column":2},"end":{"line":75,"column":null}},"type":"if","locations":[{"start":{"line":73,"column":2},"end":{"line":75,"column":null}},{"start":{},"end":{}}],"line":73},"10":{"loc":{"start":{"line":77,"column":2},"end":{"line":79,"column":null}},"type":"if","locations":[{"start":{"line":77,"column":2},"end":{"line":79,"column":null}},{"start":{},"end":{}}],"line":77},"11":{"loc":{"start":{"line":81,"column":2},"end":{"line":83,"column":null}},"type":"if","locations":[{"start":{"line":81,"column":2},"end":{"line":83,"column":null}},{"start":{},"end":{}}],"line":81},"12":{"loc":{"start":{"line":93,"column":77},"end":{"line":93,"column":null}},"type":"binary-expr","locations":[{"start":{"line":93,"column":77},"end":{"line":93,"column":90}},{"start":{"line":93,"column":94},"end":{"line":93,"column":null}}],"line":93},"13":{"loc":{"start":{"line":119,"column":68},"end":{"line":119,"column":null}},"type":"binary-expr","locations":[{"start":{"line":119,"column":68},"end":{"line":119,"column":87}},{"start":{"line":119,"column":91},"end":{"line":119,"column":null}}],"line":119},"14":{"loc":{"start":{"line":120,"column":64},"end":{"line":120,"column":null}},"type":"binary-expr","locations":[{"start":{"line":120,"column":64},"end":{"line":120,"column":78}},{"start":{"line":120,"column":82},"end":{"line":120,"column":null}}],"line":120}},"s":{"0":1,"1":1,"2":1,"3":9,"4":1,"5":8,"6":8,"7":8,"8":0,"9":8,"10":1,"11":1,"12":1,"13":1,"14":1,"15":3,"16":3,"17":0,"18":3,"19":1,"20":2,"21":1,"22":1,"23":1},"f":{"0":9,"1":1,"2":3,"3":3,"4":1},"b":{"0":[1,8],"1":[9,9,8],"2":[0,8],"3":[0,0],"4":[0,8],"5":[0,1],"6":[1,0],"7":[1,0],"8":[1,0],"9":[0,3],"10":[1,2],"11":[1,1],"12":[1,0],"13":[1,1],"14":[1,0]},"meta":{"lastBranch":15,"lastFunction":5,"lastStatement":24,"seen":{"s:26:52:32:Infinity":0,"s:34:53:40:Infinity":1,"s:42:21:47:Infinity":2,"f:42:21:42:22":0,"b:43:2:43:Infinity:undefined:undefined:undefined:undefined":0,"s:43:2:43:Infinity":3,"b:43:6:43:24:43:24:43:47:43:47:43:61":1,"s:43:61:43:Infinity":4,"b:44:2:44:Infinity:undefined:undefined:undefined:undefined":2,"s:44:2:44:Infinity":5,"s:44:28:44:Infinity":6,"b:44:50:44:69:44:69:44:Infinity":3,"b:45:2:45:Infinity:undefined:undefined:undefined:undefined":4,"s:45:2:45:Infinity":7,"s:45:33:45:Infinity":8,"s:46:2:46:Infinity":9,"s:49:19:53:Infinity":10,"f:49:19:49:20":1,"s:50:17:50:83":11,"b:50:49:50:66:50:69:50:83":5,"s:51:15:51:Infinity":12,"b:51:18:51:36:51:36:51:39":6,"b:51:42:51:62:51:62:51:66":7,"s:52:2:52:Infinity":13,"b:52:9:52:17:52:17:52:Infinity":8,"s:55:18:68:Infinity":14,"f:55:18:55:19":2,"s:63:1:68:Infinity":15,"f:72:16:72:34":3,"b:73:2:75:Infinity:undefined:undefined:undefined:undefined":9,"s:73:2:75:Infinity":16,"s:74:4:74:Infinity":17,"b:77:2:79:Infinity:undefined:undefined:undefined:undefined":10,"s:77:2:79:Infinity":18,"s:78:4:78:Infinity":19,"b:81:2:83:Infinity:undefined:undefined:undefined:undefined":11,"s:81:2:83:Infinity":20,"s:82:4:82:Infinity":21,"s:85:2:88:32":22,"f:87:18:87:19":4,"s:87:19:88:32":23,"b:93:77:93:90:93:94:93:Infinity":12,"b:119:68:119:87:119:91:119:Infinity":13,"b:120:64:120:78:120:82:120:Infinity":14},"fnNames":{}}}
,"C:\\Users\\esteb\\Documents\\TESIS\\ECenciaAPP\\frontend\\src\\components\\ui\\badge.tsx": {"path":"C:\\Users\\esteb\\Documents\\TESIS\\ECenciaAPP\\frontend\\src\\components\\ui\\badge.tsx","statementMap":{"0":{"start":{"line":6,"column":6},"end":{"line":22,"column":null}},"1":{"start":{"line":29,"column":2},"end":{"line":29,"column":null}}},"fnMap":{"0":{"name":"Badge","decl":{"start":{"line":28,"column":9},"end":{"line":28,"column":15}},"loc":{"start":{"line":28,"column":59},"end":{"line":30,"column":null}},"line":28}},"branchMap":{},"s":{"0":1,"1":1},"f":{"0":1},"b":{},"meta":{"lastBranch":0,"lastFunction":1,"lastStatement":2,"seen":{"s:6:6:22:Infinity":0,"f:28:9:28:15":0,"s:29:2:29:Infinity":1},"fnNames":{}}}
,"C:\\Users\\esteb\\Documents\\TESIS\\ECenciaAPP\\frontend\\src\\components\\ui\\button.tsx": {"path":"C:\\Users\\esteb\\Documents\\TESIS\\ECenciaAPP\\frontend\\src\\components\\ui\\button.tsx","statementMap":{"0":{"start":{"line":7,"column":6},"end":{"line":30,"column":null}},"1":{"start":{"line":38,"column":15},"end":{"line":44,"column":null}},"2":{"start":{"line":40,"column":17},"end":{"line":40,"column":null}},"3":{"start":{"line":41,"column":4},"end":{"line":42,"column":null}},"4":{"start":{"line":46,"column":0},"end":{"line":46,"column":null}}},"fnMap":{"0":{"name":"(anonymous_0)","decl":{"start":{"line":39,"column":2},"end":{"line":39,"column":3}},"loc":{"start":{"line":39,"column":60},"end":{"line":44,"column":null}},"line":39}},"branchMap":{"0":{"loc":{"start":{"line":39,"column":31},"end":{"line":39,"column":46}},"type":"default-arg","locations":[{"start":{"line":39,"column":41},"end":{"line":39,"column":46}}],"line":39},"1":{"loc":{"start":{"line":40,"column":17},"end":{"line":40,"column":null}},"type":"cond-expr","locations":[{"start":{"line":40,"column":27},"end":{"line":40,"column":34}},{"start":{"line":40,"column":34},"end":{"line":40,"column":null}}],"line":40}},"s":{"0":3,"1":3,"2":37,"3":37,"4":3},"f":{"0":37},"b":{"0":[37],"1":[0,37]},"meta":{"lastBranch":2,"lastFunction":1,"lastStatement":5,"seen":{"s:7:6:30:Infinity":0,"s:38:15:44:Infinity":1,"f:39:2:39:3":0,"b:39:41:39:46":0,"s:40:17:40:Infinity":2,"b:40:27:40:34:40:34:40:Infinity":1,"s:41:4:42:Infinity":3,"s:46:0:46:Infinity":4},"fnNames":{}}}
,"C:\\Users\\esteb\\Documents\\TESIS\\ECenciaAPP\\frontend\\src\\components\\ui\\card.tsx": {"path":"C:\\Users\\esteb\\Documents\\TESIS\\ECenciaAPP\\frontend\\src\\components\\ui\\card.tsx","statementMap":{"0":{"start":{"line":5,"column":13},"end":{"line":10,"column":null}},"1":{"start":{"line":6,"column":28},"end":{"line":10,"column":null}},"2":{"start":{"line":14,"column":0},"end":{"line":14,"column":null}},"3":{"start":{"line":16,"column":19},"end":{"line":18,"column":null}},"4":{"start":{"line":17,"column":28},"end":{"line":18,"column":null}},"5":{"start":{"line":21,"column":0},"end":{"line":21,"column":null}},"6":{"start":{"line":23,"column":18},"end":{"line":28,"column":null}},"7":{"start":{"line":24,"column":28},"end":{"line":28,"column":null}},"8":{"start":{"line":32,"column":0},"end":{"line":32,"column":null}},"9":{"start":{"line":34,"column":24},"end":{"line":38,"column":null}},"10":{"start":{"line":37,"column":28},"end":{"line":38,"column":null}},"11":{"start":{"line":40,"column":0},"end":{"line":40,"column":null}},"12":{"start":{"line":42,"column":20},"end":{"line":44,"column":null}},"13":{"start":{"line":43,"column":28},"end":{"line":44,"column":null}},"14":{"start":{"line":47,"column":0},"end":{"line":47,"column":null}},"15":{"start":{"line":49,"column":19},"end":{"line":51,"column":null}},"16":{"start":{"line":50,"column":28},"end":{"line":51,"column":null}},"17":{"start":{"line":54,"column":0},"end":{"line":54,"column":null}}},"fnMap":{"0":{"name":"(anonymous_0)","decl":{"start":{"line":6,"column":2},"end":{"line":6,"column":3}},"loc":{"start":{"line":6,"column":28},"end":{"line":10,"column":null}},"line":6},"1":{"name":"(anonymous_1)","decl":{"start":{"line":17,"column":2},"end":{"line":17,"column":3}},"loc":{"start":{"line":17,"column":28},"end":{"line":18,"column":null}},"line":17},"2":{"name":"(anonymous_2)","decl":{"start":{"line":24,"column":2},"end":{"line":24,"column":3}},"loc":{"start":{"line":24,"column":28},"end":{"line":28,"column":null}},"line":24},"3":{"name":"(anonymous_3)","decl":{"start":{"line":37,"column":2},"end":{"line":37,"column":3}},"loc":{"start":{"line":37,"column":28},"end":{"line":38,"column":null}},"line":37},"4":{"name":"(anonymous_4)","decl":{"start":{"line":43,"column":2},"end":{"line":43,"column":3}},"loc":{"start":{"line":43,"column":28},"end":{"line":44,"column":null}},"line":43},"5":{"name":"(anonymous_5)","decl":{"start":{"line":50,"column":2},"end":{"line":50,"column":3}},"loc":{"start":{"line":50,"column":28},"end":{"line":51,"column":null}},"line":50}},"branchMap":{},"s":{"0":1,"1":14,"2":1,"3":1,"4":14,"5":1,"6":1,"7":14,"8":1,"9":1,"10":4,"11":1,"12":1,"13":14,"14":1,"15":1,"16":0,"17":1},"f":{"0":14,"1":14,"2":14,"3":4,"4":14,"5":0},"b":{},"meta":{"lastBranch":0,"lastFunction":6,"lastStatement":18,"seen":{"s:5:13:10:Infinity":0,"f:6:2:6:3":0,"s:6:28:10:Infinity":1,"s:14:0:14:Infinity":2,"s:16:19:18:Infinity":3,"f:17:2:17:3":1,"s:17:28:18:Infinity":4,"s:21:0:21:Infinity":5,"s:23:18:28:Infinity":6,"f:24:2:24:3":2,"s:24:28:28:Infinity":7,"s:32:0:32:Infinity":8,"s:34:24:38:Infinity":9,"f:37:2:37:3":3,"s:37:28:38:Infinity":10,"s:40:0:40:Infinity":11,"s:42:20:44:Infinity":12,"f:43:2:43:3":4,"s:43:28:44:Infinity":13,"s:47:0:47:Infinity":14,"s:49:19:51:Infinity":15,"f:50:2:50:3":5,"s:50:28:51:Infinity":16,"s:54:0:54:Infinity":17},"fnNames":{}}}
,"C:\\Users\\esteb\\Documents\\TESIS\\ECenciaAPP\\frontend\\src\\components\\ui\\command.tsx": {"path":"C:\\Users\\esteb\\Documents\\TESIS\\ECenciaAPP\\frontend\\src\\components\\ui\\command.tsx","statementMap":{"0":{"start":{"line":9,"column":16},"end":{"line":19,"column":null}},"1":{"start":{"line":12,"column":28},"end":{"line":19,"column":null}},"2":{"start":{"line":22,"column":0},"end":{"line":22,"column":null}},"3":{"start":{"line":26,"column":22},"end":{"line":36,"column":null}},"4":{"start":{"line":27,"column":2},"end":{"line":31,"column":null}},"5":{"start":{"line":38,"column":21},"end":{"line":50,"column":null}},"6":{"start":{"line":41,"column":28},"end":{"line":50,"column":null}},"7":{"start":{"line":55,"column":0},"end":{"line":55,"column":null}},"8":{"start":{"line":57,"column":20},"end":{"line":64,"column":null}},"9":{"start":{"line":60,"column":28},"end":{"line":64,"column":null}},"10":{"start":{"line":68,"column":0},"end":{"line":68,"column":null}},"11":{"start":{"line":70,"column":21},"end":{"line":74,"column":null}},"12":{"start":{"line":73,"column":10},"end":{"line":74,"column":null}},"13":{"start":{"line":77,"column":0},"end":{"line":77,"column":null}},"14":{"start":{"line":79,"column":21},"end":{"line":89,"column":null}},"15":{"start":{"line":82,"column":28},"end":{"line":89,"column":null}},"16":{"start":{"line":93,"column":0},"end":{"line":93,"column":null}},"17":{"start":{"line":95,"column":25},"end":{"line":102,"column":null}},"18":{"start":{"line":98,"column":28},"end":{"line":102,"column":null}},"19":{"start":{"line":105,"column":0},"end":{"line":105,"column":null}},"20":{"start":{"line":107,"column":20},"end":{"line":117,"column":null}},"21":{"start":{"line":110,"column":28},"end":{"line":117,"column":null}},"22":{"start":{"line":121,"column":0},"end":{"line":121,"column":null}},"23":{"start":{"line":123,"column":24},"end":{"line":130,"column":null}},"24":{"start":{"line":124,"column":2},"end":{"line":127,"column":null}},"25":{"start":{"line":131,"column":0},"end":{"line":131,"column":null}}},"fnMap":{"0":{"name":"(anonymous_0)","decl":{"start":{"line":12,"column":2},"end":{"line":12,"column":3}},"loc":{"start":{"line":12,"column":28},"end":{"line":19,"column":null}},"line":12},"1":{"name":"(anonymous_1)","decl":{"start":{"line":26,"column":22},"end":{"line":26,"column":23}},"loc":{"start":{"line":26,"column":65},"end":{"line":36,"column":null}},"line":26},"2":{"name":"(anonymous_2)","decl":{"start":{"line":41,"column":2},"end":{"line":41,"column":3}},"loc":{"start":{"line":41,"column":28},"end":{"line":50,"column":null}},"line":41},"3":{"name":"(anonymous_3)","decl":{"start":{"line":60,"column":2},"end":{"line":60,"column":3}},"loc":{"start":{"line":60,"column":28},"end":{"line":64,"column":null}},"line":60},"4":{"name":"(anonymous_4)","decl":{"start":{"line":73,"column":2},"end":{"line":73,"column":3}},"loc":{"start":{"line":73,"column":10},"end":{"line":74,"column":null}},"line":73},"5":{"name":"(anonymous_5)","decl":{"start":{"line":82,"column":2},"end":{"line":82,"column":3}},"loc":{"start":{"line":82,"column":28},"end":{"line":89,"column":null}},"line":82},"6":{"name":"(anonymous_6)","decl":{"start":{"line":98,"column":2},"end":{"line":98,"column":3}},"loc":{"start":{"line":98,"column":28},"end":{"line":102,"column":null}},"line":98},"7":{"name":"(anonymous_7)","decl":{"start":{"line":110,"column":2},"end":{"line":110,"column":3}},"loc":{"start":{"line":110,"column":28},"end":{"line":117,"column":null}},"line":110},"8":{"name":"(anonymous_8)","decl":{"start":{"line":123,"column":24},"end":{"line":123,"column":25}},"loc":{"start":{"line":123,"column":87},"end":{"line":130,"column":null}},"line":123}},"branchMap":{},"s":{"0":1,"1":8,"2":1,"3":1,"4":0,"5":1,"6":8,"7":1,"8":1,"9":8,"10":1,"11":1,"12":8,"13":1,"14":1,"15":8,"16":1,"17":1,"18":0,"19":1,"20":1,"21":1,"22":1,"23":1,"24":0,"25":1},"f":{"0":8,"1":0,"2":8,"3":8,"4":8,"5":8,"6":0,"7":1,"8":0},"b":{},"meta":{"lastBranch":0,"lastFunction":9,"lastStatement":26,"seen":{"s:9:16:19:Infinity":0,"f:12:2:12:3":0,"s:12:28:19:Infinity":1,"s:22:0:22:Infinity":2,"s:26:22:36:Infinity":3,"f:26:22:26:23":1,"s:27:2:31:Infinity":4,"s:38:21:50:Infinity":5,"f:41:2:41:3":2,"s:41:28:50:Infinity":6,"s:55:0:55:Infinity":7,"s:57:20:64:Infinity":8,"f:60:2:60:3":3,"s:60:28:64:Infinity":9,"s:68:0:68:Infinity":10,"s:70:21:74:Infinity":11,"f:73:2:73:3":4,"s:73:10:74:Infinity":12,"s:77:0:77:Infinity":13,"s:79:21:89:Infinity":14,"f:82:2:82:3":5,"s:82:28:89:Infinity":15,"s:93:0:93:Infinity":16,"s:95:25:102:Infinity":17,"f:98:2:98:3":6,"s:98:28:102:Infinity":18,"s:105:0:105:Infinity":19,"s:107:20:117:Infinity":20,"f:110:2:110:3":7,"s:110:28:117:Infinity":21,"s:121:0:121:Infinity":22,"s:123:24:130:Infinity":23,"f:123:24:123:25":8,"s:124:2:127:Infinity":24,"s:131:0:131:Infinity":25},"fnNames":{}}}
,"C:\\Users\\esteb\\Documents\\TESIS\\ECenciaAPP\\frontend\\src\\components\\ui\\dialog.tsx": {"path":"C:\\Users\\esteb\\Documents\\TESIS\\ECenciaAPP\\frontend\\src\\components\\ui\\dialog.tsx","statementMap":{"0":{"start":{"line":7,"column":15},"end":{"line":7,"column":35}},"1":{"start":{"line":9,"column":22},"end":{"line":9,"column":45}},"2":{"start":{"line":11,"column":21},"end":{"line":11,"column":43}},"3":{"start":{"line":13,"column":20},"end":{"line":13,"column":41}},"4":{"start":{"line":15,"column":22},"end":{"line":25,"column":null}},"5":{"start":{"line":18,"column":28},"end":{"line":25,"column":null}},"6":{"start":{"line":28,"column":0},"end":{"line":28,"column":null}},"7":{"start":{"line":30,"column":22},"end":{"line":47,"column":null}},"8":{"start":{"line":33,"column":38},"end":{"line":47,"column":null}},"9":{"start":{"line":52,"column":0},"end":{"line":52,"column":null}},"10":{"start":{"line":54,"column":21},"end":{"line":55,"column":null}},"11":{"start":{"line":54,"column":83},"end":{"line":55,"column":null}},"12":{"start":{"line":57,"column":0},"end":{"line":57,"column":null}},"13":{"start":{"line":59,"column":21},"end":{"line":62,"column":null}},"14":{"start":{"line":59,"column":83},"end":{"line":62,"column":null}},"15":{"start":{"line":65,"column":0},"end":{"line":65,"column":null}},"16":{"start":{"line":67,"column":20},"end":{"line":74,"column":null}},"17":{"start":{"line":70,"column":28},"end":{"line":74,"column":null}},"18":{"start":{"line":77,"column":0},"end":{"line":77,"column":null}},"19":{"start":{"line":79,"column":26},"end":{"line":86,"column":null}},"20":{"start":{"line":82,"column":28},"end":{"line":86,"column":null}},"21":{"start":{"line":89,"column":0},"end":{"line":89,"column":null}}},"fnMap":{"0":{"name":"(anonymous_0)","decl":{"start":{"line":18,"column":2},"end":{"line":18,"column":3}},"loc":{"start":{"line":18,"column":28},"end":{"line":25,"column":null}},"line":18},"1":{"name":"(anonymous_1)","decl":{"start":{"line":33,"column":2},"end":{"line":33,"column":3}},"loc":{"start":{"line":33,"column":38},"end":{"line":47,"column":null}},"line":33},"2":{"name":"(anonymous_2)","decl":{"start":{"line":54,"column":21},"end":{"line":54,"column":22}},"loc":{"start":{"line":54,"column":83},"end":{"line":55,"column":null}},"line":54},"3":{"name":"(anonymous_3)","decl":{"start":{"line":59,"column":21},"end":{"line":59,"column":22}},"loc":{"start":{"line":59,"column":83},"end":{"line":62,"column":null}},"line":59},"4":{"name":"(anonymous_4)","decl":{"start":{"line":70,"column":2},"end":{"line":70,"column":3}},"loc":{"start":{"line":70,"column":28},"end":{"line":74,"column":null}},"line":70},"5":{"name":"(anonymous_5)","decl":{"start":{"line":82,"column":2},"end":{"line":82,"column":3}},"loc":{"start":{"line":82,"column":28},"end":{"line":86,"column":null}},"line":82}},"branchMap":{},"s":{"0":1,"1":1,"2":1,"3":1,"4":1,"5":0,"6":1,"7":1,"8":0,"9":1,"10":1,"11":0,"12":1,"13":1,"14":0,"15":1,"16":1,"17":0,"18":1,"19":1,"20":0,"21":1},"f":{"0":0,"1":0,"2":0,"3":0,"4":0,"5":0},"b":{},"meta":{"lastBranch":0,"lastFunction":6,"lastStatement":22,"seen":{"s:7:15:7:35":0,"s:9:22:9:45":1,"s:11:21:11:43":2,"s:13:20:13:41":3,"s:15:22:25:Infinity":4,"f:18:2:18:3":0,"s:18:28:25:Infinity":5,"s:28:0:28:Infinity":6,"s:30:22:47:Infinity":7,"f:33:2:33:3":1,"s:33:38:47:Infinity":8,"s:52:0:52:Infinity":9,"s:54:21:55:Infinity":10,"f:54:21:54:22":2,"s:54:83:55:Infinity":11,"s:57:0:57:Infinity":12,"s:59:21:62:Infinity":13,"f:59:21:59:22":3,"s:59:83:62:Infinity":14,"s:65:0:65:Infinity":15,"s:67:20:74:Infinity":16,"f:70:2:70:3":4,"s:70:28:74:Infinity":17,"s:77:0:77:Infinity":18,"s:79:26:86:Infinity":19,"f:82:2:82:3":5,"s:82:28:86:Infinity":20,"s:89:0:89:Infinity":21},"fnNames":{}}}
,"C:\\Users\\esteb\\Documents\\TESIS\\ECenciaAPP\\frontend\\src\\components\\ui\\input.tsx": {"path":"C:\\Users\\esteb\\Documents\\TESIS\\ECenciaAPP\\frontend\\src\\components\\ui\\input.tsx","statementMap":{"0":{"start":{"line":5,"column":14},"end":{"line":18,"column":null}},"1":{"start":{"line":7,"column":4},"end":{"line":15,"column":null}},"2":{"start":{"line":20,"column":0},"end":{"line":20,"column":null}}},"fnMap":{"0":{"name":"(anonymous_0)","decl":{"start":{"line":6,"column":2},"end":{"line":6,"column":3}},"loc":{"start":{"line":6,"column":34},"end":{"line":18,"column":null}},"line":6}},"branchMap":{},"s":{"0":1,"1":0,"2":1},"f":{"0":0},"b":{},"meta":{"lastBranch":0,"lastFunction":1,"lastStatement":3,"seen":{"s:5:14:18:Infinity":0,"f:6:2:6:3":0,"s:7:4:15:Infinity":1,"s:20:0:20:Infinity":2},"fnNames":{}}}
,"C:\\Users\\esteb\\Documents\\TESIS\\ECenciaAPP\\frontend\\src\\components\\ui\\popover.tsx": {"path":"C:\\Users\\esteb\\Documents\\TESIS\\ECenciaAPP\\frontend\\src\\components\\ui\\popover.tsx","statementMap":{"0":{"start":{"line":6,"column":16},"end":{"line":6,"column":37}},"1":{"start":{"line":8,"column":23},"end":{"line":8,"column":47}},"2":{"start":{"line":10,"column":23},"end":{"line":23,"column":null}},"3":{"start":{"line":13,"column":62},"end":{"line":23,"column":null}},"4":{"start":{"line":27,"column":0},"end":{"line":27,"column":null}}},"fnMap":{"0":{"name":"(anonymous_0)","decl":{"start":{"line":13,"column":2},"end":{"line":13,"column":3}},"loc":{"start":{"line":13,"column":62},"end":{"line":23,"column":null}},"line":13}},"branchMap":{"0":{"loc":{"start":{"line":13,"column":16},"end":{"line":13,"column":32}},"type":"default-arg","locations":[{"start":{"line":13,"column":24},"end":{"line":13,"column":32}}],"line":13},"1":{"loc":{"start":{"line":13,"column":34},"end":{"line":13,"column":48}},"type":"default-arg","locations":[{"start":{"line":13,"column":47},"end":{"line":13,"column":48}}],"line":13}},"s":{"0":1,"1":1,"2":1,"3":14,"4":1},"f":{"0":14},"b":{"0":[14],"1":[14]},"meta":{"lastBranch":2,"lastFunction":1,"lastStatement":5,"seen":{"s:6:16:6:37":0,"s:8:23:8:47":1,"s:10:23:23:Infinity":2,"f:13:2:13:3":0,"s:13:62:23:Infinity":3,"b:13:24:13:32":0,"b:13:47:13:48":1,"s:27:0:27:Infinity":4},"fnNames":{}}}
,"C:\\Users\\esteb\\Documents\\TESIS\\ECenciaAPP\\frontend\\src\\components\\ui\\select.tsx": {"path":"C:\\Users\\esteb\\Documents\\TESIS\\ECenciaAPP\\frontend\\src\\components\\ui\\select.tsx","statementMap":{"0":{"start":{"line":7,"column":15},"end":{"line":7,"column":35}},"1":{"start":{"line":9,"column":20},"end":{"line":9,"column":41}},"2":{"start":{"line":11,"column":20},"end":{"line":11,"column":41}},"3":{"start":{"line":13,"column":22},"end":{"line":27,"column":null}},"4":{"start":{"line":16,"column":38},"end":{"line":27,"column":null}},"5":{"start":{"line":31,"column":0},"end":{"line":31,"column":null}},"6":{"start":{"line":33,"column":29},"end":{"line":42,"column":null}},"7":{"start":{"line":36,"column":28},"end":{"line":42,"column":null}},"8":{"start":{"line":45,"column":0},"end":{"line":45,"column":null}},"9":{"start":{"line":47,"column":31},"end":{"line":56,"column":null}},"10":{"start":{"line":50,"column":28},"end":{"line":56,"column":null}},"11":{"start":{"line":59,"column":0},"end":{"line":59,"column":null}},"12":{"start":{"line":61,"column":22},"end":{"line":87,"column":null}},"13":{"start":{"line":64,"column":59},"end":{"line":87,"column":null}},"14":{"start":{"line":91,"column":0},"end":{"line":91,"column":null}},"15":{"start":{"line":93,"column":20},"end":{"line":100,"column":null}},"16":{"start":{"line":96,"column":28},"end":{"line":100,"column":null}},"17":{"start":{"line":103,"column":0},"end":{"line":103,"column":null}},"18":{"start":{"line":105,"column":19},"end":{"line":123,"column":null}},"19":{"start":{"line":108,"column":38},"end":{"line":123,"column":null}},"20":{"start":{"line":126,"column":0},"end":{"line":126,"column":null}},"21":{"start":{"line":128,"column":24},"end":{"line":135,"column":null}},"22":{"start":{"line":131,"column":28},"end":{"line":135,"column":null}},"23":{"start":{"line":138,"column":0},"end":{"line":138,"column":null}}},"fnMap":{"0":{"name":"(anonymous_0)","decl":{"start":{"line":16,"column":2},"end":{"line":16,"column":3}},"loc":{"start":{"line":16,"column":38},"end":{"line":27,"column":null}},"line":16},"1":{"name":"(anonymous_1)","decl":{"start":{"line":36,"column":2},"end":{"line":36,"column":3}},"loc":{"start":{"line":36,"column":28},"end":{"line":42,"column":null}},"line":36},"2":{"name":"(anonymous_2)","decl":{"start":{"line":50,"column":2},"end":{"line":50,"column":3}},"loc":{"start":{"line":50,"column":28},"end":{"line":56,"column":null}},"line":50},"3":{"name":"(anonymous_3)","decl":{"start":{"line":64,"column":2},"end":{"line":64,"column":3}},"loc":{"start":{"line":64,"column":59},"end":{"line":87,"column":null}},"line":64},"4":{"name":"(anonymous_4)","decl":{"start":{"line":96,"column":2},"end":{"line":96,"column":3}},"loc":{"start":{"line":96,"column":28},"end":{"line":100,"column":null}},"line":96},"5":{"name":"(anonymous_5)","decl":{"start":{"line":108,"column":2},"end":{"line":108,"column":3}},"loc":{"start":{"line":108,"column":38},"end":{"line":123,"column":null}},"line":108},"6":{"name":"(anonymous_6)","decl":{"start":{"line":131,"column":2},"end":{"line":131,"column":3}},"loc":{"start":{"line":131,"column":28},"end":{"line":135,"column":null}},"line":131}},"branchMap":{"0":{"loc":{"start":{"line":64,"column":26},"end":{"line":64,"column":45}},"type":"default-arg","locations":[{"start":{"line":64,"column":37},"end":{"line":64,"column":45}}],"line":64},"1":{"loc":{"start":{"line":70,"column":8},"end":{"line":71,"column":null}},"type":"binary-expr","locations":[{"start":{"line":70,"column":8},"end":{"line":70,"column":null}},{"start":{"line":71,"column":10},"end":{"line":71,"column":null}}],"line":70},"2":{"loc":{"start":{"line":81,"column":10},"end":{"line":82,"column":null}},"type":"binary-expr","locations":[{"start":{"line":81,"column":10},"end":{"line":81,"column":null}},{"start":{"line":82,"column":12},"end":{"line":82,"column":null}}],"line":81}},"s":{"0":1,"1":1,"2":1,"3":1,"4":1,"5":1,"6":1,"7":1,"8":1,"9":1,"10":1,"11":1,"12":1,"13":1,"14":1,"15":1,"16":0,"17":1,"18":1,"19":5,"20":1,"21":1,"22":0,"23":1},"f":{"0":1,"1":1,"2":1,"3":1,"4":0,"5":5,"6":0},"b":{"0":[1],"1":[1,1],"2":[1,1]},"meta":{"lastBranch":3,"lastFunction":7,"lastStatement":24,"seen":{"s:7:15:7:35":0,"s:9:20:9:41":1,"s:11:20:11:41":2,"s:13:22:27:Infinity":3,"f:16:2:16:3":0,"s:16:38:27:Infinity":4,"s:31:0:31:Infinity":5,"s:33:29:42:Infinity":6,"f:36:2:36:3":1,"s:36:28:42:Infinity":7,"s:45:0:45:Infinity":8,"s:47:31:56:Infinity":9,"f:50:2:50:3":2,"s:50:28:56:Infinity":10,"s:59:0:59:Infinity":11,"s:61:22:87:Infinity":12,"f:64:2:64:3":3,"s:64:59:87:Infinity":13,"b:64:37:64:45":0,"b:70:8:70:Infinity:71:10:71:Infinity":1,"b:81:10:81:Infinity:82:12:82:Infinity":2,"s:91:0:91:Infinity":14,"s:93:20:100:Infinity":15,"f:96:2:96:3":4,"s:96:28:100:Infinity":16,"s:103:0:103:Infinity":17,"s:105:19:123:Infinity":18,"f:108:2:108:3":5,"s:108:38:123:Infinity":19,"s:126:0:126:Infinity":20,"s:128:24:135:Infinity":21,"f:131:2:131:3":6,"s:131:28:135:Infinity":22,"s:138:0:138:Infinity":23},"fnNames":{}}}
,"C:\\Users\\esteb\\Documents\\TESIS\\ECenciaAPP\\frontend\\src\\constants\\domain.ts": {"path":"C:\\Users\\esteb\\Documents\\TESIS\\ECenciaAPP\\frontend\\src\\constants\\domain.ts","statementMap":{"0":{"start":{"line":1,"column":27},"end":{"line":4,"column":null}},"1":{"start":{"line":6,"column":27},"end":{"line":10,"column":null}},"2":{"start":{"line":12,"column":28},"end":{"line":15,"column":null}},"3":{"start":{"line":17,"column":34},"end":{"line":21,"column":null}}},"fnMap":{},"branchMap":{},"s":{"0":1,"1":1,"2":1,"3":1},"f":{},"b":{},"meta":{"lastBranch":0,"lastFunction":0,"lastStatement":4,"seen":{"s:1:27:4:Infinity":0,"s:6:27:10:Infinity":1,"s:12:28:15:Infinity":2,"s:17:34:21:Infinity":3},"fnNames":{}}}
,"C:\\Users\\esteb\\Documents\\TESIS\\ECenciaAPP\\frontend\\src\\lib\\brand.ts": {"path":"C:\\Users\\esteb\\Documents\\TESIS\\ECenciaAPP\\frontend\\src\\lib\\brand.ts","statementMap":{"0":{"start":{"line":1,"column":28},"end":{"line":10,"column":null}}},"fnMap":{},"branchMap":{},"s":{"0":1},"f":{},"b":{},"meta":{"lastBranch":0,"lastFunction":0,"lastStatement":1,"seen":{"s:1:28:10:Infinity":0},"fnNames":{}}}
,"C:\\Users\\esteb\\Documents\\TESIS\\ECenciaAPP\\frontend\\src\\lib\\businessRules.ts": {"path":"C:\\Users\\esteb\\Documents\\TESIS\\ECenciaAPP\\frontend\\src\\lib\\businessRules.ts","statementMap":{"0":{"start":{"line":1,"column":28},"end":{"line":1,"column":null}},"1":{"start":{"line":3,"column":35},"end":{"line":3,"column":null}},"2":{"start":{"line":3,"column":54},"end":{"line":3,"column":null}},"3":{"start":{"line":5,"column":33},"end":{"line":8,"column":null}},"4":{"start":{"line":6,"column":21},"end":{"line":6,"column":null}},"5":{"start":{"line":7,"column":2},"end":{"line":7,"column":null}},"6":{"start":{"line":10,"column":39},"end":{"line":11,"column":null}},"7":{"start":{"line":11,"column":2},"end":{"line":11,"column":null}},"8":{"start":{"line":13,"column":33},"end":{"line":16,"column":null}},"9":{"start":{"line":14,"column":18},"end":{"line":14,"column":null}},"10":{"start":{"line":15,"column":2},"end":{"line":15,"column":null}},"11":{"start":{"line":18,"column":33},"end":{"line":24,"column":null}},"12":{"start":{"line":19,"column":2},"end":{"line":19,"column":null}},"13":{"start":{"line":19,"column":38},"end":{"line":19,"column":null}},"14":{"start":{"line":20,"column":2},"end":{"line":20,"column":null}},"15":{"start":{"line":20,"column":53},"end":{"line":20,"column":null}},"16":{"start":{"line":21,"column":16},"end":{"line":21,"column":null}},"17":{"start":{"line":22,"column":2},"end":{"line":22,"column":null}},"18":{"start":{"line":23,"column":2},"end":{"line":23,"column":null}}},"fnMap":{"0":{"name":"(anonymous_0)","decl":{"start":{"line":3,"column":35},"end":{"line":3,"column":36}},"loc":{"start":{"line":3,"column":54},"end":{"line":3,"column":null}},"line":3},"1":{"name":"(anonymous_1)","decl":{"start":{"line":5,"column":33},"end":{"line":5,"column":34}},"loc":{"start":{"line":5,"column":34},"end":{"line":8,"column":null}},"line":5},"2":{"name":"(anonymous_2)","decl":{"start":{"line":10,"column":39},"end":{"line":10,"column":40}},"loc":{"start":{"line":11,"column":2},"end":{"line":11,"column":null}},"line":11},"3":{"name":"(anonymous_3)","decl":{"start":{"line":13,"column":33},"end":{"line":13,"column":34}},"loc":{"start":{"line":13,"column":34},"end":{"line":16,"column":null}},"line":13},"4":{"name":"(anonymous_4)","decl":{"start":{"line":18,"column":33},"end":{"line":18,"column":34}},"loc":{"start":{"line":18,"column":34},"end":{"line":24,"column":null}},"line":18}},"branchMap":{"0":{"loc":{"start":{"line":7,"column":9},"end":{"line":7,"column":null}},"type":"binary-expr","locations":[{"start":{"line":7,"column":9},"end":{"line":7,"column":35}},{"start":{"line":7,"column":35},"end":{"line":7,"column":62}},{"start":{"line":7,"column":62},"end":{"line":7,"column":null}}],"line":7},"1":{"loc":{"start":{"line":15,"column":9},"end":{"line":15,"column":null}},"type":"binary-expr","locations":[{"start":{"line":15,"column":9},"end":{"line":15,"column":38}},{"start":{"line":15,"column":38},"end":{"line":15,"column":null}}],"line":15},"2":{"loc":{"start":{"line":19,"column":2},"end":{"line":19,"column":null}},"type":"if","locations":[{"start":{"line":19,"column":2},"end":{"line":19,"column":null}},{"start":{},"end":{}}],"line":19},"3":{"loc":{"start":{"line":19,"column":53},"end":{"line":19,"column":88}},"type":"binary-expr","locations":[{"start":{"line":19,"column":53},"end":{"line":19,"column":68}},{"start":{"line":19,"column":72},"end":{"line":19,"column":88}}],"line":19},"4":{"loc":{"start":{"line":20,"column":2},"end":{"line":20,"column":null}},"type":"if","locations":[{"start":{"line":20,"column":2},"end":{"line":20,"column":null}},{"start":{},"end":{}}],"line":20},"5":{"loc":{"start":{"line":20,"column":6},"end":{"line":20,"column":51}},"type":"binary-expr","locations":[{"start":{"line":20,"column":6},"end":{"line":20,"column":22}},{"start":{"line":20,"column":26},"end":{"line":20,"column":51}}],"line":20}},"s":{"0":1,"1":1,"2":2,"3":1,"4":2,"5":2,"6":1,"7":1,"8":1,"9":3,"10":3,"11":1,"12":3,"13":3,"14":0,"15":0,"16":0,"17":0,"18":0},"f":{"0":2,"1":2,"2":1,"3":3,"4":3},"b":{"0":[2,2,2],"1":[3,2],"2":[3,0],"3":[3,2],"4":[0,0],"5":[0,0]},"meta":{"lastBranch":6,"lastFunction":5,"lastStatement":19,"seen":{"s:1:28:1:Infinity":0,"s:3:35:3:Infinity":1,"f:3:35:3:36":0,"s:3:54:3:Infinity":2,"s:5:33:8:Infinity":3,"f:5:33:5:34":1,"s:6:21:6:Infinity":4,"s:7:2:7:Infinity":5,"b:7:9:7:35:7:35:7:62:7:62:7:Infinity":0,"s:10:39:11:Infinity":6,"f:10:39:10:40":2,"s:11:2:11:Infinity":7,"s:13:33:16:Infinity":8,"f:13:33:13:34":3,"s:14:18:14:Infinity":9,"s:15:2:15:Infinity":10,"b:15:9:15:38:15:38:15:Infinity":1,"s:18:33:24:Infinity":11,"f:18:33:18:34":4,"b:19:2:19:Infinity:undefined:undefined:undefined:undefined":2,"s:19:2:19:Infinity":12,"s:19:38:19:Infinity":13,"b:19:53:19:68:19:72:19:88":3,"b:20:2:20:Infinity:undefined:undefined:undefined:undefined":4,"s:20:2:20:Infinity":14,"b:20:6:20:22:20:26:20:51":5,"s:20:53:20:Infinity":15,"s:21:16:21:Infinity":16,"s:22:2:22:Infinity":17,"s:23:2:23:Infinity":18},"fnNames":{}}}
,"C:\\Users\\esteb\\Documents\\TESIS\\ECenciaAPP\\frontend\\src\\lib\\date.ts": {"path":"C:\\Users\\esteb\\Documents\\TESIS\\ECenciaAPP\\frontend\\src\\lib\\date.ts","statementMap":{"0":{"start":{"line":1,"column":28},"end":{"line":7,"column":null}},"1":{"start":{"line":2,"column":2},"end":{"line":7,"column":null}}},"fnMap":{"0":{"name":"(anonymous_0)","decl":{"start":{"line":1,"column":28},"end":{"line":1,"column":29}},"loc":{"start":{"line":2,"column":2},"end":{"line":7,"column":null}},"line":2}},"branchMap":{"0":{"loc":{"start":{"line":1,"column":29},"end":{"line":1,"column":46}},"type":"default-arg","locations":[{"start":{"line":1,"column":36},"end":{"line":1,"column":46}}],"line":1}},"s":{"0":1,"1":1},"f":{"0":1},"b":{"0":[1]},"meta":{"lastBranch":1,"lastFunction":1,"lastStatement":2,"seen":{"s:1:28:7:Infinity":0,"f:1:28:1:29":0,"s:2:2:7:Infinity":1,"b:1:36:1:46":0},"fnNames":{}}}
,"C:\\Users\\esteb\\Documents\\TESIS\\ECenciaAPP\\frontend\\src\\lib\\html.ts": {"path":"C:\\Users\\esteb\\Documents\\TESIS\\ECenciaAPP\\frontend\\src\\lib\\html.ts","statementMap":{"0":{"start":{"line":1,"column":48},"end":{"line":7,"column":null}},"1":{"start":{"line":9,"column":26},"end":{"line":10,"column":null}},"2":{"start":{"line":10,"column":2},"end":{"line":10,"column":null}},"3":{"start":{"line":10,"column":52},"end":{"line":10,"column":73}},"4":{"start":{"line":12,"column":30},"end":{"line":15,"column":null}},"5":{"start":{"line":13,"column":22},"end":{"line":13,"column":null}},"6":{"start":{"line":14,"column":2},"end":{"line":14,"column":null}},"7":{"start":{"line":17,"column":27},"end":{"line":17,"column":null}},"8":{"start":{"line":17,"column":47},"end":{"line":17,"column":null}},"9":{"start":{"line":19,"column":35},"end":{"line":23,"column":null}},"10":{"start":{"line":20,"column":22},"end":{"line":20,"column":null}},"11":{"start":{"line":21,"column":2},"end":{"line":21,"column":null}},"12":{"start":{"line":21,"column":19},"end":{"line":21,"column":null}},"13":{"start":{"line":22,"column":2},"end":{"line":22,"column":null}},"14":{"start":{"line":25,"column":31},"end":{"line":25,"column":null}}},"fnMap":{"0":{"name":"(anonymous_0)","decl":{"start":{"line":9,"column":26},"end":{"line":9,"column":27}},"loc":{"start":{"line":10,"column":2},"end":{"line":10,"column":null}},"line":10},"1":{"name":"(anonymous_1)","decl":{"start":{"line":10,"column":42},"end":{"line":10,"column":43}},"loc":{"start":{"line":10,"column":52},"end":{"line":10,"column":73}},"line":10},"2":{"name":"(anonymous_2)","decl":{"start":{"line":12,"column":30},"end":{"line":12,"column":31}},"loc":{"start":{"line":12,"column":59},"end":{"line":15,"column":null}},"line":12},"3":{"name":"(anonymous_3)","decl":{"start":{"line":17,"column":27},"end":{"line":17,"column":28}},"loc":{"start":{"line":17,"column":47},"end":{"line":17,"column":null}},"line":17},"4":{"name":"(anonymous_4)","decl":{"start":{"line":19,"column":35},"end":{"line":19,"column":null}},"loc":{"start":{"line":19,"column":35},"end":{"line":23,"column":null}},"line":19}},"branchMap":{"0":{"loc":{"start":{"line":10,"column":9},"end":{"line":10,"column":22}},"type":"binary-expr","locations":[{"start":{"line":10,"column":9},"end":{"line":10,"column":18}},{"start":{"line":10,"column":18},"end":{"line":10,"column":22}}],"line":10},"1":{"loc":{"start":{"line":12,"column":47},"end":{"line":12,"column":59}},"type":"default-arg","locations":[{"start":{"line":12,"column":58},"end":{"line":12,"column":59}}],"line":12},"2":{"loc":{"start":{"line":14,"column":9},"end":{"line":14,"column":null}},"type":"cond-expr","locations":[{"start":{"line":14,"column":40},"end":{"line":14,"column":54}},{"start":{"line":14,"column":54},"end":{"line":14,"column":null}}],"line":14},"3":{"loc":{"start":{"line":21,"column":2},"end":{"line":21,"column":null}},"type":"if","locations":[{"start":{"line":21,"column":2},"end":{"line":21,"column":null}},{"start":{},"end":{}}],"line":21}},"s":{"0":1,"1":1,"2":7,"3":10,"4":1,"5":18,"6":18,"7":1,"8":9,"9":1,"10":0,"11":0,"12":0,"13":0,"14":1},"f":{"0":7,"1":10,"2":18,"3":9,"4":0},"b":{"0":[7,0],"1":[18],"2":[15,3],"3":[0,0]},"meta":{"lastBranch":4,"lastFunction":5,"lastStatement":15,"seen":{"s:1:48:7:Infinity":0,"s:9:26:10:Infinity":1,"f:9:26:9:27":0,"s:10:2:10:Infinity":2,"b:10:9:10:18:10:18:10:22":0,"f:10:42:10:43":1,"s:10:52:10:73":3,"s:12:30:15:Infinity":4,"f:12:30:12:31":2,"b:12:58:12:59":1,"s:13:22:13:Infinity":5,"s:14:2:14:Infinity":6,"b:14:40:14:54:14:54:14:Infinity":2,"s:17:27:17:Infinity":7,"f:17:27:17:28":3,"s:17:47:17:Infinity":8,"s:19:35:23:Infinity":9,"f:19:35:19:Infinity":4,"s:20:22:20:Infinity":10,"b:21:2:21:Infinity:undefined:undefined:undefined:undefined":3,"s:21:2:21:Infinity":11,"s:21:19:21:Infinity":12,"s:22:2:22:Infinity":13,"s:25:31:25:Infinity":14},"fnNames":{}}}
,"C:\\Users\\esteb\\Documents\\TESIS\\ECenciaAPP\\frontend\\src\\lib\\lunchTypes.ts": {"path":"C:\\Users\\esteb\\Documents\\TESIS\\ECenciaAPP\\frontend\\src\\lib\\lunchTypes.ts","statementMap":{"0":{"start":{"line":23,"column":32},"end":{"line":34,"column":null}},"1":{"start":{"line":36,"column":64},"end":{"line":47,"column":null}},"2":{"start":{"line":49,"column":37},"end":{"line":49,"column":null}},"3":{"start":{"line":50,"column":39},"end":{"line":50,"column":67}},"4":{"start":{"line":52,"column":81},"end":{"line":63,"column":null}},"5":{"start":{"line":65,"column":30},"end":{"line":66,"column":null}},"6":{"start":{"line":66,"column":2},"end":{"line":66,"column":null}},"7":{"start":{"line":68,"column":37},"end":{"line":69,"column":null}},"8":{"start":{"line":69,"column":2},"end":{"line":69,"column":null}}},"fnMap":{"0":{"name":"(anonymous_0)","decl":{"start":{"line":65,"column":30},"end":{"line":65,"column":31}},"loc":{"start":{"line":66,"column":2},"end":{"line":66,"column":null}},"line":66},"1":{"name":"(anonymous_1)","decl":{"start":{"line":68,"column":37},"end":{"line":68,"column":38}},"loc":{"start":{"line":69,"column":2},"end":{"line":69,"column":null}},"line":69}},"branchMap":{"0":{"loc":{"start":{"line":65,"column":46},"end":{"line":65,"column":75}},"type":"default-arg","locations":[{"start":{"line":65,"column":57},"end":{"line":65,"column":75}}],"line":65},"1":{"loc":{"start":{"line":66,"column":2},"end":{"line":66,"column":null}},"type":"binary-expr","locations":[{"start":{"line":66,"column":2},"end":{"line":66,"column":3}},{"start":{"line":66,"column":11},"end":{"line":66,"column":51}},{"start":{"line":66,"column":56},"end":{"line":66,"column":null}}],"line":66},"2":{"loc":{"start":{"line":69,"column":2},"end":{"line":69,"column":null}},"type":"binary-expr","locations":[{"start":{"line":69,"column":2},"end":{"line":69,"column":49}},{"start":{"line":69,"column":53},"end":{"line":69,"column":null}}],"line":69}},"s":{"0":1,"1":1,"2":1,"3":1,"4":1,"5":1,"6":2,"7":1,"8":2},"f":{"0":2,"1":2},"b":{"0":[2],"1":[2,2,1],"2":[2,0]},"meta":{"lastBranch":3,"lastFunction":2,"lastStatement":9,"seen":{"s:23:32:34:Infinity":0,"s:36:64:47:Infinity":1,"s:49:37:49:Infinity":2,"s:50:39:50:67":3,"s:52:81:63:Infinity":4,"s:65:30:66:Infinity":5,"f:65:30:65:31":0,"s:66:2:66:Infinity":6,"b:65:57:65:75":0,"b:66:2:66:3:66:11:66:51:66:56:66:Infinity":1,"s:68:37:69:Infinity":7,"f:68:37:68:38":1,"s:69:2:69:Infinity":8,"b:69:2:69:49:69:53:69:Infinity":2},"fnNames":{}}}
,"C:\\Users\\esteb\\Documents\\TESIS\\ECenciaAPP\\frontend\\src\\lib\\menuCatalog.ts": {"path":"C:\\Users\\esteb\\Documents\\TESIS\\ECenciaAPP\\frontend\\src\\lib\\menuCatalog.ts","statementMap":{"0":{"start":{"line":10,"column":33},"end":{"line":11,"column":null}},"1":{"start":{"line":11,"column":2},"end":{"line":11,"column":null}},"2":{"start":{"line":11,"column":32},"end":{"line":11,"column":59}},"3":{"start":{"line":13,"column":32},"end":{"line":16,"column":null}},"4":{"start":{"line":14,"column":2},"end":{"line":14,"column":null}},"5":{"start":{"line":14,"column":27},"end":{"line":14,"column":46}},"6":{"start":{"line":14,"column":49},"end":{"line":14,"column":null}},"7":{"start":{"line":15,"column":2},"end":{"line":15,"column":null}}},"fnMap":{"0":{"name":"(anonymous_0)","decl":{"start":{"line":10,"column":33},"end":{"line":10,"column":34}},"loc":{"start":{"line":11,"column":2},"end":{"line":11,"column":null}},"line":11},"1":{"name":"(anonymous_1)","decl":{"start":{"line":11,"column":18},"end":{"line":11,"column":19}},"loc":{"start":{"line":11,"column":32},"end":{"line":11,"column":59}},"line":11},"2":{"name":"(anonymous_2)","decl":{"start":{"line":13,"column":32},"end":{"line":13,"column":33}},"loc":{"start":{"line":13,"column":52},"end":{"line":16,"column":null}},"line":13},"3":{"name":"(anonymous_3)","decl":{"start":{"line":14,"column":17},"end":{"line":14,"column":18}},"loc":{"start":{"line":14,"column":27},"end":{"line":14,"column":46}},"line":14}},"branchMap":{"0":{"loc":{"start":{"line":11,"column":2},"end":{"line":11,"column":null}},"type":"binary-expr","locations":[{"start":{"line":11,"column":2},"end":{"line":11,"column":80}},{"start":{"line":11,"column":80},"end":{"line":11,"column":null}}],"line":11},"1":{"loc":{"start":{"line":14,"column":2},"end":{"line":14,"column":null}},"type":"if","locations":[{"start":{"line":14,"column":2},"end":{"line":14,"column":null}},{"start":{},"end":{}}],"line":14}},"s":{"0":1,"1":1,"2":2,"3":1,"4":2,"5":1,"6":1,"7":1},"f":{"0":1,"1":2,"2":2,"3":1},"b":{"0":[1,0],"1":[1,1]},"meta":{"lastBranch":2,"lastFunction":4,"lastStatement":8,"seen":{"s:10:33:11:Infinity":0,"f:10:33:10:34":0,"s:11:2:11:Infinity":1,"b:11:2:11:80:11:80:11:Infinity":0,"f:11:18:11:19":1,"s:11:32:11:59":2,"s:13:32:16:Infinity":3,"f:13:32:13:33":2,"b:14:2:14:Infinity:undefined:undefined:undefined:undefined":1,"s:14:2:14:Infinity":4,"f:14:17:14:18":3,"s:14:27:14:46":5,"s:14:49:14:Infinity":6,"s:15:2:15:Infinity":7},"fnNames":{}}}
,"C:\\Users\\esteb\\Documents\\TESIS\\ECenciaAPP\\frontend\\src\\lib\\reporting.ts": {"path":"C:\\Users\\esteb\\Documents\\TESIS\\ECenciaAPP\\frontend\\src\\lib\\reporting.ts","statementMap":{"0":{"start":{"line":11,"column":47},"end":{"line":17,"column":null}},"1":{"start":{"line":19,"column":25},"end":{"line":20,"column":null}},"2":{"start":{"line":20,"column":2},"end":{"line":20,"column":null}},"3":{"start":{"line":20,"column":52},"end":{"line":20,"column":72}},"4":{"start":{"line":22,"column":36},"end":{"line":27,"column":null}},"5":{"start":{"line":23,"column":15},"end":{"line":23,"column":null}},"6":{"start":{"line":24,"column":16},"end":{"line":24,"column":null}},"7":{"start":{"line":25,"column":14},"end":{"line":25,"column":null}},"8":{"start":{"line":26,"column":2},"end":{"line":26,"column":null}},"9":{"start":{"line":29,"column":36},"end":{"line":32,"column":null}},"10":{"start":{"line":29,"column":59},"end":{"line":32,"column":null}},"11":{"start":{"line":34,"column":30},"end":{"line":49,"column":null}},"12":{"start":{"line":35,"column":2},"end":{"line":38,"column":null}},"13":{"start":{"line":36,"column":18},"end":{"line":36,"column":null}},"14":{"start":{"line":37,"column":4},"end":{"line":37,"column":null}},"15":{"start":{"line":39,"column":2},"end":{"line":46,"column":null}},"16":{"start":{"line":40,"column":16},"end":{"line":40,"column":null}},"17":{"start":{"line":41,"column":19},"end":{"line":41,"column":null}},"18":{"start":{"line":42,"column":4},"end":{"line":42,"column":null}},"19":{"start":{"line":43,"column":19},"end":{"line":43,"column":null}},"20":{"start":{"line":44,"column":4},"end":{"line":44,"column":null}},"21":{"start":{"line":45,"column":4},"end":{"line":45,"column":null}},"22":{"start":{"line":47,"column":2},"end":{"line":47,"column":null}},"23":{"start":{"line":47,"column":24},"end":{"line":47,"column":null}},"24":{"start":{"line":48,"column":2},"end":{"line":48,"column":null}},"25":{"start":{"line":51,"column":34},"end":{"line":52,"column":null}},"26":{"start":{"line":52,"column":2},"end":{"line":52,"column":null}},"27":{"start":{"line":54,"column":36},"end":{"line":78,"column":null}},"28":{"start":{"line":59,"column":2},"end":{"line":61,"column":null}},"29":{"start":{"line":60,"column":4},"end":{"line":60,"column":null}},"30":{"start":{"line":60,"column":65},"end":{"line":60,"column":100}},"31":{"start":{"line":62,"column":2},"end":{"line":67,"column":null}},"32":{"start":{"line":63,"column":4},"end":{"line":65,"column":null}},"33":{"start":{"line":64,"column":22},"end":{"line":64,"column":null}},"34":{"start":{"line":68,"column":2},"end":{"line":73,"column":null}},"35":{"start":{"line":69,"column":4},"end":{"line":71,"column":null}},"36":{"start":{"line":70,"column":22},"end":{"line":70,"column":null}},"37":{"start":{"line":74,"column":2},"end":{"line":77,"column":null}},"38":{"start":{"line":75,"column":4},"end":{"line":75,"column":null}},"39":{"start":{"line":75,"column":73},"end":{"line":75,"column":null}},"40":{"start":{"line":76,"column":4},"end":{"line":76,"column":null}},"41":{"start":{"line":80,"column":36},"end":{"line":85,"column":null}},"42":{"start":{"line":81,"column":2},"end":{"line":81,"column":null}},"43":{"start":{"line":81,"column":31},"end":{"line":81,"column":null}},"44":{"start":{"line":82,"column":2},"end":{"line":82,"column":null}},"45":{"start":{"line":82,"column":34},"end":{"line":82,"column":null}},"46":{"start":{"line":83,"column":2},"end":{"line":83,"column":null}},"47":{"start":{"line":83,"column":33},"end":{"line":83,"column":null}},"48":{"start":{"line":84,"column":2},"end":{"line":84,"column":null}},"49":{"start":{"line":87,"column":16},"end":{"line":87,"column":82}},"50":{"start":{"line":87,"column":36},"end":{"line":87,"column":82}},"51":{"start":{"line":89,"column":30},"end":{"line":163,"column":null}},"52":{"start":{"line":100,"column":26},"end":{"line":100,"column":28}},"53":{"start":{"line":101,"column":26},"end":{"line":101,"column":28}},"54":{"start":{"line":103,"column":2},"end":{"line":154,"column":null}},"55":{"start":{"line":104,"column":4},"end":{"line":104,"column":null}},"56":{"start":{"line":105,"column":4},"end":{"line":109,"column":null}},"57":{"start":{"line":105,"column":51},"end":{"line":109,"column":null}},"58":{"start":{"line":110,"column":9},"end":{"line":154,"column":null}},"59":{"start":{"line":111,"column":4},"end":{"line":111,"column":null}},"60":{"start":{"line":112,"column":4},"end":{"line":117,"column":null}},"61":{"start":{"line":112,"column":53},"end":{"line":117,"column":null}},"62":{"start":{"line":118,"column":9},"end":{"line":154,"column":null}},"63":{"start":{"line":119,"column":4},"end":{"line":138,"column":null}},"64":{"start":{"line":120,"column":6},"end":{"line":120,"column":null}},"65":{"start":{"line":121,"column":6},"end":{"line":128,"column":null}},"66":{"start":{"line":122,"column":8},"end":{"line":128,"column":null}},"67":{"start":{"line":122,"column":47},"end":{"line":128,"column":null}},"68":{"start":{"line":131,"column":6},"end":{"line":131,"column":null}},"69":{"start":{"line":132,"column":6},"end":{"line":137,"column":null}},"70":{"start":{"line":132,"column":62},"end":{"line":137,"column":null}},"71":{"start":{"line":135,"column":48},"end":{"line":135,"column":85}},"72":{"start":{"line":140,"column":4},"end":{"line":146,"column":null}},"73":{"start":{"line":147,"column":4},"end":{"line":153,"column":null}},"74":{"start":{"line":147,"column":51},"end":{"line":153,"column":null}},"75":{"start":{"line":156,"column":19},"end":{"line":156,"column":null}},"76":{"start":{"line":157,"column":2},"end":{"line":157,"column":null}},"77":{"start":{"line":158,"column":2},"end":{"line":158,"column":null}},"78":{"start":{"line":160,"column":2},"end":{"line":162,"column":null}},"79":{"start":{"line":161,"column":18},"end":{"line":161,"column":null}},"80":{"start":{"line":165,"column":30},"end":{"line":228,"column":null}},"81":{"start":{"line":180,"column":26},"end":{"line":180,"column":28}},"82":{"start":{"line":182,"column":2},"end":{"line":218,"column":null}},"83":{"start":{"line":183,"column":5},"end":{"line":187,"column":null}},"84":{"start":{"line":184,"column":6},"end":{"line":185,"column":null}},"85":{"start":{"line":188,"column":9},"end":{"line":218,"column":null}},"86":{"start":{"line":189,"column":5},"end":{"line":193,"column":null}},"87":{"start":{"line":190,"column":6},"end":{"line":191,"column":null}},"88":{"start":{"line":194,"column":9},"end":{"line":218,"column":null}},"89":{"start":{"line":195,"column":5},"end":{"line":207,"column":null}},"90":{"start":{"line":196,"column":6},"end":{"line":206,"column":null}},"91":{"start":{"line":197,"column":8},"end":{"line":201,"column":null}},"92":{"start":{"line":198,"column":10},"end":{"line":199,"column":null}},"93":{"start":{"line":203,"column":8},"end":{"line":204,"column":null}},"94":{"start":{"line":204,"column":179},"end":{"line":204,"column":216}},"95":{"start":{"line":209,"column":5},"end":{"line":217,"column":null}},"96":{"start":{"line":211,"column":8},"end":{"line":213,"column":70}},"97":{"start":{"line":214,"column":6},"end":{"line":215,"column":null}},"98":{"start":{"line":220,"column":2},"end":{"line":227,"column":null}},"99":{"start":{"line":230,"column":36},"end":{"line":260,"column":null}},"100":{"start":{"line":247,"column":21},"end":{"line":249,"column":null}},"101":{"start":{"line":248,"column":21},"end":{"line":248,"column":123}},"102":{"start":{"line":250,"column":19},"end":{"line":257,"column":null}},"103":{"start":{"line":253,"column":8},"end":{"line":255,"column":26}},"104":{"start":{"line":254,"column":25},"end":{"line":254,"column":108}},"105":{"start":{"line":259,"column":2},"end":{"line":259,"column":null}},"106":{"start":{"line":262,"column":32},"end":{"line":272,"column":null}},"107":{"start":{"line":263,"column":15},"end":{"line":263,"column":null}},"108":{"start":{"line":264,"column":14},"end":{"line":264,"column":null}},"109":{"start":{"line":265,"column":15},"end":{"line":265,"column":null}},"110":{"start":{"line":266,"column":2},"end":{"line":266,"column":null}},"111":{"start":{"line":267,"column":2},"end":{"line":267,"column":null}},"112":{"start":{"line":268,"column":2},"end":{"line":268,"column":null}},"113":{"start":{"line":269,"column":2},"end":{"line":269,"column":null}},"114":{"start":{"line":270,"column":2},"end":{"line":270,"column":null}},"115":{"start":{"line":271,"column":2},"end":{"line":271,"column":null}}},"fnMap":{"0":{"name":"(anonymous_0)","decl":{"start":{"line":19,"column":25},"end":{"line":19,"column":26}},"loc":{"start":{"line":20,"column":2},"end":{"line":20,"column":null}},"line":20},"1":{"name":"(anonymous_1)","decl":{"start":{"line":20,"column":42},"end":{"line":20,"column":43}},"loc":{"start":{"line":20,"column":52},"end":{"line":20,"column":72}},"line":20},"2":{"name":"(anonymous_2)","decl":{"start":{"line":22,"column":36},"end":{"line":22,"column":37}},"loc":{"start":{"line":22,"column":37},"end":{"line":27,"column":null}},"line":22},"3":{"name":"(anonymous_3)","decl":{"start":{"line":29,"column":36},"end":{"line":29,"column":37}},"loc":{"start":{"line":29,"column":59},"end":{"line":32,"column":null}},"line":29},"4":{"name":"(anonymous_4)","decl":{"start":{"line":34,"column":30},"end":{"line":34,"column":31}},"loc":{"start":{"line":34,"column":63},"end":{"line":49,"column":null}},"line":34},"5":{"name":"(anonymous_5)","decl":{"start":{"line":51,"column":34},"end":{"line":51,"column":35}},"loc":{"start":{"line":52,"column":2},"end":{"line":52,"column":null}},"line":52},"6":{"name":"(anonymous_6)","decl":{"start":{"line":54,"column":36},"end":{"line":54,"column":null}},"loc":{"start":{"line":57,"column":21},"end":{"line":78,"column":null}},"line":57},"7":{"name":"(anonymous_7)","decl":{"start":{"line":60,"column":49},"end":{"line":60,"column":50}},"loc":{"start":{"line":60,"column":65},"end":{"line":60,"column":100}},"line":60},"8":{"name":"(anonymous_8)","decl":{"start":{"line":64,"column":6},"end":{"line":64,"column":7}},"loc":{"start":{"line":64,"column":22},"end":{"line":64,"column":null}},"line":64},"9":{"name":"(anonymous_9)","decl":{"start":{"line":70,"column":6},"end":{"line":70,"column":7}},"loc":{"start":{"line":70,"column":22},"end":{"line":70,"column":null}},"line":70},"10":{"name":"(anonymous_10)","decl":{"start":{"line":74,"column":43},"end":{"line":74,"column":44}},"loc":{"start":{"line":74,"column":51},"end":{"line":77,"column":5}},"line":74},"11":{"name":"(anonymous_11)","decl":{"start":{"line":80,"column":36},"end":{"line":80,"column":37}},"loc":{"start":{"line":80,"column":61},"end":{"line":85,"column":null}},"line":80},"12":{"name":"(anonymous_12)","decl":{"start":{"line":87,"column":16},"end":{"line":87,"column":17}},"loc":{"start":{"line":87,"column":36},"end":{"line":87,"column":82}},"line":87},"13":{"name":"(anonymous_13)","decl":{"start":{"line":89,"column":30},"end":{"line":89,"column":31}},"loc":{"start":{"line":99,"column":1},"end":{"line":163,"column":null}},"line":99},"14":{"name":"(anonymous_14)","decl":{"start":{"line":105,"column":42},"end":{"line":105,"column":43}},"loc":{"start":{"line":105,"column":51},"end":{"line":109,"column":null}},"line":105},"15":{"name":"(anonymous_15)","decl":{"start":{"line":112,"column":44},"end":{"line":112,"column":45}},"loc":{"start":{"line":112,"column":53},"end":{"line":117,"column":null}},"line":112},"16":{"name":"(anonymous_16)","decl":{"start":{"line":121,"column":52},"end":{"line":121,"column":53}},"loc":{"start":{"line":122,"column":8},"end":{"line":128,"column":null}},"line":122},"17":{"name":"(anonymous_17)","decl":{"start":{"line":122,"column":30},"end":{"line":122,"column":31}},"loc":{"start":{"line":122,"column":47},"end":{"line":128,"column":null}},"line":122},"18":{"name":"(anonymous_18)","decl":{"start":{"line":132,"column":48},"end":{"line":132,"column":49}},"loc":{"start":{"line":132,"column":62},"end":{"line":137,"column":null}},"line":132},"19":{"name":"(anonymous_19)","decl":{"start":{"line":135,"column":33},"end":{"line":135,"column":34}},"loc":{"start":{"line":135,"column":48},"end":{"line":135,"column":85}},"line":135},"20":{"name":"(anonymous_20)","decl":{"start":{"line":147,"column":42},"end":{"line":147,"column":43}},"loc":{"start":{"line":147,"column":51},"end":{"line":153,"column":null}},"line":147},"21":{"name":"(anonymous_21)","decl":{"start":{"line":161,"column":9},"end":{"line":161,"column":10}},"loc":{"start":{"line":161,"column":18},"end":{"line":161,"column":null}},"line":161},"22":{"name":"(anonymous_22)","decl":{"start":{"line":165,"column":30},"end":{"line":165,"column":31}},"loc":{"start":{"line":179,"column":1},"end":{"line":228,"column":null}},"line":179},"23":{"name":"(anonymous_23)","decl":{"start":{"line":183,"column":39},"end":{"line":183,"column":40}},"loc":{"start":{"line":183,"column":40},"end":{"line":187,"column":null}},"line":183},"24":{"name":"(anonymous_24)","decl":{"start":{"line":189,"column":41},"end":{"line":189,"column":42}},"loc":{"start":{"line":189,"column":42},"end":{"line":193,"column":null}},"line":189},"25":{"name":"(anonymous_25)","decl":{"start":{"line":195,"column":43},"end":{"line":195,"column":44}},"loc":{"start":{"line":195,"column":44},"end":{"line":207,"column":null}},"line":195},"26":{"name":"(anonymous_26)","decl":{"start":{"line":197,"column":34},"end":{"line":197,"column":35}},"loc":{"start":{"line":197,"column":35},"end":{"line":201,"column":null}},"line":197},"27":{"name":"(anonymous_27)","decl":{"start":{"line":204,"column":164},"end":{"line":204,"column":165}},"loc":{"start":{"line":204,"column":179},"end":{"line":204,"column":216}},"line":204},"28":{"name":"(anonymous_28)","decl":{"start":{"line":209,"column":39},"end":{"line":209,"column":40}},"loc":{"start":{"line":209,"column":40},"end":{"line":217,"column":null}},"line":209},"29":{"name":"(anonymous_29)","decl":{"start":{"line":230,"column":36},"end":{"line":230,"column":37}},"loc":{"start":{"line":246,"column":1},"end":{"line":260,"column":null}},"line":246},"30":{"name":"(anonymous_30)","decl":{"start":{"line":248,"column":9},"end":{"line":248,"column":10}},"loc":{"start":{"line":248,"column":21},"end":{"line":248,"column":123}},"line":248},"31":{"name":"(anonymous_31)","decl":{"start":{"line":252,"column":6},"end":{"line":252,"column":7}},"loc":{"start":{"line":253,"column":8},"end":{"line":255,"column":26}},"line":253},"32":{"name":"(anonymous_32)","decl":{"start":{"line":254,"column":15},"end":{"line":254,"column":16}},"loc":{"start":{"line":254,"column":25},"end":{"line":254,"column":108}},"line":254},"33":{"name":"(anonymous_33)","decl":{"start":{"line":262,"column":32},"end":{"line":262,"column":33}},"loc":{"start":{"line":262,"column":68},"end":{"line":272,"column":null}},"line":262}},"branchMap":{"0":{"loc":{"start":{"line":20,"column":9},"end":{"line":20,"column":22}},"type":"binary-expr","locations":[{"start":{"line":20,"column":9},"end":{"line":20,"column":18}},{"start":{"line":20,"column":18},"end":{"line":20,"column":22}}],"line":20},"1":{"loc":{"start":{"line":29,"column":37},"end":{"line":29,"column":53}},"type":"default-arg","locations":[{"start":{"lin
[...]
":{"line":394,"column":null}},{"start":{"line":395,"column":20},"end":{"line":395,"column":null}}],"line":393},"50":{"loc":{"start":{"line":424,"column":15},"end":{"line":426,"column":null}},"type":"cond-expr","locations":[{"start":{"line":425,"column":18},"end":{"line":425,"column":null}},{"start":{"line":426,"column":18},"end":{"line":426,"column":null}}],"line":424},"51":{"loc":{"start":{"line":479,"column":13},"end":{"line":484,"column":null}},"type":"cond-expr","locations":[{"start":{"line":479,"column":42},"end":{"line":482,"column":32}},{"start":{"line":482,"column":14},"end":{"line":484,"column":null}}],"line":479},"52":{"loc":{"start":{"line":515,"column":13},"end":{"line":535,"column":null}},"type":"cond-expr","locations":[{"start":{"line":515,"column":36},"end":{"line":518,"column":26}},{"start":{"line":518,"column":14},"end":{"line":535,"column":null}}],"line":515},"53":{"loc":{"start":{"line":519,"column":31},"end":{"line":519,"column":null}},"type":"binary-expr","locations":[{"start":{"line":519,"column":31},"end":{"line":519,"column":56}},{"start":{"line":519,"column":56},"end":{"line":519,"column":null}}],"line":519}},"s":{"0":1,"1":2,"2":2,"3":2,"4":2,"5":2,"6":2,"7":2,"8":2,"9":2,"10":2,"11":2,"12":0,"13":0,"14":0,"15":0,"16":0,"17":0,"18":0,"19":0,"20":0,"21":0,"22":0,"23":0,"24":0,"25":0,"26":0,"27":0,"28":0,"29":0,"30":0,"31":0,"32":0,"33":0,"34":2,"35":1,"36":0,"37":1,"38":1,"39":1,"40":0,"41":1,"42":1,"43":1,"44":1,"45":1,"46":1,"47":1,"48":1,"49":0,"50":0,"51":0,"52":1,"53":1,"54":2,"55":1,"56":1,"57":0,"58":0,"59":0,"60":0,"61":0,"62":0,"63":0,"64":0,"65":2,"66":1,"67":0,"68":0,"69":0,"70":0,"71":0,"72":0,"73":0,"74":1,"75":1,"76":2,"77":0,"78":0,"79":0,"80":0,"81":0,"82":0,"83":0,"84":0,"85":0,"86":0,"87":0,"88":0,"89":0,"90":0,"91":2,"92":0,"93":0,"94":0,"95":0,"96":0,"97":0,"98":0,"99":2,"100":2,"101":1,"102":1,"103":0,"104":0,"105":10,"106":10,"107":10,"108":10,"109":0,"110":0,"111":0,"112":0,"113":0},"f":{"0":2,"1":0,"2":0,"3":1,"4":1,"5":1,"6":0,"7":1,"8":0,"9":0,"10":0,"11":0,"12":10,"13":0,"14":0,"15":0},"b":{"0":[0,0],"1":[0,0],"2":[0,0],"3":[0,0],"4":[1],"5":[0,1],"6":[0,1],"7":[1,0],"8":[1,0],"9":[1,1],"10":[1,0],"11":[1,0],"12":[0,0],"13":[0,0],"14":[0,0],"15":[0,0],"16":[0,0],"17":[0,0],"18":[0,0],"19":[0,0,0],"20":[0,0],"21":[0,0],"22":[0,0],"23":[0,0],"24":[0,0],"25":[0,0],"26":[2,1],"27":[2,1],"28":[2,1],"29":[2,1],"30":[0,2],"31":[2,1],"32":[2,1],"33":[2,1],"34":[2,1],"35":[2,1],"36":[2,2],"37":[2,2],"38":[2,2],"39":[2,2],"40":[2,2],"41":[2,2],"42":[2,2],"43":[1,1],"44":[1,0],"45":[2,0],"46":[10,1],"47":[10,1],"48":[1,0],"49":[0,0],"50":[1,0],"51":[1,0],"52":[1,0],"53":[0,0]},"meta":{"lastBranch":54,"lastFunction":16,"lastStatement":114,"seen":{"s:43:21:43:Infinity":0,"f:45:24:45:Infinity":0,"s:46:37:67:Infinity":1,"s:68:43:68:Infinity":2,"s:69:53:69:Infinity":3,"s:70:49:77:Infinity":4,"s:78:37:78:Infinity":5,"s:79:29:79:Infinity":6,"s:81:29:81:Infinity":7,"s:82:37:82:Infinity":8,"s:83:31:83:Infinity":9,"s:84:39:84:Infinity":10,"s:86:26:114:Infinity":11,"f:86:26:86:27":1,"s:87:18:87:Infinity":12,"s:88:28:93:Infinity":13,"f:88:28:88:29":2,"s:89:19:89:Infinity":14,"s:90:20:90:Infinity":15,"s:91:18:91:Infinity":16,"s:92:6:92:Infinity":17,"b:95:4:98:Infinity:undefined:undefined:undefined:undefined":0,"s:95:4:98:Infinity":18,"s:96:23:96:Infinity":19,"s:97:6:97:Infinity":20,"b:99:4:107:Infinity:undefined:undefined:undefined:undefined":1,"s:99:4:107:Infinity":21,"s:100:18:100:Infinity":22,"s:101:27:101:Infinity":23,"b:101:39:101:44:101:44:101:Infinity":2,"s:102:21:102:Infinity":24,"s:103:6:103:Infinity":25,"s:104:21:104:Infinity":26,"s:105:6:105:Infinity":27,"s:106:6:106:Infinity":28,"b:108:4:112:Infinity:undefined:undefined:undefined:undefined":3,"s:108:4:112:Infinity":29,"s:109:20:109:Infinity":30,"s:110:19:110:Infinity":31,"s:111:6:111:Infinity":32,"s:113:4:113:Infinity":33,"s:116:29:141:Infinity":34,"f:116:29:116:36":3,"b:116:91:116:96":4,"b:117:4:117:Infinity:undefined:undefined:undefined:undefined":5,"s:117:4:117:Infinity":35,"s:117:31:117:Infinity":36,"s:118:4:140:Infinity":37,"s:119:16:119:Infinity":38,"b:120:6:122:Infinity:undefined:undefined:undefined:undefined":6,"s:120:6:122:Infinity":39,"b:120:10:120:20:120:20:120:25":7,"s:121:8:121:Infinity":40,"s:123:23:123:Infinity":41,"b:124:6:133:Infinity:131:13:133:Infinity":8,"s:124:6:133:Infinity":42,"s:125:21:125:Infinity":43,"s:126:8:126:Infinity":44,"s:127:8:127:Infinity":45,"s:128:8:128:Infinity":46,"s:129:8:129:Infinity":47,"b:129:29:129:51:129:55:129:57":9,"s:130:8:130:Infinity":48,"b:130:23:130:39:130:43:130:45":10,"s:132:8:132:Infinity":49,"s:135:6:135:Infinity":50,"s:136:6:136:Infinity":51,"s:138:6:138:Infinity":52,"s:139:6:139:Infinity":53,"s:144:2:159:Infinity":54,"f:144:12:144:Infinity":4,"b:145:4:158:Infinity:147:11:158:Infinity":11,"s:145:4:158:Infinity":55,"s:146:6:146:Infinity":56,"b:147:11:158:Infinity:155:11:158:Infinity":12,"s:147:11:158:Infinity":57,"b:148:6:154:Infinity:undefined:undefined:undefined:undefined":13,"s:148:6:154:Infinity":58,"b:148:10:148:25:148:25:148:35":14,"b:149:8:152:Infinity:undefined:undefined:undefined:undefined":15,"s:149:8:152:Infinity":59,"s:150:10:150:Infinity":60,"s:151:10:151:Infinity":61,"s:153:8:153:Infinity":62,"s:156:20:156:Infinity":63,"s:157:6:157:Infinity":64,"s:162:2:177:Infinity":65,"f:162:12:162:Infinity":5,"s:163:21:174:Infinity":66,"f:163:33:163:Infinity":6,"b:164:6:173:Infinity:166:13:173:Infinity":16,"s:164:6:173:Infinity":67,"s:165:8:165:Infinity":68,"b:166:13:173:Infinity:170:13:173:Infinity":17,"s:166:13:173:Infinity":69,"b:167:8:169:Infinity:undefined:undefined:undefined:undefined":18,"s:167:8:169:Infinity":70,"b:167:12:167:27:167:27:167:39:167:39:167:84":19,"s:168:10:168:Infinity":71,"s:171:22:171:Infinity":72,"s:172:8:172:Infinity":73,"s:176:4:176:Infinity":74,"f:176:11:176:17":7,"s:176:17:176:Infinity":75,"s:179:30:197:Infinity":76,"f:179:30:179:31":8,"s:180:4:180:Infinity":77,"b:181:4:196:Infinity:185:11:196:Infinity":20,"s:181:4:196:Infinity":78,"s:182:6:182:Infinity":79,"s:183:6:183:Infinity":80,"s:184:6:184:Infinity":81,"b:185:11:196:Infinity:190:11:196:Infinity":21,"s:185:11:196:Infinity":82,"s:186:20:186:Infinity":83,"s:187:6:187:Infinity":84,"s:188:6:188:Infinity":85,"s:189:6:189:Infinity":86,"s:192:20:192:Infinity":87,"s:193:6:193:Infinity":88,"s:194:6:194:Infinity":89,"s:195:6:195:Infinity":90,"s:199:30:210:Infinity":91,"f:199:30:199:Infinity":9,"b:200:4:209:Infinity:202:11:209:Infinity":22,"s:200:4:209:Infinity":92,"s:201:6:201:Infinity":93,"b:202:11:209:Infinity:206:11:209:Infinity":23,"s:202:11:209:Infinity":94,"b:203:6:205:Infinity:undefined:undefined:undefined:undefined":24,"s:203:6:205:Infinity":95,"b:203:10:203:25:203:25:203:35":25,"s:204:8:204:Infinity":96,"s:207:20:207:Infinity":97,"s:208:6:208:Infinity":98,"s:212:18:275:Infinity":99,"b:214:13:214:47:214:47:214:Infinity":26,"b:215:13:215:42:215:42:215:Infinity":27,"b:217:19:217:52:217:52:217:Infinity":28,"b:220:13:220:47:220:47:220:Infinity":29,"b:222:10:222:120:223:11:223:Infinity":30,"b:221:13:221:62:221:62:221:Infinity":31,"b:223:11:223:40:223:40:223:Infinity":32,"b:225:19:225:52:225:52:225:Infinity":33,"b:229:13:229:46:229:46:229:Infinity":34,"b:235:13:235:48:235:48:235:Infinity":35,"b:241:13:241:47:241:47:241:Infinity":36,"b:247:13:247:46:247:46:247:Infinity":37,"b:253:13:253:45:253:45:253:Infinity":38,"b:259:13:259:41:259:41:259:Infinity":39,"b:265:13:265:47:265:47:265:Infinity":40,"b:271:18:271:46:271:46:271:49":41,"b:273:22:273:53:273:53:273:55":42,"b:277:2:286:Infinity:undefined:undefined:undefined:undefined":43,"s:277:2:286:Infinity":100,"s:278:4:281:Infinity":101,"s:287:2:535:Infinity":102,"b:315:11:315:Infinity:315:23:328:Infinity":44,"f:321:26:321:27":10,"s:321:33:321:Infinity":103,"f:328:26:328:27":11,"s:328:33:328:Infinity":104,"b:341:48:341:64:341:64:341:Infinity":45,"f:348:21:348:22":12,"s:349:25:349:Infinity":105,"s:350:27:350:Infinity":106,"s:351:29:351:Infinity":107,"s:353:10:355:Infinity":108,"b:360:16:360:31:360:31:360:66":46,"b:366:19:366:Infinity:366:29:369:Infinity":47,"b:392:18:392:Infinity:393:18:395:Infinity":48,"b:394:20:394:Infinity:395:20:395:Infinity":49,"b:425:18:425:Infinity:426:18:426:Infinity":50,"f:442:45:442:46":13,"s:442:53:444:Infinity":109,"b:479:42:482:32:482:14:484:Infinity":51,"f:482:36:482:37":14,"s:482:37:484:Infinity":110,"b:515:36:518:26:518:14:535:Infinity":52,"f:518:30:518:31":15,"s:519:31:519:Infinity":111,"b:519:31:519:56:519:56:519:Infinity":53,"s:520:28:520:Infinity":112,"s:521:16:522:39":113},"fnNames":{}}}
,"C:\\Users\\esteb\\Documents\\TESIS\\ECenciaAPP\\frontend\\src\\pages\\convenios.helpers.ts": {"path":"C:\\Users\\esteb\\Documents\\TESIS\\ECenciaAPP\\frontend\\src\\pages\\convenios.helpers.ts","statementMap":{"0":{"start":{"line":5,"column":33},"end":{"line":10,"column":null}},"1":{"start":{"line":5,"column":78},"end":{"line":10,"column":null}},"2":{"start":{"line":12,"column":35},"end":{"line":23,"column":null}},"3":{"start":{"line":12,"column":57},"end":{"line":23,"column":null}},"4":{"start":{"line":25,"column":32},"end":{"line":31,"column":null}},"5":{"start":{"line":25,"column":61},"end":{"line":31,"column":null}},"6":{"start":{"line":33,"column":36},"end":{"line":38,"column":null}},"7":{"start":{"line":34,"column":2},"end":{"line":34,"column":null}},"8":{"start":{"line":34,"column":24},"end":{"line":34,"column":null}},"9":{"start":{"line":35,"column":2},"end":{"line":35,"column":null}},"10":{"start":{"line":35,"column":82},"end":{"line":35,"column":null}},"11":{"start":{"line":36,"column":2},"end":{"line":36,"column":null}},"12":{"start":{"line":36,"column":53},"end":{"line":36,"column":null}},"13":{"start":{"line":37,"column":2},"end":{"line":37,"column":null}},"14":{"start":{"line":40,"column":36},"end":{"line":44,"column":null}},"15":{"start":{"line":41,"column":2},"end":{"line":41,"column":null}},"16":{"start":{"line":41,"column":29},"end":{"line":41,"column":null}},"17":{"start":{"line":42,"column":2},"end":{"line":42,"column":null}},"18":{"start":{"line":42,"column":29},"end":{"line":42,"column":null}},"19":{"start":{"line":43,"column":2},"end":{"line":43,"column":null}},"20":{"start":{"line":46,"column":33},"end":{"line":50,"column":null}},"21":{"start":{"line":47,"column":2},"end":{"line":47,"column":null}},"22":{"start":{"line":47,"column":25},"end":{"line":47,"column":null}},"23":{"start":{"line":48,"column":2},"end":{"line":48,"column":null}},"24":{"start":{"line":48,"column":80},"end":{"line":48,"column":null}},"25":{"start":{"line":49,"column":2},"end":{"line":49,"column":null}}},"fnMap":{"0":{"name":"(anonymous_0)","decl":{"start":{"line":5,"column":33},"end":{"line":5,"column":34}},"loc":{"start":{"line":5,"column":78},"end":{"line":10,"column":null}},"line":5},"1":{"name":"(anonymous_1)","decl":{"start":{"line":12,"column":35},"end":{"line":12,"column":36}},"loc":{"start":{"line":12,"column":57},"end":{"line":23,"column":null}},"line":12},"2":{"name":"(anonymous_2)","decl":{"start":{"line":25,"column":32},"end":{"line":25,"column":33}},"loc":{"start":{"line":25,"column":61},"end":{"line":31,"column":null}},"line":25},"3":{"name":"(anonymous_3)","decl":{"start":{"line":33,"column":36},"end":{"line":33,"column":37}},"loc":{"start":{"line":33,"column":37},"end":{"line":38,"column":null}},"line":33},"4":{"name":"(anonymous_4)","decl":{"start":{"line":40,"column":36},"end":{"line":40,"column":37}},"loc":{"start":{"line":40,"column":37},"end":{"line":44,"column":null}},"line":40},"5":{"name":"(anonymous_5)","decl":{"start":{"line":46,"column":33},"end":{"line":46,"column":34}},"loc":{"start":{"line":46,"column":34},"end":{"line":50,"column":null}},"line":46}},"branchMap":{"0":{"loc":{"start":{"line":5,"column":78},"end":{"line":10,"column":null}},"type":"binary-expr","locations":[{"start":{"line":5,"column":78},"end":{"line":10,"column":9}},{"start":{"line":10,"column":13},"end":{"line":10,"column":null}}],"line":5},"1":{"loc":{"start":{"line":12,"column":57},"end":{"line":23,"column":null}},"type":"binary-expr","locations":[{"start":{"line":12,"column":57},"end":{"line":23,"column":15}},{"start":{"line":23,"column":19},"end":{"line":23,"column":null}}],"line":12},"2":{"loc":{"start":{"line":23,"column":2},"end":{"line":23,"column":15}},"type":"binary-expr","locations":[{"start":{"line":23,"column":2},"end":{"line":23,"column":12}},{"start":{"line":23,"column":12},"end":{"line":23,"column":15}}],"line":23},"3":{"loc":{"start":{"line":25,"column":61},"end":{"line":31,"column":null}},"type":"binary-expr","locations":[{"start":{"line":25,"column":61},"end":{"line":31,"column":15}},{"start":{"line":31,"column":19},"end":{"line":31,"column":null}}],"line":25},"4":{"loc":{"start":{"line":31,"column":2},"end":{"line":31,"column":15}},"type":"binary-expr","locations":[{"start":{"line":31,"column":2},"end":{"line":31,"column":12}},{"start":{"line":31,"column":12},"end":{"line":31,"column":15}}],"line":31},"5":{"loc":{"start":{"line":34,"column":2},"end":{"line":34,"column":null}},"type":"if","locations":[{"start":{"line":34,"column":2},"end":{"line":34,"column":null}},{"start":{},"end":{}}],"line":34},"6":{"loc":{"start":{"line":34,"column":31},"end":{"line":34,"column":null}},"type":"cond-expr","locations":[{"start":{"line":34,"column":49},"end":{"line":34,"column":61}},{"start":{"line":34,"column":61},"end":{"line":34,"column":null}}],"line":34},"7":{"loc":{"start":{"line":35,"column":2},"end":{"line":35,"column":null}},"type":"if","locations":[{"start":{"line":35,"column":2},"end":{"line":35,"column":null}},{"start":{},"end":{}}],"line":35},"8":{"loc":{"start":{"line":35,"column":6},"end":{"line":35,"column":80}},"type":"binary-expr","locations":[{"start":{"line":35,"column":6},"end":{"line":35,"column":55}},{"start":{"line":35,"column":55},"end":{"line":35,"column":80}}],"line":35},"9":{"loc":{"start":{"line":36,"column":2},"end":{"line":36,"column":null}},"type":"if","locations":[{"start":{"line":36,"column":2},"end":{"line":36,"column":null}},{"start":{},"end":{}}],"line":36},"10":{"loc":{"start":{"line":41,"column":2},"end":{"line":41,"column":null}},"type":"if","locations":[{"start":{"line":41,"column":2},"end":{"line":41,"column":null}},{"start":{},"end":{}}],"line":41},"11":{"loc":{"start":{"line":42,"column":2},"end":{"line":42,"column":null}},"type":"if","locations":[{"start":{"line":42,"column":2},"end":{"line":42,"column":null}},{"start":{},"end":{}}],"line":42},"12":{"loc":{"start":{"line":47,"column":2},"end":{"line":47,"column":null}},"type":"if","locations":[{"start":{"line":47,"column":2},"end":{"line":47,"column":null}},{"start":{},"end":{}}],"line":47},"13":{"loc":{"start":{"line":48,"column":2},"end":{"line":48,"column":null}},"type":"if","locations":[{"start":{"line":48,"column":2},"end":{"line":48,"column":null}},{"start":{},"end":{}}],"line":48},"14":{"loc":{"start":{"line":48,"column":65},"end":{"line":48,"column":80}},"type":"binary-expr","locations":[{"start":{"line":48,"column":65},"end":{"line":48,"column":75}},{"start":{"line":48,"column":75},"end":{"line":48,"column":80}}],"line":48}},"s":{"0":1,"1":2,"2":1,"3":2,"4":1,"5":2,"6":1,"7":4,"8":2,"9":2,"10":1,"11":1,"12":1,"13":0,"14":1,"15":3,"16":1,"17":2,"18":2,"19":1,"20":1,"21":2,"22":1,"23":1,"24":1,"25":0},"f":{"0":2,"1":2,"2":2,"3":4,"4":3,"5":2},"b":{"0":[2,0],"1":[2,1],"2":[2,0],"3":[2,0],"4":[2,0],"5":[2,2],"6":[1,1],"7":[1,1],"8":[2,1],"9":[1,0],"10":[1,2],"11":[1,1],"12":[1,1],"13":[1,0],"14":[1,0]},"meta":{"lastBranch":15,"lastFunction":6,"lastStatement":26,"seen":{"s:5:33:10:Infinity":0,"f:5:33:5:34":0,"s:5:78:10:Infinity":1,"b:5:78:10:9:10:13:10:Infinity":0,"s:12:35:23:Infinity":2,"f:12:35:12:36":1,"s:12:57:23:Infinity":3,"b:12:57:23:15:23:19:23:Infinity":1,"b:23:2:23:12:23:12:23:15":2,"s:25:32:31:Infinity":4,"f:25:32:25:33":2,"s:25:61:31:Infinity":5,"b:25:61:31:15:31:19:31:Infinity":3,"b:31:2:31:12:31:12:31:15":4,"s:33:36:38:Infinity":6,"f:33:36:33:37":3,"b:34:2:34:Infinity:undefined:undefined:undefined:undefined":5,"s:34:2:34:Infinity":7,"s:34:24:34:Infinity":8,"b:34:49:34:61:34:61:34:Infinity":6,"b:35:2:35:Infinity:undefined:undefined:undefined:undefined":7,"s:35:2:35:Infinity":9,"b:35:6:35:55:35:55:35:80":8,"s:35:82:35:Infinity":10,"b:36:2:36:Infinity:undefined:undefined:undefined:undefined":9,"s:36:2:36:Infinity":11,"s:36:53:36:Infinity":12,"s:37:2:37:Infinity":13,"s:40:36:44:Infinity":14,"f:40:36:40:37":4,"b:41:2:41:Infinity:undefined:undefined:undefined:undefined":10,"s:41:2:41:Infinity":15,"s:41:29:41:Infinity":16,"b:42:2:42:Infinity:undefined:undefined:undefined:undefined":11,"s:42:2:42:Infinity":17,"s:42:29:42:Infinity":18,"s:43:2:43:Infinity":19,"s:46:33:50:Infinity":20,"f:46:33:46:34":5,"b:47:2:47:Infinity:undefined:undefined:undefined:undefined":12,"s:47:2:47:Infinity":21,"s:47:25:47:Infinity":22,"b:48:2:48:Infinity:undefined:undefined:undefined:undefined":13,"s:48:2:48:Infinity":23,"b:48:65:48:75:48:75:48:80":14,"s:48:80:48:Infinity":24,"s:49:2:49:Infinity":25},"fnNames":{}}}
,"C:\\Users\\esteb\\Documents\\TESIS\\ECenciaAPP\\frontend\\src\\pages\\pedidos.helpers.ts": {"path":"C:\\Users\\esteb\\Documents\\TESIS\\ECenciaAPP\\frontend\\src\\pages\\pedidos.helpers.ts","statementMap":{"0":{"start":{"line":1,"column":47},"end":{"line":12,"column":null}},"1":{"start":{"line":2,"column":2},"end":{"line":11,"column":null}},"2":{"start":{"line":4,"column":6},"end":{"line":4,"column":null}},"3":{"start":{"line":6,"column":6},"end":{"line":6,"column":null}},"4":{"start":{"line":8,"column":6},"end":{"line":8,"column":null}},"5":{"start":{"line":10,"column":6},"end":{"line":10,"column":null}},"6":{"start":{"line":14,"column":35},"end":{"line":17,"column":null}},"7":{"start":{"line":15,"column":26},"end":{"line":15,"column":null}},"8":{"start":{"line":16,"column":2},"end":{"line":16,"column":null}}},"fnMap":{"0":{"name":"(anonymous_0)","decl":{"start":{"line":1,"column":47},"end":{"line":1,"column":48}},"loc":{"start":{"line":1,"column":48},"end":{"line":12,"column":null}},"line":1},"1":{"name":"(anonymous_1)","decl":{"start":{"line":14,"column":35},"end":{"line":14,"column":36}},"loc":{"start":{"line":14,"column":72},"end":{"line":17,"column":null}},"line":14}},"branchMap":{"0":{"loc":{"start":{"line":2,"column":2},"end":{"line":11,"column":null}},"type":"switch","locations":[{"start":{"line":3,"column":4},"end":{"line":4,"column":null}},{"start":{"line":5,"column":4},"end":{"line":6,"column":null}},{"start":{"line":7,"column":4},"end":{"line":8,"column":null}},{"start":{"line":9,"column":4},"end":{"line":10,"column":null}}],"line":2},"1":{"loc":{"start":{"line":8,"column":51},"end":{"line":8,"column":98}},"type":"binary-expr","locations":[{"start":{"line":8,"column":51},"end":{"line":8,"column":69}},{"start":{"line":8,"column":73},"end":{"line":8,"column":98}}],"line":8},"2":{"loc":{"start":{"line":15,"column":33},"end":{"line":15,"column":46}},"type":"binary-expr","locations":[{"start":{"line":15,"column":33},"end":{"line":15,"column":42}},{"start":{"line":15,"column":42},"end":{"line":15,"column":46}}],"line":15},"3":{"loc":{"start":{"line":16,"column":9},"end":{"line":16,"column":null}},"type":"binary-expr","locations":[{"start":{"line":16,"column":9},"end":{"line":16,"column":37}},{"start":{"line":16,"column":37},"end":{"line":16,"column":74}},{"start":{"line":16,"column":74},"end":{"line":16,"column":109}}],"line":16}},"s":{"0":1,"1":4,"2":1,"3":1,"4":1,"5":1,"6":1,"7":4,"8":4},"f":{"0":4,"1":4},"b":{"0":[1,1,1,1],"1":[1,0],"2":[4,0],"3":[4,3,2]},"meta":{"lastBranch":4,"lastFunction":2,"lastStatement":9,"seen":{"s:1:47:12:Infinity":0,"f:1:47:1:48":0,"b:3:4:4:Infinity:5:4:6:Infinity:7:4:8:Infinity:9:4:10:Infinity":0,"s:2:2:11:Infinity":1,"s:4:6:4:Infinity":2,"s:6:6:6:Infinity":3,"s:8:6:8:Infinity":4,"b:8:51:8:69:8:73:8:98":1,"s:10:6:10:Infinity":5,"s:14:35:17:Infinity":6,"f:14:35:14:36":1,"s:15:26:15:Infinity":7,"b:15:33:15:42:15:42:15:46":2,"s:16:2:16:Infinity":8,"b:16:9:16:37:16:37:16:74:16:74:16:109":3},"fnNames":{}}}
}
