{"C:/Users/esteb/Documents/TESIS/ECenciaAPP/telegram-bot-function/src/config/supabase.js": {"path":"C:/Users/esteb/Documents/TESIS/ECenciaAPP/telegram-bot-function/src/config/supabase.js","statementMap":{"0":{"start":{"line":1,"column":25},"end":{"line":1,"column":57}},"1":{"start":{"line":3,"column":20},"end":{"line":3,"column":44}},"2":{"start":{"line":4,"column":20},"end":{"line":4,"column":57}},"3":{"start":{"line":6,"column":0},"end":{"line":8,"column":1}},"4":{"start":{"line":7,"column":2},"end":{"line":7,"column":72}},"5":{"start":{"line":11,"column":17},"end":{"line":16,"column":2}},"6":{"start":{"line":23,"column":23},"end":{"line":30,"column":1}},"7":{"start":{"line":24,"column":2},"end":{"line":29,"column":5}},"8":{"start":{"line":32,"column":0},"end":{"line":35,"column":2}}},"fnMap":{"0":{"name":"(anonymous_0)","decl":{"start":{"line":23,"column":23},"end":{"line":23,"column":24}},"loc":{"start":{"line":23,"column":29},"end":{"line":30,"column":1}}}},"branchMap":{"0":{"loc":{"start":{"line":6,"column":0},"end":{"line":8,"column":1}},"type":"if","locations":[{"start":{"line":6,"column":0},"end":{"line":8,"column":1}},{"start":{},"end":{}}]},"1":{"loc":{"start":{"line":6,"column":4},"end":{"line":6,"column":32}},"type":"binary-expr","locations":[{"start":{"line":6,"column":4},"end":{"line":6,"column":16}},{"start":{"line":6,"column":20},"end":{"line":6,"column":32}}]}},"s":{"0":2,"1":2,"2":2,"3":2,"4":1,"5":2,"6":2,"7":1,"8":2},"f":{"0":1},"b":{"0":[1,1],"1":[2,1]}}
,"C:/Users/esteb/Documents/TESIS/ECenciaAPP/telegram-bot-function/src/functions/internalApi.js": {"path":"C:/Users/esteb/Documents/TESIS/ECenciaAPP/telegram-bot-function/src/functions/internalApi.js","statementMap":{"0":{"start":{"line":1,"column":16},"end":{"line":1,"column":43}},"1":{"start":{"line":2,"column":24},"end":{"line":2,"column":58}},"2":{"start":{"line":3,"column":81},"end":{"line":3,"column":119}},"3":{"start":{"line":6,"column":21},"end":{"line":10,"column":1}},"4":{"start":{"line":7,"column":27},"end":{"line":7,"column":87}},"5":{"start":{"line":8,"column":27},"end":{"line":8,"column":67}},"6":{"start":{"line":9,"column":4},"end":{"line":9,"column":45}},"7":{"start":{"line":12,"column":0},"end":{"line":27,"column":3}},"8":{"start":{"line":17,"column":8},"end":{"line":17,"column":81}},"9":{"start":{"line":17,"column":36},"end":{"line":17,"column":81}},"10":{"start":{"line":18,"column":8},"end":{"line":25,"column":9}},"11":{"start":{"line":19,"column":60},"end":{"line":19,"column":80}},"12":{"start":{"line":20,"column":27},"end":{"line":20,"column":81}},"13":{"start":{"line":21,"column":12},"end":{"line":21,"column":72}},"14":{"start":{"line":23,"column":12},"end":{"line":23,"column":66}},"15":{"start":{"line":24,"column":12},"end":{"line":24,"column":71}},"16":{"start":{"line":29,"column":0},"end":{"line":44,"column":3}},"17":{"start":{"line":34,"column":8},"end":{"line":34,"column":81}},"18":{"start":{"line":34,"column":36},"end":{"line":34,"column":81}},"19":{"start":{"line":35,"column":8},"end":{"line":42,"column":9}},"20":{"start":{"line":36,"column":43},"end":{"line":36,"column":63}},"21":{"start":{"line":37,"column":31},"end":{"line":37,"column":73}},"22":{"start":{"line":38,"column":12},"end":{"line":38,"column":57}},"23":{"start":{"line":40,"column":12},"end":{"line":40,"column":71}},"24":{"start":{"line":41,"column":12},"end":{"line":41,"column":71}},"25":{"start":{"line":46,"column":0},"end":{"line":61,"column":3}},"26":{"start":{"line":51,"column":8},"end":{"line":51,"column":81}},"27":{"start":{"line":51,"column":36},"end":{"line":51,"column":81}},"28":{"start":{"line":52,"column":8},"end":{"line":59,"column":9}},"29":{"start":{"line":53,"column":25},"end":{"line":53,"column":45}},"30":{"start":{"line":54,"column":12},"end":{"line":54,"column":43}},"31":{"start":{"line":55,"column":12},"end":{"line":55,"column":64}},"32":{"start":{"line":57,"column":12},"end":{"line":57,"column":73}},"33":{"start":{"line":58,"column":12},"end":{"line":58,"column":71}},"34":{"start":{"line":63,"column":0},"end":{"line":77,"column":3}},"35":{"start":{"line":68,"column":8},"end":{"line":68,"column":81}},"36":{"start":{"line":68,"column":36},"end":{"line":68,"column":81}},"37":{"start":{"line":69,"column":8},"end":{"line":75,"column":10}}},"fnMap":{"0":{"name":"(anonymous_0)","decl":{"start":{"line":6,"column":21},"end":{"line":6,"column":22}},"loc":{"start":{"line":6,"column":34},"end":{"line":10,"column":1}}},"1":{"name":"(anonymous_1)","decl":{"start":{"line":16,"column":13},"end":{"line":16,"column":18}},"loc":{"start":{"line":16,"column":41},"end":{"line":26,"column":5}}},"2":{"name":"(anonymous_2)","decl":{"start":{"line":33,"column":13},"end":{"line":33,"column":18}},"loc":{"start":{"line":33,"column":41},"end":{"line":43,"column":5}}},"3":{"name":"(anonymous_3)","decl":{"start":{"line":50,"column":13},"end":{"line":50,"column":18}},"loc":{"start":{"line":50,"column":41},"end":{"line":60,"column":5}}},"4":{"name":"(anonymous_4)","decl":{"start":{"line":67,"column":13},"end":{"line":67,"column":18}},"loc":{"start":{"line":67,"column":41},"end":{"line":76,"column":5}}}},"branchMap":{"0":{"loc":{"start":{"line":7,"column":27},"end":{"line":7,"column":87}},"type":"binary-expr","locations":[{"start":{"line":7,"column":27},"end":{"line":7,"column":58}},{"start":{"line":7,"column":62},"end":{"line":7,"column":87}}]},"1":{"loc":{"start":{"line":17,"column":8},"end":{"line":17,"column":81}},"type":"if","locations":[{"start":{"line":17,"column":8},"end":{"line":17,"column":81}},{"start":{},"end":{}}]},"2":{"loc":{"start":{"line":34,"column":8},"end":{"line":34,"column":81}},"type":"if","locations":[{"start":{"line":34,"column":8},"end":{"line":34,"column":81}},{"start":{},"end":{}}]},"3":{"loc":{"start":{"line":51,"column":8},"end":{"line":51,"column":81}},"type":"if","locations":[{"start":{"line":51,"column":8},"end":{"line":51,"column":81}},{"start":{},"end":{}}]},"4":{"loc":{"start":{"line":68,"column":8},"end":{"line":68,"column":81}},"type":"if","locations":[{"start":{"line":68,"column":8},"end":{"line":68,"column":81}},{"start":{},"end":{}}]}},"s":{"0":1,"1":1,"2":1,"3":1,"4":8,"5":8,"6":8,"7":1,"8":3,"9":1,"10":2,"11":2,"12":2,"13":1,"14":1,"15":1,"16":1,"17":2,"18":0,"19":2,"20":2,"21":2,"22":1,"23":1,"24":1,"25":1,"26":2,"27":0,"28":2,"29":2,"30":2,"31":1,"32":1,"33":1,"34":1,"35":1,"36":0,"37":1},"f":{"0":8,"1":3,"2":2,"3":2,"4":1},"b":{"0":[8,0],"1":[1,2],"2":[0,2],"3":[0,2],"4":[0,1]}}
,"C:/Users/esteb/Documents/TESIS/ECenciaAPP/telegram-bot-function/src/functions/telegramRoutes.js": {"path":"C:/Users/esteb/Documents/TESIS/ECenciaAPP/telegram-bot-function/src/functions/telegramRoutes.js","statementMap":{"0":{"start":{"line":1,"column":186},"end":{"line":1,"column":231}},"1":{"start":{"line":2,"column":106},"end":{"line":2,"column":149}},"2":{"start":{"line":3,"column":47},"end":{"line":3,"column":88}},"3":{"start":{"line":4,"column":30},"end":{"line":4,"column":68}},"4":{"start":{"line":5,"column":77},"end":{"line":5,"column":111}},"5":{"start":{"line":6,"column":43},"end":{"line":6,"column":78}},"6":{"start":{"line":7,"column":44},"end":{"line":7,"column":78}},"7":{"start":{"line":8,"column":22},"end":{"line":8,"column":58}},"8":{"start":{"line":9,"column":57},"end":{"line":9,"column":91}},"9":{"start":{"line":11,"column":25},"end":{"line":11,"column":34}},"10":{"start":{"line":13,"column":22},"end":{"line":18,"column":11}},"11":{"start":{"line":14,"column":2},"end":{"line":18,"column":11}},"12":{"start":{"line":20,"column":19},"end":{"line":44,"column":1}},"13":{"start":{"line":21,"column":2},"end":{"line":31,"column":null}},"14":{"start":{"line":22,"column":4},"end":{"line":30,"column":null}},"15":{"start":{"line":32,"column":2},"end":{"line":42,"column":null}},"16":{"start":{"line":33,"column":4},"end":{"line":41,"column":null}},"17":{"start":{"line":43,"column":2},"end":{"line":43,"column":null}},"18":{"start":{"line":46,"column":24},"end":{"line":51,"column":1}},"19":{"start":{"line":47,"column":12},"end":{"line":47,"column":37}},"20":{"start":{"line":48,"column":2},"end":{"line":48,"column":null}},"21":{"start":{"line":48,"column":31},"end":{"line":48,"column":null}},"22":{"start":{"line":49,"column":16},"end":{"line":49,"column":28}},"23":{"start":{"line":50,"column":2},"end":{"line":50,"column":null}},"24":{"start":{"line":53,"column":29},"end":{"line":254,"column":1}},"25":{"start":{"line":54,"column":17},"end":{"line":54,"column":35}},"26":{"start":{"line":55,"column":2},"end":{"line":55,"column":null}},"27":{"start":{"line":55,"column":22},"end":{"line":55,"column":null}},"28":{"start":{"line":56,"column":2},"end":{"line":56,"column":null}},"29":{"start":{"line":56,"column":25},"end":{"line":56,"column":null}},"30":{"start":{"line":58,"column":16},"end":{"line":58,"column":44}},"31":{"start":{"line":59,"column":2},"end":{"line":62,"column":null}},"32":{"start":{"line":60,"column":4},"end":{"line":60,"column":null}},"33":{"start":{"line":61,"column":4},"end":{"line":61,"column":null}},"34":{"start":{"line":64,"column":21},"end":{"line":64,"column":63}},"35":{"start":{"line":65,"column":18},"end":{"line":65,"column":60}},"36":{"start":{"line":66,"column":2},"end":{"line":66,"column":null}},"37":{"start":{"line":66,"column":65},"end":{"line":66,"column":null}},"38":{"start":{"line":68,"column":2},"end":{"line":71,"column":null}},"39":{"start":{"line":69,"column":4},"end":{"line":69,"column":null}},"40":{"start":{"line":70,"column":4},"end":{"line":70,"column":null}},"41":{"start":{"line":73,"column":2},"end":{"line":122,"column":null}},"42":{"start":{"line":74,"column":4},"end":{"line":85,"column":null}},"43":{"start":{"line":75,"column":21},"end":{"line":75,"column":65}},"44":{"start":{"line":76,"column":6},"end":{"line":84,"column":null}},"45":{"start":{"line":77,"column":8},"end":{"line":82,"column":null}},"46":{"start":{"line":83,"column":8},"end":{"line":83,"column":null}},"47":{"start":{"line":87,"column":4},"end":{"line":95,"column":null}},"48":{"start":{"line":88,"column":6},"end":{"line":93,"column":null}},"49":{"start":{"line":94,"column":6},"end":{"line":94,"column":null}},"50":{"start":{"line":96,"column":4},"end":{"line":104,"column":null}},"51":{"start":{"line":97,"column":6},"end":{"line":102,"column":null}},"52":{"start":{"line":103,"column":6},"end":{"line":103,"column":null}},"53":{"start":{"line":105,"column":4},"end":{"line":113,"column":null}},"54":{"start":{"line":106,"column":6},"end":{"line":111,"column":null}},"55":{"start":{"line":112,"column":6},"end":{"line":112,"column":null}},"56":{"start":{"line":115,"column":4},"end":{"line":120,"column":null}},"57":{"start":{"line":121,"column":4},"end":{"line":121,"column":null}},"58":{"start":{"line":124,"column":23},"end":{"line":124,"column":92}},"59":{"start":{"line":125,"column":2},"end":{"line":128,"column":null}},"60":{"start":{"line":126,"column":4},"end":{"line":126,"column":null}},"61":{"start":{"line":127,"column":4},"end":{"line":127,"column":null}},"62":{"start":{"line":129,"column":2},"end":{"line":132,"column":null}},"63":{"start":{"line":130,"column":4},"end":{"line":130,"column":null}},"64":{"start":{"line":131,"column":4},"end":{"line":131,"column":null}},"65":{"start":{"line":133,"column":2},"end":{"line":136,"column":null}},"66":{"start":{"line":134,"column":4},"end":{"line":134,"column":null}},"67":{"start":{"line":135,"column":4},"end":{"line":135,"column":null}},"68":{"start":{"line":138,"column":2},"end":{"line":148,"column":null}},"69":{"start":{"line":139,"column":4},"end":{"line":146,"column":null}},"70":{"start":{"line":140,"column":6},"end":{"line":145,"column":null}},"71":{"start":{"line":147,"column":4},"end":{"line":147,"column":null}},"72":{"start":{"line":149,"column":2},"end":{"line":164,"column":null}},"73":{"start":{"line":150,"column":4},"end":{"line":160,"column":null}},"74":{"start":{"line":152,"column":6},"end":{"line":152,"column":null}},"75":{"start":{"line":152,"column":30},"end":{"line":152,"column":null}},"76":{"start":{"line":153,"column":6},"end":{"line":158,"column":null}},"77":{"start":{"line":159,"column":6},"end":{"line":159,"column":null}},"78":{"start":{"line":161,"column":4},"end":{"line":161,"column":null}},"79":{"start":{"line":161,"column":28},"end":{"line":161,"column":null}},"80":{"start":{"line":162,"column":4},"end":{"line":162,"column":null}},"81":{"start":{"line":163,"column":4},"end":{"line":163,"column":null}},"82":{"start":{"line":166,"column":2},"end":{"line":175,"column":null}},"83":{"start":{"line":167,"column":4},"end":{"line":167,"column":null}},"84":{"start":{"line":168,"column":4},"end":{"line":170,"column":null}},"85":{"start":{"line":169,"column":6},"end":{"line":169,"column":null}},"86":{"start":{"line":171,"column":4},"end":{"line":173,"column":null}},"87":{"start":{"line":172,"column":6},"end":{"line":172,"column":null}},"88":{"start":{"line":174,"column":4},"end":{"line":174,"column":null}},"89":{"start":{"line":177,"column":2},"end":{"line":191,"column":null}},"90":{"start":{"line":178,"column":4},"end":{"line":181,"column":null}},"91":{"start":{"line":179,"column":6},"end":{"line":179,"column":null}},"92":{"start":{"line":180,"column":6},"end":{"line":180,"column":null}},"93":{"start":{"line":182,"column":18},"end":{"line":182,"column":35}},"94":{"start":{"line":183,"column":23},"end":{"line":183,"column":74}},"95":{"start":{"line":184,"column":4},"end":{"line":187,"column":null}},"96":{"start":{"line":185,"column":6},"end":{"line":185,"column":null}},"97":{"start":{"line":186,"column":6},"end":{"line":186,"column":null}},"98":{"start":{"line":188,"column":19},"end":{"line":188,"column":60}},"99":{"start":{"line":189,"column":4},"end":{"line":189,"column":null}},"100":{"start":{"line":190,"column":4},"end":{"line":190,"column":null}},"101":{"start":{"line":193,"column":2},"end":{"line":218,"column":null}},"102":{"start":{"line":194,"column":4},"end":{"line":197,"column":null}},"103":{"start":{"line":195,"column":6},"end":{"line":195,"column":null}},"104":{"start":{"line":196,"column":6},"end":{"line":196,"column":null}},"105":{"start":{"line":198,"column":4},"end":{"line":201,"column":null}},"106":{"start":{"line":199,"column":6},"end":{"line":199,"column":null}},"107":{"start":{"line":200,"column":6},"end":{"line":200,"column":null}},"108":{"start":{"line":202,"column":19},"end":{"line":202,"column":63}},"109":{"start":{"line":203,"column":4},"end":{"line":206,"column":null}},"110":{"start":{"line":204,"column":6},"end":{"line":204,"column":null}},"111":{"start":{"line":205,"column":6},"end":{"line":205,"column":null}},"112":{"start":{"line":208,"column":23},"end":{"line":208,"column":74}},"113":{"start":{"line":209,"column":4},"end":{"line":215,"column":null}},"114":{"start":{"line":210,"column":6},"end":{"line":210,"column":null}},"115":{"start":{"line":211,"column":21},"end":{"line":211,"column":62}},"116":{"start":{"line":212,"column":6},"end":{"line":212,"column":45}},"117":{"start":{"line":213,"column":6},"end":{"line":213,"column":null}},"118":{"start":{"line":214,"column":6},"end":{"line":214,"column":null}},"119":{"start":{"line":216,"column":4},"end":{"line":216,"column":null}},"120":{"start":{"line":217,"column":4},"end":{"line":217,"column":null}},"121":{"start":{"line":220,"column":2},"end":{"line":220,"column":null}},"122":{"start":{"line":220,"column":40},"end":{"line":220,"column":null}},"123":{"start":{"line":223,"column":2},"end":{"line":226,"column":null}},"124":{"start":{"line":224,"column":4},"end":{"line":224,"column":null}},"125":{"start":{"line":225,"column":4},"end":{"line":225,"column":null}},"126":{"start":{"line":228,"column":18},"end":{"line":231,"column":4}},"127":{"start":{"line":232,"column":2},"end":{"line":235,"column":null}},"128":{"start":{"line":233,"column":4},"end":{"line":233,"column":106}},"129":{"start":{"line":234,"column":4},"end":{"line":234,"column":null}},"130":{"start":{"line":236,"column":2},"end":{"line":236,"column":null}},"131":{"start":{"line":237,"column":2},"end":{"line":253,"column":null}},"132":{"start":{"line":238,"column":4},"end":{"line":238,"column":null}},"133":{"start":{"line":240,"column":4},"end":{"line":249,"column":null}},"134":{"start":{"line":250,"column":4},"end":{"line":250,"column":null}},"135":{"start":{"line":252,"column":4},"end":{"line":252,"column":null}},"136":{"start":{"line":256,"column":0},"end":{"line":256,"column":null}},"137":{"start":{"line":257,"column":0},"end":{"line":260,"column":null}}},"fnMap":{"0":{"name":"(anonymous_0)","decl":{"start":{"line":13,"column":22},"end":{"line":13,"column":23}},"loc":{"start":{"line":14,"column":2},"end":{"line":18,"column":11}}},"1":{"name":"(anonymous_1)","decl":{"start":{"line":20,"column":19},"end":{"line":20,"column":20}},"loc":{"start":{"line":20,"column":31},"end":{"line":44,"column":1}}},"2":{"name":"(anonymous_2)","decl":{"start":{"line":46,"column":24},"end":{"line":46,"column":25}},"loc":{"start":{"line":46,"column":34},"end":{"line":51,"column":1}}},"3":{"name":"(anonymous_3)","decl":{"start":{"line":53,"column":29},"end":{"line":53,"column":34}},"loc":{"start":{"line":53,"column":47},"end":{"line":254,"column":1}}}},"branchMap":{"0":{"loc":{"start":{"line":14,"column":9},"end":{"line":14,"column":20}},"type":"binary-expr","locations":[{"start":{"line":14,"column":9},"end":{"line":14,"column":14}},{"start":{"line":14,"column":18},"end":{"line":14,"column":20}}]},"1":{"loc":{"start":{"line":21,"column":2},"end":{"line":31,"column":null}},"type":"if","locations":[{"start":{"line":21,"column":2},"end":{"line":31,"column":null}},{"start":{},"end":{}}]},"2":{"loc":{"start":{"line":32,"column":2},"end":{"line":42,"column":null}},"type":"if","locations":[{"start":{"line":32,"column":2},"end":{"line":42,"column":null}},{"start":{},"end":{}}]},"3":{"loc":{"start":{"line":36,"column":12},"end":{"line":36,"column":37}},"type":"binary-expr","locations":[{"start":{"line":36,"column":12},"end":{"line":36,"column":31}},{"start":{"line":36,"column":35},"end":{"line":36,"column":37}}]},"4":{"loc":{"start":{"line":47,"column":19},"end":{"line":47,"column":29}},"type":"binary-expr","locations":[{"start":{"line":47,"column":19},"end":{"line":47,"column":23}},{"start":{"line":47,"column":27},"end":{"line":47,"column":29}}]},"5":{"loc":{"start":{"line":48,"column":2},"end":{"line":48,"column":null}},"type":"if","locations":[{"start":{"line":48,"column":2},"end":{"line":48,"column":null}},{"start":{},"end":{}}]},"6":{"loc":{"start":{"line":50,"column":33},"end":{"line":50,"column":49}},"type":"binary-expr","locations":[{"start":{"line":50,"column":33},"end":{"line":50,"column":41}},{"start":{"line":50,"column":45},"end":{"line":50,"column":49}}]},"7":{"loc":{"start":{"line":55,"column":2},"end":{"line":55,"column":null}},"type":"if","locations":[{"start":{"line":55,"column":2},"end":{"line":55,"column":null}},{"start":{},"end":{}}]},"8":{"loc":{"start":{"line":56,"column":2},"end":{"line":56,"column":null}},"type":"if","locations":[{"start":{"line":56,"column":2},"end":{"line":56,"column":null}},{"start":{},"end":{}}]},"9":{"loc":{"start":{"line":59,"column":2},"end":{"line":62,"column":null}},"type":"if","locations":[{"start":{"line":59,"column":2},"end":{"line":62,"column":null}},{"start":{},"end":{}}]},"10":{"loc":{"start":{"line":66,"column":2},"end":{"line":66,"column":null}},"type":"if","locations":[{"start":{"line":66,"column":2},"end":{"line":66,"column":null}},{"start":{},"end":{}}]},"11":{"loc":{"start":{"line":68,"column":2},"end":{"line":71,"column":null}},"type":"if","locations":[{"start":{"line":68,"column":2},"end":{"line":71,"column":null}},{"start":{},"end":{}}]},"12":{"loc":{"start":{"line":68,"column":6},"end":{"line":68,"column":85}},"type":"binary-expr","locations":[{"start":{"line":68,"column":6},"end":{"line":68,"column":49}},{"start":{"line":68,"column":53},"end":{"line":68,"column":85}}]},"13":{"loc":{"start":{"line":73,"column":2},"end":{"line":122,"column":null}},"type":"if","locations":[{"start":{"line":73,"column":2},"end":{"line":122,"column":null}},{"start":{},"end":{}}]},"14":{"loc":{"start":{"line":74,"column":4},"end":{"line":85,"column":null}},"type":"if","locations":[{"start":{"line":74,"column":4},"end":{"line":85,"column":null}},{"start":{},"end":{}}]},"15":{"loc":{"start":{"line":76,"column":6},"end":{"line":84,"column":null}},"type":"if","locations":[{"start":{"line":76,"column":6},"end":{"line":84,"column":null}},{"start":{},"end":{}}]},"16":{"loc":{"start":{"line":76,"column":10},"end":{"line":76,"column":48}},"type":"binary-expr","locations":[{"start":{"line":76,"column":10},"end":{"line":76,"column":16}},{"start":{"line":76,"column":20},"end":{"line":76,"column":48}}]},"17":{"loc":{"start":{"line":87,"column":4},"end":{"line":95,"column":null}},"type":"if","locations":[{"start":{"line":87,"column":4},"end":{"line":95,"column":null}},{"start":{},"end":{}}]},"18":{"loc":{"start":{"line":96,"column":4},"end":{"line":104,"column":null}},"type":"if","locations":[{"start":{"line":96,"column":4},"end":{"line":104,"column":null}},{"start":{},"end":{}}]},"19":{"loc":{"start":{"line":96,"column":8},"end":{"line":96,"column":77}},"type":"binary-expr","locations":[{"start":{"line":96,"column":8},"end":{"line":96,"column":50}},{"start":{"line":96,"column":54},"end":{"line":96,"column":77}}]},"20":{"loc":{"start":{"line":105,"column":4},"end":{"line":113,"column":null}},"type":"if","locations":[{"start":{"line":105,"column":4},"end":{"line":113,"column":null}},{"start":{},"end":{}}]},"21":{"loc":{"start":{"line":116,"column":17},"end":{"line":116,"column":49}},"type":"binary-expr","locations":[{"start":{"line":116,"column":17},"end":{"line":116,"column":41}},{"start":{"line":116,"column":45},"end":{"line":116,"column":49}}]},"22":{"loc":{"start":{"line":125,"column":2},"end":{"line":128,"column":null}},"type":"if","locations":[{"start":{"line":125,"column":2},"end":{"line":128,"column":null}},{"start":{},"end":{}}]},"23":{"loc":{"start":{"line":129,"column":2},"end":{"line":132,"column":null}},"type":"if","locations":[{"start":{"line":129,"column":2},"end":{"line":132,"column":null}},{"start":{},"end":{}}]},"24":{"loc":{"start":{"line":133,"column":2},"end":{"line":136,"column":null}},"type":"if","locations":[{"start":{"line":133,"column":2},"end":{"line":136,"column":null}},{"start":{},"end":{}}]},"25":{"loc":{"start":{"line":138,"column":2},"end":{"line":148,"column":null}},"type":"if","locations":[{"start":{"line":138,"column":2},"end":{"line":148,"column":null}},{"start":{},"end":{}}]},"26":{"loc":{"start":{"line":139,"column":4},"end":{"line":146,"column":null}},"type":"if","locations":[{"start":{"line":139,"column":4},"end":{"line":146,"column":null}},{"start":{},"end":{}}]},"27":{"loc":{"start":{"line":149,"column":2},"end":{"line":164,"column":null}},"type":"if","locations":[{"start":{"line":149,"column":2},"end":{"line":164,"column":null}},{"start":{},"end":{}}]},"28":{"loc":{"start":{"line":150,"column":4},"end":{"line":160,"column":null}},"type":"if","locations":[{"start":{"line":150,"column":4},"end":{"line":160,"column":null}},{"start":{},"end":{}}]},"29":{"loc":{"start":{"line":152,"column":6},"end":{"line":152,"column":null}},"type":"if","locations":[{"start":{"line":152,"column":6},"end":{"line":152,"column":null}},{"start":{},"end":{}}]},"30":{"loc":{"start":{"line":161,"column":4},"end":{"line":161,"column":null}},"type":"if","locations":[{"start":{"line":161,"column":4},"end":{"line":161,"column":null}},{"start":{},"end":{}}]},"31":{"loc":{"start":{"line":166,"column":2},"end":{"line":175,"column":null}},"type":"if","locations":[{"start":{"line":166,"column":2},"end":{"line":175,"column":null}},{"start":{},"end":{}}]},"32":{"loc":{"start":{"line":166,"column":6},"end":{"line":166,"column":65}},"type":"binary-expr","locations":[{"start":{"line":166,"column":6},"end":{"line":166,"column":29}},{"start":{"line":166,"column":33},"end":{"line":166,"column":65}}]},"33":{"loc":{"start":{"line":168,"column":4},"end":{"line":170,"column":null}},"type":"if","locations":[{"start":{"line":168,"column":4},"end":{"line":170,"column":null}},{"start":{},"end":{}}]},"34":{"loc":{"start":{"line":168,"column":8},"end":{"line":168,"column":45}},"type":"binary-expr","locations":[{"start":{"line":168,"column":8},"end":{"line":168,"column":25}},{"start":{"line":168,"column":29},"end":{"line":168,"column":45}}]},"35":{"loc":{"start":{"line":171,"column":4},"end":{"line":173,"column":null}},"type":"if","locations":[{"start":{"line":171,"column":4},"end":{"line":173,"column":null}},{"start":{},"end":{}}]},"36":{"loc":{"start":{"line":177,"column":2},"end":{"line":191,"column":null}},"type":"if","locations":[{"start":{"line":177,"column":2},"end":{"line":191,"column":null}},{"start":{},"end":{}}]},"37":{"loc":{"start":{"line":178,"column":4},"end":{"line":181,"column":null}},"type":"if","locations":[{"start":{"line":178,"column":4},"end":{"line":181,"column":null}},{"start":{},"end":{}}]},"38":{"loc":{"start":{"line":184,"column":4},"end":{"line":187,"column":null}},"type":"if","locations":[{"start":{"line":184,"column":4},"end":{"line":187,"column":null}},{"start":{},"end":{}}]},"39":{"loc":{"start":{"line":193,"column":2},"end":{"line":218,"column":null}},"type":"if","locations":[{"start":{"line":193,"column":2},"end":{"line":218,"column":null}},{"start":{},"end":{}}]},"40":{"loc":{"start":{"line":194,"column":4},"end":{"line":197,"column":null}},"type":"if","locations":[{"start":{"line":194,"column":4},"end":{"line":197,"column":null}},{"start":{},"end":{}}]},"41":{"loc":{"start":{"line":198,"column":4},"end":{"line":201,"column":null}},"type":"if","locations":[{"start":{"line":198,"column":4},"end":{"line":201,"column":null}},{"start":{},"end":{}}]},"42":{"loc":{"start":{"line":203,"column":4},"end":{"line":206,"column":null}},"type":"if","locations":[{"start":{"line":203,"column":4},"end":{"line":206,"column":null}},{"start":{},"end":{}}]},"43":{"loc":{"start":{"line":209,"column":4},"end":{"line":215,"column":null}},"type":"if","locations":[{"start":{"line":209,"column":4},"end":{"line":215,"column":null}},{"start":{},"end":{}}]},"44":{"loc":{"start":{"line":209,"column":8},"end":{"line":209,"column":48}},"type":"binary-expr","locations":[{"start":{"line":209,"column":8},"end":{"line":209,"column":18}},{"start":{"line":209,"column":22},"end":{"line":209,"column":48}}]},"45":{"loc":{"start":{"line":220,"column":2},"end":{"line":220,"column":null}},"type":"if","locations":[{"start":{"line":220,"column":2},"end":{"line":220,"column":null}},{"start":{},"end":{}}]},"46":{"loc":{"start":{"line":223,"column":2},"end":{"line":226,"column":null}},"type":"if","locations":[{"start":{"line":223,"column":2},"end":{"line":226,"column":null}},{"start":{},"end":{}}]},"47":{"loc":{"start":{"line":223,"column":6},"end":{"line":223,"column":68}},"type":"binary-expr","locations":[{"start":{"line":223,"column":6},"end":{"line":223,"column":23}},{"start":{"line":223,"column":27},"end":{"line":223,"column":68}}]},"48":{"loc":{"start":{"line":232,"column":2},"end":{"line":235,"column":null}},"type":"if","locations":[{"start":{"line":232,"column":2},"end":{"line":235,"column":null}},{"start":{},"end":{}}]},"49":{"loc":{"start":{"line":244,"column":16},"end":{"line":244,"column":54}},"type":"cond-expr","locations":[{"start":{"line":244,"column":36},"end":{"line":244,"column":45}},{"start":{"line":244,"column":48},"end":{"line":244,"column":54}}]},"50":{"loc":{"start":{"line":248,"column":21},"end":{"line":248,"column":78}},"type":"binary-expr","locations":[{"start":{"line":248,"column":21},"end":{"line":248,"column":34}},{"start":{"line":248,"column":38},"end":{"line":248,"column":78}}]}},"s":{"0":1,"1":1,"2":1,"3":1,"4":1,"5":1,"6":1,"7":1,"8":1,"9":1,"10":1,"11":21,"12":1,"13":26,"14":9,"15":17,"16":15,"17":2,"18":1,"19":25,"20":25,"21":20,"22":5,"23":5,"24":1,"25":23,"26":23,"27":1,"28":22,"29":8,"30":22,"31":22,"32":1,"33":1,"34":21,"35":21,"36":21,"37":1,"38":20,"39":1,"40":1,"41":19,"42":2,"43":2,"44":2,"45":1,"46":1,"47":1,"48":1,"49":1,"50":0,"51":0,"52":0,"53":0,"54":0,"55":0,"56":0,"57":0,"58":17,"59":17,"60":1,"61":1,"62":16,"63":1,"64":1,"65":15,"66":1,"67":1,"68":14,"69":0,"70":0,"71":0,"72":14,"73":0,"74":0,"75":0,"76":0,"77":0,"78":0,"79":0,"80":0,"81":0,"82":14,"83":1,"84":1,"85":0,"86":1,"87":1,"88":1,"89":13,"90":2,"91":0,"92":0,"93":2,"94":2,"95":2,"96":1,"97":1,"98":1,"99":1,"100":1,"101":11,"102":5,"103":1,"104":1,"105":4,"106":1,"107":1,"108":3,"109":3,"110":1,"111":1,"112":2,"113":2,"114":1,"115":1,"116":1,"117":1,"118":1,"119":1,"120":1,"121":6,"122":1,"123":5,"124":1,"125":1,"126":4,"127":4,"128":1,"129":1,"130":3,"131":3,"132":3,"133":1,"134":1,"135":3,"136":1,"137":1},"f":{"0":21,"1":26,"2":25,"3":23},"b":{"0":[21,1],"1":[9,17],"2":[15,2],"3":[15,1],"4":[25,1],"5":[20,5],"6":[5,3],"7":[1,22],"8":[8,14],"9":[1,21],"10":[1,20],"11":[1,19],"12":[20,1],"13":[2,17],"14":[2,0],"15":[1,1],"16":[2,2],"17":[1,0],"18":[0,0],"19":[0,0],"20":[0,0],"21":[0,0],"22":[1,16],"23":[1,15],"24":[1,14],"25":[0,14],"26":[0,0],"27":[0,14],"28":[0,0],"29":[0,0],"30":[0,0],"31":[1,13],"32":[14,13],"33":[0,1],"34":[1,0],"35":[1,0],"36":[2,11],"37":[0,2],"38":[1,1],"39":[5,6],"40":[1,4],"41":[1,3],"42":[1,2],"43":[1,1],"44":[2,1],"45":[1,5],"46":[1,4],"47":[5,5],"48":[1,3],"49":[1,0],"50":[1,0]}}
,"C:/Users/esteb/Documents/TESIS/ECenciaAPP/telegram-bot-function/src/functions/telegramWebhook.js": {"path":"C:/Users/esteb/Documents/TESIS/ECenciaAPP/telegram-bot-function/src/functions/telegramWebhook.js","statementMap":{"0":{"start":{"line":1,"column":16},"end":{"line":1,"column":43}},"1":{"start":{"line":2,"column":23},"end":{"line":2,"column":50}},"2":{"start":{"line":4,"column":0},"end":{"line":35,"column":3}},"3":{"start":{"line":9,"column":8},"end":{"line":33,"column":9}},"4":{"start":{"line":11,"column":35},"end":{"line":11,"column":76}},"5":{"start":{"line":12,"column":35},"end":{"line":12,"column":95}},"6":{"start":{"line":14,"column":12},"end":{"line":17,"column":13}},"7":{"start":{"line":15,"column":16},"end":{"line":15,"column":64}},"8":{"start":{"line":16,"column":16},"end":{"line":16,"column":61}},"9":{"start":{"line":20,"column":27},"end":{"line":20,"column":47}},"10":{"start":{"line":24,"column":12},"end":{"line":24,"column":67}},"11":{"start":{"line":25,"column":12},"end":{"line":25,"column":62}},"12":{"start":{"line":27,"column":12},"end":{"line":27,"column":47}},"13":{"start":{"line":30,"column":12},"end":{"line":30,"column":62}},"14":{"start":{"line":32,"column":12},"end":{"line":32,"column":76}}},"fnMap":{"0":{"name":"(anonymous_0)","decl":{"start":{"line":8,"column":13},"end":{"line":8,"column":18}},"loc":{"start":{"line":8,"column":41},"end":{"line":34,"column":5}}}},"branchMap":{"0":{"loc":{"start":{"line":11,"column":35},"end":{"line":11,"column":76}},"type":"binary-expr","locations":[{"start":{"line":11,"column":35},"end":{"line":11,"column":70}},{"start":{"line":11,"column":74},"end":{"line":11,"column":76}}]},"1":{"loc":{"start":{"line":12,"column":35},"end":{"line":12,"column":95}},"type":"binary-expr","locations":[{"start":{"line":12,"column":35},"end":{"line":12,"column":89}},{"start":{"line":12,"column":93},"end":{"line":12,"column":95}}]},"2":{"loc":{"start":{"line":14,"column":12},"end":{"line":17,"column":13}},"type":"if","locations":[{"start":{"line":14,"column":12},"end":{"line":17,"column":13}},{"start":{},"end":{}}]},"3":{"loc":{"start":{"line":14,"column":16},"end":{"line":14,"column":67}},"type":"binary-expr","locations":[{"start":{"line":14,"column":16},"end":{"line":14,"column":30}},{"start":{"line":14,"column":34},"end":{"line":14,"column":67}}]},"4":{"loc":{"start":{"line":32,"column":40},"end":{"line":32,"column":73}},"type":"binary-expr","locations":[{"start":{"line":32,"column":40},"end":{"line":32,"column":53}},{"start":{"line":32,"column":57},"end":{"line":32,"column":73}}]}},"s":{"0":1,"1":1,"2":1,"3":3,"4":3,"5":3,"6":3,"7":1,"8":1,"9":2,"10":2,"11":2,"12":1,"13":1,"14":1},"f":{"0":3},"b":{"0":[3,0],"1":[3,0],"2":[1,2],"3":[3,3],"4":[1,0]}}
,"C:/Users/esteb/Documents/TESIS/ECenciaAPP/telegram-bot-function/src/handlers/telegramOrderHandler.js": {"path":"C:/Users/esteb/Documents/TESIS/ECenciaAPP/telegram-bot-function/src/handlers/telegramOrderHandler.js","statementMap":{"0":{"start":{"line":1,"column":17},"end":{"line":1,"column":46}},"1":{"start":{"line":2,"column":20},"end":{"line":2,"column":54}},"2":{"start":{"line":3,"column":125},"end":{"line":3,"column":160}},"3":{"start":{"line":4,"column":219},"end":{"line":4,"column":253}},"4":{"start":{"line":5,"column":22},"end":{"line":5,"column":58}},"5":{"start":{"line":6,"column":27},"end":{"line":6,"column":68}},"6":{"start":{"line":7,"column":30},"end":{"line":7,"column":65}},"7":{"start":{"line":9,"column":20},"end":{"line":12,"column":63}},"8":{"start":{"line":10,"column":2},"end":{"line":12,"column":63}},"9":{"start":{"line":13,"column":25},"end":{"line":17,"column":1}},"10":{"start":{"line":19,"column":23},"end":{"line":25,"column":1}},"11":{"start":{"line":27,"column":32},"end":{"line":27,"column":43}},"12":{"start":{"line":28,"column":22},"end":{"line":28,"column":36}},"13":{"start":{"line":30,"column":20},"end":{"line":35,"column":1}},"14":{"start":{"line":31,"column":26},"end":{"line":32,"column":74}},"15":{"start":{"line":33,"column":2},"end":{"line":33,"column":null}},"16":{"start":{"line":33,"column":22},"end":{"line":33,"column":null}},"17":{"start":{"line":34,"column":2},"end":{"line":34,"column":null}},"18":{"start":{"line":35,"column":23},"end":{"line":55,"column":1}},"19":{"start":{"line":36,"column":14},"end":{"line":36,"column":36}},"20":{"start":{"line":37,"column":18},"end":{"line":37,"column":48}},"21":{"start":{"line":38,"column":15},"end":{"line":38,"column":39}},"22":{"start":{"line":39,"column":18},"end":{"line":39,"column":48}},"23":{"start":{"line":40,"column":17},"end":{"line":40,"column":45}},"24":{"start":{"line":41,"column":17},"end":{"line":41,"column":45}},"25":{"start":{"line":42,"column":21},"end":{"line":42,"column":57}},"26":{"start":{"line":43,"column":19},"end":{"line":43,"column":35}},"27":{"start":{"line":44,"column":20},"end":{"line":44,"column":52}},"28":{"start":{"line":45,"column":2},"end":{"line":54,"column":null}},"29":{"start":{"line":57,"column":27},"end":{"line":82,"column":1}},"30":{"start":{"line":58,"column":15},"end":{"line":58,"column":51}},"31":{"start":{"line":59,"column":21},"end":{"line":59,"column":71}},"32":{"start":{"line":60,"column":18},"end":{"line":66,"column":3}},"33":{"start":{"line":68,"column":19},"end":{"line":68,"column":21}},"34":{"start":{"line":69,"column":23},"end":{"line":69,"column":25}},"35":{"start":{"line":71,"column":2},"end":{"line":79,"column":null}},"36":{"start":{"line":72,"column":20},"end":{"line":72,"column":39}},"37":{"start":{"line":73,"column":4},"end":{"line":73,"column":39}},"38":{"start":{"line":73,"column":30},"end":{"line":73,"column":39}},"39":{"start":{"line":74,"column":4},"end":{"line":78,"column":null}},"40":{"start":{"line":75,"column":6},"end":{"line":75,"column":null}},"41":{"start":{"line":77,"column":6},"end":{"line":77,"column":null}},"42":{"start":{"line":81,"column":2},"end":{"line":81,"column":null}},"43":{"start":{"line":84,"column":20},"end":{"line":97,"column":1}},"44":{"start":{"line":85,"column":15},"end":{"line":85,"column":17}},"45":{"start":{"line":86,"column":2},"end":{"line":86,"column":null}},"46":{"start":{"line":86,"column":29},"end":{"line":86,"column":null}},"47":{"start":{"line":87,"column":2},"end":{"line":87,"column":null}},"48":{"start":{"line":87,"column":26},"end":{"line":87,"column":null}},"49":{"start":{"line":88,"column":2},"end":{"line":88,"column":null}},"50":{"start":{"line":88,"column":29},"end":{"line":88,"column":null}},"51":{"start":{"line":89,"column":2},"end":{"line":89,"column":null}},"52":{"start":{"line":89,"column":28},"end":{"line":89,"column":null}},"53":{"start":{"line":90,"column":2},"end":{"line":90,"column":null}},"54":{"start":{"line":90,"column":28},"end":{"line":90,"column":null}},"55":{"start":{"line":91,"column":2},"end":{"line":91,"column":null}},"56":{"start":{"line":93,"column":2},"end":{"line":93,"column":null}},"57":{"start":{"line":93,"column":20},"end":{"line":93,"column":null}},"58":{"start":{"line":94,"column":14},"end":{"line":94,"column":39}},"59":{"start":{"line":95,"column":2},"end":{"line":95,"column":null}},"60":{"start":{"line":95,"column":45},"end":{"line":95,"column":null}},"61":{"start":{"line":96,"column":2},"end":{"line":96,"column":null}},"62":{"start":{"line":99,"column":30},"end":{"line":109,"column":1}},"63":{"start":{"line":100,"column":2},"end":{"line":100,"column":null}},"64":{"start":{"line":100,"column":13},"end":{"line":100,"column":null}},"65":{"start":{"line":101,"column":2},"end":{"line":108,"column":null}},"66":{"start":{"line":102,"column":18},"end":{"line":102,"column":null}},"67":{"start":{"line":103,"column":15},"end":{"line":103,"column":null}},"68":{"start":{"line":104,"column":18},"end":{"line":104,"column":null}},"69":{"start":{"line":105,"column":17},"end":{"line":105,"column":null}},"70":{"start":{"line":106,"column":17},"end":{"line":106,"column":null}},"71":{"start":{"line":107,"column":11},"end":{"line":107,"column":null}},"72":{"start":{"line":111,"column":29},"end":{"line":121,"column":1}},"73":{"start":{"line":112,"column":15},"end":{"line":112,"column":82}},"74":{"start":{"line":113,"column":2},"end":{"line":120,"column":null}},"75":{"start":{"line":114,"column":18},"end":{"line":114,"column":null}},"76":{"start":{"line":115,"column":15},"end":{"line":115,"column":null}},"77":{"start":{"line":116,"column":18},"end":{"line":116,"column":null}},"78":{"start":{"line":117,"column":17},"end":{"line":117,"column":null}},"79":{"start":{"line":118,"column":17},"end":{"line":118,"column":null}},"80":{"start":{"line":119,"column":11},"end":{"line":119,"column":null}},"81":{"start":{"line":123,"column":27},"end":{"line":134,"column":1}},"82":{"start":{"line":124,"column":16},"end":{"line":124,"column":45}},"83":{"start":{"line":125,"column":23},"end":{"line":125,"column":31}},"84":{"start":{"line":126,"column":19},"end":{"line":126,"column":27}},"85":{"start":{"line":127,"column":2},"end":{"line":127,"column":null}},"86":{"start":{"line":127,"column":29},"end":{"line":127,"column":null}},"87":{"start":{"line":128,"column":2},"end":{"line":130,"column":null}},"88":{"start":{"line":129,"column":4},"end":{"line":129,"column":null}},"89":{"start":{"line":131,"column":16},"end":{"line":131,"column":32}},"90":{"start":{"line":132,"column":2},"end":{"line":132,"column":null}},"91":{"start":{"line":132,"column":72},"end":{"line":132,"column":null}},"92":{"start":{"line":133,"column":2},"end":{"line":133,"column":null}},"93":{"start":{"line":136,"column":19},"end":{"line":146,"column":1}},"94":{"start":{"line":137,"column":26},"end":{"line":143,"column":18}},"95":{"start":{"line":144,"column":2},"end":{"line":144,"column":null}},"96":{"start":{"line":144,"column":22},"end":{"line":144,"column":null}},"97":{"start":{"line":145,"column":2},"end":{"line":145,"column":null}},"98":{"start":{"line":148,"column":20},"end":{"line":220,"column":1}},"99":{"start":{"line":149,"column":16},"end":{"line":149,"column":33}},"100":{"start":{"line":152,"column":2},"end":{"line":167,"column":null}},"101":{"start":{"line":153,"column":20},"end":{"line":153,"column":46}},"102":{"start":{"line":154,"column":24},"end":{"line":154,"column":49}},"103":{"start":{"line":155,"column":4},"end":{"line":165,"column":null}},"104":{"start":{"line":166,"column":4},"end":{"line":166,"column":null}},"105":{"start":{"line":169,"column":19},"end":{"line":169,"column":73}},"106":{"start":{"line":170,"column":2},"end":{"line":170,"column":null}},"107":{"start":{"line":170,"column":26},"end":{"line":170,"column":null}},"108":{"start":{"line":172,"column":22},"end":{"line":172,"column":47}},"109":{"start":{"line":173,"column":18},"end":{"line":173,"column":44}},"110":{"start":{"line":174,"column":18},"end":{"line":185,"column":6}},"111":{"start":{"line":175,"column":4},"end":{"line":183,"column":5}},"112":{"start":{"line":176,"column":23},"end":{"line":181,"column":22}},"113":{"start":{"line":182,"column":6},"end":{"line":182,"column":28}},"114":{"start":{"line":182,"column":16},"end":{"line":182,"column":28}},"115":{"start":{"line":184,"column":4},"end":{"line":184,"column":24}},"116":{"start":{"line":187,"column":45},"end":{"line":198,"column":13}},"117":{"start":{"line":199,"column":2},"end":{"line":199,"column":35}},"118":{"start":{"line":199,"column":18},"end":{"line":199,"column":35}},"119":{"start":{"line":201,"column":33},"end":{"line":214,"column":4}},"120":{"start":{"line":215,"column":2},"end":{"line":218,"column":3}},"121":{"start":{"line":216,"column":4},"end":{"line":216,"column":78}},"122":{"start":{"line":217,"column":4},"end":{"line":217,"column":22}},"123":{"start":{"line":219,"column":2},"end":{"line":219,"column":15}},"124":{"start":{"line":222,"column":29},"end":{"line":236,"column":1}},"125":{"start":{"line":223,"column":16},"end":{"line":223,"column":33}},"126":{"start":{"line":224,"column":26},"end":{"line":233,"column":18}},"127":{"start":{"line":234,"column":2},"end":{"line":234,"column":25}},"128":{"start":{"line":234,"column":13},"end":{"line":234,"column":25}},"129":{"start":{"line":235,"column":2},"end":{"line":235,"column":22}},"130":{"start":{"line":238,"column":23},"end":{"line":246,"column":1}},"131":{"start":{"line":239,"column":26},"end":{"line":243,"column":18}},"132":{"start":{"line":244,"column":2},"end":{"line":244,"column":25}},"133":{"start":{"line":244,"column":13},"end":{"line":244,"column":25}},"134":{"start":{"line":245,"column":2},"end":{"line":245,"column":22}},"135":{"start":{"line":248,"column":22},"end":{"line":255,"column":1}},"136":{"start":{"line":249,"column":19},"end":{"line":253,"column":18}},"137":{"start":{"line":254,"column":2},"end":{"line":254,"column":49}},"138":{"start":{"line":257,"column":29},"end":{"line":346,"column":1}},"139":{"start":{"line":258,"column":27},"end":{"line":258,"column":33}},"140":{"start":{"line":259,"column":16},"end":{"line":259,"column":39}},"141":{"start":{"line":261,"column":2},"end":{"line":261,"column":42}},"142":{"start":{"line":261,"column":29},"end":{"line":261,"column":42}},"143":{"start":{"line":263,"column":2},"end":{"line":265,"column":3}},"144":{"start":{"line":264,"column":4},"end":{"line":264,"column":69}},"145":{"start":{"line":267,"column":17},"end":{"line":267,"column":25}},"146":{"start":{"line":268,"column":18},"end":{"line":268,"column":42}},"147":{"start":{"line":270,"column":2},"end":{"line":280,"column":3}},"148":{"start":{"line":272,"column":28},"end":{"line":273,"column":89}},"149":{"start":{"line":274,"column":4},"end":{"line":277,"column":5}},"150":{"start":{"line":275,"column":6},"end":{"line":275,"column":114}},"151":{"start":{"line":276,"column":6},"end":{"line":276,"column":18}},"152":{"start":{"line":278,"column":4},"end":{"line":278,"column":141}},"153":{"start":{"line":279,"column":4},"end":{"line":279,"column":16}},"154":{"start":{"line":282,"column":2},"end":{"line":300,"column":3}},"155":{"start":{"line":284,"column":28},"end":{"line":285,"column":89}},"156":{"start":{"line":286,"column":4},"end":{"line":289,"column":5}},"157":{"start":{"line":287,"column":6},"end":{"line":287,"column":92}},"158":{"start":{"line":288,"column":6},"end":{"line":288,"column":18}},"159":{"start":{"line":290,"column":27},"end":{"line":290,"column":42}},"160":{"start":{"line":291,"column":4},"end":{"line":294,"column":31}},"161":{"start":{"line":295,"column":4},"end":{"line":297,"column":89}},"162":{"start":{"line":298,"column":4},"end":{"line":298,"column":113}},"163":{"start":{"line":299,"column":4},"end":{"line":299,"column":16}},"164":{"start":{"line":302,"column":2},"end":{"line":305,"column":3}},"165":{"start":{"line":303,"column":4},"end":{"line":303,"column":81}},"166":{"start":{"line":304,"column":4},"end":{"line":304,"column":16}},"167":{"start":{"line":307,"column":2},"end":{"line":343,"column":3}},"168":{"start":{"line":309,"column":28},"end":{"line":310,"column":100}},"169":{"start":{"line":311,"column":4},"end":{"line":314,"column":5}},"170":{"start":{"line":312,"column":6},"end":{"line":312,"column":115}},"171":{"start":{"line":313,"column":6},"end":{"line":313,"column":18}},"172":{"start":{"line":315,"column":30},"end":{"line":315,"column":65}},"173":{"start":{"line":316,"column":19},"end":{"line":316,"column":63}},"174":{"start":{"line":317,"column":4},"end":{"line":317,"column":29}},"175":{"start":{"line":317,"column":17},"end":{"line":317,"column":29}},"176":{"start":{"line":320,"column":19},"end":{"line":320,"column":48}},"177":{"start":{"line":321,"column":4},"end":{"line":324,"column":5}},"178":{"start":{"line":322,"column":6},"end":{"line":322,"column":93}},"179":{"start":{"line":323,"column":6},"end":{"line":323,"column":18}},"180":{"start":{"line":325,"column":21},"end":{"line":325,"column":42}},"181":{"start":{"line":326,"column":21},"end":{"line":326,"column":42}},"182":{"start":{"line":327,"column":25},"end":{"line":327,"column":144}},"183":{"start":{"line":327,"column":52},"end":{"line":327,"column":71}},"184":{"start":{"line":327,"column":103},"end":{"line":327,"column":135}},"185":{"start":{"line":329,"column":20},"end":{"line":335,"column":6}},"186":{"start":{"line":336,"column":4},"end":{"line":339,"column":5}},"187":{"start":{"line":337,"column":6},"end":{"line":337,"column":93}},"188":{"start":{"line":338,"column":6},"end":{"line":338,"column":18}},"189":{"start":{"line":341,"column":4},"end":{"line":341,"column":198}},"190":{"start":{"line":342,"column":4},"end":{"line":342,"column":16}},"191":{"start":{"line":345,"column":2},"end":{"line":345,"column":15}},"192":{"start":{"line":348,"column":30},"end":{"line":524,"column":1}},"193":{"start":{"line":349,"column":50},"end":{"line":349,"column":56}},"194":{"start":{"line":350,"column":16},"end":{"line":350,"column":78}},"195":{"start":{"line":350,"column":27},"end":{"line":350,"column":78}},"196":{"start":{"line":351,"column":16},"end":{"line":351,"column":76}},"197":{"start":{"line":353,"column":2},"end":{"line":362,"column":3}},"198":{"start":{"line":354,"column":4},"end":{"line":358,"column":7}},"199":{"start":{"line":359,"column":4},"end":{"line":359,"column":72}},"200":{"start":{"line":359,"column":21},"end":{"line":359,"column":72}},"201":{"start":{"line":360,"column":4},"end":{"line":360,"column":105}},"202":{"start":{"line":361,"column":4},"end":{"line":361,"column":11}},"203":{"start":{"line":364,"column":2},"end":{"line":368,"column":3}},"204":{"start":{"line":365,"column":4},"end":{"line":365,"column":68}},"205":{"start":{"line":366,"column":4},"end":{"line":366,"column":109}},"206":{"start":{"line":367,"column":4},"end":{"line":367,"column":11}},"207":{"start":{"line":370,"column":2},"end":{"line":377,"column":3}},"208":{"start":{"line":371,"column":4},"end":{"line":371,"column":55}},"209":{"start":{"line":372,"column":4},"end":{"line":375,"column":5}},"210":{"start":{"line":373,"column":6},"end":{"line":373,"column":113}},"211":{"start":{"line":374,"column":6},"end":{"line":374,"column":128}},"212":{"start":{"line":376,"column":4},"end":{"line":376,"column":11}},"213":{"start":{"line":379,"column":2},"end":{"line":379,"column":60}},"214":{"start":{"line":382,"column":22},"end":{"line":382,"column":50}},"215":{"start":{"line":383,"column":2},"end":{"line":386,"column":3}},"216":{"start":{"line":384,"column":4},"end":{"line":384,"column":104}},"217":{"start":{"line":385,"column":4},"end":{"line":385,"column":11}},"218":{"start":{"line":389,"column":2},"end":{"line":397,"column":3}},"219":{"start":{"line":390,"column":18},"end":{"line":390,"column":41}},"220":{"start":{"line":391,"column":23},"end":{"line":391,"column":31}},"221":{"start":{"line":392,"column":4},"end":{"line":392,"column":30}},"222":{"start":{"line":393,"column":4},"end":{"line":393,"column":29}},"223":{"start":{"line":394,"column":4},"end":{"line":394,"column":74}},"224":{"start":{"line":395,"column":4},"end":{"line":395,"column":53}},"225":{"start":{"line":396,"column":4},"end":{"line":396,"column":11}},"226":{"start":{"line":400,"column":2},"end":{"line":419,"column":3}},"227":{"start":{"line":401,"column":18},"end":{"line":401,"column":41}},"228":{"start":{"line":402,"column":17},"end":{"line":402,"column":25}},"229":{"start":{"line":403,"column":17},"end":{"line":403,"column":25}},"230":{"start":{"line":404,"column":4},"end":{"line":407,"column":5}},"231":{"start":{"line":405,"column":6},"end":{"line":405,"column":176}},"232":{"start":{"line":406,"column":6},"end":{"line":406,"column":13}},"233":{"start":{"line":408,"column":17},"end":{"line":408,"column":60}},"234":{"start":{"line":408,"column":44},"end":{"line":408,"column":59}},"235":{"start":{"line":409,"column":4},"end":{"line":412,"column":5}},"236":{"start":{"line":410,"column":6},"end":{"line":410,"column":182}},"237":{"start":{"line":411,"column":6},"end":{"line":411,"column":13}},"238":{"start":{"line":414,"column":21},"end":{"line":414,"column":44}},"239":{"start":{"line":415,"column":4},"end":{"line":415,"column":65}},"240":{"start":{"line":416,"column":4},"end":{"line":416,"column":74}},"241":{"start":{"line":417,"column":4},"end":{"line":417,"column":51}},"242":{"start":{"line":418,"column":4},"end":{"line":418,"column":11}},"243":{"start":{"line":422,"column":2},"end":{"line":479,"column":3}},"244":{"start":{"line":423,"column":18},"end":{"line":423,"column":41}},"245":{"start":{"line":424,"column":17},"end":{"line":424,"column":25}},"246":{"start":{"line":425,"column":19},"end":{"line":425,"column":27}},"247":{"start":{"line":427,"column":4},"end":{"line":430,"column":5}},"248":{"start":{"line":428,"column":6},"end":{"line":428,"column":145}},"249":{"start":{"line":429,"column":6},"end":{"line":429,"column":13}},"250":{"start":{"line":432,"column":4},"end":{"line":435,"column":5}},"251":{"start":{"line":433,"column":6},"end":{"line":433,"column":56}},"252":{"start":{"line":434,"column":6},"end":{"line":434,"column":13}},"253":{"start":{"line":437,"column":4},"end":{"line":441,"column":5}},"254":{"start":{"line":438,"column":22},"end":{"line":438,"column":128}},"255":{"start":{"line":439,"column":6},"end":{"line":439,"column":96}},"256":{"start":{"line":440,"column":6},"end":{"line":440,"column":13}},"257":{"start":{"line":444,"column":18},"end":{"line":444,"column":35}},"258":{"start":{"line":445,"column":21},"end":{"line":445,"column":75}},"259":{"start":{"line":446,"column":4},"end":{"line":466,"column":5}},"260":{"start":{"line":448,"column":6},"end":{"line":448,"column":30}},"261":{"start":{"line":449,"column":6},"end":{"line":449,"column":42}},"262":{"start":{"line":450,"column":6},"end":{"line":450,"column":76}},"263":{"start":{"line":452,"column":21},"end":{"line":452,"column":60}},"264":{"start":{"line":453,"column":27},"end":{"line":453,"column":66}},"265":{"start":{"line":454,"column":6},"end":{"line":454,"column":44}},"266":{"start":{"line":456,"column":18},"end":{"line":457,"column":90}},"267":{"start":{"line":459,"column":30},"end":{"line":462,"column":8}},"268":{"start":{"line":464,"column":6},"end":{"line":464,"column":74}},"269":{"start":{"line":465,"column":6},"end":{"line":465,"column":13}},"270":{"start":{"line":469,"column":4},"end":{"line":474,"column":5}},"271":{"start":{"line":470,"column":6},"end":{"line":470,"column":41}},"272":{"start":{"line":472,"column":6},"end":{"line":472,"column":156}},"273":{"start":{"line":473,"column":6},"end":{"line":473,"column":13}},"274":{"start":{"line":476,"column":4},"end":{"line":476,"column":68}},"275":{"start":{"line":477,"column":4},"end":{"line":477,"column":91}},"276":{"start":{"line":478,"column":4},"end":{"line":478,"column":11}},"277":{"start":{"line":482,"column":21},"end":{"line":482,"column":71}},"278":{"start":{"line":483,"column":2},"end":{"line":521,"column":3}},"279":{"start":{"line":484,"column":18},"end":{"line":484,"column":41}},"280":{"start":{"line":485,"column":17},"end":{"line":485,"column":25}},"281":{"start":{"line":486,"column":20},"end":{"line":486,"column":69}},"282":{"start":{"line":488,"column":4},"end":{"line":491,"column":5}},"283":{"start":{"line":489,"column":6},"end":{"line":489,"column":161}},"284":{"start":{"line":490,"column":6},"end":{"line":490,"column":13}},"285":{"start":{"line":493,"column":19},"end":{"line":493,"column":66}},"286":{"start":{"line":494,"column":4},"end":{"line":497,"column":5}},"287":{"start":{"line":495,"column":6},"end":{"line":495,"column":167}},"288":{"start":{"line":496,"column":6},"end":{"line":496,"column":13}},"289":{"start":{"line":499,"column":4},"end":{"line":499,"column":79}},"290":{"start":{"line":501,"column":4},"end":{"line":506,"column":23}},"291":{"start":{"line":508,"column":4},"end":{"line":514,"column":5}},"292":{"start":{"line":509,"column":6},"end":{"line":509,"column":31}},"293":{"start":{"line":510,"column":6},"end":{"line":510,"column":33}},"294":{"start":{"line":511,"column":6},"end":{"line":511,"column":76}},"295":{"start":{"line":512,"column":6},"end":{"line":512,"column":56}},"296":{"start":{"line":513,"column":6},"end":{"line":513,"column":13}},"297":{"start":{"line":516,"column":21},"end":{"line":516,"column":68}},"298":{"start":{"line":517,"column":4},"end":{"line":517,"column":28}},"299":{"start":{"line":518,"column":4},"end":{"line":518,"column":74}},"300":{"start":{"line":519,"column":4},"end":{"line":519,"column":51}},"301":{"start":{"line":520,"column":4},"end":{"line":520,"column":11}},"302":{"start":{"line":523,"column":2},"end":{"line":523,"column":103}},"303":{"start":{"line":526,"column":19},"end":{"line":540,"column":1}},"304":{"start":{"line":527,"column":18},"end":{"line":527,"column":61}},"305":{"start":{"line":528,"column":2},"end":{"line":531,"column":3}},"306":{"start":{"line":529,"column":4},"end":{"line":529,"column":113}},"307":{"start":{"line":530,"column":4},"end":{"line":530,"column":11}},"308":{"start":{"line":533,"column":26},"end":{"line":533,"column":47}},"309":{"start":{"line":534,"column":19},"end":{"line":534,"column":208}},"310":{"start":{"line":536,"column":18},"end":{"line":536,"column":43}},"311":{"start":{"line":537,"column":29},"end":{"line":537,"column":113}},"312":{"start":{"line":539,"column":2},"end":{"line":539,"column":85}},"313":{"start":{"line":542,"column":22},"end":{"line":557,"column":1}},"314":{"start":{"line":543,"column":2},"end":{"line":547,"column":3}},"315":{"start":{"line":544,"column":20},"end":{"line":544,"column":126}},"316":{"start":{"line":545,"column":4},"end":{"line":545,"column":94}},"317":{"start":{"line":546,"column":4},"end":{"line":546,"column":11}},"318":{"start":{"line":548,"column":18},"end":{"line":548,"column":59}},"319":{"start":{"line":549,"column":2},"end":{"line":554,"column":3}},"320":{"start":{"line":550,"column":21},"end":{"line":550,"column":60}},"321":{"start":{"line":551,"column":4},"end":{"line":551,"column":28}},"322":{"start":{"line":552,"column":4},"end":{"line":552,"column":74}},"323":{"start":{"line":553,"column":4},"end":{"line":553,"column":52}},"324":{"start":{"line":555,"column":21},"end":{"line":555,"column":69}},"325":{"start":{"line":556,"column":2},"end":{"line":556,"column":105}},"326":{"start":{"line":559,"column":30},"end":{"line":588,"column":1}},"327":{"start":{"line":560,"column":21},"end":{"line":560,"column":42}},"328":{"start":{"line":561,"column":2},"end":{"line":561,"column":31}},"329":{"start":{"line":561,"column":19},"end":{"line":561,"column":31}},"330":{"start":{"line":563,"column":16},"end":{"line":563,"column":33}},"331":{"start":{"line":564,"column":14},"end":{"line":564,"column":39}},"332":{"start":{"line":565,"column":18},"end":{"line":585,"column":3}},"333":{"start":{"line":586,"column":2},"end":{"line":586,"column":72}},"334":{"start":{"line":587,"column":2},"end":{"line":587,"column":17}},"335":{"start":{"line":590,"column":22},"end":{"line":594,"column":1}},"336":{"start":{"line":591,"column":16},"end":{"line":591,"column":66}},"337":{"start":{"line":592,"column":2},"end":{"line":592,"column":41}},"338":{"start":{"line":592,"column":29},"end":{"line":592,"column":41}},"339":{"start":{"line":593,"column":2},"end":{"line":593,"column":15}},"340":{"start":{"line":596,"column":24},"end":{"line":600,"column":1}},"341":{"start":{"line":597,"column":2},"end":{"line":597,"column":32}},"342":{"start":{"line":597,"column":20},"end":{"line":597,"column":32}},"343":{"start":{"line":598,"column":2},"end":{"line":598,"column":33}},"344":{"start":{"line":598,"column":21},"end":{"line":598,"column":33}},"345":{"start":{"line":599,"column":2},"end":{"line":599,"column":37}},"346":{"start":{"line":602,"column":31},"end":{"line":608,"column":1}},"347":{"start":{"line":603,"column":16},"end":{"line":603,"column":45}},"348":{"start":{"line":607,"column":2},"end":{"line":607,"column":60}},"349":{"start":{"line":610,"column":0},"end":{"line":610,"column":null}}},"fnMap":{"0":{"name":"(anonymous_0)","decl":{"start":{"line":9,"column":20},"end":{"line":9,"column":21}},"loc":{"start":{"line":10,"column":2},"end":{"line":12,"column":63}}},"1":{"name":"(anonymous_1)","decl":{"start":{"line":30,"column":20},"end":{"line":30,"column":25}},"loc":{"start":{"line":30,"column":68},"end":{"line":35,"column":1}}},"2":{"name":"(anonymous_2)","decl":{"start":{"line":35,"column":23},"end":{"line":35,"column":24}},"loc":{"start":{"line":35,"column":36},"end":{"line":55,"column":1}}},"3":{"name":"(anonymous_3)","decl":{"start":{"line":57,"column":27},"end":{"line":57,"column":28}},"loc":{"start":{"line":57,"column":55},"end":{"line":82,"column":1}}},"4":{"name":"(anonymous_4)","decl":{"start":{"line":84,"column":20},"end":{"line":84,"column":21}},"loc":{"start":{"line":84,"column":43},"end":{"line":97,"column":1}}},"5":{"name":"(anonymous_5)","decl":{"start":{"line":99,"column":30},"end":{"line":99,"column":31}},"loc":{"start":{"line":99,"column":46},"end":{"line":109,"column":1}}},"6":{"name":"(anonymous_6)","decl":{"start":{"line":111,"column":29},"end":{"line":111,"column":30}},"loc":{"start":{"line":111,"column":45},"end":{"line":121,"column":1}}},"7":{"name":"(anonymous_7)","decl":{"start":{"line":123,"column":27},"end":{"line":123,"column":28}},"loc":{"start":{"line":123,"column":52},"end":{"line":134,"column":1}}},"8":{"name":"(anonymous_8)","decl":{"start":{"line":136,"column":19},"end":{"line":136,"column":24}},"loc":{"start":{"line":136,"column":31},"end":{"line":146,"column":1}}},"9":{"name":"(anonymous_9)","decl":{"start":{"line":148,"column":20},"end":{"line":148,"column":25}},"loc":{"start":{"line":148,"column":39},"end":{"line":220,"column":1}}},"10":{"name":"(anonymous_10)","decl":{"start":{"line":174,"column":25},"end":{"line":174,"column":30}},"loc":{"start":{"line":174,"column":37},"end":{"line":185,"column":3}}},"11":{"name":"(anonymous_11)","decl":{"start":{"line":222,"column":29},"end":{"line":222,"column":34}},"loc":{"start":{"line":222,"column":49},"end":{"line":236,"column":1}}},"12":{"name":"(anonymous_12)","decl":{"start":{"line":238,"column":23},"end":{"line":238,"column":28}},"loc":{"start":{"line":238,"column":42},"end":{"line":246,"column":1}}},"13":{"name":"(anonymous_13)","decl":{"start":{"line":248,"column":22},"end":{"line":248,"column":27}},"loc":{"start":{"line":248,"column":42},"end":{"line":255,"column":1}}},"14":{"name":"(anonymous_14)","decl":{"start":{"line":257,"column":29},"end":{"line":257,"column":34}},"loc":{"start":{"line":257,"column":61},"end":{"line":346,"column":1}}},"15":{"name":"(anonymous_15)","decl":{"start":{"line":327,"column":45},"end":{"line":327,"column":46}},"loc":{"start":{"line":327,"column":52},"end":{"line":327,"column":71}}},"16":{"name":"(anonymous_16)","decl":{"start":{"line":327,"column":96},"end":{"line":327,"column":97}},"loc":{"start":{"line":327,"column":103},"end":{"line":327,"column":135}}},"17":{"name":"(anonymous_17)","decl":{"start":{"line":348,"column":30},"end":{"line":348,"column":35}},"loc":{"start":{"line":348,"column":57},"end":{"line":524,"column":1}}},"18":{"name":"(anonymous_18)","decl":{"start":{"line":350,"column":16},"end":{"line":350,"column":17}},"loc":{"start":{"line":350,"column":27},"end":{"line":350,"column":78}}},"19":{"name":"(anonymous_19)","decl":{"start":{"line":408,"column":37},"end":{"line":408,"column":38}},"loc":{"start":{"line":408,"column":44},"end":{"line":408,"column":59}}},"20":{"name":"(anonymous_20)","decl":{"start":{"line":506,"column":13},"end":{"line":506,"column":14}},"loc":{"start":{"line":506,"column":19},"end":{"line":506,"column":21}}},"21":{"name":"(anonymous_21)","decl":{"start":{"line":526,"column":19},"end":{"line":526,"column":24}},"loc":{"start":{"line":526,"column":45},"end":{"line":540,"column":1}}},"22":{"name":"(anonymous_22)","decl":{"start":{"line":542,"column":22},"end":{"line":542,"column":27}},"loc":{"start":{"line":542,"column":55},"end":{"line":557,"column":1}}},"23":{"name":"(anonymous_23)","decl":{"start":{"line":559,"column":30},"end":{"line":559,"column":35}},"loc":{"start":{"line":559,"column":67},"end":{"line":588,"column":1}}},"24":{"name":"(anonymous_24)","decl":{"start":{"line":590,"column":22},"end":{"line":590,"column":27}},"loc":{"start":{"line":590,"column":34},"end":{"line":594,"column":1}}},"25":{"name":"(anonymous_25)","decl":{"start":{"line":596,"column":24},"end":{"line":596,"column":25}},"loc":{"start":{"line":596,"column":50},"end":{"line":600,"column":1}}},"26":{"name":"(anonymous_26)","decl":{"start":{"line":602,"column":31},"end":{"line":602,"column":32}},"loc":{"start":{"line":602,"column":41},"end":{"line":608,"column":1}}}},"branchMap":{"0":{"loc":{"start":{"line":33,"column":2},"end":{"line":33,"column":null}},"type":"if","locations":[{"start":{"line":33,"column":2},"end":{"line":33,"column":null}},{"start":{},"end":{}}]},"1":{"loc":{"start":{"line":33,"column":6},"end":{"line":33,"column":20}},"type":"binary-expr","locations":[{"start":{"line":33,"column":6},"end":{"line":33,"column":11}},{"start":{"line":33,"column":15},"end":{"line":33,"column":20}}]},"2":{"loc":{"start":{"line":36,"column":14},"end":{"line":36,"column":36}},"type":"binary-expr","locations":[{"start":{"line":36,"column":14},"end":{"line":36,"column":30}},{"start":{"line":36,"column":34},"end":{"line":36,"column":36}}]},"3":{"loc":{"start":{"line":37,"column":18},"end":{"line":37,"column":48}},"type":"binary-expr","locations":[{"start":{"line":37,"column":18},"end":{"line":37,"column":29}},{"start":{"line":37,"column":33},"end":{"line":37,"column":48}}]},"4":{"loc":{"start":{"line":38,"column":15},"end":{"line":38,"column":39}},"type":"binary-expr","locations":[{"start":{"line":38,"column":15},"end":{"line":38,"column":23}},{"start":{"line":38,"column":27},"end":{"line":38,"column":39}}]},"5":{"loc":{"start":{"line":39,"column":18},"end":{"line":39,"column":48}},"type":"binary-expr","locations":[{"start":{"line":39,"column":18},"end":{"line":39,"column":29}},{"start":{"line":39,"column":33},"end":{"line":39,"column":48}}]},"6":{"loc":{"start":{"line":40,"column":17},"end":{"line":40,"column":45}},"type":"binary-expr","locations":[{"start":{"line":40,"column":17},"end":{"line":40,"column":27}},{"start":{"line":40,"column":31},"end":{"line":40,"column":45}}]},"7":{"loc":{"start":{"line":41,"column":17},"end":{"line":41,"column":45}},"type":"binary-expr","locations":[{"start":{"line":41,"column":17},"end":{"line":41,"column":27}},{"start":{"line":41,"column":31},"end":{"line":41,"column":45}}]},"8":{"loc":{"start":{"line":42,"column":21},"end":{"line":42,"column":57}},"type":"binary-expr","locations":[{"start":{"line":42,"column":21},"end":{"line":42,"column":35}},{"start":{"line":42,"column":39},"end":{"line":42,"column":57}}]},"9":{"loc":{"start":{"line":46,"column":5},"end":{"line":46,"column":54}},"type":"cond-expr","locations":[{"start":{"line":46,"column":17},"end":{"line":46,"column":49}},{"start":{"line":46,"column":52},"end":{"line":46,"column":54}}]},"10":{"loc":{"start":{"line":47,"column":5},"end":{"line":47,"column":64}},"type":"cond-expr","locations":[{"start":{"line":47,"column":16},"end":{"line":47,"column":59}},{"start":{"line":47,"column":62},"end":{"line":47,"column":64}}]},"11":{"loc":{"start":{"line":48,"column":5},"end":{"line":48,"column":53}},"type":"cond-expr","locations":[{"start":{"line":48,"column":15},"end":{"line":48,"column":48}},{"start":{"line":48,"column":51},"end":{"line":48,"column":53}}]},"12":{"loc":{"start":{"line":49,"column":5},"end":{"line":49,"column":44}},"type":"cond-expr","locations":[{"start":{"line":49,"column":12},"end":{"line":49,"column":39}},{"start":{"line":49,"column":42},"end":{"line":49,"column":44}}]},"13":{"loc":{"start":{"line":50,"column":5},"end":{"line":50,"column":59}},"type":"cond-expr","locations":[{"start":{"line":50,"column":15},"end":{"line":50,"column":54}},{"start":{"line":50,"column":57},"end":{"line":50,"column":59}}]},"14":{"loc":{"start":{"line":51,"column":5},"end":{"line":51,"column":62}},"type":"cond-expr","locations":[{"start":{"line":51,"column":18},"end":{"line":51,"column":57}},{"start":{"line":51,"column":60},"end":{"line":51,"column":62}}]},"15":{"loc":{"start":{"line":52,"column":5},"end":{"line":52,"column":50}},"type":"cond-expr","locations":[{"start":{"line":52,"column":14},"end":{"line":52,"column":45}},{"start":{"line":52,"column":48},"end":{"line":52,"column":50}}]},"16":{"loc":{"start":{"line":53,"column":5},"end":{"line":53,"column":50}},"type":"cond-expr","locations":[{"start":{"line":53,"column":14},"end":{"line":53,"column":45}},{"start":{"line":53,"column":48},"end":{"line":53,"column":50}}]},"17":{"loc":{"start":{"line":58,"column":15},"end":{"line":58,"column":51}},"type":"binary-expr","locations":[{"start":{"line":58,"column":15},"end":{"line":58,"column":33}},{"start":{"line":58,"column":37},"end":{"line":58,"column":51}}]},"18":{"loc":{"start":{"line":59,"column":21},"end":{"line":59,"column":71}},"type":"binary-expr","locations":[{"start":{"line":59,"column":21},"end":{"line":59,"column":43}},{"start":{"line":59,"column":47},"end":{"line":59,"column":71}}]},"19":{"loc":{"start":{"line":61,"column":13},"end":{"line":61,"column":32}},"type":"binary-expr","locations":[{"start":{"line":61,"column":13},"end":{"line":61,"column":26}},{"start":{"line":61,"column":30},"end":{"line":61,"column":32}}]},"20":{"loc":{"start":{"line":62,"column":10},"end":{"line":62,"column":26}},"type":"binary-expr","locations":[{"start":{"line":62,"column":10},"end":{"line":62,"column":20}},{"start":{"line":62,"column":24},"end":{"line":62,"column":26}}]},"21":{"loc":{"start":{"line":63,"column":20},"end":{"line":63,"column":39}},"type":"binary-expr","locations":[{"start":{"line":63,"column":20},"end":{"line":63,"column":33}},{"start":{"line":63,"column":37},"end":{"line":63,"column":39}}]},"22":{"loc":{"start":{"line":64,"column":12},"end":{"line":64,"column":30}},"type":"binary-expr","locations":[{"start":{"line":64,"column":12},"end":{"line":64,"column":24}},{"start":{"line":64,"column":28},"end":{"line":64,"column":30}}]},"23":{"loc":{"start":{"line":65,"column":12},"end":{"line":65,"column":30}},"type":"binary-expr","locations":[{"start":{"line":65,"column":12},"end":{"line":65,"column":24}},{"start":{"line":65,"column":28},"end":{"line":65,"column":30}}]},"24":{"loc":{"start":{"line":72,"column":20},"end":{"line":72,"column":39}},"type":"binary-expr","locations":[{"start":{"line":72,"column":20},"end":{"line":72,"column":33}},{"start":{"line":72,"column":37},"end":{"line":72,"column":39}}]},"25":{"loc":{"start":{"line":73,"column":4},"end":{"line":73,"column":39}},"type":"if","locations":[{"start":{"line":73,"column":4},"end":{"line":73,"column":39}},{"start":{},"end":{}}]},"26":{"loc":{"start":{"line":74,"column":4},"end":{"line":78,"column":null}},"type":"if","locations":[{"start":{"line":74,"column":4},"end":{"line":78,"column":null}},{"start":{"line":76,"column":11},"end":{"line":78,"column":null}}]},"27":{"loc":{"start":{"line":75,"column":15},"end":{"line":75,"column":57}},"type":"cond-expr","locations":[{"start":{"line":75,"column":41},"end":{"line":75,"column":50}},{"start":{"line":75,"column":53},"end":{"line":75,"column":57}}]},"28":{"loc":{"start":{"line":86,"column":2},"end":{"line":86,"column":null}},"type":"if","locations":[{"start":{"line":86,"column":2},"end":{"line":86,"column":null}},{"start":{},"end":{}}]},"29":{"loc":{"start":{"line":87,"column":2},"end":{"line":87,"column":null}},"type":"if","locations":[{"start":{"line":87,"column":2},"end":{"line":87,"column":null}},{"start":{},"end":{}}]},"30":{"loc":{"start":{"line":88,"column":2},"end":{"line":88,"column":null}},"type":"if","locations":[{"start":{"line":88,"column":2},"end":{"line":88,"column":null}},{"start":{},"end":{}}]},"31":{"loc":{"start":{"line":89,"column":2},"end":{"line":89,"column":null}},"type":"if","locations":[{"start":{"line":89,"column":2},"end":{"line":89,"column":null}},{"start":{},"end":{}}]},"32":{"loc":{"start":{"line":90,"column":2},"end":{"line":90,"column":null}},"type":"if","locations":[{"start":{"line":90,"column":2},"end":{"line":90,"column":null}},{"start":{},"end":{}}]},"33":{"loc":{"start":{"line":93,"column":2},"end":{"line":93,"column":null}},"type":"if","locations":[{"start":{"line":93,"column":2},"end":{"line":93,"column":null}},{"start":{},"end":{}}]},"34":{"loc":{"start":{"line":95,"column":2},"end":{"line":95,"column":null}},"type":"if","locations":[{"start":{"line":95,"column":2},"end":{"line":95,"column":null}},{"start":{},"end":{}}]},"35":{"loc":{"start":{"line":95,"column":6},"end":{"line":95,"column":43}},"type":"binary-expr","locations":[{"start":{"line":95,"column":6},"end":{"line":95,"column":16}},{"start":{"line":95,"column":20},"end":{"line":95,"column":43}}]},"36":{"loc":{"start":{"line":100,"column":2},"end":{"line":100,"column":null}},"type":"if","locations":[{"start":{"line":100,"column":2},"end":{"line":100,"column":null}},{"start":{},"end":{}}]},"37":{"loc":{"start":{"line":101,"column":2},"end":{"line":108,"column":null}},"type":"switch","locations":[{"start":{"line":102,"column":2},"end":{"line":102,"column":null}},{"start":{"line":103,"column":2},"end":{"line":103,"column":null}},{"start":{"line":104,"column":2},"end":{"line":104,"column":null}},{"start":{"line":105,"column":2},"end":{"line":105,"column":null}},{"start":{"line":106,"column":2},"end":{"line":106,"column":null}},{"start":{"line":107,"column":2},"end":{"line":107,"column":null}}]},"38":{"loc":{"start":{"line":102,"column":25},"end":{"line":102,"column":44}},"type":"binary-expr","locations":[{"start":{"line":102,"column":25},"end":{"line":102,"column":38}},{"start":{"line":102,"column":42},"end":{"line":102,"column":44}}]},"39":{"loc":{"start":{"line":103,"column":22},"end":{"line":103,"column":38}},"type":"binary-expr","locations":[{"start":{"line":103,"column":22},"end":{"line":103,"column":32}},{"start":{"line":103,"column":36},"end":{"line":103,"column":38}}]},"40":{"loc":{"start":{"line":104,"column":25},"end":{"line":104,"column":44}},"type":"binary-expr","locations":[{"start":{"line":104,"column":25},"end":{"line":104,"column":38}},{"start":{"line":104,"column":42},"end":{"line":104,"column":44}}]},"41":{"loc":{"start":{"line":105,"column":24},"end":{"line":105,"column":42}},"type":"binary-expr","locations":[{"start":{"line":105,"column":24},"end":{"line":105,"column":36}},{"start":{"line":105,"column":40},"end":{"line":105,"column":42}}]},"42":{"loc":{"start":{"line":106,"column":24},"end":{"line":106,"column":42}},"type":"binary-expr","locations":[{"start":{"line":106,"column":24},"end":{"line":106,"column":36}},{"start":{"line":106,"column":40},"end":{"line":106,"column":42}}]},"43":{"loc":{"start":{"line":112,"column":46},"end":{"line":112,"column":76}},"type":"binary-expr","locations":[{"start":{"line":112,"column":46},"end":{"line":112,"column":62}},{"start":{"line":112,"column":66},"end":{"line":112,"column":76}}]},"44":{"loc":{"start":{"line":113,"column":2},"end":{"line":120,"column":null}},"type":"switch","locations":[{"start":{"line":114,"column":2},"end":{"line":114,"column":null}},{"start":{"line":115,"column":2},"end":{"line":115,"column":null}},{"start":{"line":116,"column":2},"end":{"line":116,"column":null}},{"start":{"line":117,"column":2},"end":{"line":117,"column":null}},{"start":{"line":118,"column":2},"end":{"line":118,"column":null}},{"start":{"line":119,"column":2},"end":{"line":119,"column":null}}]},"45":{"loc":{"start":{"line":124,"column":23},"end":{"line":124,"column":33}},"type":"binary-expr","locations":[{"start":{"line":124,"column":23},"end":{"line":124,"column":27}},{"start":{"line":124,"column":31},"end":{"line":124,"column":33}}]},"46":{"loc":{"start":{"line":127,"column":2},"end":{"line":127,"column":null}},"type":"if","locations":[{"start":{"line":127,"column":2},"end":{"line":127,"column":null}},{"start":{},"end":{}}]},"47":{"loc":{"start":{"line":128,"column":2},"end":{"line":130,"column":null}},"type":"if","locations":[{"start":{"line":128,"column":2},"end":{"line":130,"column":null}},{"start":{},"end":{}}]},"48":{"loc":{"start":{"line":132,"column":2},"end":{"line":132,"column":null}},"type":"if","locations":[{"start":{"line":132,"column":2},"end":{"line":132,"column":null}},{"start":{},"end":{}}]},"49":{"loc":{"start":{"line":132,"column":6},"end":{"line":132,"column":70}},"type":"binary-expr","locations":[{"start":{"line":132,"column":6},"end":{"line":132,"column":30}},{"start":{"line":132,"column":34},"end":{"line":132,"column":43}},{"start":{"line":132,"column":47},"end":{"line":132,"column":70}}]},"50":{"loc":{"start":{"line":144,"column":2},"end":{"line":144,"column":null}},"type":"if","locations":[{"start":{"line":144,"column":2},"end":{"line":144,"column":null}},{"start":{},"end":{}}]},"51":{"loc":{"start":{"line":144,"column":6},"end":{"line":144,"column":20}},"type":"binary-expr","locations":[{"start":{"line":144,"column":6},"end":{"line":144,"column":11}},{"start":{"line":144,"column":15},"end":{"line":144,"column":20}}]},"52":{"loc":{"start":{"line":152,"column":2},"end":{"line":167,"column":null}},"type":"if","locations":[{"start":{"line":152,"column":2},"end":{"line":167,"column":null}},{"start":{},"end":{}}]},"53":{"loc":{"start":{"line":152,"column":6},"end":{"line":152,"column":50}},"type":"binary-expr","locations":[{"start":{"line":152,"column":6},"end":{"line":152,"column":31}},{"start":{"line":152,"column":35},"end":{"line":152,"column":50}}]},"54":{"loc":{"start":{"line":153,"column":20},"end":{"line":153,"column":46}},"type":"binary-expr","locations":[{"start":{"line":153,"column":20},"end":{"line":153,"column":40}},{"start":{"line":153,"column":44},"end":{"line":153,"column":46}}]},"55":{"loc":{"start":{"line":158,"column":26},"end":{"line":158,"column":44}},"type":"binary-expr","locations":[{"start":{"line":158,"column":26},"end":{"line":158,"column":36}},{"start":{"line":158,"column":40},"end":{"line":158,"column":44}}]},"56":{"loc":{"start":{"line":160,"column":14},"end":{"line":160,"column":36}},"type":"binary-expr","locations":[{"start":{"line":160,"column":14},"end":{"line":160,"column":30}},{"start":{"line":160,"column":34},"end":{"line":160,"column":36}}]},"57":{"loc":{"start":{"line":161,"column":24},"end":{"line":161,"column":44}},"type":"binary-expr","locations":[{"start":{"line":161,"column":24},"end":{"line":161,"column":36}},{"start":{"line":161,"column":40},"end":{"line":161,"column":44}}]},"58":{"loc":{"start":{"line":170,"column":2},"end":{"line":170,"column":null}},"type":"if","locations":[{"start":{"line":170,"column":2},"end":{"line":170,"column":null}},{"start":{},"end":{}}]},"59":{"loc":{"start":{"line":173,"column":18},"end":{"line":173,"column":44}},"type":"binary-expr","locations":[{"start":{"line":173,"column":18},"end":{"line":173,"column":38}},{"start":{"line":173,"column":42},"end":{"line":173,"column":44}}]},"60":{"loc":{"start":{"line":175,"column":4},"end":{"line":183,"column":5}},"type":"if","locations":[{"start":{"line":175,"column":4},"end":{"line":183,"column":5}},{"start":{},"end":{}}]},"61":{"loc":{"start":{"line":182,"column":6},"end":{"line":182,"column":28}},"type":"if","locations":[{"start":{"line":182,"column":6},"end":{"line":182,"column":28}},{"start":{},"end":{}}]},"62":{"loc":{"start":{"line":194,"column":19},"end":{"line":194,"column":83}},"type":"cond-expr","locations":[{"start":{"line":194,"column":51},"end":{"line":194,"column":69}},{"start":{"line":194,"column":72},"end":{"line":194,"column":83}}]},"63":{"loc":{"start":{"line":199,"column":2},"end":{"line":199,"column":35}},"type":"if","locations":[{"start":{"line":199,"column":2},"end":{"line":199,"column":35}},{"start":{},"end":{}}]},"64":{"loc":{"start":{"line":204,"column":21},"end":{"line":204,"column":42}},"type":"binary-expr","locations":[{"start":{"line":204,"column":21},"end":{"line":204,"column":37}},{"start":{"line":204,"column":41},"end":{"line":204,"column":42}}]},"65":{"loc":{"start":{"line":205,"column":28},"end":{"line":205,"column":56}},"type":"binary-expr","locations":[{"start":{"line":205,"column":28},"end":{"line":205,"column":51}},{"start":{"line":205,"column":55},"end":{"line":205,"column":56}}]},"66":{"loc":{"start":{"line":206,"column":22},"end":{"line":206,"column":40}},"type":"binary-expr","locations":[{"start":{"line":206,"column":22},"end":{"line":206,"column":32}},{"start":{"line":206,"column":36},"end":{"line":206,"column":40}}]},"67":{"loc":{"start":{"line":208,"column":10},"end":{"line":208,"column":32}},"type":"binary-expr","locations":[{"start":{"line":208,"column":10},"end":{"line":208,"column":26}},{"start":{"line":208,"column":30},"end":{"line":208,"column":32}}]},"68":{"loc":{"start":{"line":209,"column":20},"end":{"line":209,"column":40}},"type":"binary-expr","locations":[{"start":{"line":209,"column":20},"end":{"line":209,"column":32}},{"start":{"line":209,"column":36},"end":{"line":209,"column":40}}]},"69":{"loc":{"start":{"line":211,"column":16},"end":{"line":211,"column":48}},"type":"binary-expr","locations":[{"start":{"line":211,"column":16},"end":{"line":211,"column":32}},{"start":{"line":211,"column":36},"end":{"line":211,"column":48}}]},"70":{"loc":{"start":{"line":215,"column":2},"end":{"line":218,"column":3}},"type":"if","locations":[{"start":{"line":215,"column":2},"end":{"line":218,"column":3}},{"start":{},"end":{}}]},"71":{"loc":{"start":{"line":234,"column":2},"end":{"line":234,"column":25}},"type":"if","locations":[{"start":{"line":234,"column":2},"end":{"line":234,"column":25}},{"start":{},"end":{}}]},"72":{"loc":{"start":{"line":235,"column":9},"end":{"line":235,"column":21}},"type":"binary-expr","locations":[{"start":{"line":235,"column":9},"end":{"line":235,"column":13}},{"start":{"line":235,"column":17},"end":{"line":235,"column":21}}]},"73":{"loc":{"start":{"line":244,"column":2},"end":{"line":244,"column":25}},"type":"if","locations":[{"start":{"line":244,"column":2},"end":{"line":244,"column":25}},{"start":{},"end":{}}]},"74":{"loc":{"start":{"line":245,"column":9},"end":{"line":245,"column":21}},"type":"binary-expr","locations":[{"start":{"line":245,"column":9},"end":{"line":245,"column":13}},{"start":{"line":245,"column":17},"end":{"line":245,"column":21}}]},"75":{"loc":{"start":{"line":254,"column":9},"end":{"line":254,"column":48}},"type":"binary-expr","locations":[{"start":{"line":254,"column":9},"end":{"line":254,"column":28}},{"start":{"line":254,"column":32},"end":{"line":254,"column":48}}]},"76":{"loc":{"start":{"line":261,"column":2},"end":{"line":261,"column":42}},"type":"if","locations":[{"start":{"line":261,"column":2},"end":{"line":261,"colu
[...]
"end":{"line":57,"column":31}},"31":{"start":{"line":58,"column":2},"end":{"line":58,"column":30}},"32":{"start":{"line":58,"column":21},"end":{"line":58,"column":30}},"33":{"start":{"line":59,"column":2},"end":{"line":59,"column":31}},"34":{"start":{"line":59,"column":21},"end":{"line":59,"column":31}},"35":{"start":{"line":60,"column":2},"end":{"line":60,"column":16}},"36":{"start":{"line":64,"column":14},"end":{"line":64,"column":31}},"37":{"start":{"line":65,"column":2},"end":{"line":65,"column":69}},"38":{"start":{"line":65,"column":56},"end":{"line":65,"column":69}},"39":{"start":{"line":67,"column":19},"end":{"line":67,"column":42}},"40":{"start":{"line":68,"column":21},"end":{"line":68,"column":35}},"41":{"start":{"line":69,"column":2},"end":{"line":69,"column":50}},"42":{"start":{"line":69,"column":37},"end":{"line":69,"column":50}},"43":{"start":{"line":71,"column":2},"end":{"line":73,"column":3}},"44":{"start":{"line":72,"column":4},"end":{"line":72,"column":43}},"45":{"start":{"line":75,"column":2},"end":{"line":78,"column":3}},"46":{"start":{"line":76,"column":23},"end":{"line":76,"column":67}},"47":{"start":{"line":77,"column":4},"end":{"line":77,"column":41}},"48":{"start":{"line":80,"column":2},"end":{"line":83,"column":3}},"49":{"start":{"line":81,"column":23},"end":{"line":81,"column":70}},"50":{"start":{"line":82,"column":4},"end":{"line":82,"column":41}},"51":{"start":{"line":85,"column":2},"end":{"line":85,"column":15}},"52":{"start":{"line":89,"column":17},"end":{"line":89,"column":34}},"53":{"start":{"line":90,"column":2},"end":{"line":90,"column":32}},"54":{"start":{"line":90,"column":15},"end":{"line":90,"column":32}},"55":{"start":{"line":91,"column":2},"end":{"line":91,"column":54}},"56":{"start":{"line":91,"column":31},"end":{"line":91,"column":54}},"57":{"start":{"line":92,"column":2},"end":{"line":92,"column":46}},"58":{"start":{"line":92,"column":32},"end":{"line":92,"column":46}},"59":{"start":{"line":93,"column":2},"end":{"line":93,"column":85}},"60":{"start":{"line":93,"column":54},"end":{"line":93,"column":85}},"61":{"start":{"line":94,"column":2},"end":{"line":94,"column":16}},"62":{"start":{"line":97,"column":21},"end":{"line":104,"column":3}},"63":{"start":{"line":98,"column":2},"end":{"line":104,"column":3}},"64":{"start":{"line":106,"column":21},"end":{"line":110,"column":3}},"65":{"start":{"line":107,"column":2},"end":{"line":110,"column":3}},"66":{"start":{"line":112,"column":20},"end":{"line":117,"column":13}},"67":{"start":{"line":114,"column":19},"end":{"line":114,"column":34}},"68":{"start":{"line":115,"column":4},"end":{"line":115,"column":31}},"69":{"start":{"line":119,"column":28},"end":{"line":125,"column":1}},"70":{"start":{"line":127,"column":28},"end":{"line":134,"column":1}},"71":{"start":{"line":136,"column":18},"end":{"line":141,"column":1}},"72":{"start":{"line":140,"column":30},"end":{"line":140,"column":55}},"73":{"start":{"line":143,"column":23},"end":{"line":148,"column":1}},"74":{"start":{"line":147,"column":30},"end":{"line":147,"column":79}},"75":{"start":{"line":150,"column":20},"end":{"line":158,"column":3}},"76":{"start":{"line":151,"column":2},"end":{"line":158,"column":3}},"77":{"start":{"line":160,"column":13},"end":{"line":164,"column":3}},"78":{"start":{"line":161,"column":2},"end":{"line":164,"column":3}},"79":{"start":{"line":166,"column":23},"end":{"line":174,"column":3}},"80":{"start":{"line":167,"column":2},"end":{"line":174,"column":3}},"81":{"start":{"line":176,"column":25},"end":{"line":184,"column":3}},"82":{"start":{"line":177,"column":2},"end":{"line":184,"column":3}},"83":{"start":{"line":186,"column":22},"end":{"line":190,"column":15}},"84":{"start":{"line":187,"column":2},"end":{"line":187,"column":36}},"85":{"start":{"line":187,"column":24},"end":{"line":187,"column":36}},"86":{"start":{"line":188,"column":2},"end":{"line":188,"column":38}},"87":{"start":{"line":188,"column":25},"end":{"line":188,"column":38}},"88":{"start":{"line":189,"column":2},"end":{"line":189,"column":15}},"89":{"start":{"line":192,"column":16},"end":{"line":194,"column":13}},"90":{"start":{"line":196,"column":29},"end":{"line":199,"column":80}},"91":{"start":{"line":197,"column":2},"end":{"line":197,"column":32}},"92":{"start":{"line":197,"column":20},"end":{"line":197,"column":32}},"93":{"start":{"line":198,"column":2},"end":{"line":198,"column":15}},"94":{"start":{"line":201,"column":21},"end":{"line":208,"column":1}},"95":{"start":{"line":205,"column":22},"end":{"line":205,"column":61}},"96":{"start":{"line":210,"column":26},"end":{"line":215,"column":2}},"97":{"start":{"line":217,"column":26},"end":{"line":219,"column":64}},"98":{"start":{"line":221,"column":16},"end":{"line":366,"column":1}},"99":{"start":{"line":369,"column":18},"end":{"line":374,"column":4}},"100":{"start":{"line":370,"column":4},"end":{"line":373,"column":6}},"101":{"start":{"line":375,"column":2},"end":{"line":378,"column":4}},"102":{"start":{"line":382,"column":17},"end":{"line":382,"column":45}},"103":{"start":{"line":383,"column":2},"end":{"line":383,"column":41}},"104":{"start":{"line":383,"column":22},"end":{"line":383,"column":41}},"105":{"start":{"line":384,"column":16},"end":{"line":384,"column":68}},"106":{"start":{"line":385,"column":2},"end":{"line":385,"column":21}},"107":{"start":{"line":386,"column":2},"end":{"line":386,"column":54}},"108":{"start":{"line":387,"column":2},"end":{"line":387,"column":14}},"109":{"start":{"line":391,"column":2},"end":{"line":394,"column":3}},"110":{"start":{"line":392,"column":4},"end":{"line":392,"column":40}},"111":{"start":{"line":393,"column":4},"end":{"line":393,"column":16}},"112":{"start":{"line":395,"column":2},"end":{"line":395,"column":15}},"113":{"start":{"line":398,"column":0},"end":{"line":408,"column":2}}},"fnMap":{"0":{"name":"onlyDigits","decl":{"start":{"line":15,"column":9},"end":{"line":15,"column":19}},"loc":{"start":{"line":15,"column":27},"end":{"line":17,"column":1}}},"1":{"name":"trimToUndefined","decl":{"start":{"line":19,"column":9},"end":{"line":19,"column":24}},"loc":{"start":{"line":19,"column":32},"end":{"line":23,"column":1}}},"2":{"name":"normalizeEmail","decl":{"start":{"line":25,"column":9},"end":{"line":25,"column":23}},"loc":{"start":{"line":25,"column":31},"end":{"line":28,"column":1}}},"3":{"name":"toNumber","decl":{"start":{"line":30,"column":9},"end":{"line":30,"column":17}},"loc":{"start":{"line":30,"column":25},"end":{"line":33,"column":1}}},"4":{"name":"isValidCedula","decl":{"start":{"line":35,"column":9},"end":{"line":35,"column":22}},"loc":{"start":{"line":35,"column":30},"end":{"line":52,"column":1}}},"5":{"name":"(anonymous_5)","decl":{"start":{"line":44,"column":34},"end":{"line":44,"column":35}},"loc":{"start":{"line":44,"column":65},"end":{"line":48,"column":3}}},"6":{"name":"modulo11Digit","decl":{"start":{"line":54,"column":9},"end":{"line":54,"column":22}},"loc":{"start":{"line":54,"column":45},"end":{"line":61,"column":1}}},"7":{"name":"(anonymous_7)","decl":{"start":{"line":55,"column":34},"end":{"line":55,"column":35}},"loc":{"start":{"line":55,"column":65},"end":{"line":55,"column":108}}},"8":{"name":"isValidRuc","decl":{"start":{"line":63,"column":9},"end":{"line":63,"column":19}},"loc":{"start":{"line":63,"column":27},"end":{"line":86,"column":1}}},"9":{"name":"normalizePhone","decl":{"start":{"line":88,"column":9},"end":{"line":88,"column":23}},"loc":{"start":{"line":88,"column":31},"end":{"line":95,"column":1}}},"10":{"name":"(anonymous_10)","decl":{"start":{"line":97,"column":21},"end":{"line":97,"column":22}},"loc":{"start":{"line":98,"column":2},"end":{"line":104,"column":3}}},"11":{"name":"(anonymous_11)","decl":{"start":{"line":106,"column":21},"end":{"line":106,"column":22}},"loc":{"start":{"line":107,"column":2},"end":{"line":110,"column":3}}},"12":{"name":"(anonymous_12)","decl":{"start":{"line":113,"column":14},"end":{"line":113,"column":22}},"loc":{"start":{"line":113,"column":28},"end":{"line":116,"column":3}}},"13":{"name":"(anonymous_13)","decl":{"start":{"line":140,"column":12},"end":{"line":140,"column":20}},"loc":{"start":{"line":140,"column":28},"end":{"line":140,"column":57}}},"14":{"name":"(anonymous_14)","decl":{"start":{"line":147,"column":12},"end":{"line":147,"column":20}},"loc":{"start":{"line":147,"column":28},"end":{"line":147,"column":81}}},"15":{"name":"(anonymous_15)","decl":{"start":{"line":150,"column":20},"end":{"line":150,"column":21}},"loc":{"start":{"line":151,"column":2},"end":{"line":158,"column":3}}},"16":{"name":"(anonymous_16)","decl":{"start":{"line":160,"column":13},"end":{"line":160,"column":14}},"loc":{"start":{"line":161,"column":2},"end":{"line":164,"column":3}}},"17":{"name":"(anonymous_17)","decl":{"start":{"line":166,"column":23},"end":{"line":166,"column":24}},"loc":{"start":{"line":167,"column":2},"end":{"line":174,"column":3}}},"18":{"name":"(anonymous_18)","decl":{"start":{"line":176,"column":25},"end":{"line":176,"column":26}},"loc":{"start":{"line":177,"column":2},"end":{"line":184,"column":3}}},"19":{"name":"(anonymous_19)","decl":{"start":{"line":186,"column":35},"end":{"line":186,"column":43}},"loc":{"start":{"line":186,"column":51},"end":{"line":190,"column":1}}},"20":{"name":"(anonymous_20)","decl":{"start":{"line":196,"column":42},"end":{"line":196,"column":50}},"loc":{"start":{"line":196,"column":58},"end":{"line":199,"column":1}}},"21":{"name":"(anonymous_21)","decl":{"start":{"line":205,"column":4},"end":{"line":205,"column":12}},"loc":{"start":{"line":205,"column":20},"end":{"line":205,"column":63}}},"22":{"name":"formatValidationError","decl":{"start":{"line":368,"column":9},"end":{"line":368,"column":30}},"loc":{"start":{"line":368,"column":38},"end":{"line":379,"column":1}}},"23":{"name":"(anonymous_23)","decl":{"start":{"line":369,"column":35},"end":{"line":369,"column":43}},"loc":{"start":{"line":369,"column":51},"end":{"line":374,"column":3}}},"24":{"name":"parseBody","decl":{"start":{"line":381,"column":9},"end":{"line":381,"column":18}},"loc":{"start":{"line":381,"column":33},"end":{"line":388,"column":1}}},"25":{"name":"sendValidationError","decl":{"start":{"line":390,"column":9},"end":{"line":390,"column":28}},"loc":{"start":{"line":390,"column":41},"end":{"line":396,"column":1}}}},"branchMap":{"0":{"loc":{"start":{"line":16,"column":16},"end":{"line":16,"column":27}},"type":"binary-expr","locations":[{"start":{"line":16,"column":16},"end":{"line":16,"column":21}},{"start":{"line":16,"column":25},"end":{"line":16,"column":27}}]},"1":{"loc":{"start":{"line":20,"column":2},"end":{"line":20,"column":62}},"type":"if","locations":[{"start":{"line":20,"column":2},"end":{"line":20,"column":62}},{"start":{},"end":{}}]},"2":{"loc":{"start":{"line":20,"column":6},"end":{"line":20,"column":43}},"type":"binary-expr","locations":[{"start":{"line":20,"column":6},"end":{"line":20,"column":25}},{"start":{"line":20,"column":29},"end":{"line":20,"column":43}}]},"3":{"loc":{"start":{"line":22,"column":9},"end":{"line":22,"column":26}},"type":"binary-expr","locations":[{"start":{"line":22,"column":9},"end":{"line":22,"column":13}},{"start":{"line":22,"column":17},"end":{"line":22,"column":26}}]},"4":{"loc":{"start":{"line":27,"column":9},"end":{"line":27,"column":48}},"type":"cond-expr","locations":[{"start":{"line":27,"column":17},"end":{"line":27,"column":36}},{"start":{"line":27,"column":39},"end":{"line":27,"column":48}}]},"5":{"loc":{"start":{"line":31,"column":2},"end":{"line":31,"column":78}},"type":"if","locations":[{"start":{"line":31,"column":2},"end":{"line":31,"column":78}},{"start":{},"end":{}}]},"6":{"loc":{"start":{"line":31,"column":6},"end":{"line":31,"column":59}},"type":"binary-expr","locations":[{"start":{"line":31,"column":6},"end":{"line":31,"column":18}},{"start":{"line":31,"column":22},"end":{"line":31,"column":36}},{"start":{"line":31,"column":40},"end":{"line":31,"column":59}}]},"7":{"loc":{"start":{"line":37,"column":2},"end":{"line":37,"column":45}},"type":"if","locations":[{"start":{"line":37,"column":2},"end":{"line":37,"column":45}},{"start":{},"end":{}}]},"8":{"loc":{"start":{"line":41,"column":2},"end":{"line":41,"column":68}},"type":"if","locations":[{"start":{"line":41,"column":2},"end":{"line":41,"column":68}},{"start":{},"end":{}}]},"9":{"loc":{"start":{"line":41,"column":6},"end":{"line":41,"column":53}},"type":"binary-expr","locations":[{"start":{"line":41,"column":6},"end":{"line":41,"column":18}},{"start":{"line":41,"column":22},"end":{"line":41,"column":35}},{"start":{"line":41,"column":39},"end":{"line":41,"column":53}}]},"10":{"loc":{"start":{"line":46,"column":4},"end":{"line":46,"column":46}},"type":"if","locations":[{"start":{"line":46,"column":4},"end":{"line":46,"column":46}},{"start":{},"end":{}}]},"11":{"loc":{"start":{"line":58,"column":2},"end":{"line":58,"column":30}},"type":"if","locations":[{"start":{"line":58,"column":2},"end":{"line":58,"column":30}},{"start":{},"end":{}}]},"12":{"loc":{"start":{"line":59,"column":2},"end":{"line":59,"column":31}},"type":"if","locations":[{"start":{"line":59,"column":2},"end":{"line":59,"column":31}},{"start":{},"end":{}}]},"13":{"loc":{"start":{"line":65,"column":2},"end":{"line":65,"column":69}},"type":"if","locations":[{"start":{"line":65,"column":2},"end":{"line":65,"column":69}},{"start":{},"end":{}}]},"14":{"loc":{"start":{"line":65,"column":6},"end":{"line":65,"column":54}},"type":"binary-expr","locations":[{"start":{"line":65,"column":6},"end":{"line":65,"column":27}},{"start":{"line":65,"column":31},"end":{"line":65,"column":54}}]},"15":{"loc":{"start":{"line":69,"column":2},"end":{"line":69,"column":50}},"type":"if","locations":[{"start":{"line":69,"column":2},"end":{"line":69,"column":50}},{"start":{},"end":{}}]},"16":{"loc":{"start":{"line":69,"column":6},"end":{"line":69,"column":35}},"type":"binary-expr","locations":[{"start":{"line":69,"column":6},"end":{"line":69,"column":18}},{"start":{"line":69,"column":22},"end":{"line":69,"column":35}}]},"17":{"loc":{"start":{"line":71,"column":2},"end":{"line":73,"column":3}},"type":"if","locations":[{"start":{"line":71,"column":2},"end":{"line":73,"column":3}},{"start":{},"end":{}}]},"18":{"loc":{"start":{"line":75,"column":2},"end":{"line":78,"column":3}},"type":"if","locations":[{"start":{"line":75,"column":2},"end":{"line":78,"column":3}},{"start":{},"end":{}}]},"19":{"loc":{"start":{"line":80,"column":2},"end":{"line":83,"column":3}},"type":"if","locations":[{"start":{"line":80,"column":2},"end":{"line":83,"column":3}},{"start":{},"end":{}}]},"20":{"loc":{"start":{"line":90,"column":2},"end":{"line":90,"column":32}},"type":"if","locations":[{"start":{"line":90,"column":2},"end":{"line":90,"column":32}},{"start":{},"end":{}}]},"21":{"loc":{"start":{"line":91,"column":2},"end":{"line":91,"column":54}},"type":"if","locations":[{"start":{"line":91,"column":2},"end":{"line":91,"column":54}},{"start":{},"end":{}}]},"22":{"loc":{"start":{"line":92,"column":2},"end":{"line":92,"column":46}},"type":"if","locations":[{"start":{"line":92,"column":2},"end":{"line":92,"column":46}},{"start":{},"end":{}}]},"23":{"loc":{"start":{"line":93,"column":2},"end":{"line":93,"column":85}},"type":"if","locations":[{"start":{"line":93,"column":2},"end":{"line":93,"column":85}},{"start":{},"end":{}}]},"24":{"loc":{"start":{"line":93,"column":6},"end":{"line":93,"column":52}},"type":"binary-expr","locations":[{"start":{"line":93,"column":6},"end":{"line":93,"column":26}},{"start":{"line":93,"column":30},"end":{"line":93,"column":52}}]},"25":{"loc":{"start":{"line":115,"column":11},"end":{"line":115,"column":30}},"type":"binary-expr","locations":[{"start":{"line":115,"column":11},"end":{"line":115,"column":17}},{"start":{"line":115,"column":21},"end":{"line":115,"column":30}}]},"26":{"loc":{"start":{"line":147,"column":37},"end":{"line":147,"column":78}},"type":"binary-expr","locations":[{"start":{"line":147,"column":37},"end":{"line":147,"column":57}},{"start":{"line":147,"column":61},"end":{"line":147,"column":78}}]},"27":{"loc":{"start":{"line":150,"column":28},"end":{"line":150,"column":41}},"type":"default-arg","locations":[{"start":{"line":150,"column":34},"end":{"line":150,"column":41}}]},"28":{"loc":{"start":{"line":166,"column":31},"end":{"line":166,"column":44}},"type":"default-arg","locations":[{"start":{"line":166,"column":37},"end":{"line":166,"column":44}}]},"29":{"loc":{"start":{"line":176,"column":33},"end":{"line":176,"column":45}},"type":"default-arg","locations":[{"start":{"line":176,"column":39},"end":{"line":176,"column":45}}]},"30":{"loc":{"start":{"line":187,"column":2},"end":{"line":187,"column":36}},"type":"if","locations":[{"start":{"line":187,"column":2},"end":{"line":187,"column":36}},{"start":{},"end":{}}]},"31":{"loc":{"start":{"line":188,"column":2},"end":{"line":188,"column":38}},"type":"if","locations":[{"start":{"line":188,"column":2},"end":{"line":188,"column":38}},{"start":{},"end":{}}]},"32":{"loc":{"start":{"line":197,"column":2},"end":{"line":197,"column":32}},"type":"if","locations":[{"start":{"line":197,"column":2},"end":{"line":197,"column":32}},{"start":{},"end":{}}]},"33":{"loc":{"start":{"line":371,"column":13},"end":{"line":371,"column":43}},"type":"binary-expr","locations":[{"start":{"line":371,"column":13},"end":{"line":371,"column":33}},{"start":{"line":371,"column":37},"end":{"line":371,"column":43}}]},"34":{"loc":{"start":{"line":376,"column":11},"end":{"line":376,"column":52}},"type":"binary-expr","locations":[{"start":{"line":376,"column":11},"end":{"line":376,"column":30}},{"start":{"line":376,"column":34},"end":{"line":376,"column":52}}]},"35":{"loc":{"start":{"line":382,"column":34},"end":{"line":382,"column":44}},"type":"binary-expr","locations":[{"start":{"line":382,"column":34},"end":{"line":382,"column":38}},{"start":{"line":382,"column":42},"end":{"line":382,"column":44}}]},"36":{"loc":{"start":{"line":383,"column":2},"end":{"line":383,"column":41}},"type":"if","locations":[{"start":{"line":383,"column":2},"end":{"line":383,"column":41}},{"start":{},"end":{}}]},"37":{"loc":{"start":{"line":391,"column":2},"end":{"line":394,"column":3}},"type":"if","locations":[{"start":{"line":391,"column":2},"end":{"line":394,"column":3}},{"start":{},"end":{}}]},"38":{"loc":{"start":{"line":391,"column":6},"end":{"line":391,"column":44}},"type":"binary-expr","locations":[{"start":{"line":391,"column":6},"end":{"line":391,"column":27}},{"start":{"line":391,"column":31},"end":{"line":391,"column":44}}]}},"s":{"0":1,"1":1,"2":40,"3":44,"4":12,"5":32,"6":32,"7":5,"8":5,"9":20,"10":3,"11":17,"12":11,"13":11,"14":1,"15":10,"16":10,"17":10,"18":3,"19":7,"20":7,"21":63,"22":63,"23":4,"24":63,"25":7,"26":7,"27":6,"28":52,"29":6,"30":6,"31":6,"32":1,"33":5,"34":1,"35":4,"36":14,"37":14,"38":3,"39":11,"40":11,"41":11,"42":1,"43":10,"44":3,"45":7,"46":2,"47":2,"48":5,"49":4,"50":4,"51":1,"52":7,"53":7,"54":2,"55":5,"56":1,"57":4,"58":2,"59":2,"60":1,"61":1,"62":1,"63":19,"64":1,"65":12,"66":1,"67":3,"68":3,"69":1,"70":1,"71":1,"72":1,"73":1,"74":2,"75":1,"76":15,"77":1,"78":2,"79":1,"80":2,"81":1,"82":4,"83":1,"84":4,"85":2,"86":2,"87":2,"88":0,"89":1,"90":1,"91":2,"92":1,"93":1,"94":1,"95":1,"96":1,"97":1,"98":1,"99":12,"100":16,"101":12,"102":23,"103":23,"104":17,"105":6,"106":6,"107":6,"108":6,"109":4,"110":1,"111":1,"112":3,"113":1},"f":{"0":40,"1":44,"2":5,"3":20,"4":11,"5":63,"6":6,"7":52,"8":14,"9":7,"10":19,"11":12,"12":3,"13":1,"14":2,"15":15,"16":2,"17":2,"18":4,"19":4,"20":2,"21":1,"22":12,"23":16,"24":23,"25":4},"b":{"0":[40,7],"1":[12,32],"2":[44,33],"3":[32,3],"4":[2,3],"5":[3,17],"6":[20,20,20],"7":[1,10],"8":[3,7],"9":[10,9,8],"10":[4,59],"11":[1,5],"12":[1,4],"13":[3,11],"14":[14,12],"15":[1,10],"16":[11,11],"17":[3,7],"18":[2,5],"19":[4,1],"20":[2,5],"21":[1,4],"22":[2,2],"23":[1,1],"24":[2,1],"25":[3,1],"26":[2,1],"27":[13],"28":[0],"29":[4],"30":[2,2],"31":[2,0],"32":[1,1],"33":[16,4],"34":[12,0],"35":[23,0],"36":[17,6],"37":[1,3],"38":[4,2]}}
}
