TN:
SF:src\config\supabase.js
FN:23,(anonymous_0)
FNF:1
FNH:0
FNDA:0,(anonymous_0)
DA:1,8
DA:3,8
DA:4,8
DA:6,8
DA:7,0
DA:11,8
DA:23,8
DA:24,0
DA:32,8
LF:9
LH:7
BRDA:6,0,0,0
BRDA:6,0,1,8
BRDA:6,1,0,8
BRDA:6,1,1,8
BRF:4
BRH:3
end_of_record
TN:
SF:src\functions\internalApi.js
FN:6,(anonymous_0)
FN:16,(anonymous_1)
FN:33,(anonymous_2)
FN:50,(anonymous_3)
FN:67,(anonymous_4)
FNF:5
FNH:5
FNDA:8,(anonymous_0)
FNDA:3,(anonymous_1)
FNDA:2,(anonymous_2)
FNDA:2,(anonymous_3)
FNDA:1,(anonymous_4)
DA:1,1
DA:2,1
DA:3,1
DA:6,1
DA:7,8
DA:8,8
DA:9,8
DA:12,1
DA:17,3
DA:18,2
DA:19,2
DA:20,2
DA:21,1
DA:23,1
DA:24,1
DA:29,1
DA:34,2
DA:35,2
DA:36,2
DA:37,2
DA:38,1
DA:40,1
DA:41,1
DA:46,1
DA:51,2
DA:52,2
DA:53,2
DA:54,2
DA:55,1
DA:57,1
DA:58,1
DA:63,1
DA:68,1
DA:69,1
LF:34
LH:34
BRDA:7,0,0,8
BRDA:7,0,1,0
BRDA:17,1,0,1
BRDA:17,1,1,2
BRDA:34,2,0,0
BRDA:34,2,1,2
BRDA:51,3,0,0
BRDA:51,3,1,2
BRDA:68,4,0,0
BRDA:68,4,1,1
BRF:10
BRH:6
end_of_record
TN:
SF:src\functions\telegramRoutes.js
FN:13,(anonymous_0)
FN:20,(anonymous_1)
FN:46,(anonymous_2)
FN:53,(anonymous_3)
FNF:4
FNH:1
FNDA:0,(anonymous_0)
FNDA:0,(anonymous_1)
FNDA:0,(anonymous_2)
FNDA:17,(anonymous_3)
DA:1,1
DA:2,1
DA:3,1
DA:4,1
DA:5,1
DA:6,1
DA:7,1
DA:8,1
DA:9,1
DA:11,1
DA:13,1
DA:14,0
DA:20,1
DA:21,0
DA:22,0
DA:32,6
DA:33,6
DA:43,10
DA:46,10
DA:47,1
DA:48,0
DA:49,0
DA:50,0
DA:53,1
DA:54,17
DA:55,17
DA:56,12
DA:58,5
DA:59,0
DA:60,0
DA:61,0
DA:64,14
DA:65,14
DA:66,3
DA:68,1
DA:69,13
DA:70,13
DA:73,13
DA:74,13
DA:75,12
DA:76,1
DA:77,1
DA:83,1
DA:87,1
DA:88,1
DA:94,1
DA:96,1
DA:97,1
DA:103,0
DA:105,0
DA:106,0
DA:112,0
DA:115,0
DA:121,0
DA:124,0
DA:125,2
DA:126,2
DA:127,0
DA:129,9
DA:130,9
DA:131,9
DA:133,9
DA:134,1
DA:135,8
DA:138,8
DA:139,1
DA:140,1
DA:147,0
DA:149,0
DA:150,0
DA:152,6
DA:153,0
DA:159,0
DA:161,0
DA:162,0
DA:163,0
DA:166,0
DA:167,0
DA:168,0
DA:169,0
DA:171,5
DA:172,1
DA:174,0
DA:177,0
DA:178,1
DA:179,1
DA:180,0
DA:182,0
DA:183,0
DA:184,0
DA:185,0
DA:186,1
DA:188,1
DA:189,1
DA:190,0
DA:193,0
DA:194,1
DA:195,1
DA:196,0
DA:198,0
DA:199,0
DA:200,0
DA:202,0
DA:203,0
DA:204,0
DA:205,1
DA:208,0
DA:209,0
DA:210,1
DA:211,1
DA:212,1
DA:213,0
DA:214,0
DA:216,0
DA:217,0
DA:220,0
DA:223,0
DA:224,1
DA:225,3
DA:228,2
DA:232,1
DA:233,1
DA:234,1
DA:236,1
DA:237,1
DA:238,1
DA:240,0
DA:250,0
DA:252,0
DA:256,0
DA:257,0
LF:131
LH:73
BRDA:14,0,0,0
BRDA:14,0,1,0
BRDA:21,1,0,0
BRDA:21,1,1,0
BRDA:32,2,0,6
BRDA:32,2,1,0
BRDA:36,3,0,6
BRDA:36,3,1,6
BRDA:47,4,0,0
BRDA:47,4,1,0
BRDA:48,5,0,0
BRDA:48,5,1,0
BRDA:50,6,0,0
BRDA:50,6,1,2
BRDA:55,7,0,12
BRDA:55,7,1,5
BRDA:56,8,0,5
BRDA:56,8,1,7
BRDA:59,9,0,0
BRDA:59,9,1,0
BRDA:66,10,0,1
BRDA:66,10,1,2
BRDA:68,11,0,13
BRDA:68,11,1,-12
BRDA:68,12,0,13
BRDA:68,12,1,13
BRDA:73,13,0,13
BRDA:73,13,1,0
BRDA:74,14,0,12
BRDA:74,14,1,1
BRDA:76,15,0,1
BRDA:76,15,1,0
BRDA:76,16,0,1
BRDA:76,16,1,1
BRDA:87,17,0,1
BRDA:87,17,1,0
BRDA:96,18,0,1
BRDA:96,18,1,0
BRDA:96,19,0,1
BRDA:96,19,1,1
BRDA:105,20,0,0
BRDA:105,20,1,0
BRDA:116,21,0,0
BRDA:116,21,1,0
BRDA:125,22,0,2
BRDA:125,22,1,0
BRDA:129,23,0,9
BRDA:129,23,1,0
BRDA:133,24,0,1
BRDA:133,24,1,8
BRDA:138,25,0,1
BRDA:138,25,1,7
BRDA:139,26,0,1
BRDA:139,26,1,0
BRDA:149,27,0,0
BRDA:149,27,1,0
BRDA:150,28,0,0
BRDA:150,28,1,0
BRDA:152,29,0,6
BRDA:152,29,1,0
BRDA:161,30,0,0
BRDA:161,30,1,0
BRDA:166,31,0,0
BRDA:166,31,1,0
BRDA:166,32,0,0
BRDA:166,32,1,0
BRDA:168,33,0,0
BRDA:168,33,1,0
BRDA:168,34,0,0
BRDA:168,34,1,0
BRDA:171,35,0,1
BRDA:171,35,1,4
BRDA:177,36,0,0
BRDA:177,36,1,0
BRDA:178,37,0,1
BRDA:178,37,1,0
BRDA:184,38,0,0
BRDA:184,38,1,0
BRDA:193,39,0,1
BRDA:193,39,1,-1
BRDA:194,40,0,1
BRDA:194,40,1,0
BRDA:198,41,0,0
BRDA:198,41,1,0
BRDA:203,42,0,0
BRDA:203,42,1,0
BRDA:209,43,0,0
BRDA:209,43,1,0
BRDA:209,44,0,0
BRDA:209,44,1,0
BRDA:220,45,0,0
BRDA:220,45,1,0
BRDA:223,46,0,1
BRDA:223,46,1,-1
BRDA:223,47,0,0
BRDA:223,47,1,0
BRDA:232,48,0,1
BRDA:232,48,1,0
BRDA:244,49,0,1
BRDA:244,49,1,0
BRDA:248,50,0,0
BRDA:248,50,1,0
BRF:102
BRH:39
end_of_record
TN:
SF:src\functions\telegramWebhook.js
FN:8,(anonymous_0)
FNF:1
FNH:1
FNDA:3,(anonymous_0)
DA:1,1
DA:2,1
DA:4,1
DA:9,3
DA:11,3
DA:12,3
DA:14,3
DA:15,1
DA:16,1
DA:20,2
DA:24,2
DA:25,2
DA:27,1
DA:30,1
DA:32,1
LF:15
LH:15
BRDA:11,0,0,3
BRDA:11,0,1,0
BRDA:12,1,0,3
BRDA:12,1,1,0
BRDA:14,2,0,1
BRDA:14,2,1,2
BRDA:14,3,0,3
BRDA:14,3,1,3
BRDA:32,4,0,1
BRDA:32,4,1,0
BRF:10
BRH:7
end_of_record
TN:
SF:src\handlers\telegramOrderHandler.js
FN:9,(anonymous_0)
FN:30,(anonymous_1)
FN:35,(anonymous_2)
FN:57,(anonymous_3)
FN:84,(anonymous_4)
FN:99,(anonymous_5)
FN:111,(anonymous_6)
FN:123,(anonymous_7)
FN:136,(anonymous_8)
FN:148,(anonymous_9)
FN:174,(anonymous_10)
FN:222,(anonymous_11)
FN:238,(anonymous_12)
FN:248,(anonymous_13)
FN:257,(anonymous_14)
FN:348,(anonymous_15)
FN:350,(anonymous_16)
FN:408,(anonymous_17)
FN:506,(anonymous_18)
FN:526,(anonymous_19)
FN:542,(anonymous_20)
FN:559,(anonymous_21)
FN:590,(anonymous_22)
FN:596,(anonymous_23)
FN:602,(anonymous_24)
FNF:25
FNH:14
FNDA:0,(anonymous_0)
FNDA:0,(anonymous_1)
FNDA:4,(anonymous_2)
FNDA:0,(anonymous_3)
FNDA:5,(anonymous_4)
FNDA:0,(anonymous_5)
FNDA:3,(anonymous_6)
FNDA:0,(anonymous_7)
FNDA:1,(anonymous_8)
FNDA:1,(anonymous_9)
FNDA:3,(anonymous_10)
FNDA:0,(anonymous_11)
FNDA:0,(anonymous_12)
FNDA:0,(anonymous_13)
FNDA:2,(anonymous_14)
FNDA:1,(anonymous_15)
FNDA:1,(anonymous_16)
FNDA:0,(anonymous_17)
FNDA:1,(anonymous_18)
FNDA:0,(anonymous_19)
FNDA:2,(anonymous_20)
FNDA:4,(anonymous_21)
FNDA:0,(anonymous_22)
FNDA:2,(anonymous_23)
FNDA:9,(anonymous_24)
DA:1,2
DA:2,2
DA:3,2
DA:4,2
DA:5,2
DA:6,2
DA:7,2
DA:9,2
DA:10,0
DA:13,2
DA:19,2
DA:27,2
DA:28,2
DA:30,2
DA:31,0
DA:33,0
DA:34,4
DA:35,4
DA:36,4
DA:37,4
DA:38,0
DA:39,0
DA:40,0
DA:41,1
DA:42,0
DA:43,1
DA:44,0
DA:45,0
DA:57,1
DA:58,0
DA:59,0
DA:60,0
DA:68,0
DA:69,0
DA:71,0
DA:72,0
DA:73,0
DA:74,0
DA:75,0
DA:77,5
DA:81,5
DA:84,5
DA:85,4
DA:86,4
DA:87,1
DA:88,5
DA:89,6
DA:90,6
DA:91,3
DA:93,6
DA:94,6
DA:95,6
DA:96,6
DA:99,0
DA:100,2
DA:101,2
DA:102,4
DA:103,4
DA:104,4
DA:105,6
DA:106,6
DA:107,0
DA:111,6
DA:112,3
DA:113,0
DA:114,0
DA:115,4
DA:116,4
DA:117,0
DA:118,1
DA:119,3
DA:123,0
DA:124,0
DA:125,0
DA:126,0
DA:127,0
DA:128,0
DA:129,0
DA:131,0
DA:132,0
DA:133,0
DA:136,4
DA:137,1
DA:144,1
DA:145,1
DA:148,1
DA:149,1
DA:152,0
DA:153,1
DA:154,0
DA:155,0
DA:166,1
DA:169,1
DA:170,1
DA:172,1
DA:173,3
DA:174,3
DA:175,1
DA:176,1
DA:182,1
DA:184,1
DA:187,1
DA:199,2
DA:201,2
DA:215,0
DA:216,0
DA:217,0
DA:219,0
DA:222,2
DA:223,2
DA:224,0
DA:234,6
DA:235,6
DA:238,6
DA:239,0
DA:244,3
DA:245,3
DA:248,3
DA:249,0
DA:254,0
DA:257,2
DA:258,2
DA:259,2
DA:261,0
DA:263,0
DA:264,0
DA:267,0
DA:268,0
DA:270,1
DA:272,1
DA:274,3
DA:275,0
DA:276,0
DA:278,0
DA:279,0
DA:282,0
DA:284,0
DA:286,3
DA:287,1
DA:288,1
DA:290,1
DA:291,1
DA:295,0
DA:298,1
DA:299,1
DA:302,1
DA:303,1
DA:304,1
DA:307,1
DA:309,2
DA:311,1
DA:312,1
DA:313,1
DA:315,1
DA:316,0
DA:317,0
DA:320,1
DA:321,1
DA:322,1
DA:323,1
DA:325,1
DA:326,1
DA:327,0
DA:329,0
DA:336,0
DA:337,1
DA:338,1
DA:341,1
DA:342,1
DA:345,1
DA:348,1
DA:349,1
DA:350,1
DA:351,0
DA:353,0
DA:354,0
DA:359,0
DA:360,0
DA:361,0
DA:364,0
DA:365,0
DA:366,0
DA:367,0
DA:370,0
DA:371,0
DA:372,0
DA:373,0
DA:374,1
DA:376,1
DA:379,1
DA:382,1
DA:383,6
DA:384,6
DA:385,6
DA:389,6
DA:390,0
DA:391,0
DA:392,0
DA:393,6
DA:394,6
DA:395,1
DA:396,1
DA:400,1
DA:401,1
DA:402,1
DA:403,1
DA:404,1
DA:405,5
DA:406,2
DA:408,0
DA:409,0
DA:410,0
DA:411,2
DA:414,1
DA:415,1
DA:416,1
DA:417,1
DA:418,1
DA:422,1
DA:423,1
DA:424,1
DA:425,1
DA:427,3
DA:428,3
DA:429,2
DA:432,2
DA:433,0
DA:434,0
DA:437,0
DA:438,0
DA:439,0
DA:440,0
DA:444,0
DA:445,0
DA:446,0
DA:448,2
DA:449,2
DA:450,2
DA:452,1
DA:453,1
DA:454,1
DA:456,1
DA:459,1
DA:464,1
DA:465,1
DA:469,1
DA:470,1
DA:472,1
DA:473,1
DA:476,1
DA:477,0
DA:478,0
DA:482,1
DA:483,1
DA:484,1
DA:485,1
DA:486,1
DA:488,1
DA:489,1
DA:490,1
DA:493,1
DA:494,0
DA:495,0
DA:496,1
DA:499,1
DA:501,0
DA:508,1
DA:509,1
DA:510,1
DA:511,1
DA:512,1
DA:513,0
DA:516,0
DA:517,0
DA:518,0
DA:519,0
DA:520,1
DA:523,1
DA:526,0
DA:527,0
DA:528,0
DA:529,0
DA:530,0
DA:533,0
DA:534,0
DA:536,1
DA:537,1
DA:539,1
DA:542,2
DA:543,2
DA:544,0
DA:545,0
DA:546,0
DA:548,0
DA:549,0
DA:550,0
DA:551,0
DA:552,0
DA:553,0
DA:555,1
DA:556,1
DA:559,1
DA:560,4
DA:561,4
DA:563,4
DA:564,4
DA:565,0
DA:586,2
DA:587,2
DA:590,0
DA:591,0
DA:592,3
DA:593,3
DA:596,0
DA:597,5
DA:598,5
DA:599,0
DA:602,9
DA:603,9
DA:607,8
DA:610,8
LF:321
LH:199
BRDA:33,0,0,0
BRDA:33,0,1,0
BRDA:33,1,0,0
BRDA:33,1,1,0
BRDA:36,2,0,4
BRDA:36,2,1,4
BRDA:37,3,0,4
BRDA:37,3,1,4
BRDA:38,4,0,0
BRDA:38,4,1,0
BRDA:39,5,0,4
BRDA:39,5,1,4
BRDA:40,6,0,1
BRDA:40,6,1,1
BRDA:41,7,0,0
BRDA:41,7,1,1
BRDA:42,8,0,0
BRDA:42,8,1,1
BRDA:46,9,0,1
BRDA:46,9,1,1
BRDA:47,10,0,1
BRDA:47,10,1,1
BRDA:48,11,0,1
BRDA:48,11,1,1
BRDA:49,12,0,1
BRDA:49,12,1,1
BRDA:50,13,0,1
BRDA:50,13,1,1
BRDA:51,14,0,1
BRDA:51,14,1,1
BRDA:52,15,0,1
BRDA:52,15,1,1
BRDA:53,16,0,1
BRDA:53,16,1,1
BRDA:58,17,0,0
BRDA:58,17,1,0
BRDA:59,18,0,0
BRDA:59,18,1,0
BRDA:61,19,0,0
BRDA:61,19,1,0
BRDA:62,20,0,0
BRDA:62,20,1,0
BRDA:63,21,0,0
BRDA:63,21,1,0
BRDA:64,22,0,0
BRDA:64,22,1,0
BRDA:65,23,0,0
BRDA:65,23,1,0
BRDA:72,24,0,0
BRDA:72,24,1,0
BRDA:73,25,0,0
BRDA:73,25,1,0
BRDA:74,26,0,0
BRDA:74,26,1,5
BRDA:75,27,0,0
BRDA:75,27,1,0
BRDA:86,28,0,3
BRDA:86,28,1,1
BRDA:87,29,0,1
BRDA:87,29,1,0
BRDA:88,30,0,0
BRDA:88,30,1,5
BRDA:89,31,0,6
BRDA:89,31,1,-6
BRDA:90,32,0,6
BRDA:90,32,1,0
BRDA:93,33,0,2
BRDA:93,33,1,4
BRDA:95,34,0,1
BRDA:95,34,1,5
BRDA:95,35,0,6
BRDA:95,35,1,6
BRDA:100,36,0,2
BRDA:100,36,1,-2
BRDA:101,37,0,4
BRDA:101,37,1,4
BRDA:101,37,2,0
BRDA:101,37,3,0
BRDA:101,37,4,6
BRDA:101,37,5,0
BRDA:102,38,0,4
BRDA:102,38,1,4
BRDA:103,39,0,4
BRDA:103,39,1,0
BRDA:104,40,0,4
BRDA:104,40,1,0
BRDA:105,41,0,6
BRDA:105,41,1,6
BRDA:106,42,0,6
BRDA:106,42,1,0
BRDA:112,43,0,0
BRDA:112,43,1,0
BRDA:113,44,0,0
BRDA:113,44,1,4
BRDA:113,44,2,2
BRDA:113,44,3,0
BRDA:113,44,4,1
BRDA:113,44,5,3
BRDA:124,45,0,0
BRDA:124,45,1,0
BRDA:127,46,0,0
BRDA:127,46,1,0
BRDA:128,47,0,0
BRDA:128,47,1,0
BRDA:132,48,0,0
BRDA:132,48,1,0
BRDA:132,49,0,0
BRDA:132,49,1,0
BRDA:132,49,2,0
BRDA:144,50,0,1
BRDA:144,50,1,0
BRDA:144,51,0,1
BRDA:144,51,1,1
BRDA:152,52,0,0
BRDA:152,52,1,0
BRDA:152,53,0,0
BRDA:152,53,1,0
BRDA:153,54,0,1
BRDA:153,54,1,0
BRDA:158,55,0,1
BRDA:158,55,1,0
BRDA:160,56,0,1
BRDA:160,56,1,1
BRDA:161,57,0,1
BRDA:161,57,1,1
BRDA:170,58,0,1
BRDA:170,58,1,0
BRDA:173,59,0,3
BRDA:173,59,1,3
BRDA:175,60,0,1
BRDA:175,60,1,0
BRDA:182,61,0,1
BRDA:182,61,1,0
BRDA:194,62,0,2
BRDA:194,62,1,2
BRDA:199,63,0,2
BRDA:199,63,1,0
BRDA:204,64,0,2
BRDA:204,64,1,0
BRDA:205,65,0,2
BRDA:205,65,1,2
BRDA:206,66,0,2
BRDA:206,66,1,2
BRDA:208,67,0,2
BRDA:208,67,1,2
BRDA:209,68,0,2
BRDA:209,68,1,2
BRDA:211,69,0,0
BRDA:211,69,1,0
BRDA:215,70,0,0
BRDA:215,70,1,0
BRDA:234,71,0,6
BRDA:234,71,1,0
BRDA:235,72,0,6
BRDA:235,72,1,6
BRDA:244,73,0,3
BRDA:244,73,1,0
BRDA:245,74,0,3
BRDA:245,74,1,3
BRDA:254,75,0,0
BRDA:254,75,1,2
BRDA:261,76,0,0
BRDA:261,76,1,0
BRDA:263,77,0,0
BRDA:263,77,1,0
BRDA:263,78,0,0
BRDA:263,78,1,0
BRDA:270,79,0,3
BRDA:270,79,1,-2
BRDA:274,80,0,0
BRDA:274,80,1,3
BRDA:274,81,0,3
BRDA:274,81,1,0
BRDA:282,82,0,0
BRDA:282,82,1,0
BRDA:286,83,0,1
BRDA:286,83,1,2
BRDA:286,84,0,3
BRDA:286,84,1,3
BRDA:302,85,0,1
BRDA:302,85,1,0
BRDA:307,86,0,1
BRDA:307,86,1,0
BRDA:311,87,0,1
BRDA:311,87,1,0
BRDA:311,88,0,1
BRDA:311,88,1,1
BRDA:317,89,0,0
BRDA:317,89,1,0
BRDA:321,90,0,1
BRDA:321,90,1,0
BRDA:325,91,0,1
BRDA:325,91,1,1
BRDA:327,92,0,0
BRDA:327,92,1,0
BRDA:327,92,2,1
BRDA:336,93,0,0
BRDA:336,93,1,0
BRDA:353,94,0,0
BRDA:353,94,1,0
BRDA:355,95,0,0
BRDA:355,95,1,0
BRDA:359,96,0,0
BRDA:359,96,1,0
BRDA:364,97,0,0
BRDA:364,97,1,0
BRDA:370,98,0,0
BRDA:370,98,1,0
BRDA:372,99,0,0
BRDA:372,99,1,0
BRDA:383,100,0,6
BRDA:383,100,1,0
BRDA:389,101,0,0
BRDA:389,101,1,6
BRDA:400,102,0,1
BRDA:400,102,1,0
BRDA:404,103,0,5
BRDA:404,103,1,-4
BRDA:409,104,0,0
BRDA:409,104,1,0
BRDA:422,105,0,1
BRDA:422,105,1,0
BRDA:427,106,0,3
BRDA:427,106,1,0
BRDA:427,107,0,3
BRDA:427,107,1,3
BRDA:432,108,0,0
BRDA:432,108,1,2
BRDA:432,109,0,2
BRDA:432,109,1,2
BRDA:437,110,0,0
BRDA:437,110,1,0
BRDA:437,111,0,0
BRDA:437,111,1,0
BRDA:446,112,0,2
BRDA:446,112,1,-2
BRDA:446,113,0,0
BRDA:446,113,1,0
BRDA:483,114,0,1
BRDA:483,114,1,0
BRDA:488,115,0,1
BRDA:488,115,1,0
BRDA:494,116,0,0
BRDA:494,116,1,0
BRDA:499,117,0,0
BRDA:499,117,1,0
BRDA:508,118,0,1
BRDA:508,118,1,0
BRDA:528,119,0,0
BRDA:528,119,1,0
BRDA:534,120,0,1
BRDA:534,120,1,1
BRDA:534,120,2,1
BRDA:543,121,0,0
BRDA:543,121,1,2
BRDA:549,122,0,0
BRDA:549,122,1,0
BRDA:559,123,0,4
BRDA:561,124,0,4
BRDA:561,124,1,0
BRDA:564,125,0,4
BRDA:564,125,1,0
BRDA:567,126,0,3
BRDA:567,126,1,3
BRDA:568,127,0,3
BRDA:568,127,1,3
BRDA:570,128,0,1
BRDA:570,128,1,2
BRDA:572,129,0,2
BRDA:572,129,1,3
BRDA:573,130,0,3
BRDA:573,130,1,3
BRDA:574,131,0,3
BRDA:574,131,1,1
BRDA:584,132,0,3
BRDA:584,132,1,3
BRDA:592,133,0,3
BRDA:592,133,1,-3
BRDA:592,134,0,0
BRDA:592,134,1,0
BRDA:597,135,0,5
BRDA:597,135,1,-5
BRDA:598,136,0,3
BRDA:598,136,1,2
BRDA:603,137,0,9
BRDA:603,137,1,9
BRDA:607,138,0,2
BRDA:607,138,1,8
BRF:288
BRH:147
end_of_record
TN:
SF:src\handlers\telegramPrivacyHandler.js
FN:8,getSubscriptionByChat
FN:18,getSubscriptionByClient
FN:29,getSubscriptionByPhone
FN:41,getClientById
FN:53,invitationFailureText
FN:59,beginConsent
FN:86,acceptConsent
FN:120,rejectConsent
FN:150,validateAndSaveContact
FN:209,(anonymous_9)
FN:215,handleStartInvitation
FN:268,requestPolicyReconsent
FN:291,handlePrivacyCommand
FNF:13
FNH:9
FNDA:3,getSubscriptionByChat
FNDA:1,getSubscriptionByClient
FNDA:1,getSubscriptionByPhone
FNDA:5,getClientById
FNDA:4,invitationFailureText
FNDA:3,beginConsent
FNDA:1,acceptConsent
FNDA:0,rejectConsent
FNDA:0,validateAndSaveContact
FNDA:0,(anonymous_9)
FNDA:0,handleStartInvitation
FNDA:1,requestPolicyReconsent
FNDA:2,handlePrivacyCommand
DA:1,3
DA:2,3
DA:3,3
DA:4,0
DA:5,0
DA:6,0
DA:9,3
DA:14,3
DA:15,3
DA:19,1
DA:20,1
DA:25,1
DA:26,1
DA:30,1
DA:31,1
DA:32,1
DA:37,1
DA:38,1
DA:42,5
DA:49,0
DA:50,0
DA:54,4
DA:55,3
DA:56,2
DA:67,3
DA:73,3
DA:74,3
DA:83,3
DA:87,1
DA:88,1
DA:89,1
DA:95,1
DA:100,1
DA:104,1
DA:121,2
DA:122,2
DA:123,2
DA:127,2
DA:128,2
DA:137,2
DA:147,2
DA:151,1
DA:152,4
DA:153,4
DA:154,1
DA:155,1
DA:156,1
DA:158,3
DA:159,3
DA:160,3
DA:161,1
DA:165,1
DA:176,1
DA:178,2
DA:187,2
DA:198,2
DA:199,1
DA:201,2
DA:207,2
DA:208,1
DA:209,2
DA:212,2
DA:216,0
DA:217,0
DA:218,0
DA:219,1
DA:220,1
DA:222,3
DA:223,3
DA:225,0
DA:226,1
DA:232,1
DA:235,2
DA:236,2
DA:237,2
DA:247,2
DA:248,1
DA:250,1
DA:253,1
DA:254,0
DA:255,0
DA:258,1
DA:269,1
DA:283,0
DA:292,2
DA:293,2
DA:294,1
DA:295,1
DA:296,1
DA:297,1
DA:301,3
LF:91
LH:79
BRDA:14,0,0,0
BRDA:14,0,1,3
BRDA:15,1,0,3
BRDA:15,1,1,2
BRDA:19,2,0,0
BRDA:19,2,1,1
BRDA:25,3,0,0
BRDA:25,3,1,1
BRDA:26,4,0,1
BRDA:26,4,1,0
BRDA:31,5,0,0
BRDA:31,5,1,1
BRDA:37,6,0,0
BRDA:37,6,1,1
BRDA:38,7,0,1
BRDA:38,7,1,0
BRDA:49,8,0,0
BRDA:49,8,1,0
BRDA:50,9,0,0
BRDA:50,9,1,1
BRDA:54,10,0,1
BRDA:54,10,1,3
BRDA:55,11,0,1
BRDA:55,11,1,2
BRDA:64,12,0,3
BRDA:65,13,0,3
BRDA:87,14,0,0
BRDA:87,14,1,1
BRDA:87,15,0,1
BRDA:87,15,1,1
BRDA:121,16,0,2
BRDA:121,16,1,-2
BRDA:121,17,0,0
BRDA:121,17,1,3
BRDA:127,18,0,2
BRDA:127,18,1,0
BRDA:151,19,0,1
BRDA:151,19,1,-1
BRDA:153,20,0,1
BRDA:153,20,1,3
BRDA:160,21,0,1
BRDA:160,21,1,2
BRDA:198,22,0,1
BRDA:198,22,1,1
BRDA:207,23,0,1
BRDA:207,23,1,1
BRDA:207,24,0,2
BRDA:207,24,1,1
BRDA:218,25,0,1
BRDA:218,25,1,-1
BRDA:223,26,0,0
BRDA:223,26,1,3
BRDA:225,27,0,1
BRDA:225,27,1,-1
BRDA:225,28,0,0
BRDA:225,28,1,3
BRDA:236,29,0,2
BRDA:236,29,1,0
BRDA:240,30,0,2
BRDA:240,30,1,0
BRDA:247,31,0,1
BRDA:247,31,1,1
BRDA:253,32,0,0
BRDA:253,32,1,1
BRDA:278,33,0,1
BRDA:278,33,1,0
BRDA:293,34,0,1
BRDA:293,34,1,1
BRDA:296,35,0,1
BRDA:296,35,1,0
BRF:70
BRH:46
end_of_record
TN:
SF:src\services\telegramApi.js
FN:1,(anonymous_0)
FN:10,(anonymous_1)
FN:19,(anonymous_2)
FN:30,(anonymous_3)
FN:39,(anonymous_4)
FN:53,(anonymous_5)
FN:68,(anonymous_6)
FNF:7
FNH:7
FNDA:1,(anonymous_0)
FNDA:1,(anonymous_1)
FNDA:1,(anonymous_2)
FNDA:3,(anonymous_3)
FNDA:4,(anonymous_4)
FNDA:4,(anonymous_5)
FNDA:1,(anonymous_6)
DA:1,1
DA:2,1
DA:3,1
DA:5,11
DA:10,8
DA:11,8
DA:12,2
DA:13,2
DA:14,2
DA:16,6
DA:19,0
DA:20,1
DA:25,0
DA:26,0
DA:27,0
DA:30,0
DA:31,3
DA:32,2
DA:33,2
DA:35,1
DA:39,0
DA:40,4
DA:41,2
DA:42,2
DA:46,1
DA:48,1
DA:49,1
DA:53,0
DA:54,4
DA:55,2
DA:56,2
DA:61,1
DA:63,1
DA:64,1
DA:68,0
DA:69,1
DA:74,1
DA:75,1
DA:76,1
DA:79,2
LF:40
LH:32
BRDA:2,0,0,1
BRDA:2,0,1,1
BRDA:3,1,0,1
BRDA:3,1,1,0
BRDA:11,2,0,2
BRDA:11,2,1,6
BRDA:11,3,0,8
BRDA:11,3,1,6
BRDA:12,4,0,2
BRDA:12,4,1,1
BRDA:25,5,0,0
BRDA:25,5,1,0
BRDA:26,6,0,0
BRDA:26,6,1,0
BRDA:31,7,0,1
BRDA:31,7,1,2
BRDA:40,8,0,2
BRDA:40,8,1,2
BRDA:40,9,0,4
BRDA:40,9,1,3
BRDA:54,10,0,2
BRDA:54,10,1,2
BRDA:54,11,0,4
BRDA:54,11,1,3
BRDA:72,12,0,1
BRDA:72,12,1,0
BRDA:74,13,0,1
BRDA:74,13,1,0
BRDA:75,14,0,1
BRDA:75,14,1,0
BRF:30
BRH:22
end_of_record
TN:
SF:src\services\telegramConsent.js
FN:13,(anonymous_0)
FN:23,(anonymous_1)
FN:24,(anonymous_2)
FN:34,(anonymous_3)
FN:36,(anonymous_4)
FN:38,(anonymous_5)
FN:50,(anonymous_6)
FN:62,(anonymous_7)
FN:68,(anonymous_8)
FN:70,(anonymous_9)
FN:72,(anonymous_10)
FN:107,(anonymous_11)
FN:133,(anonymous_12)
FN:145,(anonymous_13)
FN:180,(anonymous_14)
FN:190,(anonymous_15)
FN:223,(anonymous_16)
FNF:17
FNH:10
FNDA:17,(anonymous_0)
FNDA:24,(anonymous_1)
FNDA:0,(anonymous_2)
FNDA:12,(anonymous_3)
FNDA:0,(anonymous_4)
FNDA:1,(anonymous_5)
FNDA:4,(anonymous_6)
FNDA:0,(anonymous_7)
FNDA:0,(anonymous_8)
FNDA:0,(anonymous_9)
FNDA:2,(anonymous_10)
FNDA:0,(anonymous_11)
FNDA:0,(anonymous_12)
FNDA:2,(anonymous_13)
FNDA:1,(anonymous_14)
FNDA:2,(anonymous_15)
FNDA:1,(anonymous_16)
DA:2,6
DA:3,6
DA:5,6
DA:6,6
DA:13,6
DA:14,17
DA:15,17
DA:16,0
DA:17,0
DA:18,0
DA:20,17
DA:23,24
DA:24,24
DA:25,0
DA:26,0
DA:27,1
DA:29,1
DA:30,1
DA:34,12
DA:36,2
DA:38,1
DA:39,5
DA:40,5
DA:41,2
DA:43,4
DA:50,4
DA:51,1
DA:52,4
DA:62,2
DA:63,0
DA:68,2
DA:70,8
DA:72,6
DA:73,0
DA:74,1
DA:75,1
DA:76,1
DA:77,1
DA:79,1
DA:85,1
DA:87,1
DA:97,1
DA:99,1
DA:107,1
DA:108,0
DA:109,0
DA:110,0
DA:111,0
DA:112,0
DA:114,0
DA:115,0
DA:116,0
DA:121,1
DA:122,1
DA:123,1
DA:125,1
DA:126,1
DA:128,1
DA:129,0
DA:133,0
DA:134,1
DA:135,0
DA:136,0
DA:137,13
DA:138,2
DA:139,1
DA:141,10
DA:142,4
DA:145,4
DA:150,1
DA:151,6
DA:152,5
DA:154,5
DA:165,3
DA:166,5
DA:168,5
DA:173,1
DA:174,1
DA:175,1
DA:180,0
DA:181,1
DA:182,1
DA:187,5
DA:190,2
DA:205,2
DA:206,2
DA:220,2
DA:223,2
DA:224,1
DA:231,5
LF:90
LH:70
BRDA:14,0,0,17
BRDA:14,0,1,0
BRDA:15,1,0,0
BRDA:15,1,1,17
BRDA:24,2,0,0
BRDA:24,2,1,0
BRDA:25,3,0,0
BRDA:25,3,1,0
BRDA:26,4,0,1
BRDA:26,4,1,-1
BRDA:26,5,0,0
BRDA:26,5,1,16
BRDA:26,6,0,0
BRDA:26,6,1,16
BRDA:26,7,0,16
BRDA:26,7,1,0
BRDA:29,8,0,1
BRDA:29,8,1,0
BRDA:39,9,0,5
BRDA:39,9,1,4
BRDA:40,10,0,2
BRDA:40,10,1,2
BRDA:41,11,0,5
BRDA:41,11,1,4
BRDA:41,12,0,0
BRDA:41,12,1,4
BRDA:65,13,0,0
BRDA:65,13,1,0
BRDA:68,14,0,0
BRDA:68,14,1,0
BRDA:72,15,0,2
BRDA:85,16,0,1
BRDA:85,16,1,0
BRDA:93,17,0,0
BRDA:93,17,1,1
BRDA:97,18,0,1
BRDA:97,18,1,0
BRDA:107,19,0,0
BRDA:110,20,0,0
BRDA:110,20,1,0
BRDA:110,21,0,0
BRDA:110,21,1,0
BRDA:121,22,0,1
BRDA:121,22,1,0
BRDA:125,23,0,1
BRDA:125,23,1,1
BRDA:126,24,0,1
BRDA:126,24,1,1
BRDA:134,25,0,0
BRDA:134,25,1,1
BRDA:135,26,0,0
BRDA:135,26,1,0
BRDA:136,27,0,0
BRDA:136,27,1,0
BRDA:137,28,0,13
BRDA:137,28,1,-13
BRDA:138,29,0,1
BRDA:138,29,1,1
BRDA:138,30,0,2
BRDA:138,30,1,11
BRDA:141,31,0,1
BRDA:141,31,1,9
BRDA:148,32,0,7
BRDA:151,33,0,0
BRDA:151,33,1,6
BRDA:152,34,0,5
BRDA:152,34,1,0
BRDA:159,35,0,3
BRDA:159,35,1,3
BRDA:165,36,0,0
BRDA:165,36,1,3
BRDA:166,37,0,5
BRDA:166,37,1,-5
BRDA:173,38,0,1
BRDA:173,38,1,0
BRDA:175,39,0,1
BRDA:175,39,1,1
BRDA:180,40,0,1
BRDA:181,41,0,1
BRDA:181,41,1,0
BRDA:187,42,0,3
BRDA:187,42,1,2
BRDA:200,43,0,2
BRDA:201,44,0,0
BRDA:203,45,0,2
BRDA:205,46,0,2
BRDA:205,46,1,2
BRDA:207,47,0,2
BRDA:207,47,1,2
BRDA:208,48,0,2
BRDA:208,48,1,2
BRDA:209,49,0,2
BRDA:209,49,1,1
BRDA:211,50,0,2
BRDA:211,50,1,2
BRDA:212,51,0,2
BRDA:212,51,1,2
BRDA:213,52,0,2
BRDA:213,52,1,2
BRDA:215,53,0,2
BRDA:215,53,1,1
BRDA:216,54,0,2
BRDA:216,54,1,1
BRDA:217,55,0,2
BRDA:217,55,1,2
BRDA:220,56,0,2
BRDA:220,56,1,0
BRDA:225,57,0,4
BRDA:225,57,1,1
BRDA:225,57,2,1
BRDA:225,57,3,2
BRF:111
BRH:72
end_of_record
TN:
SF:src\services\telegramOrderTrace.js
FN:7,truncate
FN:12,boundedJson
FN:23,buildOriginalMessage
FN:35,createOrderTrace
FN:66,updateOrderTrace
FNF:5
FNH:4
FNDA:7,truncate
FNDA:2,boundedJson
FNDA:5,buildOriginalMessage
FNDA:0,createOrderTrace
FNDA:3,updateOrderTrace
DA:1,0
DA:3,0
DA:4,0
DA:5,0
DA:8,7
DA:9,7
DA:13,2
DA:14,2
DA:15,2
DA:17,1
DA:24,5
DA:33,0
DA:36,0
DA:38,0
DA:39,3
DA:40,3
DA:41,1
DA:45,3
DA:58,3
DA:59,2
DA:61,1
DA:62,1
DA:67,3
DA:69,2
DA:80,3
DA:81,3
DA:86,2
DA:87,1
DA:89,1
DA:90,1
DA:94,1
LF:31
LH:24
BRDA:8,0,0,7
BRDA:8,0,1,0
BRDA:9,1,0,5
BRDA:9,1,1,2
BRDA:13,2,0,2
BRDA:13,2,1,0
BRDA:13,3,0,2
BRDA:13,3,1,2
BRDA:15,4,0,1
BRDA:15,4,1,1
BRDA:25,5,0,3
BRDA:25,5,1,2
BRDA:25,6,0,1
BRDA:25,6,1,1
BRDA:26,7,0,3
BRDA:26,7,1,2
BRDA:26,8,0,3
BRDA:26,8,1,0
BRDA:27,9,0,5
BRDA:27,9,1,4
BRDA:35,10,0,0
BRDA:35,11,0,0
BRDA:38,12,0,3
BRDA:38,12,1,-3
BRDA:39,13,0,3
BRDA:39,13,1,0
BRDA:40,14,0,1
BRDA:40,14,1,2
BRDA:48,15,0,3
BRDA:48,15,1,1
BRDA:49,16,0,0
BRDA:49,16,1,3
BRDA:50,17,0,0
BRDA:50,17,1,1
BRDA:51,18,0,0
BRDA:51,18,1,3
BRDA:58,19,0,1
BRDA:58,19,1,2
BRDA:59,20,0,2
BRDA:59,20,1,0
BRDA:66,21,0,3
BRDA:67,22,0,1
BRDA:67,22,1,2
BRDA:70,23,0,1
BRDA:70,23,1,1
BRDA:71,24,0,0
BRDA:71,24,1,2
BRDA:72,25,0,0
BRDA:72,25,1,2
BRDA:73,26,0,0
BRDA:73,26,1,2
BRDA:76,27,0,2
BRDA:76,27,1,0
BRDA:77,28,0,1
BRDA:77,28,1,1
BRDA:86,29,0,1
BRDA:86,29,1,1
BRF:57
BRH:42
end_of_record
TN:
SF:src\services\telegramState.js
FN:5,(anonymous_0)
FN:7,(anonymous_1)
FN:9,(anonymous_2)
FN:19,(anonymous_3)
FN:29,(anonymous_4)
FN:34,(anonymous_5)
FN:38,(anonymous_6)
FN:48,(anonymous_7)
FN:59,(anonymous_8)
FN:71,(anonymous_9)
FN:83,(anonymous_10)
FNF:11
FNH:5
FNDA:19,(anonymous_0)
FNDA:20,(anonymous_1)
FNDA:1,(anonymous_2)
FNDA:0,(anonymous_3)
FNDA:3,(anonymous_4)
FNDA:1,(anonymous_5)
FNDA:0,(anonymous_6)
FNDA:0,(anonymous_7)
FNDA:0,(anonymous_8)
FNDA:0,(anonymous_9)
FNDA:0,(anonymous_10)
DA:1,5
DA:2,5
DA:3,5
DA:5,19
DA:7,20
DA:9,5
DA:10,1
DA:15,0
DA:16,1
DA:19,0
DA:20,0
DA:26,0
DA:29,0
DA:30,3
DA:31,3
DA:34,0
DA:35,1
DA:38,0
DA:39,0
DA:44,5
DA:45,0
DA:48,0
DA:49,1
DA:50,5
DA:55,5
DA:56,5
DA:59,0
DA:60,0
DA:61,1
DA:62,1
DA:67,1
DA:68,1
DA:71,0
DA:72,0
DA:79,0
DA:80,0
DA:83,0
DA:86,0
DA:91,4
DA:92,1
DA:93,1
DA:94,1
DA:96,3
DA:97,1
DA:98,1
DA:99,1
DA:101,2
DA:102,1
DA:103,1
DA:104,1
DA:107,1
DA:123,4
DA:124,4
DA:125,1
DA:131,1
DA:132,1
DA:135,0
DA:140,0
DA:141,0
DA:144,0
LF:60
LH:38
BRDA:15,0,0,0
BRDA:15,0,1,0
BRDA:16,1,0,1
BRDA:16,1,1,0
BRDA:23,2,0,0
BRDA:23,2,1,0
BRDA:26,3,0,0
BRDA:26,3,1,0
BRDA:31,4,0,0
BRDA:31,4,1,3
BRDA:44,5,0,0
BRDA:44,5,1,5
BRDA:45,6,0,0
BRDA:45,6,1,1
BRDA:49,7,0,1
BRDA:49,7,1,-1
BRDA:55,8,0,0
BRDA:55,8,1,5
BRDA:56,9,0,5
BRDA:56,9,1,1
BRDA:61,10,0,1
BRDA:61,10,1,-1
BRDA:67,11,0,0
BRDA:67,11,1,1
BRDA:68,12,0,1
BRDA:68,12,1,0
BRDA:79,13,0,0
BRDA:79,13,1,0
BRDA:80,14,0,0
BRDA:80,14,1,0
BRDA:91,15,0,1
BRDA:91,15,1,3
BRDA:91,16,0,4
BRDA:91,16,1,3
BRDA:91,16,2,2
BRDA:96,17,0,1
BRDA:96,17,1,2
BRDA:96,18,0,3
BRDA:96,18,1,2
BRDA:101,19,0,1
BRDA:101,19,1,1
BRDA:101,20,0,2
BRDA:101,20,1,2
BRDA:110,21,0,0
BRDA:110,21,1,1
BRDA:111,22,0,4
BRDA:111,22,1,1
BRDA:123,23,0,4
BRDA:123,23,1,0
BRDA:124,24,0,1
BRDA:124,24,1,3
BRDA:131,25,0,0
BRDA:131,25,1,1
BRDA:140,26,0,0
BRDA:140,26,1,0
BRF:55
BRH:31
end_of_record
TN:
SF:src\ui\telegramKeyboards.js
FN:11,(anonymous_0)
FN:13,(anonymous_1)
FN:15,(anonymous_2)
FN:16,(anonymous_3)
FN:28,(anonymous_4)
FN:29,(anonymous_5)
FN:35,(anonymous_6)
FN:39,(anonymous_7)
FN:45,(anonymous_8)
FN:51,(anonymous_9)
FN:58,(anonymous_10)
FN:60,(anonymous_11)
FN:62,(anonymous_12)
FN:72,(anonymous_13)
FN:79,(anonymous_14)
FN:101,(anonymous_15)
FN:108,(anonymous_16)
FN:114,(anonymous_17)
FN:120,(anonymous_18)
FN:137,(anonymous_19)
FNF:20
FNH:16
FNDA:20,(anonymous_0)
FNDA:17,(anonymous_1)
FNDA:2,(anonymous_2)
FNDA:4,(anonymous_3)
FNDA:0,(anonymous_4)
FNDA:0,(anonymous_5)
FNDA:13,(anonymous_6)
FNDA:1,(anonymous_7)
FNDA:1,(anonymous_8)
FNDA:1,(anonymous_9)
FNDA:1,(anonymous_10)
FNDA:1,(anonymous_11)
FNDA:20,(anonymous_12)
FNDA:1,(anonymous_13)
FNDA:0,(anonymous_14)
FNDA:1,(anonymous_15)
FNDA:1,(anonymous_16)
FNDA:1,(anonymous_17)
FNDA:1,(anonymous_18)
FNDA:0,(anonymous_19)
DA:1,4
DA:9,4
DA:11,20
DA:13,17
DA:15,4
DA:16,4
DA:19,2
DA:22,2
DA:25,0
DA:28,0
DA:29,0
DA:30,10
DA:31,10
DA:32,10
DA:34,3
DA:35,13
DA:39,1
DA:40,1
DA:45,1
DA:46,1
DA:51,1
DA:58,1
DA:60,0
DA:61,1
DA:63,20
DA:64,20
DA:68,20
DA:72,0
DA:73,1
DA:79,0
DA:80,0
DA:81,1
DA:82,1
DA:83,0
DA:85,1
DA:86,1
DA:88,1
DA:89,0
DA:91,1
DA:92,1
DA:94,1
DA:95,1
DA:97,0
DA:98,0
DA:101,0
DA:102,1
DA:108,4
DA:109,1
DA:114,0
DA:115,1
DA:120,1
DA:121,0
DA:122,1
DA:123,1
DA:137,1
DA:138,0
DA:139,0
DA:152,4
LF:58
LH:42
BRDA:17,0,0,2
BRDA:17,0,1,2
BRDA:20,1,0,1
BRDA:20,1,1,1
BRDA:30,2,0,10
BRDA:30,2,1,-10
BRDA:30,3,0,0
BRDA:30,3,1,15
BRDA:32,4,0,10
BRDA:32,4,1,7
BRDA:63,5,0,4
BRDA:63,5,1,16
BRDA:82,6,0,0
BRDA:82,6,1,1
BRDA:82,7,0,1
BRDA:82,7,1,2
BRDA:85,8,0,1
BRDA:85,8,1,0
BRDA:85,9,0,1
BRDA:85,9,1,1
BRDA:88,10,0,0
BRDA:88,10,1,1
BRDA:88,11,0,1
BRDA:88,11,1,1
BRDA:91,12,0,1
BRDA:91,12,1,0
BRDA:91,13,0,1
BRDA:91,13,1,1
BRDA:94,14,0,1
BRDA:94,14,1,0
BRDA:94,15,0,1
BRDA:94,15,1,1
BRDA:121,16,0,0
BRDA:121,16,1,0
BRDA:122,17,0,0
BRDA:122,17,1,0
BRDA:125,18,0,0
BRDA:125,18,1,0
BRDA:126,19,0,0
BRDA:126,19,1,0
BRDA:127,20,0,0
BRDA:127,20,1,0
BRDA:128,21,0,1
BRDA:128,21,1,0
BRDA:129,22,0,1
BRDA:129,22,1,0
BRDA:130,23,0,0
BRDA:130,23,1,1
BRDA:132,24,0,1
BRDA:132,24,1,1
BRDA:138,25,0,0
BRDA:138,25,1,0
BRDA:141,26,0,0
BRDA:141,26,1,0
BRDA:142,27,0,0
BRDA:142,27,1,2
BRDA:143,28,0,0
BRDA:143,28,1,0
BRDA:144,29,0,3
BRDA:144,29,1,0
BRDA:145,30,0,3
BRDA:145,30,1,0
BRDA:146,31,0,1
BRDA:146,31,1,2
BRDA:148,32,0,3
BRDA:148,32,1,2
BRF:66
BRH:37
end_of_record
TN:
SF:src\utils\telegramHelpers.js
FN:3,(anonymous_0)
FN:8,(anonymous_1)
FN:15,(anonymous_2)
FN:23,(anonymous_3)
FN:26,(anonymous_4)
FN:32,(anonymous_5)
FN:38,(anonymous_6)
FN:49,(anonymous_7)
FN:67,(anonymous_8)
FN:73,(anonymous_9)
FN:87,(anonymous_10)
FNF:11
FNH:8
FNDA:2,(anonymous_0)
FNDA:0,(anonymous_1)
FNDA:28,(anonymous_2)
FNDA:0,(anonymous_3)
FNDA:1,(anonymous_4)
FNDA:6,(anonymous_5)
FNDA:1,(anonymous_6)
FNDA:1,(anonymous_7)
FNDA:7,(anonymous_8)
FNDA:6,(anonymous_9)
FNDA:0,(anonymous_10)
DA:1,5
DA:3,5
DA:5,5
DA:6,5
DA:8,5
DA:9,0
DA:15,5
DA:16,28
DA:23,6
DA:24,0
DA:26,1
DA:27,1
DA:29,1
DA:32,1
DA:33,6
DA:34,6
DA:35,1
DA:38,1
DA:39,8
DA:40,1
DA:41,4
DA:42,3
DA:43,0
DA:44,0
DA:45,0
DA:49,1
DA:50,1
DA:52,1
DA:57,0
DA:58,0
DA:59,0
DA:60,0
DA:61,0
DA:64,0
DA:67,7
DA:68,7
DA:69,2
DA:70,2
DA:73,5
DA:74,6
DA:75,6
DA:76,4
DA:77,5
DA:84,3
DA:87,3
DA:88,3
DA:89,3
DA:90,1
DA:99,3
LF:49
LH:38
BRDA:5,0,0,5
BRDA:5,0,1,5
BRDA:9,1,0,0
BRDA:9,1,1,0
BRDA:27,2,0,1
BRDA:27,2,1,0
BRDA:39,3,0,1
BRDA:39,3,1,4
BRDA:39,3,2,3
BRDA:39,3,3,0
BRDA:39,3,4,0
BRDA:39,3,5,0
BRDA:49,4,0,1
BRDA:50,5,0,1
BRDA:50,5,1,1
BRDA:59,6,0,0
BRDA:59,6,1,0
BRDA:61,7,0,0
BRDA:61,7,1,0
BRDA:68,8,0,7
BRDA:68,8,1,7
BRDA:69,9,0,2
BRDA:69,9,1,0
BRDA:70,10,0,2
BRDA:70,10,1,0
BRDA:74,11,0,6
BRDA:74,11,1,6
BRDA:75,12,0,4
BRDA:75,12,1,4
BRDA:76,13,0,1
BRDA:76,13,1,3
BRDA:76,14,0,1
BRDA:76,14,1,0
BRDA:76,14,2,0
BRDA:78,15,0,5
BRDA:78,15,1,1
BRDA:79,16,0,5
BRDA:79,16,1,5
BRDA:80,17,0,3
BRDA:80,17,1,3
BRDA:88,18,0,3
BRDA:88,18,1,3
BRDA:88,19,0,3
BRDA:88,19,1,0
BRDA:89,20,0,4
BRDA:89,20,1,0
BRDA:94,21,0,3
BRDA:94,21,1,3
BRDA:94,22,0,3
BRDA:94,22,1,3
BRF:50
BRH:34
end_of_record
TN:
SF:src\validation\ecencia.js
FN:15,onlyDigits
FN:19,trimToUndefined
FN:25,normalizeEmail
FN:30,toNumber
FN:35,isValidCedula
FN:44,(anonymous_5)
FN:54,modulo11Digit
FN:55,(anonymous_7)
FN:63,isValidRuc
FN:88,normalizePhone
FN:97,(anonymous_10)
FN:106,(anonymous_11)
FN:113,(anonymous_12)
FN:140,(anonymous_13)
FN:147,(anonymous_14)
FN:150,(anonymous_15)
FN:160,(anonymous_16)
FN:166,(anonymous_17)
FN:176,(anonymous_18)
FN:186,(anonymous_19)
FN:196,(anonymous_20)
FN:205,(anonymous_21)
FN:368,formatValidationError
FN:369,(anonymous_23)
FN:381,parseBody
FN:390,sendValidationError
FNF:26
FNH:23
FNDA:40,onlyDigits
FNDA:0,trimToUndefined
FNDA:5,normalizeEmail
FNDA:20,toNumber
FNDA:11,isValidCedula
FNDA:63,(anonymous_5)
FNDA:6,modulo11Digit
FNDA:52,(anonymous_7)
FNDA:0,isValidRuc
FNDA:7,normalizePhone
FNDA:19,(anonymous_10)
FNDA:0,(anonymous_11)
FNDA:3,(anonymous_12)
FNDA:1,(anonymous_13)
FNDA:2,(anonymous_14)
FNDA:15,(anonymous_15)
FNDA:2,(anonymous_16)
FNDA:2,(anonymous_17)
FNDA:4,(anonymous_18)
FNDA:4,(anonymous_19)
FNDA:2,(anonymous_20)
FNDA:1,(anonymous_21)
FNDA:12,formatValidationError
FNDA:16,(anonymous_23)
FNDA:23,parseBody
FNDA:4,sendValidationError
DA:1,5
DA:3,9
DA:16,40
DA:20,12
DA:21,32
DA:22,32
DA:26,5
DA:27,5
DA:31,20
DA:32,17
DA:36,11
DA:37,11
DA:39,10
DA:40,10
DA:41,10
DA:43,7
DA:44,7
DA:45,63
DA:46,63
DA:47,63
DA:50,0
DA:51,0
DA:55,52
DA:56,6
DA:57,6
DA:58,6
DA:59,5
DA:60,4
DA:64,0
DA:65,3
DA:67,11
DA:68,11
DA:69,11
DA:71,10
DA:72,3
DA:75,7
DA:76,2
DA:77,2
DA:80,5
DA:81,4
DA:82,0
DA:85,1
DA:89,7
DA:90,7
DA:91,5
DA:92,4
DA:93,2
DA:94,1
DA:97,95
DA:98,19
DA:106,0
DA:107,0
DA:112,5
DA:114,3
DA:115,3
DA:119,5
DA:127,5
DA:136,5
DA:140,1
DA:143,5
DA:147,2
DA:150,75
DA:151,15
DA:160,10
DA:161,2
DA:166,10
DA:167,2
DA:176,20
DA:177,4
DA:186,5
DA:187,4
DA:188,2
DA:189,0
DA:192,0
DA:196,5
DA:197,2
DA:198,1
DA:201,5
DA:205,1
DA:210,5
DA:217,5
DA:221,5
DA:369,12
DA:370,16
DA:375,0
DA:382,23
DA:383,17
DA:384,6
DA:385,6
DA:386,6
DA:387,6
DA:391,4
DA:392,1
DA:393,1
DA:395,3
DA:398,1
LF:96
LH:87
BRDA:16,0,0,40
BRDA:16,0,1,7
BRDA:20,1,0,12
BRDA:20,1,1,-12
BRDA:20,2,0,0
BRDA:20,2,1,33
BRDA:22,3,0,32
BRDA:22,3,1,3
BRDA:27,4,0,2
BRDA:27,4,1,3
BRDA:31,5,0,3
BRDA:31,5,1,17
BRDA:31,6,0,20
BRDA:31,6,1,20
BRDA:31,6,2,20
BRDA:37,7,0,1
BRDA:37,7,1,10
BRDA:41,8,0,3
BRDA:41,8,1,7
BRDA:41,9,0,10
BRDA:41,9,1,9
BRDA:41,9,2,8
BRDA:46,10,0,4
BRDA:46,10,1,59
BRDA:58,11,0,1
BRDA:58,11,1,5
BRDA:59,12,0,1
BRDA:59,12,1,4
BRDA:65,13,0,3
BRDA:65,13,1,-3
BRDA:65,14,0,0
BRDA:65,14,1,12
BRDA:69,15,0,1
BRDA:69,15,1,10
BRDA:69,16,0,11
BRDA:69,16,1,11
BRDA:71,17,0,3
BRDA:71,17,1,7
BRDA:75,18,0,2
BRDA:75,18,1,5
BRDA:80,19,0,4
BRDA:80,19,1,1
BRDA:90,20,0,2
BRDA:90,20,1,5
BRDA:91,21,0,1
BRDA:91,21,1,4
BRDA:92,22,0,2
BRDA:92,22,1,2
BRDA:93,23,0,1
BRDA:93,23,1,1
BRDA:93,24,0,2
BRDA:93,24,1,1
BRDA:115,25,0,3
BRDA:115,25,1,1
BRDA:147,26,0,2
BRDA:147,26,1,1
BRDA:150,27,0,15
BRDA:166,28,0,2
BRDA:176,29,0,4
BRDA:187,30,0,2
BRDA:187,30,1,2
BRDA:188,31,0,2
BRDA:188,31,1,0
BRDA:197,32,0,1
BRDA:197,32,1,1
BRDA:371,33,0,16
BRDA:371,33,1,4
BRDA:376,34,0,0
BRDA:376,34,1,0
BRDA:382,35,0,23
BRDA:382,35,1,0
BRDA:383,36,0,17
BRDA:383,36,1,-17
BRDA:391,37,0,1
BRDA:391,37,1,3
BRDA:391,38,0,4
BRDA:391,38,1,2
BRF:77
BRH:68
end_of_record
