TN:
SF:src\handlers\telegramPrivacyHandler.js
FN:8,getSubscriptionByChat
FN:18,getSubscriptionByClient
FN:29,getSubscriptionByPhone
FN:41,getClientById
FN:53,invitationFailureText
FN:59,beginConsent
FN:86,acceptConsent
FN:120,rejectConsent
FN:150,validateAndSaveContact
FN:209,(anonymous_9)
FN:215,handleStartInvitation
FN:268,requestPolicyReconsent
FN:291,handlePrivacyCommand
FNF:13
FNH:12
FNDA:3,getSubscriptionByChat
FNDA:1,getSubscriptionByClient
FNDA:1,getSubscriptionByPhone
FNDA:5,getClientById
FNDA:4,invitationFailureText
FNDA:3,beginConsent
FNDA:1,acceptConsent
FNDA:4,rejectConsent
FNDA:5,validateAndSaveContact
FNDA:0,(anonymous_9)
FNDA:4,handleStartInvitation
FNDA:1,requestPolicyReconsent
FNDA:2,handlePrivacyCommand
DA:1,1
DA:2,1
DA:3,1
DA:4,1
DA:5,1
DA:6,1
DA:9,3
DA:14,3
DA:15,3
DA:19,1
DA:20,1
DA:25,1
DA:26,1
DA:30,1
DA:31,1
DA:32,1
DA:37,1
DA:38,1
DA:42,5
DA:49,5
DA:50,5
DA:54,4
DA:55,3
DA:56,2
DA:67,3
DA:73,3
DA:74,3
DA:83,3
DA:87,1
DA:88,1
DA:89,1
DA:95,1
DA:100,1
DA:104,1
DA:121,4
DA:122,2
DA:123,2
DA:127,2
DA:128,2
DA:137,2
DA:147,2
DA:151,5
DA:152,4
DA:153,4
DA:154,1
DA:155,1
DA:156,1
DA:158,3
DA:159,3
DA:160,3
DA:161,1
DA:165,1
DA:176,1
DA:178,2
DA:187,2
DA:198,2
DA:199,1
DA:201,2
DA:207,2
DA:208,1
DA:209,2
DA:212,2
DA:216,4
DA:217,4
DA:218,4
DA:219,1
DA:220,1
DA:222,3
DA:223,3
DA:225,3
DA:226,1
DA:232,1
DA:235,2
DA:236,2
DA:237,2
DA:247,2
DA:248,1
DA:250,1
DA:253,1
DA:254,0
DA:255,0
DA:258,1
DA:269,1
DA:283,1
DA:292,2
DA:293,2
DA:294,1
DA:295,1
DA:296,1
DA:297,1
DA:301,1
LF:91
LH:89
BRDA:14,0,0,0
BRDA:14,0,1,3
BRDA:15,1,0,3
BRDA:15,1,1,2
BRDA:19,2,0,0
BRDA:19,2,1,1
BRDA:25,3,0,0
BRDA:25,3,1,1
BRDA:26,4,0,1
BRDA:26,4,1,0
BRDA:31,5,0,0
BRDA:31,5,1,1
BRDA:37,6,0,0
BRDA:37,6,1,1
BRDA:38,7,0,1
BRDA:38,7,1,0
BRDA:49,8,0,0
BRDA:49,8,1,5
BRDA:50,9,0,5
BRDA:50,9,1,1
BRDA:54,10,0,1
BRDA:54,10,1,3
BRDA:55,11,0,1
BRDA:55,11,1,2
BRDA:64,12,0,1
BRDA:65,13,0,1
BRDA:87,14,0,0
BRDA:87,14,1,1
BRDA:87,15,0,1
BRDA:87,15,1,1
BRDA:121,16,0,2
BRDA:121,16,1,2
BRDA:121,17,0,4
BRDA:121,17,1,3
BRDA:127,18,0,2
BRDA:127,18,1,0
BRDA:151,19,0,1
BRDA:151,19,1,4
BRDA:153,20,0,1
BRDA:153,20,1,3
BRDA:160,21,0,1
BRDA:160,21,1,2
BRDA:198,22,0,1
BRDA:198,22,1,1
BRDA:207,23,0,1
BRDA:207,23,1,1
BRDA:207,24,0,2
BRDA:207,24,1,1
BRDA:218,25,0,1
BRDA:218,25,1,3
BRDA:223,26,0,0
BRDA:223,26,1,3
BRDA:225,27,0,1
BRDA:225,27,1,2
BRDA:225,28,0,3
BRDA:225,28,1,3
BRDA:236,29,0,2
BRDA:236,29,1,0
BRDA:240,30,0,2
BRDA:240,30,1,0
BRDA:247,31,0,1
BRDA:247,31,1,1
BRDA:253,32,0,0
BRDA:253,32,1,1
BRDA:278,33,0,1
BRDA:278,33,1,0
BRDA:293,34,0,1
BRDA:293,34,1,1
BRDA:296,35,0,1
BRDA:296,35,1,0
BRF:70
BRH:54
end_of_record
TN:
SF:src\services\telegramApi.js
FN:1,(anonymous_0)
FN:10,(anonymous_1)
FN:19,(anonymous_2)
FN:30,(anonymous_3)
FN:39,(anonymous_4)
FN:53,(anonymous_5)
FN:68,(anonymous_6)
FNF:7
FNH:7
FNDA:12,(anonymous_0)
FNDA:1,(anonymous_1)
FNDA:1,(anonymous_2)
FNDA:3,(anonymous_3)
FNDA:4,(anonymous_4)
FNDA:4,(anonymous_5)
FNDA:1,(anonymous_6)
DA:1,2
DA:2,12
DA:3,12
DA:5,11
DA:10,8
DA:11,8
DA:12,2
DA:13,2
DA:14,2
DA:16,6
DA:19,2
DA:20,1
DA:25,1
DA:26,1
DA:27,1
DA:30,2
DA:31,3
DA:32,2
DA:33,2
DA:35,1
DA:39,2
DA:40,4
DA:41,2
DA:42,2
DA:46,1
DA:48,1
DA:49,1
DA:53,2
DA:54,4
DA:55,2
DA:56,2
DA:61,1
DA:63,1
DA:64,1
DA:68,2
DA:69,1
DA:74,1
DA:75,1
DA:76,1
DA:79,2
LF:40
LH:40
BRDA:2,0,0,12
BRDA:2,0,1,1
BRDA:3,1,0,1
BRDA:3,1,1,11
BRDA:11,2,0,2
BRDA:11,2,1,6
BRDA:11,3,0,8
BRDA:11,3,1,6
BRDA:12,4,0,2
BRDA:12,4,1,1
BRDA:25,5,0,1
BRDA:25,5,1,0
BRDA:26,6,0,1
BRDA:26,6,1,0
BRDA:31,7,0,1
BRDA:31,7,1,2
BRDA:40,8,0,2
BRDA:40,8,1,2
BRDA:40,9,0,4
BRDA:40,9,1,3
BRDA:54,10,0,2
BRDA:54,10,1,2
BRDA:54,11,0,4
BRDA:54,11,1,3
BRDA:72,12,0,1
BRDA:72,12,1,0
BRDA:74,13,0,1
BRDA:74,13,1,0
BRDA:75,14,0,1
BRDA:75,14,1,0
BRF:30
BRH:25
end_of_record
TN:
SF:src\services\telegramConsent.js
FN:13,(anonymous_0)
FN:23,(anonymous_1)
FN:24,(anonymous_2)
FN:34,(anonymous_3)
FN:36,(anonymous_4)
FN:38,(anonymous_5)
FN:50,(anonymous_6)
FN:62,(anonymous_7)
FN:68,(anonymous_8)
FN:70,(anonymous_9)
FN:72,(anonymous_10)
FN:107,(anonymous_11)
FN:133,(anonymous_12)
FN:145,(anonymous_13)
FN:180,(anonymous_14)
FN:190,(anonymous_15)
FN:223,(anonymous_16)
FNF:17
FNH:17
FNDA:24,(anonymous_0)
FNDA:4,(anonymous_1)
FNDA:16,(anonymous_2)
FNDA:8,(anonymous_3)
FNDA:2,(anonymous_4)
FNDA:4,(anonymous_5)
FNDA:2,(anonymous_6)
FNDA:8,(anonymous_7)
FNDA:2,(anonymous_8)
FNDA:1,(anonymous_9)
FNDA:1,(anonymous_10)
FNDA:2,(anonymous_11)
FNDA:14,(anonymous_12)
FNDA:5,(anonymous_13)
FNDA:5,(anonymous_14)
FNDA:2,(anonymous_15)
FNDA:5,(anonymous_16)
DA:2,1
DA:3,1
DA:5,1
DA:6,1
DA:13,1
DA:14,24
DA:15,24
DA:16,0
DA:17,0
DA:18,0
DA:20,24
DA:23,1
DA:24,16
DA:25,4
DA:26,3
DA:27,1
DA:29,2
DA:30,1
DA:34,8
DA:36,2
DA:38,1
DA:39,4
DA:40,4
DA:41,4
DA:43,4
DA:50,1
DA:51,2
DA:52,2
DA:62,1
DA:63,8
DA:68,2
DA:70,1
DA:72,1
DA:73,1
DA:74,1
DA:75,1
DA:76,1
DA:77,1
DA:79,1
DA:85,1
DA:87,1
DA:97,1
DA:99,1
DA:107,1
DA:108,2
DA:109,2
DA:110,2
DA:111,1
DA:112,1
DA:114,1
DA:115,1
DA:116,1
DA:121,1
DA:122,0
DA:123,0
DA:125,1
DA:126,1
DA:128,0
DA:129,0
DA:133,1
DA:134,14
DA:135,13
DA:136,11
DA:137,10
DA:138,9
DA:139,2
DA:141,7
DA:142,6
DA:145,1
DA:150,5
DA:151,5
DA:152,4
DA:154,3
DA:165,3
DA:166,2
DA:168,1
DA:173,1
DA:174,1
DA:175,1
DA:180,1
DA:181,5
DA:182,2
DA:187,2
DA:190,1
DA:205,2
DA:206,2
DA:220,2
DA:223,1
DA:224,5
DA:231,1
LF:90
LH:83
BRDA:14,0,0,24
BRDA:14,0,1,0
BRDA:15,1,0,0
BRDA:15,1,1,24
BRDA:24,2,0,16
BRDA:24,2,1,1
BRDA:25,3,0,1
BRDA:25,3,1,3
BRDA:26,4,0,1
BRDA:26,4,1,2
BRDA:26,5,0,3
BRDA:26,5,1,1
BRDA:26,6,0,3
BRDA:26,6,1,1
BRDA:26,7,0,1
BRDA:26,7,1,1
BRDA:29,8,0,1
BRDA:29,8,1,1
BRDA:39,9,0,4
BRDA:39,9,1,1
BRDA:40,10,0,4
BRDA:40,10,1,3
BRDA:41,11,0,4
BRDA:41,11,1,1
BRDA:41,12,0,1
BRDA:41,12,1,0
BRDA:65,13,0,8
BRDA:65,13,1,0
BRDA:68,14,0,2
BRDA:68,14,1,0
BRDA:72,15,0,0
BRDA:85,16,0,0
BRDA:85,16,1,1
BRDA:93,17,0,1
BRDA:93,17,1,0
BRDA:97,18,0,0
BRDA:97,18,1,1
BRDA:107,19,0,0
BRDA:110,20,0,1
BRDA:110,20,1,1
BRDA:110,21,0,2
BRDA:110,21,1,0
BRDA:121,22,0,0
BRDA:121,22,1,1
BRDA:125,23,0,1
BRDA:125,23,1,0
BRDA:126,24,0,1
BRDA:126,24,1,0
BRDA:134,25,0,1
BRDA:134,25,1,13
BRDA:135,26,0,2
BRDA:135,26,1,11
BRDA:136,27,0,1
BRDA:136,27,1,10
BRDA:137,28,0,1
BRDA:137,28,1,9
BRDA:138,29,0,2
BRDA:138,29,1,7
BRDA:138,30,0,9
BRDA:138,30,1,4
BRDA:141,31,0,1
BRDA:141,31,1,6
BRDA:148,32,0,2
BRDA:151,33,0,1
BRDA:151,33,1,4
BRDA:152,34,0,1
BRDA:152,34,1,3
BRDA:159,35,0,0
BRDA:159,35,1,3
BRDA:165,36,0,1
BRDA:165,36,1,2
BRDA:166,37,0,1
BRDA:166,37,1,1
BRDA:173,38,0,0
BRDA:173,38,1,1
BRDA:175,39,0,0
BRDA:175,39,1,1
BRDA:180,40,0,0
BRDA:181,41,0,3
BRDA:181,41,1,2
BRDA:187,42,0,1
BRDA:187,42,1,1
BRDA:200,43,0,1
BRDA:201,44,0,0
BRDA:203,45,0,0
BRDA:205,46,0,1
BRDA:205,46,1,1
BRDA:207,47,0,2
BRDA:207,47,1,0
BRDA:208,48,0,2
BRDA:208,48,1,1
BRDA:209,49,0,2
BRDA:209,49,1,1
BRDA:211,50,0,1
BRDA:211,50,1,1
BRDA:212,51,0,1
BRDA:212,51,1,1
BRDA:213,52,0,1
BRDA:213,52,1,1
BRDA:215,53,0,1
BRDA:215,53,1,1
BRDA:216,54,0,1
BRDA:216,54,1,1
BRDA:217,55,0,1
BRDA:217,55,1,1
BRDA:220,56,0,0
BRDA:220,56,1,2
BRDA:225,57,0,5
BRDA:225,57,1,4
BRDA:225,57,2,3
BRDA:225,57,3,2
BRF:111
BRH:89
end_of_record
TN:
SF:src\services\telegramOrderTrace.js
FN:7,truncate
FN:12,boundedJson
FN:23,buildOriginalMessage
FN:35,createOrderTrace
FN:66,updateOrderTrace
FNF:5
FNH:5
FNDA:7,truncate
FNDA:2,boundedJson
FNDA:5,buildOriginalMessage
FNDA:4,createOrderTrace
FNDA:3,updateOrderTrace
DA:1,1
DA:3,1
DA:4,1
DA:5,1
DA:8,7
DA:9,7
DA:13,2
DA:14,2
DA:15,2
DA:17,1
DA:24,5
DA:33,1
DA:36,4
DA:38,4
DA:39,3
DA:40,3
DA:41,1
DA:45,3
DA:58,3
DA:59,2
DA:61,1
DA:62,1
DA:67,3
DA:69,2
DA:80,2
DA:81,2
DA:86,2
DA:87,1
DA:89,1
DA:90,1
DA:94,1
LF:31
LH:31
BRDA:8,0,0,7
BRDA:8,0,1,0
BRDA:9,1,0,5
BRDA:9,1,1,2
BRDA:13,2,0,2
BRDA:13,2,1,0
BRDA:13,3,0,2
BRDA:13,3,1,2
BRDA:15,4,0,1
BRDA:15,4,1,1
BRDA:25,5,0,3
BRDA:25,5,1,2
BRDA:25,6,0,1
BRDA:25,6,1,1
BRDA:26,7,0,3
BRDA:26,7,1,2
BRDA:26,8,0,3
BRDA:26,8,1,0
BRDA:27,9,0,5
BRDA:27,9,1,4
BRDA:35,10,0,1
BRDA:35,11,0,1
BRDA:38,12,0,3
BRDA:38,12,1,1
BRDA:39,13,0,3
BRDA:39,13,1,0
BRDA:40,14,0,1
BRDA:40,14,1,2
BRDA:48,15,0,3
BRDA:48,15,1,1
BRDA:49,16,0,3
BRDA:49,16,1,3
BRDA:50,17,0,3
BRDA:50,17,1,1
BRDA:51,18,0,3
BRDA:51,18,1,3
BRDA:58,19,0,1
BRDA:58,19,1,2
BRDA:59,20,0,2
BRDA:59,20,1,0
BRDA:66,21,0,1
BRDA:67,22,0,1
BRDA:67,22,1,2
BRDA:70,23,0,1
BRDA:70,23,1,1
BRDA:71,24,0,0
BRDA:71,24,1,2
BRDA:72,25,0,0
BRDA:72,25,1,2
BRDA:73,26,0,0
BRDA:73,26,1,2
BRDA:76,27,0,2
BRDA:76,27,1,0
BRDA:77,28,0,1
BRDA:77,28,1,1
BRDA:86,29,0,1
BRDA:86,29,1,1
BRF:57
BRH:48
end_of_record
TN:
SF:src\ui\telegramKeyboards.js
FN:11,(anonymous_0)
FN:13,(anonymous_1)
FN:15,(anonymous_2)
FN:16,(anonymous_3)
FN:28,(anonymous_4)
FN:29,(anonymous_5)
FN:35,(anonymous_6)
FN:39,(anonymous_7)
FN:45,(anonymous_8)
FN:51,(anonymous_9)
FN:58,(anonymous_10)
FN:60,(anonymous_11)
FN:62,(anonymous_12)
FN:72,(anonymous_13)
FN:79,(anonymous_14)
FN:101,(anonymous_15)
FN:108,(anonymous_16)
FN:114,(anonymous_17)
FN:120,(anonymous_18)
FN:137,(anonymous_19)
FNF:20
FNH:20
FNDA:20,(anonymous_0)
FNDA:17,(anonymous_1)
FNDA:2,(anonymous_2)
FNDA:4,(anonymous_3)
FNDA:4,(anonymous_4)
FNDA:20,(anonymous_5)
FNDA:13,(anonymous_6)
FNDA:1,(anonymous_7)
FNDA:1,(anonymous_8)
FNDA:1,(anonymous_9)
FNDA:1,(anonymous_10)
FNDA:1,(anonymous_11)
FNDA:20,(anonymous_12)
FNDA:1,(anonymous_13)
FNDA:3,(anonymous_14)
FNDA:1,(anonymous_15)
FNDA:1,(anonymous_16)
FNDA:1,(anonymous_17)
FNDA:1,(anonymous_18)
FNDA:3,(anonymous_19)
DA:1,1
DA:9,1
DA:11,20
DA:13,17
DA:15,1
DA:16,4
DA:19,2
DA:22,2
DA:25,2
DA:28,1
DA:29,4
DA:30,20
DA:31,10
DA:32,10
DA:34,4
DA:35,13
DA:39,1
DA:40,1
DA:45,1
DA:46,1
DA:51,1
DA:58,1
DA:60,1
DA:61,1
DA:63,20
DA:64,20
DA:68,20
DA:72,1
DA:73,1
DA:79,1
DA:80,3
DA:81,3
DA:82,3
DA:83,1
DA:85,3
DA:86,1
DA:88,3
DA:89,1
DA:91,3
DA:92,1
DA:94,3
DA:95,1
DA:97,3
DA:98,3
DA:101,1
DA:102,1
DA:108,1
DA:109,1
DA:114,1
DA:115,1
DA:120,1
DA:121,1
DA:122,1
DA:123,1
DA:137,1
DA:138,3
DA:139,3
DA:152,1
LF:58
LH:58
BRDA:17,0,0,2
BRDA:17,0,1,2
BRDA:20,1,0,1
BRDA:20,1,1,1
BRDA:30,2,0,10
BRDA:30,2,1,10
BRDA:30,3,0,20
BRDA:30,3,1,15
BRDA:32,4,0,10
BRDA:32,4,1,7
BRDA:63,5,0,4
BRDA:63,5,1,16
BRDA:82,6,0,1
BRDA:82,6,1,2
BRDA:82,7,0,3
BRDA:82,7,1,2
BRDA:85,8,0,1
BRDA:85,8,1,2
BRDA:85,9,0,3
BRDA:85,9,1,1
BRDA:88,10,0,1
BRDA:88,10,1,2
BRDA:88,11,0,3
BRDA:88,11,1,1
BRDA:91,12,0,1
BRDA:91,12,1,2
BRDA:91,13,0,3
BRDA:91,13,1,1
BRDA:94,14,0,1
BRDA:94,14,1,2
BRDA:94,15,0,3
BRDA:94,15,1,1
BRDA:121,16,0,1
BRDA:121,16,1,0
BRDA:122,17,0,1
BRDA:122,17,1,0
BRDA:125,18,0,1
BRDA:125,18,1,0
BRDA:126,19,0,0
BRDA:126,19,1,1
BRDA:127,20,0,1
BRDA:127,20,1,0
BRDA:128,21,0,1
BRDA:128,21,1,0
BRDA:129,22,0,1
BRDA:129,22,1,0
BRDA:130,23,0,0
BRDA:130,23,1,1
BRDA:132,24,0,1
BRDA:132,24,1,1
BRDA:138,25,0,3
BRDA:138,25,1,0
BRDA:141,26,0,3
BRDA:141,26,1,0
BRDA:142,27,0,1
BRDA:142,27,1,2
BRDA:143,28,0,3
BRDA:143,28,1,0
BRDA:144,29,0,3
BRDA:144,29,1,0
BRDA:145,30,0,3
BRDA:145,30,1,0
BRDA:146,31,0,1
BRDA:146,31,1,2
BRDA:148,32,0,3
BRDA:148,32,1,2
BRF:66
BRH:53
end_of_record
TN:
SF:src\utils\telegramHelpers.js
FN:3,(anonymous_0)
FN:8,(anonymous_1)
FN:15,(anonymous_2)
FN:23,(anonymous_3)
FN:26,(anonymous_4)
FN:32,(anonymous_5)
FN:38,(anonymous_6)
FN:49,(anonymous_7)
FN:67,(anonymous_8)
FN:73,(anonymous_9)
FN:87,(anonymous_10)
FNF:11
FNH:11
FNDA:2,(anonymous_0)
FNDA:6,(anonymous_1)
FNDA:1,(anonymous_2)
FNDA:1,(anonymous_3)
FNDA:2,(anonymous_4)
FNDA:3,(anonymous_5)
FNDA:8,(anonymous_6)
FNDA:9,(anonymous_7)
FNDA:6,(anonymous_8)
FNDA:7,(anonymous_9)
FNDA:3,(anonymous_10)
DA:1,1
DA:3,2
DA:5,1
DA:6,1
DA:8,1
DA:9,6
DA:15,1
DA:16,1
DA:23,1
DA:24,1
DA:26,1
DA:27,2
DA:29,1
DA:32,1
DA:33,3
DA:34,3
DA:35,3
DA:38,1
DA:39,8
DA:40,1
DA:41,1
DA:42,1
DA:43,1
DA:44,1
DA:45,3
DA:49,1
DA:50,9
DA:52,9
DA:57,9
DA:58,17
DA:59,17
DA:60,7
DA:61,7
DA:64,2
DA:67,1
DA:68,6
DA:69,6
DA:70,4
DA:73,1
DA:74,7
DA:75,5
DA:76,5
DA:77,3
DA:84,4
DA:87,1
DA:88,3
DA:89,3
DA:90,3
DA:99,1
LF:49
LH:49
BRDA:5,0,0,1
BRDA:5,0,1,1
BRDA:9,1,0,6
BRDA:9,1,1,3
BRDA:27,2,0,1
BRDA:27,2,1,1
BRDA:39,3,0,1
BRDA:39,3,1,1
BRDA:39,3,2,1
BRDA:39,3,3,1
BRDA:39,3,4,1
BRDA:39,3,5,3
BRDA:49,4,0,7
BRDA:50,5,0,9
BRDA:50,5,1,1
BRDA:59,6,0,7
BRDA:59,6,1,10
BRDA:61,7,0,7
BRDA:61,7,1,6
BRDA:68,8,0,6
BRDA:68,8,1,1
BRDA:69,9,0,2
BRDA:69,9,1,4
BRDA:70,10,0,4
BRDA:70,10,1,1
BRDA:74,11,0,7
BRDA:74,11,1,1
BRDA:75,12,0,1
BRDA:75,12,1,4
BRDA:76,13,0,3
BRDA:76,13,1,2
BRDA:76,14,0,5
BRDA:76,14,1,4
BRDA:76,14,2,3
BRDA:78,15,0,3
BRDA:78,15,1,0
BRDA:79,16,0,3
BRDA:79,16,1,0
BRDA:80,17,0,3
BRDA:80,17,1,2
BRDA:88,18,0,3
BRDA:88,18,1,1
BRDA:88,19,0,1
BRDA:88,19,1,0
BRDA:89,20,0,3
BRDA:89,20,1,0
BRDA:94,21,0,3
BRDA:94,21,1,1
BRDA:94,22,0,3
BRDA:94,22,1,1
BRF:50
BRH:46
end_of_record
TN:
SF:src\validation\ecencia.js
FN:15,onlyDigits
FN:19,trimToUndefined
FN:25,normalizeEmail
FN:30,toNumber
FN:35,isValidCedula
FN:44,(anonymous_5)
FN:54,modulo11Digit
FN:55,(anonymous_7)
FN:63,isValidRuc
FN:88,normalizePhone
FN:97,(anonymous_10)
FN:106,(anonymous_11)
FN:113,(anonymous_12)
FN:140,(anonymous_13)
FN:147,(anonymous_14)
FN:150,(anonymous_15)
FN:160,(anonymous_16)
FN:166,(anonymous_17)
FN:176,(anonymous_18)
FN:186,(anonymous_19)
FN:196,(anonymous_20)
FN:205,(anonymous_21)
FN:368,formatValidationError
FN:369,(anonymous_23)
FN:381,parseBody
FN:390,sendValidationError
FNF:26
FNH:26
FNDA:40,onlyDigits
FNDA:44,trimToUndefined
FNDA:5,normalizeEmail
FNDA:20,toNumber
FNDA:11,isValidCedula
FNDA:63,(anonymous_5)
FNDA:6,modulo11Digit
FNDA:52,(anonymous_7)
FNDA:14,isValidRuc
FNDA:7,normalizePhone
FNDA:19,(anonymous_10)
FNDA:12,(anonymous_11)
FNDA:3,(anonymous_12)
FNDA:1,(anonymous_13)
FNDA:2,(anonymous_14)
FNDA:15,(anonymous_15)
FNDA:2,(anonymous_16)
FNDA:2,(anonymous_17)
FNDA:4,(anonymous_18)
FNDA:4,(anonymous_19)
FNDA:2,(anonymous_20)
FNDA:1,(anonymous_21)
FNDA:12,formatValidationError
FNDA:16,(anonymous_23)
FNDA:23,parseBody
FNDA:4,sendValidationError
DA:1,1
DA:3,1
DA:16,40
DA:20,44
DA:21,32
DA:22,32
DA:26,5
DA:27,5
DA:31,20
DA:32,17
DA:36,11
DA:37,11
DA:39,10
DA:40,10
DA:41,10
DA:43,7
DA:44,7
DA:45,63
DA:46,63
DA:47,63
DA:50,7
DA:51,7
DA:55,52
DA:56,6
DA:57,6
DA:58,6
DA:59,5
DA:60,4
DA:64,14
DA:65,14
DA:67,11
DA:68,11
DA:69,11
DA:71,10
DA:72,3
DA:75,7
DA:76,2
DA:77,2
DA:80,5
DA:81,4
DA:82,4
DA:85,1
DA:89,7
DA:90,7
DA:91,5
DA:92,4
DA:93,2
DA:94,1
DA:97,1
DA:98,19
DA:106,1
DA:107,12
DA:112,1
DA:114,3
DA:115,3
DA:119,1
DA:127,1
DA:136,1
DA:140,1
DA:143,1
DA:147,2
DA:150,1
DA:151,15
DA:160,1
DA:161,2
DA:166,1
DA:167,2
DA:176,1
DA:177,4
DA:186,1
DA:187,4
DA:188,2
DA:189,0
DA:192,1
DA:196,1
DA:197,2
DA:198,1
DA:201,1
DA:205,1
DA:210,1
DA:217,1
DA:221,1
DA:369,12
DA:370,16
DA:375,12
DA:382,23
DA:383,23
DA:384,6
DA:385,6
DA:386,6
DA:387,6
DA:391,4
DA:392,1
DA:393,1
DA:395,3
DA:398,1
LF:96
LH:95
BRDA:16,0,0,40
BRDA:16,0,1,7
BRDA:20,1,0,12
BRDA:20,1,1,32
BRDA:20,2,0,44
BRDA:20,2,1,33
BRDA:22,3,0,32
BRDA:22,3,1,3
BRDA:27,4,0,2
BRDA:27,4,1,3
BRDA:31,5,0,3
BRDA:31,5,1,17
BRDA:31,6,0,20
BRDA:31,6,1,20
BRDA:31,6,2,20
BRDA:37,7,0,1
BRDA:37,7,1,10
BRDA:41,8,0,3
BRDA:41,8,1,7
BRDA:41,9,0,10
BRDA:41,9,1,9
BRDA:41,9,2,8
BRDA:46,10,0,4
BRDA:46,10,1,59
BRDA:58,11,0,1
BRDA:58,11,1,5
BRDA:59,12,0,1
BRDA:59,12,1,4
BRDA:65,13,0,3
BRDA:65,13,1,11
BRDA:65,14,0,14
BRDA:65,14,1,12
BRDA:69,15,0,1
BRDA:69,15,1,10
BRDA:69,16,0,11
BRDA:69,16,1,11
BRDA:71,17,0,3
BRDA:71,17,1,7
BRDA:75,18,0,2
BRDA:75,18,1,5
BRDA:80,19,0,4
BRDA:80,19,1,1
BRDA:90,20,0,2
BRDA:90,20,1,5
BRDA:91,21,0,1
BRDA:91,21,1,4
BRDA:92,22,0,2
BRDA:92,22,1,2
BRDA:93,23,0,1
BRDA:93,23,1,1
BRDA:93,24,0,2
BRDA:93,24,1,1
BRDA:115,25,0,3
BRDA:115,25,1,1
BRDA:147,26,0,2
BRDA:147,26,1,1
BRDA:150,27,0,13
BRDA:166,28,0,0
BRDA:176,29,0,4
BRDA:187,30,0,2
BRDA:187,30,1,2
BRDA:188,31,0,2
BRDA:188,31,1,0
BRDA:197,32,0,1
BRDA:197,32,1,1
BRDA:371,33,0,16
BRDA:371,33,1,4
BRDA:376,34,0,12
BRDA:376,34,1,0
BRDA:382,35,0,23
BRDA:382,35,1,0
BRDA:383,36,0,17
BRDA:383,36,1,6
BRDA:391,37,0,1
BRDA:391,37,1,3
BRDA:391,38,0,4
BRDA:391,38,1,2
BRF:77
BRH:73
end_of_record
