{"C:/Users/esteb/Documents/TESIS/ECenciaAPP/backend/src/middlewares/authMiddleware.js": {"path":"C:/Users/esteb/Documents/TESIS/ECenciaAPP/backend/src/middlewares/authMiddleware.js","statementMap":{"0":{"start":{"line":5,"column":37},"end":{"line":5,"column":66}},"1":{"start":{"line":7,"column":25},"end":{"line":13,"column":1}},"2":{"start":{"line":8,"column":21},"end":{"line":8,"column":58}},"3":{"start":{"line":9,"column":2},"end":{"line":11,"column":3}},"4":{"start":{"line":10,"column":4},"end":{"line":10,"column":27}},"5":{"start":{"line":12,"column":2},"end":{"line":12,"column":16}},"6":{"start":{"line":15,"column":24},"end":{"line":34,"column":1}},"7":{"start":{"line":16,"column":24},"end":{"line":20,"column":18}},"8":{"start":{"line":22,"column":2},"end":{"line":30,"column":3}},"9":{"start":{"line":23,"column":21},"end":{"line":27,"column":20}},"10":{"start":{"line":28,"column":4},"end":{"line":28,"column":25}},"11":{"start":{"line":29,"column":4},"end":{"line":29,"column":27}},"12":{"start":{"line":32,"column":2},"end":{"line":32,"column":25}},"13":{"start":{"line":32,"column":13},"end":{"line":32,"column":25}},"14":{"start":{"line":33,"column":2},"end":{"line":33,"column":14}},"15":{"start":{"line":36,"column":23},"end":{"line":76,"column":1}},"16":{"start":{"line":37,"column":2},"end":{"line":75,"column":3}},"17":{"start":{"line":38,"column":23},"end":{"line":38,"column":48}},"18":{"start":{"line":39,"column":4},"end":{"line":41,"column":5}},"19":{"start":{"line":40,"column":6},"end":{"line":40,"column":79}},"20":{"start":{"line":43,"column":18},"end":{"line":43,"column":42}},"21":{"start":{"line":47,"column":8},"end":{"line":47,"column":42}},"22":{"start":{"line":49,"column":4},"end":{"line":51,"column":5}},"23":{"start":{"line":50,"column":6},"end":{"line":50,"column":75}},"24":{"start":{"line":53,"column":24},"end":{"line":53,"column":40}},"25":{"start":{"line":54,"column":21},"end":{"line":54,"column":61}},"26":{"start":{"line":56,"column":4},"end":{"line":58,"column":5}},"27":{"start":{"line":57,"column":6},"end":{"line":57,"column":91}},"28":{"start":{"line":60,"column":4},"end":{"line":62,"column":5}},"29":{"start":{"line":61,"column":6},"end":{"line":61,"column":79}},"30":{"start":{"line":64,"column":20},"end":{"line":64,"column":86}},"31":{"start":{"line":65,"column":4},"end":{"line":69,"column":6}},"32":{"start":{"line":71,"column":4},"end":{"line":71,"column":11}},"33":{"start":{"line":73,"column":4},"end":{"line":73,"column":64}},"34":{"start":{"line":74,"column":4},"end":{"line":74,"column":83}},"35":{"start":{"line":78,"column":0},"end":{"line":78,"column":32}}},"fnMap":{"0":{"name":"(anonymous_0)","decl":{"start":{"line":7,"column":25},"end":{"line":7,"column":26}},"loc":{"start":{"line":7,"column":44},"end":{"line":13,"column":1}}},"1":{"name":"(anonymous_1)","decl":{"start":{"line":15,"column":24},"end":{"line":15,"column":29}},"loc":{"start":{"line":15,"column":53},"end":{"line":34,"column":1}}},"2":{"name":"(anonymous_2)","decl":{"start":{"line":36,"column":23},"end":{"line":36,"column":28}},"loc":{"start":{"line":36,"column":49},"end":{"line":76,"column":1}}}},"branchMap":{"0":{"loc":{"start":{"line":7,"column":26},"end":{"line":7,"column":39}},"type":"default-arg","locations":[{"start":{"line":7,"column":37},"end":{"line":7,"column":39}}]},"1":{"loc":{"start":{"line":9,"column":2},"end":{"line":11,"column":3}},"type":"if","locations":[{"start":{"line":9,"column":2},"end":{"line":11,"column":3}},{"start":{},"end":{}}]},"2":{"loc":{"start":{"line":22,"column":2},"end":{"line":30,"column":3}},"type":"if","locations":[{"start":{"line":22,"column":2},"end":{"line":30,"column":3}},{"start":{},"end":{}}]},"3":{"loc":{"start":{"line":22,"column":6},"end":{"line":22,"column":25}},"type":"binary-expr","locations":[{"start":{"line":22,"column":6},"end":{"line":22,"column":11}},{"start":{"line":22,"column":15},"end":{"line":22,"column":25}}]},"4":{"loc":{"start":{"line":32,"column":2},"end":{"line":32,"column":25}},"type":"if","locations":[{"start":{"line":32,"column":2},"end":{"line":32,"column":25}},{"start":{},"end":{}}]},"5":{"loc":{"start":{"line":39,"column":4},"end":{"line":41,"column":5}},"type":"if","locations":[{"start":{"line":39,"column":4},"end":{"line":41,"column":5}},{"start":{},"end":{}}]},"6":{"loc":{"start":{"line":39,"column":8},"end":{"line":39,"column":56}},"type":"binary-expr","locations":[{"start":{"line":39,"column":8},"end":{"line":39,"column":19}},{"start":{"line":39,"column":23},"end":{"line":39,"column":56}}]},"7":{"loc":{"start":{"line":49,"column":4},"end":{"line":51,"column":5}},"type":"if","locations":[{"start":{"line":49,"column":4},"end":{"line":51,"column":5}},{"start":{},"end":{}}]},"8":{"loc":{"start":{"line":49,"column":8},"end":{"line":49,"column":22}},"type":"binary-expr","locations":[{"start":{"line":49,"column":8},"end":{"line":49,"column":13}},{"start":{"line":49,"column":17},"end":{"line":49,"column":22}}]},"9":{"loc":{"start":{"line":56,"column":4},"end":{"line":58,"column":5}},"type":"if","locations":[{"start":{"line":56,"column":4},"end":{"line":58,"column":5}},{"start":{},"end":{}}]},"10":{"loc":{"start":{"line":60,"column":4},"end":{"line":62,"column":5}},"type":"if","locations":[{"start":{"line":60,"column":4},"end":{"line":62,"column":5}},{"start":{},"end":{}}]},"11":{"loc":{"start":{"line":64,"column":20},"end":{"line":64,"column":86}},"type":"cond-expr","locations":[{"start":{"line":64,"column":52},"end":{"line":64,"column":69}},{"start":{"line":64,"column":72},"end":{"line":64,"column":86}}]}},"s":{"0":1,"1":1,"2":2,"3":2,"4":1,"5":1,"6":1,"7":5,"8":5,"9":2,"10":2,"11":2,"12":5,"13":1,"14":4,"15":1,"16":7,"17":7,"18":7,"19":1,"20":6,"21":6,"22":6,"23":1,"24":5,"25":5,"26":4,"27":1,"28":3,"29":1,"30":2,"31":2,"32":2,"33":1,"34":1,"35":1},"f":{"0":2,"1":5,"2":7},"b":{"0":[0],"1":[1,1],"2":[2,3],"3":[5,2],"4":[1,4],"5":[1,6],"6":[7,6],"7":[1,5],"8":[6,5],"9":[1,3],"10":[1,2],"11":[1,1]}}
,"C:/Users/esteb/Documents/TESIS/ECenciaAPP/backend/src/middlewares/roleMiddleware.js": {"path":"C:/Users/esteb/Documents/TESIS/ECenciaAPP/backend/src/middlewares/roleMiddleware.js","statementMap":{"0":{"start":{"line":8,"column":23},"end":{"line":20,"column":1}},"1":{"start":{"line":9,"column":2},"end":{"line":19,"column":4}},"2":{"start":{"line":10,"column":4},"end":{"line":12,"column":5}},"3":{"start":{"line":11,"column":6},"end":{"line":11,"column":72}},"4":{"start":{"line":14,"column":4},"end":{"line":16,"column":5}},"5":{"start":{"line":15,"column":6},"end":{"line":15,"column":114}},"6":{"start":{"line":18,"column":4},"end":{"line":18,"column":11}},"7":{"start":{"line":22,"column":0},"end":{"line":22,"column":32}}},"fnMap":{"0":{"name":"(anonymous_0)","decl":{"start":{"line":8,"column":23},"end":{"line":8,"column":24}},"loc":{"start":{"line":8,"column":41},"end":{"line":20,"column":1}}},"1":{"name":"(anonymous_1)","decl":{"start":{"line":9,"column":9},"end":{"line":9,"column":10}},"loc":{"start":{"line":9,"column":29},"end":{"line":19,"column":3}}}},"branchMap":{"0":{"loc":{"start":{"line":10,"column":4},"end":{"line":12,"column":5}},"type":"if","locations":[{"start":{"line":10,"column":4},"end":{"line":12,"column":5}},{"start":{},"end":{}}]},"1":{"loc":{"start":{"line":14,"column":4},"end":{"line":16,"column":5}},"type":"if","locations":[{"start":{"line":14,"column":4},"end":{"line":16,"column":5}},{"start":{},"end":{}}]},"2":{"loc":{"start":{"line":14,"column":8},"end":{"line":14,"column":61}},"type":"binary-expr","locations":[{"start":{"line":14,"column":8},"end":{"line":14,"column":21}},{"start":{"line":14,"column":25},"end":{"line":14,"column":61}}]}},"s":{"0":2,"1":7,"2":7,"3":1,"4":6,"5":3,"6":3,"7":2},"f":{"0":7,"1":7},"b":{"0":[1,6],"1":[3,3],"2":[6,5]}}
,"C:/Users/esteb/Documents/TESIS/ECenciaAPP/backend/src/routes/auth.js": {"path":"C:/Users/esteb/Documents/TESIS/ECenciaAPP/backend/src/routes/auth.js","statementMap":{"0":{"start":{"line":1,"column":16},"end":{"line":1,"column":34}},"1":{"start":{"line":2,"column":15},"end":{"line":2,"column":31}},"2":{"start":{"line":3,"column":37},"end":{"line":3,"column":66}},"3":{"start":{"line":4,"column":23},"end":{"line":4,"column":63}},"4":{"start":{"line":8,"column":32},"end":{"line":8,"column":103}},"5":{"start":{"line":17,"column":31},"end":{"line":27,"column":1}},"6":{"start":{"line":18,"column":21},"end":{"line":18,"column":43}},"7":{"start":{"line":19,"column":26},"end":{"line":22,"column":15}},"8":{"start":{"line":23,"column":2},"end":{"line":23,"column":34}},"9":{"start":{"line":23,"column":22},"end":{"line":23,"column":34}},"10":{"start":{"line":24,"column":18},"end":{"line":24,"column":83}},"11":{"start":{"line":24,"column":37},"end":{"line":24,"column":82}},"12":{"start":{"line":25,"column":2},"end":{"line":25,"column":40}},"13":{"start":{"line":25,"column":28},"end":{"line":25,"column":40}},"14":{"start":{"line":26,"column":2},"end":{"line":26,"column":20}},"15":{"start":{"line":34,"column":29},"end":{"line":47,"column":1}},"16":{"start":{"line":35,"column":45},"end":{"line":39,"column":18}},"17":{"start":{"line":41,"column":2},"end":{"line":43,"column":3}},"18":{"start":{"line":42,"column":4},"end":{"line":42,"column":35}},"19":{"start":{"line":45,"column":2},"end":{"line":45,"column":69}},"20":{"start":{"line":46,"column":2},"end":{"line":46,"column":33}},"21":{"start":{"line":50,"column":0},"end":{"line":167,"column":3}},"22":{"start":{"line":51,"column":38},"end":{"line":51,"column":46}},"23":{"start":{"line":52,"column":18},"end":{"line":52,"column":49}},"24":{"start":{"line":54,"column":2},"end":{"line":56,"column":3}},"25":{"start":{"line":55,"column":4},"end":{"line":55,"column":88}},"26":{"start":{"line":58,"column":2},"end":{"line":166,"column":3}},"27":{"start":{"line":59,"column":23},"end":{"line":59,"column":30}},"28":{"start":{"line":60,"column":24},"end":{"line":60,"column":40}},"29":{"start":{"line":63,"column":4},"end":{"line":75,"column":5}},"30":{"start":{"line":64,"column":50},"end":{"line":68,"column":17}},"31":{"start":{"line":70,"column":6},"end":{"line":73,"column":7}},"32":{"start":{"line":71,"column":8},"end":{"line":71,"column":102}},"33":{"start":{"line":72,"column":8},"end":{"line":72,"column":74}},"34":{"start":{"line":74,"column":6},"end":{"line":74,"column":37}},"35":{"start":{"line":77,"column":49},"end":{"line":80,"column":6}},"36":{"start":{"line":82,"column":4},"end":{"line":85,"column":5}},"37":{"start":{"line":83,"column":6},"end":{"line":83,"column":88}},"38":{"start":{"line":84,"column":6},"end":{"line":84,"column":73}},"39":{"start":{"line":87,"column":16},"end":{"line":87,"column":32}},"40":{"start":{"line":88,"column":19},"end":{"line":88,"column":38}},"41":{"start":{"line":90,"column":50},"end":{"line":94,"column":15}},"42":{"start":{"line":96,"column":4},"end":{"line":98,"column":5}},"43":{"start":{"line":97,"column":6},"end":{"line":97,"column":82}},"44":{"start":{"line":101,"column":4},"end":{"line":115,"column":5}},"45":{"start":{"line":102,"column":53},"end":{"line":106,"column":17}},"46":{"start":{"line":108,"column":6},"end":{"line":110,"column":7}},"47":{"start":{"line":109,"column":8},"end":{"line":109,"column":79}},"48":{"start":{"line":112,"column":6},"end":{"line":114,"column":7}},"49":{"start":{"line":113,"column":8},"end":{"line":113,"column":37}},"50":{"start":{"line":117,"column":25},"end":{"line":117,"column":92}},"51":{"start":{"line":119,"column":4},"end":{"line":122,"column":5}},"52":{"start":{"line":120,"column":6},"end":{"line":120,"column":85}},"53":{"start":{"line":121,"column":6},"end":{"line":121,"column":93}},"54":{"start":{"line":124,"column":4},"end":{"line":126,"column":5}},"55":{"start":{"line":125,"column":6},"end":{"line":125,"column":81}},"56":{"start":{"line":129,"column":22},"end":{"line":129,"column":28}},"57":{"start":{"line":130,"column":21},"end":{"line":130,"column":61}},"58":{"start":{"line":131,"column":21},"end":{"line":131,"column":101}},"59":{"start":{"line":132,"column":21},"end":{"line":132,"column":50}},"60":{"start":{"line":134,"column":4},"end":{"line":136,"column":5}},"61":{"start":{"line":135,"column":6},"end":{"line":135,"column":36}},"62":{"start":{"line":140,"column":4},"end":{"line":148,"column":5}},"63":{"start":{"line":141,"column":6},"end":{"line":147,"column":9}},"64":{"start":{"line":150,"column":4},"end":{"line":162,"column":7}},"65":{"start":{"line":164,"column":4},"end":{"line":164,"column":48}},"66":{"start":{"line":165,"column":4},"end":{"line":165,"column":92}},"67":{"start":{"line":169,"column":0},"end":{"line":175,"column":3}},"68":{"start":{"line":170,"column":2},"end":{"line":174,"column":5}},"69":{"start":{"line":177,"column":0},"end":{"line":187,"column":3}},"70":{"start":{"line":178,"column":28},"end":{"line":178,"column":36}},"71":{"start":{"line":179,"column":2},"end":{"line":179,"column":82}},"72":{"start":{"line":179,"column":22},"end":{"line":179,"column":82}},"73":{"start":{"line":180,"column":2},"end":{"line":186,"column":3}},"74":{"start":{"line":181,"column":28},"end":{"line":181,"column":81}},"75":{"start":{"line":182,"column":4},"end":{"line":182,"column":73}},"76":{"start":{"line":182,"column":15},"end":{"line":182,"column":73}},"77":{"start":{"line":183,"column":4},"end":{"line":183,"column":94}},"78":{"start":{"line":185,"column":4},"end":{"line":185,"column":53}},"79":{"start":{"line":189,"column":0},"end":{"line":202,"column":3}},"80":{"start":{"line":190,"column":21},"end":{"line":190,"column":29}},"81":{"start":{"line":191,"column":2},"end":{"line":191,"column":76}},"82":{"start":{"line":191,"column":15},"end":{"line":191,"column":76}},"83":{"start":{"line":193,"column":2},"end":{"line":201,"column":3}},"84":{"start":{"line":194,"column":24},"end":{"line":194,"column":40}},"85":{"start":{"line":195,"column":23},"end":{"line":195,"column":64}},"86":{"start":{"line":196,"column":19},"end":{"line":196,"column":111}},"87":{"start":{"line":197,"column":4},"end":{"line":197,"column":21}},"88":{"start":{"line":199,"column":4},"end":{"line":199,"column":25}},"89":{"start":{"line":200,"column":4},"end":{"line":200,"column":70}},"90":{"start":{"line":204,"column":0},"end":{"line":204,"column":92}},"91":{"start":{"line":206,"column":0},"end":{"line":206,"column":24}}},"fnMap":{"0":{"name":"(anonymous_0)","decl":{"start":{"line":17,"column":31},"end":{"line":17,"column":36}},"loc":{"start":{"line":17,"column":64},"end":{"line":27,"column":1}}},"1":{"name":"(anonymous_1)","decl":{"start":{"line":24,"column":30},"end":{"line":24,"column":31}},"loc":{"start":{"line":24,"column":37},"end":{"line":24,"column":82}}},"2":{"name":"(anonymous_2)","decl":{"start":{"line":34,"column":29},"end":{"line":34,"column":34}},"loc":{"start":{"line":34,"column":87},"end":{"line":47,"column":1}}},"3":{"name":"(anonymous_3)","decl":{"start":{"line":50,"column":22},"end":{"line":50,"column":27}},"loc":{"start":{"line":50,"column":42},"end":{"line":167,"column":1}}},"4":{"name":"(anonymous_4)","decl":{"start":{"line":169,"column":46},"end":{"line":169,"column":51}},"loc":{"start":{"line":169,"column":66},"end":{"line":175,"column":1}}},"5":{"name":"(anonymous_5)","decl":{"start":{"line":177,"column":24},"end":{"line":177,"column":29}},"loc":{"start":{"line":177,"column":44},"end":{"line":187,"column":1}}},"6":{"name":"(anonymous_6)","decl":{"start":{"line":189,"column":32},"end":{"line":189,"column":37}},"loc":{"start":{"line":189,"column":52},"end":{"line":202,"column":1}}}},"branchMap":{"0":{"loc":{"start":{"line":23,"column":2},"end":{"line":23,"column":34}},"type":"if","locations":[{"start":{"line":23,"column":2},"end":{"line":23,"column":34}},{"start":{},"end":{}}]},"1":{"loc":{"start":{"line":23,"column":6},"end":{"line":23,"column":20}},"type":"binary-expr","locations":[{"start":{"line":23,"column":6},"end":{"line":23,"column":11}},{"start":{"line":23,"column":15},"end":{"line":23,"column":20}}]},"2":{"loc":{"start":{"line":25,"column":2},"end":{"line":25,"column":40}},"type":"if","locations":[{"start":{"line":25,"column":2},"end":{"line":25,"column":40}},{"start":{},"end":{}}]},"3":{"loc":{"start":{"line":41,"column":2},"end":{"line":43,"column":3}},"type":"if","locations":[{"start":{"line":41,"column":2},"end":{"line":43,"column":3}},{"start":{},"end":{}}]},"4":{"loc":{"start":{"line":41,"column":6},"end":{"line":41,"column":51}},"type":"binary-expr","locations":[{"start":{"line":41,"column":6},"end":{"line":41,"column":13}},{"start":{"line":41,"column":17},"end":{"line":41,"column":26}},{"start":{"line":41,"column":30},"end":{"line":41,"column":51}}]},"5":{"loc":{"start":{"line":52,"column":18},"end":{"line":52,"column":49}},"type":"binary-expr","locations":[{"start":{"line":52,"column":18},"end":{"line":52,"column":31}},{"start":{"line":52,"column":35},"end":{"line":52,"column":49}}]},"6":{"loc":{"start":{"line":54,"column":2},"end":{"line":56,"column":3}},"type":"if","locations":[{"start":{"line":54,"column":2},"end":{"line":56,"column":3}},{"start":{},"end":{}}]},"7":{"loc":{"start":{"line":54,"column":6},"end":{"line":54,"column":27}},"type":"binary-expr","locations":[{"start":{"line":54,"column":6},"end":{"line":54,"column":14}},{"start":{"line":54,"column":18},"end":{"line":54,"column":27}}]},"8":{"loc":{"start":{"line":63,"column":4},"end":{"line":75,"column":5}},"type":"if","locations":[{"start":{"line":63,"column":4},"end":{"line":75,"column":5}},{"start":{},"end":{}}]},"9":{"loc":{"start":{"line":70,"column":6},"end":{"line":73,"column":7}},"type":"if","locations":[{"start":{"line":70,"column":6},"end":{"line":73,"column":7}},{"start":{},"end":{}}]},"10":{"loc":{"start":{"line":70,"column":10},"end":{"line":70,"column":31}},"type":"binary-expr","locations":[{"start":{"line":70,"column":10},"end":{"line":70,"column":18}},{"start":{"line":70,"column":22},"end":{"line":70,"column":31}}]},"11":{"loc":{"start":{"line":82,"column":4},"end":{"line":85,"column":5}},"type":"if","locations":[{"start":{"line":82,"column":4},"end":{"line":85,"column":5}},{"start":{},"end":{}}]},"12":{"loc":{"start":{"line":82,"column":8},"end":{"line":82,"column":35}},"type":"binary-expr","locations":[{"start":{"line":82,"column":8},"end":{"line":82,"column":17}},{"start":{"line":82,"column":21},"end":{"line":82,"column":35}}]},"13":{"loc":{"start":{"line":96,"column":4},"end":{"line":98,"column":5}},"type":"if","locations":[{"start":{"line":96,"column":4},"end":{"line":98,"column":5}},{"start":{},"end":{}}]},"14":{"loc":{"start":{"line":101,"column":4},"end":{"line":115,"column":5}},"type":"if","locations":[{"start":{"line":101,"column":4},"end":{"line":115,"column":5}},{"start":{},"end":{}}]},"15":{"loc":{"start":{"line":101,"column":8},"end":{"line":101,"column":66}},"type":"binary-expr","locations":[{"start":{"line":101,"column":8},"end":{"line":101,"column":16}},{"start":{"line":101,"column":21},"end":{"line":101,"column":35}},{"start":{"line":101,"column":39},"end":{"line":101,"column":65}}]},"16":{"loc":{"start":{"line":108,"column":6},"end":{"line":110,"column":7}},"type":"if","locations":[{"start":{"line":108,"column":6},"end":{"line":110,"column":7}},{"start":{},"end":{}}]},"17":{"loc":{"start":{"line":112,"column":6},"end":{"line":114,"column":7}},"type":"if","locations":[{"start":{"line":112,"column":6},"end":{"line":114,"column":7}},{"start":{},"end":{}}]},"18":{"loc":{"start":{"line":112,"column":10},"end":{"line":112,"column":49}},"type":"binary-expr","locations":[{"start":{"line":112,"column":10},"end":{"line":112,"column":22}},{"start":{"line":112,"column":26},"end":{"line":112,"column":49}}]},"19":{"loc":{"start":{"line":117,"column":25},"end":{"line":117,"column":92}},"type":"cond-expr","locations":[{"start":{"line":117,"column":69},"end":{"line":117,"column":85}},{"start":{"line":117,"column":88},"end":{"line":117,"column":92}}]},"20":{"loc":{"start":{"line":117,"column":25},"end":{"line":117,"column":66}},"type":"binary-expr","locations":[{"start":{"line":117,"column":25},"end":{"line":117,"column":38}},{"start":{"line":117,"column":42},"end":{"line":117,"column":66}}]},"21":{"loc":{"start":{"line":119,"column":4},"end":{"line":122,"column":5}},"type":"if","locations":[{"start":{"line":119,"column":4},"end":{"line":122,"column":5}},{"start":{},"end":{}}]},"22":{"loc":{"start":{"line":124,"column":4},"end":{"line":126,"column":5}},"type":"if","locations":[{"start":{"line":124,"column":4},"end":{"line":126,"column":5}},{"start":{},"end":{}}]},"23":{"loc":{"start":{"line":130,"column":21},"end":{"line":130,"column":61}},"type":"binary-expr","locations":[{"start":{"line":130,"column":21},"end":{"line":130,"column":39}},{"start":{"line":130,"column":43},"end":{"line":130,"column":61}}]},"24":{"loc":{"start":{"line":131,"column":21},"end":{"line":131,"column":101}},"type":"binary-expr","locations":[{"start":{"line":131,"column":22},"end":{"line":131,"column":94}},{"start":{"line":131,"column":99},"end":{"line":131,"column":101}}]},"25":{"loc":{"start":{"line":131,"column":22},"end":{"line":131,"column":94}},"type":"cond-expr","locations":[{"start":{"line":131,"column":48},"end":{"line":131,"column":71}},{"start":{"line":131,"column":74},"end":{"line":131,"column":94}}]},"26":{"loc":{"start":{"line":134,"column":4},"end":{"line":136,"column":5}},"type":"if","locations":[{"start":{"line":134,"column":4},"end":{"line":136,"column":5}},{"start":{},"end":{}}]},"27":{"loc":{"start":{"line":140,"column":4},"end":{"line":148,"column":5}},"type":"if","locations":[{"start":{"line":140,"column":4},"end":{"line":148,"column":5}},{"start":{},"end":{}}]},"28":{"loc":{"start":{"line":140,"column":8},"end":{"line":140,"column":129}},"type":"binary-expr","locations":[{"start":{"line":140,"column":8},"end":{"line":140,"column":56}},{"start":{"line":140,"column":60},"end":{"line":140,"column":129}}]},"29":{"loc":{"start":{"line":179,"column":2},"end":{"line":179,"column":82}},"type":"if","locations":[{"start":{"line":179,"column":2},"end":{"line":179,"column":82}},{"start":{},"end":{}}]},"30":{"loc":{"start":{"line":182,"column":4},"end":{"line":182,"column":73}},"type":"if","locations":[{"start":{"line":182,"column":4},"end":{"line":182,"column":73}},{"start":{},"end":{}}]},"31":{"loc":{"start":{"line":191,"column":2},"end":{"line":191,"column":76}},"type":"if","locations":[{"start":{"line":191,"column":2},"end":{"line":191,"column":76}},{"start":{},"end":{}}]},"32":{"loc":{"start":{"line":195,"column":26},"end":{"line":195,"column":56}},"type":"binary-expr","locations":[{"start":{"line":195,"column":26},"end":{"line":195,"column":50}},{"start":{"line":195,"column":54},"end":{"line":195,"column":56}}]}},"s":{"0":1,"1":1,"2":1,"3":1,"4":1,"5":1,"6":2,"7":2,"8":2,"9":0,"10":2,"11":4,"12":2,"13":1,"14":1,"15":1,"16":3,"17":3,"18":2,"19":1,"20":1,"21":1,"22":7,"23":7,"24":7,"25":2,"26":5,"27":5,"28":5,"29":5,"30":2,"31":2,"32":1,"33":1,"34":1,"35":4,"36":4,"37":1,"38":1,"39":3,"40":3,"41":3,"42":3,"43":0,"44":3,"45":0,"46":0,"47":0,"48":0,"49":0,"50":3,"51":3,"52":0,"53":0,"54":3,"55":1,"56":2,"57":2,"58":2,"59":2,"60":2,"61":2,"62":2,"63":2,"64":2,"65":0,"66":0,"67":1,"68":1,"69":1,"70":3,"71":3,"72":1,"73":2,"74":2,"75":2,"76":1,"77":1,"78":0,"79":1,"80":3,"81":3,"82":1,"83":2,"84":2,"85":2,"86":2,"87":2,"88":0,"89":0,"90":1,"91":1},"f":{"0":2,"1":4,"2":3,"3":7,"4":1,"5":3,"6":3},"b":{"0":[0,2],"1":[2,2],"2":[1,1],"3":[2,1],"4":[3,3,1],"5":[7,1],"6":[2,5],"7":[7,6],"8":[2,3],"9":[1,1],"10":[2,1],"11":[1,3],"12":[4,3],"13":[0,3],"14":[0,3],"15":[3,3,3],"16":[0,0],"17":[0,0],"18":[0,0],"19":[3,0],"20":[3,3],"21":[0,3],"22":[1,2],"23":[2,0],"24":[2,0],"25":[0,2],"26":[2,0],"27":[2,0],"28":[2,0],"29":[1,2],"30":[1,1],"31":[1,2],"32":[2,2]}}
,"C:/Users/esteb/Documents/TESIS/ECenciaAPP/backend/src/routes/clientes.js": {"path":"C:/Users/esteb/Documents/TESIS/ECenciaAPP/backend/src/routes/clientes.js","statementMap":{"0":{"start":{"line":1,"column":16},"end":{"line":1,"column":34}},"1":{"start":{"line":2,"column":15},"end":{"line":2,"column":31}},"2":{"start":{"line":3,"column":27},"end":{"line":3,"column":56}},"3":{"start":{"line":4,"column":23},"end":{"line":4,"column":63}},"4":{"start":{"line":5,"column":23},"end":{"line":5,"column":63}},"5":{"start":{"line":6,"column":52},"end":{"line":6,"column":85}},"6":{"start":{"line":7,"column":47},"end":{"line":7,"column":79}},"7":{"start":{"line":8,"column":24},"end":{"line":8,"column":54}},"8":{"start":{"line":14,"column":4},"end":{"line":14,"column":42}},"9":{"start":{"line":15,"column":24},"end":{"line":15,"column":58}},"10":{"start":{"line":19,"column":4},"end":{"line":19,"column":50}},"11":{"start":{"line":21,"column":0},"end":{"line":21,"column":27}},"12":{"start":{"line":22,"column":0},"end":{"line":22,"column":54}},"13":{"start":{"line":23,"column":18},"end":{"line":23,"column":51}},"14":{"start":{"line":24,"column":22},"end":{"line":41,"column":1}},"15":{"start":{"line":43,"column":25},"end":{"line":50,"column":1}},"16":{"start":{"line":44,"column":2},"end":{"line":44,"column":40}},"17":{"start":{"line":45,"column":2},"end":{"line":45,"column":46}},"18":{"start":{"line":45,"column":39},"end":{"line":45,"column":46}},"19":{"start":{"line":46,"column":17},"end":{"line":46,"column":45}},"20":{"start":{"line":47,"column":2},"end":{"line":49,"column":5}},"21":{"start":{"line":53,"column":25},"end":{"line":53,"column":75}},"22":{"start":{"line":53,"column":36},"end":{"line":53,"column":75}},"23":{"start":{"line":55,"column":24},"end":{"line":97,"column":1}},"24":{"start":{"line":56,"column":23},"end":{"line":56,"column":70}},"25":{"start":{"line":57,"column":14},"end":{"line":57,"column":24}},"26":{"start":{"line":58,"column":28},"end":{"line":59,"column":88}},"27":{"start":{"line":59,"column":20},"end":{"line":59,"column":87}},"28":{"start":{"line":60,"column":27},"end":{"line":60,"column":47}},"29":{"start":{"line":61,"column":27},"end":{"line":65,"column":57}},"30":{"start":{"line":63,"column":6},"end":{"line":65,"column":53}},"31":{"start":{"line":66,"column":26},"end":{"line":70,"column":3}},"32":{"start":{"line":68,"column":6},"end":{"line":69,"column":55}},"33":{"start":{"line":72,"column":15},"end":{"line":72,"column":30}},"34":{"start":{"line":73,"column":2},"end":{"line":75,"column":48}},"35":{"start":{"line":73,"column":23},"end":{"line":73,"column":51}},"36":{"start":{"line":74,"column":7},"end":{"line":75,"column":48}},"37":{"start":{"line":74,"column":41},"end":{"line":74,"column":78}},"38":{"start":{"line":75,"column":7},"end":{"line":75,"column":48}},"39":{"start":{"line":75,"column":29},"end":{"line":75,"column":48}},"40":{"start":{"line":77,"column":2},"end":{"line":96,"column":4}},"41":{"start":{"line":99,"column":22},"end":{"line":117,"column":1}},"42":{"start":{"line":100,"column":22},"end":{"line":100,"column":60}},"43":{"start":{"line":101,"column":2},"end":{"line":116,"column":4}},"44":{"start":{"line":119,"column":24},"end":{"line":130,"column":1}},"45":{"start":{"line":120,"column":20},"end":{"line":128,"column":5}},"46":{"start":{"line":129,"column":2},"end":{"line":129,"column":25}},"47":{"start":{"line":129,"column":13},"end":{"line":129,"column":25}},"48":{"start":{"line":132,"column":30},"end":{"line":137,"column":2}},"49":{"start":{"line":132,"column":37},"end":{"line":137,"column":1}},"50":{"start":{"line":139,"column":25},"end":{"line":144,"column":2}},"51":{"start":{"line":139,"column":42},"end":{"line":144,"column":1}},"52":{"start":{"line":146,"column":29},"end":{"line":180,"column":1}},"53":{"start":{"line":147,"column":46},"end":{"line":160,"column":4}},"54":{"start":{"line":162,"column":2},"end":{"line":162,"column":55}},"55":{"start":{"line":162,"column":28},"end":{"line":162,"column":55}},"56":{"start":{"line":163,"column":2},"end":{"line":163,"column":61}},"57":{"start":{"line":163,"column":31},"end":{"line":163,"column":61}},"58":{"start":{"line":164,"column":2},"end":{"line":164,"column":82}},"59":{"start":{"line":164,"column":28},"end":{"line":164,"column":82}},"60":{"start":{"line":166,"column":19},"end":{"line":166,"column":38}},"61":{"start":{"line":167,"column":21},"end":{"line":167,"column":71}},"62":{"start":{"line":168,"column":21},"end":{"line":168,"column":72}},"63":{"start":{"line":169,"column":2},"end":{"line":171,"column":3}},"64":{"start":{"line":170,"column":4},"end":{"line":170,"column":100}},"65":{"start":{"line":173,"column":22},"end":{"line":173,"column":74}},"66":{"start":{"line":174,"column":19},"end":{"line":174,"column":52}},"67":{"start":{"line":175,"column":2},"end":{"line":177,"column":3}},"68":{"start":{"line":176,"column":4},"end":{"line":176,"column":99}},"69":{"start":{"line":179,"column":2},"end":{"line":179,"column":24}},"70":{"start":{"line":183,"column":0},"end":{"line":196,"column":3}},"71":{"start":{"line":184,"column":2},"end":{"line":195,"column":3}},"72":{"start":{"line":185,"column":24},"end":{"line":185,"column":40}},"73":{"start":{"line":186,"column":28},"end":{"line":189,"column":48}},"74":{"start":{"line":191,"column":4},"end":{"line":191,"column":27}},"75":{"start":{"line":191,"column":15},"end":{"line":191,"column":27}},"76":{"start":{"line":192,"column":4},"end":{"line":192,"column":38}},"77":{"start":{"line":194,"column":4},"end":{"line":194,"column":51}},"78":{"start":{"line":199,"column":0},"end":{"line":211,"column":3}},"79":{"start":{"line":200,"column":2},"end":{"line":210,"column":3}},"80":{"start":{"line":201,"column":24},"end":{"line":201,"column":40}},"81":{"start":{"line":202,"column":28},"end":{"line":205,"column":48}},"82":{"start":{"line":206,"column":4},"end":{"line":206,"column":27}},"83":{"start":{"line":206,"column":15},"end":{"line":206,"column":27}},"84":{"start":{"line":207,"column":4},"end":{"line":207,"column":19}},"85":{"start":{"line":209,"column":4},"end":{"line":209,"column":51}},"86":{"start":{"line":213,"column":0},"end":{"line":234,"column":3}},"87":{"start":{"line":214,"column":2},"end":{"line":233,"column":3}},"88":{"start":{"line":215,"column":28},"end":{"line":228,"column":50}},"89":{"start":{"line":229,"column":4},"end":{"line":229,"column":27}},"90":{"start":{"line":229,"column":15},"end":{"line":229,"column":27}},"91":{"start":{"line":230,"column":4},"end":{"line":230,"column":25}},"92":{"start":{"line":232,"column":4},"end":{"line":232,"column":33}},"93":{"start":{"line":236,"column":0},"end":{"line":288,"column":3}},"94":{"start":{"line":237,"column":2},"end":{"line":287,"column":3}},"95":{"start":{"line":238,"column":41},"end":{"line":238,"column":95}},"96":{"start":{"line":239,"column":21},"end":{"line":239,"column":62}},"97":{"start":{"line":240,"column":24},"end":{"line":240,"column":40}},"98":{"start":{"line":241,"column":28},"end":{"line":251,"column":20}},"99":{"start":{"line":252,"column":4},"end":{"line":252,"column":27}},"100":{"start":{"line":252,"column":15},"end":{"line":252,"column":27}},"101":{"start":{"line":253,"column":4},"end":{"line":253,"column":84}},"102":{"start":{"line":253,"column":15},"end":{"line":253,"column":84}},"103":{"start":{"line":255,"column":4},"end":{"line":283,"column":5}},"104":{"start":{"line":256,"column":28},"end":{"line":258,"column":41}},"105":{"start":{"line":259,"column":26},"end":{"line":264,"column":22}},"106":{"start":{"line":265,"column":6},"end":{"line":265,"column":53}},"107":{"start":{"line":265,"column":29},"end":{"line":265,"column":53}},"108":{"start":{"line":267,"column":6},"end":{"line":282,"column":7}},"109":{"start":{"line":268,"column":8},"end":{"line":273,"column":107}},"110":{"start":{"line":273,"column":25},"end":{"line":273,"column":105}},"111":{"start":{"line":274,"column":13},"end":{"line":282,"column":7}},"112":{"start":{"line":275,"column":23},"end":{"line":275,"column":87}},"113":{"start":{"line":276,"column":8},"end":{"line":281,"column":117}},"114":{"start":{"line":281,"column":25},"end":{"line":281,"column":115}},"115":{"start":{"line":284,"column":4},"end":{"line":284,"column":19}},"116":{"start":{"line":286,"column":4},"end":{"line":286,"column":33}},"117":{"start":{"line":291,"column":0},"end":{"line":309,"column":3}},"118":{"start":{"line":292,"column":2},"end":{"line":308,"column":3}},"119":{"start":{"line":293,"column":24},"end":{"line":293,"column":40}},"120":{"start":{"line":294,"column":22},"end":{"line":297,"column":38}},"121":{"start":{"line":299,"column":4},"end":{"line":299,"column":27}},"122":{"start":{"line":299,"column":15},"end":{"line":299,"column":27}},"123":{"start":{"line":300,"column":25},"end":{"line":303,"column":38}},"124":{"start":{"line":304,"column":4},"end":{"line":304,"column":53}},"125":{"start":{"line":304,"column":28},"end":{"line":304,"column":53}},"126":{"start":{"line":305,"column":4},"end":{"line":305,"column":60}},"127":{"start":{"line":307,"column":4},"end":{"line":307,"column":33}},"128":{"start":{"line":312,"column":0},"end":{"line":407,"column":3}},"129":{"start":{"line":313,"column":2},"end":{"line":406,"column":3}},"130":{"start":{"line":314,"column":89},"end":{"line":314,"column":131}},"131":{"start":{"line":315,"column":24},"end":{"line":315,"column":40}},"132":{"start":{"line":317,"column":4},"end":{"line":319,"column":5}},"133":{"start":{"line":318,"column":6},"end":{"line":318,"column":95}},"134":{"start":{"line":320,"column":4},"end":{"line":322,"column":5}},"135":{"start":{"line":321,"column":6},"end":{"line":321,"column":92}},"136":{"start":{"line":323,"column":4},"end":{"line":325,"column":5}},"137":{"start":{"line":324,"column":6},"end":{"line":324,"column":82}},"138":{"start":{"line":326,"column":4},"end":{"line":328,"column":5}},"139":{"start":{"line":327,"column":6},"end":{"line":327,"column":59}},"140":{"start":{"line":330,"column":37},"end":{"line":344,"column":6}},"141":{"start":{"line":345,"column":4},"end":{"line":345,"column":49}},"142":{"start":{"line":345,"column":26},"end":{"line":345,"column":49}},"143":{"start":{"line":346,"column":4},"end":{"line":346,"column":49}},"144":{"start":{"line":346,"column":26},"end":{"line":346,"column":49}},"145":{"start":{"line":347,"column":4},"end":{"line":349,"column":5}},"146":{"start":{"line":348,"column":6},"end":{"line":348,"column":96}},"147":{"start":{"line":350,"column":4},"end":{"line":352,"column":5}},"148":{"start":{"line":351,"column":6},"end":{"line":351,"column":89}},"149":{"start":{"line":354,"column":37},"end":{"line":366,"column":15}},"150":{"start":{"line":367,"column":4},"end":{"line":367,"column":27}},"151":{"start":{"line":367,"column":15},"end":{"line":367,"column":27}},"152":{"start":{"line":369,"column":4},"end":{"line":377,"column":5}},"153":{"start":{"line":370,"column":25},"end":{"line":372,"column":91}},"154":{"start":{"line":373,"column":6},"end":{"line":376,"column":7}},"155":{"start":{"line":374,"column":8},"end":{"line":374,"column":89}},"156":{"start":{"line":375,"column":8},"end":{"line":375,"column":31}},"157":{"start":{"line":380,"column":4},"end":{"line":388,"column":5}},"158":{"start":{"line":381,"column":6},"end":{"line":384,"column":8}},"159":{"start":{"line":386,"column":6},"end":{"line":386,"column":87}},"160":{"start":{"line":387,"column":6},"end":{"line":387,"column":28}},"161":{"start":{"line":389,"column":4},"end":{"line":392,"column":7}},"162":{"start":{"line":394,"column":24},"end":{"line":398,"column":15}},"163":{"start":{"line":399,"column":4},"end":{"line":399,"column":51}},"164":{"start":{"line":399,"column":27},"end":{"line":399,"column":51}},"165":{"start":{"line":400,"column":4},"end":{"line":403,"column":7}},"166":{"start":{"line":405,"column":4},"end":{"line":405,"column":33}},"167":{"start":{"line":409,"column":0},"end":{"line":519,"column":3}},"168":{"start":{"line":410,"column":2},"end":{"line":518,"column":3}},"169":{"start":{"line":411,"column":24},"end":{"line":411,"column":40}},"170":{"start":{"line":412,"column":47},"end":{"line":423,"column":6}},"171":{"start":{"line":424,"column":4},"end":{"line":424,"column":53}},"172":{"start":{"line":424,"column":28},"end":{"line":424,"column":53}},"173":{"start":{"line":425,"column":4},"end":{"line":425,"column":65}},"174":{"start":{"line":425,"column":34},"end":{"line":425,"column":65}},"175":{"start":{"line":426,"column":19},"end":{"line":426,"column":36}},"176":{"start":{"line":427,"column":25},"end":{"line":427,"column":48}},"177":{"start":{"line":428,"column":4},"end":{"line":428,"column":70}},"178":{"start":{"line":428,"column":17},"end":{"line":428,"column":70}},"179":{"start":{"line":429,"column":4},"end":{"line":429,"column":106}},"180":{"start":{"line":429,"column":29},"end":{"line":429,"column":106}},"181":{"start":{"line":431,"column":4},"end":{"line":482,"column":5}},"182":{"start":{"line":432,"column":52},"end":{"line":447,"column":17}},"183":{"start":{"line":448,"column":6},"end":{"line":448,"column":41}},"184":{"start":{"line":448,"column":23},"end":{"line":448,"column":41}},"185":{"start":{"line":450,"column":19},"end":{"line":454,"column":7}},"186":{"start":{"line":455,"column":6},"end":{"line":463,"column":9}},"187":{"start":{"line":464,"column":6},"end":{"line":472,"column":9}},"188":{"start":{"line":473,"column":28},"end":{"line":473,"column":75}},"189":{"start":{"line":474,"column":6},"end":{"line":481,"column":9}},"190":{"start":{"line":484,"column":4},"end":{"line":497,"column":5}},"191":{"start":{"line":485,"column":26},"end":{"line":495,"column":34}},"192":{"start":{"line":496,"column":6},"end":{"line":496,"column":53}},"193":{"start":{"line":496,"column":29},"end":{"line":496,"column":53}},"194":{"start":{"line":499,"column":23},"end":{"line":502,"column":5}},"195":{"start":{"line":503,"column":4},"end":{"line":506,"column":7}},"196":{"start":{"line":507,"column":4},"end":{"line":514,"column":7}},"197":{"start":{"line":515,"column":4},"end":{"line":515,"column":68}},"198":{"start":{"line":517,"column":4},"end":{"line":517,"column":33}},"199":{"start":{"line":522,"column":0},"end":{"line":638,"column":3}},"200":{"start":{"line":523,"column":17},"end":{"line":523,"column":27}},"201":{"start":{"line":525,"column":2},"end":{"line":637,"column":3}},"202":{"start":{"line":526,"column":97},"end":{"line":526,"column":139}},"203":{"start":{"line":527,"column":26},"end":{"line":527,"column":53}},"204":{"start":{"line":528,"column":4},"end":{"line":528,"column":65}},"205":{"start":{"line":528,"column":30},"end":{"line":528,"column":65}},"206":{"start":{"line":529,"column":4},"end":{"line":529,"column":60}},"207":{"start":{"line":529,"column":30},"end":{"line":529,"column":60}},"208":{"start":{"line":530,"column":4},"end":{"line":530,"column":60}},"209":{"start":{"line":530,"column":30},"end":{"line":530,"column":60}},"210":{"start":{"line":531,"column":4},"end":{"line":531,"column":66}},"211":{"start":{"line":531,"column":32},"end":{"line":531,"column":66}},"212":{"start":{"line":532,"column":4},"end":{"line":532,"column":66}},"213":{"start":{"line":532,"column":32},"end":{"line":532,"column":66}},"214":{"start":{"line":533,"column":4},"end":{"line":533,"column":60}},"215":{"start":{"line":533,"column":30},"end":{"line":533,"column":60}},"216":{"start":{"line":534,"column":4},"end":{"line":534,"column":87}},"217":{"start":{"line":534,"column":39},"end":{"line":534,"column":87}},"218":{"start":{"line":536,"column":24},"end":{"line":536,"column":40}},"219":{"start":{"line":537,"column":26},"end":{"line":541,"column":20}},"220":{"start":{"line":542,"column":4},"end":{"line":542,"column":55}},"221":{"start":{"line":542,"column":29},"end":{"line":542,"column":55}},"222":{"start":{"line":543,"column":4},"end":{"line":543,"column":93}},"223":{"start":{"line":543,"column":29},"end":{"line":543,"column":93}},"224":{"start":{"line":545,"column":30},"end":{"line":549,"column":20}},"225":{"start":{"line":550,"column":4},"end":{"line":550,"column":63}},"226":{"start":{"line":550,"column":33},"end":{"line":550,"column":63}},"227":{"start":{"line":552,"column":31},"end":{"line":552,"column":74}},"228":{"start":{"line":553,"column":28},"end":{"line":553,"column":81}},"229":{"start":{"line":554,"column":29},"end":{"line":554,"column":89}},"230":{"start":{"line":555,"column":4},"end":{"line":563,"column":5}},"231":{"start":{"line":562,"column":6},"end":{"line":562,"column":104}},"232":{"start":{"line":564,"column":4},"end":{"line":566,"column":5}},"233":{"start":{"line":565,"column":6},"end":{"line":565,"column":92}},"234":{"start":{"line":567,"column":4},"end":{"line":569,"column":5}},"235":{"start":{"line":568,"column":6},"end":{"line":568,"column":82}},"236":{"start":{"line":571,"column":24},"end":{"line":571,"column":63}},"237":{"start":{"line":572,"column":24},"end":{"line":572,"column":59}},"238":{"start":{"line":573,"column":25},"end":{"line":573,"column":65}},"239":{"start":{"line":574,"column":27},"end":{"line":576,"column":29}},"240":{"start":{"line":578,"column":37},"end":{"line":596,"column":6}},"241":{"start":{"line":597,"column":4},"end":{"line":597,"column":49}},"242":{"start":{"line":597,"column":26},"end":{"line":597,"column":49}},"243":{"start":{"line":598,"column":4},"end":{"line":598,"column":49}},"244":{"start":{"line":598,"column":26},"end":{"line":598,"column":49}},"245":{"start":{"line":599,"column":4},"end":{"line":601,"column":5}},"246":{"start":{"line":600,"column":6},"end":{"line":600,"column":96}},"247":{"start":{"line":602,"column":4},"end":{"line":604,"column":5}},"248":{"start":{"line":603,"column":6},"end":{"line":603,"column":89}},"249":{"start":{"line":606,"column":28},"end":{"line":611,"column":15}},"250":{"start":{"line":613,"column":4},"end":{"line":613,"column":27}},"251":{"start":{"line":613,"column":15},"end":{"line":613,"column":27}},"252":{"start":{"line":614,"column":4},"end":{"line":614,"column":79}},"253":{"start":{"line":614,"column":15},"end":{"line":614,"column":79}},"254":{"start":{"line":616,"column":4},"end":{"line":626,"column":5}},"255":{"start":{"line":617,"column":27},"end":{"line":617,"column":101}},"256":{"start":{"line":618,"column":6},"end":{"line":618,"column":55}},"257":{"start":{"line":618,"column":30},"end":{"line":618,"column":55}},"258":{"start":{"line":619,"column":11},"end":{"line":626,"column":5}},"259":{"start":{"line":620,"column":27},"end":{"line":620,"column":101}},"260":{"start":{"line":621,"column":6},"end":{"line":621,"column":55}},"261":{"start":{"line":621,"column":30},"end":{"line":621,"column":55}},"262":{"start":{"line":622,"column":25},"end":{"line":624,"column":93}},"263":{"start":{"line":625,"column":6},"end":{"line":625,"column":51}},"264":{"start":{"line":625,"column":28},"end":{"line":625,"column":51}},"265":{"start":{"line":628,"column":24},"end":{"line":632,"column":15}},"266":{"start":{"line":633,"column":4},"end":{"line":633,"column":51}},"267":{"start":{"line":633,"column":27},"end":{"line":633,"column":51}},"268":{"start":{"line":634,"column":4},"end":{"line":634,"column":46}},"269":{"start":{"line":636,"column":4},"end":{"line":636,"column":33}},"270":{"start":{"line":641,"column":0},"end":{"line":654,"column":3}},"271":{"start":{"line":642,"column":2},"end":{"line":653,"column":3}},"272":{"start":{"line":643,"column":24},"end":{"line":643,"column":40}},"273":{"start":{"line":644,"column":28},"end":{"line":647,"column":38}},"274":{"start":{"line":649,"column":4},"end":{"line":649,"column":27}},"275":{"start":{"line":649,"column":15},"end":{"line":649,"column":27}},"276":{"start":{"line":650,"column":4},"end":{"line":650,"column":19}},"277":{"start":{"line":652,"column":4},"end":{"line":652,"column":51}},"278":{"start":{"line":657,"column":0},"end":{"line":720,"column":3}},"279":{"start":{"line":658,"column":21},"end":{"line":658,"column":34}},"280":{"start":{"line":660,"column":2},"end":{"line":719,"column":3}},"281":{"start":{"line":661,"column":76},"end":{"line":661,"column":112}},"282":{"start":{"line":662,"column":24},"end":{"line":662,"column":40}},"283":{"start":{"line":665,"column":36},"end":{"line":674,"column":9}},"284":{"start":{"line":676,"column":4},"end":{"line":676,"column":41}},"285":{"start":{"line":676,"column":22},"end":{"line":676,"column":41}},"286":{"start":{"line":679,"column":59},"end":{"line":684,"column":15}},"287":{"start":{"line":686,"column":4},"end":{"line":689,"column":5}},"288":{"start":{"line":688,"column":6},"end":{"line":688,"column":29}},"289":{"start":{"line":691,"column":4},"end":{"line":713,"column":5}},"290":{"start":{"line":693,"column":28},"end":{"line":693,"column":79}},"291":{"start":{"line":694,"column":37},"end":{"line":698,"column":39}},"292":{"start":{"line":700,"column":6},"end":{"line":700,"column":41}},"293":{"start":{"line":700,"column":23},"end":{"line":700,"column":41}},"294":{"start":{"line":703,"column":37},"end":{"line":710,"column":11}},"295":{"start":{"line":712,"column":6},"end":{"line":712,"column":41}},"296":{"start":{"line":712,"column":23},"end":{"line":712,"column":41}},"297":{"start":{"line":715,"column":4},"end":{"line":715,"column":93}},"298":{"start":{"line":717,"column":4},"end":{"line":717,"column":48}},"299":{"start":{"line":717,"column":41},"end":{"line":717,"column":48}},"300":{"start":{"line":718,"column":4},"end":{"line":718,"column":51}},"301":{"start":{"line":723,"column":0},"end":{"line":802,"column":3}},"302":{"start":{"line":724,"column":21},"end":{"line":724,"column":34}},"303":{"start":{"line":725,"column":2},"end":{"line":801,"column":3}},"304":{"start":{"line":726,"column":24},"end":{"line":726,"column":40}},"305":{"start":{"line":729,"column":51},"end":{"line":733,"column":48}},"306":{"start":{"line":735,"column":4},"end":{"line":735,"column":39}},"307":{"start":{"line":735,"column":21},"end":{"line":735,"column":39}},"308":{"start":{"line":738,"column":49},"end":{"line":754,"column":49}},"309":{"start":{"line":756,"column":4},"end":{"line":756,"column":37}},"310":{"start":{"line":756,"column":20},"end":{"line":756,"column":37}},"311":{"start":{"line":759,"column":32},"end":{"line":761,"column":37}},"312":{"start":{"line":763,"column":19},"end":{"line":763,"column":21}},"313":{"start":{"line":764,"column":4},"end":{"line":764,"column":84}},"314":{"start":{"line":764,"column":37},"end":{"line":764,"column":80}},"315":{"start":{"line":767,"column":27},"end":{"line":776,"column":7}},"316":{"start":{"line":767,"column":54},"end":{"line":776,"column":5}},"317":{"start":{"line":779,"column":27},"end":{"line":779,"column":29}},"318":{"start":{"line":780,"column":4},"end":{"line":792,"column":5}},"319":{"start":{"line":781,"column":6},"end":{"line":791,"column":7}},"320":{"start":{"line":782,"column":8},"end":{"line":790,"column":11}},"321":{"start":{"line":795,"column":22},"end":{"line":796,"column":80}},"322":{"start":{"line":796,"column":22},"end":{"line":796,"column":79}},"323":{"start":{"line":798,"column":4},"end":{"line":798,"column":24}},"324":{"start":{"line":800,"column":4},"end":{"line":800,"column":51}},"325":{"start":{"line":805,"column":0},"end":{"line":839,"column":3}},"326":{"start":{"line":806,"column":2},"end":{"line":838,"column":3}},"327":{"start":{"line":807,"column":24},"end":{"line":807,"column":40}},"328":{"start":{"line":808,"column":19},"end":{"line":808,"column":29}},"329":{"start":{"line":810,"column":26},"end":{"line":814,"column":20}},"330":{"start":{"line":816,"column":22},"end":{"line":816,"column":86}},"331":{"start":{"line":818,"column":4},"end":{"line":823,"column":5}},"332":{"start":{"line":819,"column":6},"end":{"line":821,"column":7}},"333":{"start":{"line":820,"column":8},"end":{"line":820,"column":136}},"334":{"start":{"line":822,"column":6},"end":{"line":822,"column":18}},"335":{"start":{"line":825,"column":4},"end":{"line":832,"column":5}},"336":{"start":{"line":826,"column":6},"end":{"line":831,"column":103}},"337":{"start":{"line":831,"column":23},"end":{"line":831,"column":101}},"338":{"start":{"line":834,"column":4},"end":{"line":834,"column":76}},"339":{"start":{"line":836,"column":4},"end":{"line":836,"column":55}},"340":{"start":{"line":837,"column":4},"end":{"line":837,"column":86}},"341":{"start":{"line":842,"column":0},"end":{"line":909,"column":3}},"342":{"start":{"line":843,"column":2},"end":{"line":908,"column":3}},"343":{"start":{"line":844,"column":24},"end":{"line":844,"column":40}},"344":{"start":{"line":845,"column":19},"end":{"line":845,"column":29}},"345":{"start":{"line":848,"column":26},"end":{"line":852,"column":20}},"346":{"start":{"line":855,"column":30},"end":{"line":858,"column":27}},"347":{"start":{"line":860,"column":23},"end":{"line":860,"column":60}},"348":{"start":{"line":860,"column":43},"end":{"line":860,"column":53}},"349":{"start":{"line":862,"column":4},"end":{"line":865,"column":5}},"350":{"start":{"line":864,"column":6},"end":{"line":864,"column":82}},"351":{"start":{"line":868,"column":4},"end":{"line":868,"column":68}},"352":{"start":{"line":871,"column":4},"end":{"line":871,"column":75}},"353":{"start":{"line":872,"column":4},"end":{"line":872,"column":76}},"354":{"start":{"line":875,"column":4},"end":{"line":875,"column":82}},"355":{"start":{"line":876,"column":4},"end":{"line":876,"column":86}},"356":{"start":{"line":877,"column":4},"end":{"line":877,"column":81}},"357":{"start":{"line":880,"column":4},"end":{"line":882,"column":5}},"358":{"start":{"line":881,"column":6},"end":{"line":881,"column":124}},"359":{"start":{"line":885,"column":4},"end":{"line":885,"column":83}},"360":{"start":{"line":888,"column":4},"end":{"line":888,"column":79}},"361":{"start":{"line":891,"column":34},"end":{"line":891,"column":98}},"362":{"start":{"line":892,"column":4},"end":{"line":892,"column":37}},"363":{"start":{"line":892,"column":20},"end":{"line":892,"column":37}},"364":{"start":{"line":895,"column":4},"end":{"line":902,"column":5}},"365":{"start":{"line":896,"column":6},"end":{"line":901,"column":101}},"366":{"start":{"line":901,"column":23},"end":{"line":901,"column":99}},"367":{"start":{"line":904,"column":4},"end":{"line":904,"column":110}},"368":{"start":{"line":906,"column":4},"end":{"line":906,"column":54}},"369":{"start":{"line":907,"column":4},"end":{"line":907,"column":115}},"370":{"start":{"line":911,"column":0},"end":{"line":911,"column":24}}},"fnMap":{"0":{"name":"(anonymous_0)","decl":{"start":{"line":43,"column":25},"end":{"line":43,"column":26}},"loc":{"start":{"line":43,"column":41},"end":{"line":50,"column":1}}},"1":{"name":"(anonymous_1)","decl":{"start":{"line":53,"column":25},"end":{"line":53,"column":26}},"loc":{"start":{"line":53,"column":36},"end":{"line":53,"column":75}}},"2":{"name":"(anonymous_2)","decl":{"start":{"line":55,"column":24},"end":{"line":55,"column":25}},"loc":{"start":{"line":55,"column":36},"end":{"line":97,"column":1}}},"3":{"name":"(anonymous_3)","decl":{"start":{"line":59,"column":10},"end":{"line":59,"column":11}},"loc":{"start":{"line":59,"column":20},"end":{"line":59,"column":87}}},"4":{"name":"(anonymous_4)","decl":{"start":{"line":62,"column":12},"end":{"line":62,"column":13}},"loc":{"start":{"line":63,"column":6},"end":{"line":65,"column":53}}},"5":{"name":"(anonymous_5)","decl":{"start":{"line":67,"column":4},"end":{"line":67,"column":5}},"loc":{"start":{"line":68,"column":6},"end":{"line":69,"column":55}}},"6":{"name":"(anonymous_6)","decl":{"start":{"line":99,"column":22},"end":{"line":99,"column":23}},"loc":{"start":{"line":99,"column":31},"end":{"line":117,"column":1}}},"7":{"name":"(anonymous_7)","decl":{"start":{"line":119,"column":24},"end":{"line":119,"column":29}},"loc":{"start":{"line":119,"column":62},"end":{"line":130,"column":1}}},"8":{"name":"(anonymous_8)","decl":{"start":{"line":132,"column":30},"end":{"line":132,"column":31}},"loc":{"start":{"line":132,"column":37},"end":{"line":137,"column":1}}},"9":{"name":"(anonymous_9)","decl":{"start":{"line":139,"column":25},"end":{"line":139,"column":26}},"loc":{"start":{"line":139,"column":42},"end":{"line":144,"column":1}}},"10":{"name":"(anonymous_10)","decl":{"start":{"line":146,"column":29},"end":{"line":146,"column":34}},"loc":{"start":{"line":146,"column":82},"end":{"line":180,"column":1}}},"11":{"name":"(anonymous_11)","decl":{"start":{"line":183,"column":16},"end":{"line":183,"column":21}},"loc":{"start":{"line":183,"column":36},"end":{"line":196,"column":1}}},"12":{"name":"(anonymous_12)","decl":{"start":{"line":199,"column":21},"end":{"line":199,"column":26}},"loc":{"start":{"line":199,"column":41},"end":{"line":211,"column":1}}},"13":{"name":"(anonymous_13)","decl":{"start":{"line":213,"column":58},"end":{"line":213,"column":63}},"loc":{"start":{"line":213,"column":78},"end":{"line":234,"column":1}}},"14":{"name":"(anonymous_14)","decl":{"start":{"line":236,"column":71},"end":{"line":236,"column":76}},"loc":{"start":{"line":236,"column":91},"end":{"line":288,"column":1}}},"15":{"name":"(anonymous_15)","decl":{"start":{"line":273,"column":16},"end":{"line":273,"column":17}},"loc":{"start":{"line":273,"column":25},"end":{"line":273,"column":105}}},"16":{"name":"(anonymous_16)","decl":{"start":{"line":281,"column":16},"end":{"line":281,"column":17}},"loc":{"start":{"line":281,"column":25},"end":{"line":281,"column":115}}},"17":{"name":"(anonymous_17)","decl":{"start":{"line":291,"column":42},"end":{"line":291,"column":47}},"loc":{"start":{"line":291,"column":62},"end":{"line":309,"column":1}}},"18":{"name":"(anonymous_18)","decl":{"start":{"line":312,"column":17},"end":{"line":312,"column":22}},"loc":{"start":{"line":312,"column":37},"end":{"line":407,"column":1}}},"19":{"name":"(anonymous_19)","decl":{"start":{"line":409,"column":51},"end":{"line":409,"column":56}},"loc":{"start":{"line":409,"column":71},"end":{"line":519,"column":1}}},"20":{"name":"(anonymous_20)","decl":{"start":{"line":522,"column":19},"end":{"line":522,"column":24}},"loc":{"start":{"line":522,"column":39},"end":{"line":638,"column":1}}},"21":{"name":"(anonymous_21)","decl":{"start":{"line":641,"column":25},"end":{"line":641,"column":30}},"loc":{"start":{"line":641,"column":45},"end":{"line":654,"column":1}}},"22":{"name":"(anonymous_22)","decl":{"start":{"line":657,"column":29},"end":{"line":657,"column":34}},"loc":{"start":{"line":657,"column":49},"end":{"line":720,"column":1}}},"23":{"name":"(anonymous_23)","decl":{"start":{"line":723,"column":29},"end":{"line":723,"column":34}},"loc":{"start":{"line":723,"column":49},"end":{"line":802,"column":1}}},"24":{"name":"(anonymous_24)","decl":{"start":{"line":764,"column":30},"end":{"line":764,"column":31}},"loc":{"start":{"line":764,"column":35},"end":{"line":764,"column":82}}},"25":{"name":"(anonymous_25)","decl":{"start":{"line":767,"column":48},"end":{"line":767,"column":49}},"loc":{"start":{"line":767,"column":54},"end":{"line":776,"column":5}}},"26":{"name":"(anonymous_26)","decl":{"start":{"line":796,"column":12},"end":{"line":796,"column":13}},"loc":{"start":{"line":796,"column":22},"end":{"line":796,"column":79}}},"27":{"name":"(anonymous_27)","decl":{"start":{"line":805,"column":22},"end":{"line":805,"column":27}},"loc":{"start":{"line":805,"column":42},"end":{"line":839,"column":1}}},"28":{"name":"(anonymous_28)","decl":{"start":{"line":831,"column":14},"end":{"line":831,"column":15}},"loc":{"start":{"line":831,"column":23},"end":{"line":831,"column":101}}},"29":{"name":"(anonymous_29)","decl":{"start":{"line":842,"column":45},"end":{"line":842,"column":50}},"loc":{"start":{"line":842,"column":65},"end":{"line":909,"column":1}}},"30":{"name":"(anonymous_30)","decl":{"start":{"line":860,"column":36},"end":{"line":860,"column":37}},"loc":{"start":{"line":860,"column":43},"end":{"line":860,"column":53}}},"31":{"name":"(anonymous_31)","decl":{"start":{"line":901,"column":14},"end":{"line":901,"column":15}},"loc":{"start":{"line":901,"column":23},"end":{"line":901,"column":99}}}},"branchMap":{"0":{"loc":{"start":{"line":45,"column":2},"end":{"line":45,"column":46}},"type":"if","locations":[{"start":{"line":45,"column":2},"end":{"line":45,"column":46}},{"start":{},"end":{}}]},"1":{"loc":{"start":{"line":46,"column":24},"end":{"line":46,"column":44}},"type":"binary-expr","locations":[{"start":{"line":46,"column":24},"end":{"line":46,"column":37}},{"start":{"line":46,"column":41},"end":{"line":46,"column":44}}]},"2":{"loc":{"start":{"line":47,"column":13},"end":{"line":47,"column":57}},"type":"cond-expr","locations":[{"start":{"line":47,"column":45},"end":{"line":47,"column":51}},{"start":{"line":47,"column":54},"end":{"line":47,"column":57}}]},"3":{"loc":{"start":{"line":47,"column":13},"end":{"line":47,"column":42}},"type":"binary-expr","locations":[{"start":{"line":47,"column":13},"end":{"line":47,"column":26}},{"start":{"line":47,"column":30},"end":{"line":47,"column":42}}]},"4":{"loc":{"start":{"line":48,"column":11},"end":{"line":48,"column":76}},"type":"binary-expr","locations":[{"start":{"line":48,"column":11},"end":{"line":48,"column":24}},{"start":{"line":48,"column":28},"end":{"line":48,"column":76}}]},"5":{"loc":{"start":{"line":53,"column":36},"end":{"line":53,"column":75}},"type":"cond-expr","locations":[{"start":{"line":53,"column":59},"end":{"line":53,"column":67}},{"start":{"line":53,"column":70},"end":{"line":53,"column":75}}]},"6":{"loc":{"start":{"line":58,"column":33},"end":{"line":58,"column":66}},"type":"binary-expr","locations":[{"start":{"line":58,"column":33},"end":{"line":58,"column":60}},{"start":{"line":58,"column":64},"end":{"line":58,"column":66}}]},"7":{"loc":{"start":{"line":63,"column":6},"end":{"line":65,"column":53}},"type":"binary-expr","locations":[{"start":{"line":63,"column":6},"end":{"line":63,"column":29}},{"start":{"line":64,"column":6},"end":{"line":64,"column":28}},{"start":{"line":65,"column":6},"end":{"line":65,"column":53}}]},"8":{"loc":{"start":{"line":66,"column":27},"end":{"line":66,"column":65}},"type":"binary-expr","locations":[{"start":{"line":66,"column":27},"end":{"line":66,"column":59}},{"start":{"line":66,"column":63},"end":{"line":66,"column":65}}]},"9":{"loc":{"start":{"line":68,"column":6},"end":{"line":69,"column":55}},"type":"binary-expr","locations":[{"start":{"line":68,"column":6},"end":{"line":68,"column":41}},{"start":{"line":69,"column":6},"end":{"line":69,"column":55}}]},"10":{"loc":{"start":{"line":73,"column":2},"end":{"line":75,"column":48}},"type":"if","locations":[{"start":{"line":73,"column":2},"end":{"line":75,"column":48}},{"start":{"line":74,"column":7},"end":{"line":75,"column":48}}]},"11":{"loc":{"start":{"line":74,"column":7},"end":{"line":75,"column":48}},"type":"if","locations":[{"start":{"line":74,"column":7},"end":{"line":75,"column":48}},{"start":{"line":75,"column":7},"end":{"line":75,"column":48}}]},"12":{"loc":{"start":{"line":75,"column":7},"end":{"line":75,"column":48}},"type":"if","locations":[{"start":{"line":75,"column":7},"end":{"line":75,"column":48}},{"start":{},"end":{}}]},"13":{"loc":{"start":{"line":80,"column":6},"end":{"line":81,"column":65}},"type":"binary-expr","locations":[{"start":{"line":80,"column":6},"end":{"line":80,"column":49}},{"start":{"line":81,"column":6},"end":{"line":81,"column":65}}]},"14":{"loc":{"start":{"line":82,"column":21},"end":{"line":82,"column":65}},"type":"binary-expr","locations":[{"start":{"line":82,"column":21},"end":{"line":82,"column":57}},{"start":{"line":82,"column":61},"end":{"line":82,"column":65}}]},"15":{"loc":{"start":{"line":84,"column":23},"end":{"line":84,"column":62}},"type":"binary-expr","locations":[{"start":{"line":84,"column":23},"end":{"line":84,"column":54}},{"start":{"line":84,"column":58},"end":{"line":84,"column":62}}]},"16":{"loc":{"start":{"line":85,"column":27},"end":{"line":85,"column":63}},"type":"binary-expr","locations":[{"start":{"line":85,"column":27},"end":{"line":85,"column":55}},{"start":{"line":85,"column":59},"end":{"line":85,"column":63}}]},"17":{"loc":{"start":{"line":86,"column":23},"end":{"line":86,"column":62}},"type":"binary-expr","locations":[{"start":{"line":86,"column":23},"end":{"line":86,"column":54}},{"start":{"line":86,"column":58},"end":{"line":86,"column":62}}]},"18":{"loc":{"start":{"line":87,"column":20},"end":{"line":95,"column":12}},"type":"cond-expr","locations":[{"start":{"line":88,"column":8},"end":{"line":94,"column":7}},{"start":{"line":95,"column":8},"end":{"line":95,"column":12}}]},"19":{"loc":{"start":{"line":89,"column":16},"end":{"line":89,"column":73}},"type":"binary-expr","locations":[{"start":{"line":89,"column":16},"end":{"line":89,"column":54}},{"start":{"line":89,"column":58},"end":{"line":89,"column":73}}]},"20":{"loc":{"start":{"line":90,"column":19},"end":{"line":90,"column":76}},"type":"binary-expr","locations":[{"start":{"line":90,"column":19},"end":{"line":90,"column":51}},{"start":{"line":90,"column":55},"end":{"line":90,"column":68}},{"start":{"line":90,"column":72},"end":{"line":90,"column":76}}]},"21":{"loc":{"start":{"line":91,"column":21},"end":{"line":91,"column":63}},"type":"binary-expr","locations":[{"start":{"line":91,"column":21},"end":{"line":91,"column":55}},{"start":{"line":91,"column":59},"end":{"line":91,"column":63}}]},"22":{"loc":{"start":{"line":92,"column":22},"end":{"line":92,"column":65}},"type":"binary-expr","locations":[{"start":{"line":92,"column":22},"end":{"line":92,"column":57}},{"start":{"line":92,"column":61},"end":{"line":92,"column":65}}]},"23":{"loc":{"start":{"line":93,"column":17},"end":{"line":93,"column":55}},"type":"binary-expr","locations":[{"start":{"line":93,"column":17},"end":{"line":93,"column":47}},{"start":{"line":93,"column":51},"end":{"line":93,"column":55}}]},"24":{"loc":{"start":{"line":106,"column":14},"end":{"line":106,"column":32}},"type":"binary-expr","locations":[{"start":{"line":106,"column":14},"end":{"line":106,"column":26}},{"start":{"line":106,"column":30},"end":{"line":106,"column":32}}]},"25":{"loc":{"start":{"line":107,"column":12},"end":{"line":107,"column":28}},"type":"binary-expr","locations":[{"start":{"line":107,"column":12},"end":{"line":107,"column":22}},{"start":{"line":107,"column":26},"end":{"line":107,"column":28}}]},"26":{"loc":{"start":{"line":110,"column":17},"end":{"line":110,"column":61}},"type":"binary-expr","locations":[{"start":{"line":110,"column":17},"end":{"line":110,"column":47}},{"start":{"line":110,"column":51},"end":{"line":110,"column":61}}]},"27":{"loc":{"start":{"line":111,"column":14},"end":{"line":114,"column":12}},"type":"cond-expr","locations":[{"start":{"line":111,"column":28},"end":{"line":114,"column":5}},{"start":{"line":114,"column":8},"end":{"line":114,"column":12}}]},"28":{"loc":{"start":{"line":129,"column":2},"end":{"line":129,"column":25}},"type":"if","locations":[{"start":{"line":129,"column":2},"end":{"line":129,"column":25}},{"start":{},"end":{}}]},"29":{"loc":{"start":{"line":143,"column":18},"end":{"line":143,"column":51}},"type":"binary-expr","locations":[{"start":{"line":143,"column":18},"end":{"line":143,"column":43}},{"start":{"line":143,"column":47},"end":{"line":143,"column":51}}]},"30":{"loc":{"start":{"line":146,"column":61},"end":{"line":146,"column":77}},"type":"default-arg","locations":[{"start":{"line":146,"column":73},"end":{"line":146,"column":77}}]},"31":{"loc":{"start":{"line":153,"column":4},"end":{"line":159,"column":52}},"type":"cond-expr","locations":[{"start":{"line":154,"column":8},"end":{"line":158,"column":22}},{"start":{"line":159,"column":8},"end":{"line":159,"column":52}}]},"32":{"loc":{"start":{"line":162,"column":2},"end":{"line":162,"column":55}},"type":"if","locations":[{"start":{"line":162,"column":2},"end":{"line":162,"column":55}},{"start":{},"end":{}}]},"33":{"loc":{"start":{"line":163,"column":2},"end":{"line":163,"column":61}},"type":"if","locations":[{"start":{"line":163,"column":2},"end":{"line":163,"column":61}},{"start":{},"end":{}}]},"34":{"loc":{"start":{"line":164,"column":2},"end":{"line":164,"column":82}},"type":"if","locations":[{"start":{"line":164,"column":2},"end":{"line":164,"column":82}},{"start":{},"end":{}}]},"35":{"loc":{"start":{"line":168,"column":28},"end":{"line":168,"column":58}},"type":"binary-expr","locations":[{"start":{"line":168,"column":28},"end":{"line":168,"column":52}},{"start":{"line":168,"column":56},"end":{"line":168,"column":58}}]},"36":{"loc":{"start":{"line":169,"column":2},"end":{"line":171,"column":3}},"type":"if","locations":[{"start":{"line":169,"column":2},"end":{"line":171,"column":3}},{"start":{},"end":{}}]},"37":{"loc":{"start":{"line":169,"column":6},"end":{"line":169,"column":98}},"type":"binary-expr","locations":[{"start":{"line":169,"column":6},"end":{"line":169,"column":36}},{"start":{"line":169,"column":41},"end":{"line":169,"column":51}},{"start":{"line":169,"column":55},"end":{"line":169,"column":97}}]},"38":{"loc":{"start":{"line":173,"column":29},"end":{"line":173,"column":73}},"type":"binary-expr","locations":[{"start":{"line":173,"column":29},"end":{"line":173,"column":68}},{"start":{"line":173,"column":72},"end":{"line":173,"column":73}}]},"39":{"loc":{"start":{"line":174,"column":26},"end":{"line":174,"column":51}},"type":"binary-expr","locations":[{"start":{"line":174,"column":26},"end":{"line":174,"column":46}},{"start":{"line":174,"column":50},"end":{"line":174,"column":51}}]},"40":{"loc":{"start":{"line":175,"column":2},"end":{"line":177,"column":3}},"type":"if","locations":[{"start":{"line":175,"column":2},"end":{"line":177,"column":3}},{"start":{},"end":{}}]},"41":{"loc":{"start":{"line":175,"column":6},"end":{"line":175,"column":44}},"type":"binary-expr","locations":[{"start":{"line":175,"column":6},"end":{"line":175,"column":17}},{"start":{"line":175,"column":21},"end":{"line":175,"column":44}}]},"42":{"loc":{"start":{"line":191,"column":4},"end":{"line":191,"column":27}},"type":"if","locations":[{"start":{"line":191,"column":4},"end":{"line":191,"column":27}},{"start":{},"end":{}}]},"43":{"loc":{"start":{"line":206,"column":4},"end":{"line":206,"column":27}},"type":"if","locations":[{"start":{"line":206,"column":4},"end":{"line":206,"column":27}},{"start":{},"end":{}}]},"44":{"loc":{"start":{"line":229,"column":4},"end":{"line":229,"column":27}},"type":"if","locations":[{"start":{"line":229,"column":4},"end":{"line":229,"column":27}},{"start":{},"end":{}}]},"45":{"loc":{"start":{"line":230,"column":13},"end":{"line":230,"column":23}},"type":"binary-expr","locations":[{"start":{"line":230,"column":13},"end":{"line":230,"column":17}},{"start":{"line":230,"column":21},"end":{"line":230,"column":23}}]},"46":{"loc":{"start":{"line":245,"column":26},"end":{"line":245,"column":50}},"type":"binary-expr","locations":[{"start":{"line":245,"column":26},"end":{"line":245,"column":42}},{"start":{"line":245,"column":46},"end":{"line":245,"column":50}}]},"47":{"loc":{"start":{"line":246,"column":21},"end":{"line":246,"column":63}},"type":"cond-expr","locations":[{"start":{"line":246,"column":32},"end":{"line":246,"column":56}},{"start":{"line":246,"column":59},"end":{"line":246,"column":63}}]},"48":{"loc":{"start":{"line":247,"column":21},"end":{"line":247,"column":76}},"type":"cond-expr","locations":[{"start":{"line":247,"column":33},"end":{"line":247,"column":68}},{"start":{"line":247,"column":72},"end":{"line":247,"column":76}}]},"49":{"loc":{"start":{"line":247,"column":33},"end":{"line":247,"column":68}},"type":"binary-expr","locations":[{"start":{"line":247,"column":33},"end":{"line":247,"column":53}},{"start":{"line":247,"column":57},"end":{"line":247,"column":68}}]},"50":{"loc":{"start":{"line":252,"column":4},"end":{"line":252,"column":27}},"type":"if","locations":[{"start":{"line":252,"column":4},"end":{"line":252,"column":27}},{"start":{},"end":{}}]},"51":{"loc":{"start":{"line":253,"column":4},"end":{"line":253,"column":84}},"type":"if","locations":[{"start":{"line":253,"column":4},"end":{"line":253,"column":84}},{"start":{},"end":{}}]},"52":{"loc":{"start":{"line":255,"column":4},"end":{"line":283,"column":5}},"type":"if","locations":[{"start":{"line":255,"column":4},"end":{"line":283,"column":5}},{"start":{},"end":{}}]},"53":{"loc":{"start":{"line":255,"column":8},"end":{"line":255,"column":40}},"type":"binary-expr","locations":[{"start":{"line":255,"column":8},"end":{"line":255,"column":16}},{"start":{"line":255,"column":20},"end":{"line":255,"column":40}}]},"54":{"loc":{"start":{"line":256,"column":28},"end":{"line":258,"column":41}},"type":"cond-expr","locations":[{"start":{"line":257,"column":10},"end":{"line":257,"column":125}},{"start":{"line":258,"column":10},"end":{"line":258,"column":41}}]},"55":{"loc":{"start":{"line":265,"column":6},"end":{"line":265,"column":53}},"type":"if","locations":[{"start":{"line":265,"column":6},"end":{"line":265,"column":53}},{"start":{},"end":{}}]},"56":{"loc":{"start":{"line":267,"column":6},"end":{"line":282,"column":7}},"type":"if","locations":[{"start":{"line":267,"column":6},"end":{"line":282,"column":7}},{"start":{"line":274,"column":13},"end":{"line":282,"column":7}}]},"57":{"loc":{"start":{"line":267,"column":10},"end":{"line":267,"column":60}},"type":"binary-expr","locations":[{"start":{"line":267,"column":10},"end":{"line":267,"column":31}},{"start":{"line":267,"column":35},"end":{"line":267,"column":60}}]},"58":{"loc":{"start":{"line":274,"column":13},"end":{"line":282,"column":7}},"type":"if","locations":[{"start":{"line":274,"column":13},"end":{"line":282,"column":7}},{"start":{},"end":{}}]},"59":{"loc":{"start":{"line":274,"column":17},"end":{"line":274,"column":67}},"type":"binary-expr","locations":[{"start":{"line":274,"column":17},"end":{"line":274,"column":38}},{"start":{"line":274,"column":42},"end":{"line":274,"column":67}}]},"60":{"loc":{"start":{"line":275,"column":23},"end":{"line":275,"column":87}},"type":"cond-expr","locations":[{"start":{"line":275,"column":42},"end":{"line":275,"column":82}},{"start":{"line":275,"column":85},"end":{"line":275,"column":87}}]},"61":{"loc":{"start":{"line":299,"column":4},"end":{"line":299,"column":27}},"type":"if","locations":[{"start":{"line":299,"column":4},"end":{"line":299,"column":27}},{"start":{},"end":{}}]},"62":{"loc":{"start":{"line":304,"column":4},"end":{"line":304,"column":53}},"type":"if","locations":[{"start":{"line":304,"column":4},"end":{"line":304,"column":53}},{"start":{},"end":{}}]},"63":{"loc":{"start":{"line":317,"column":4},"end":{"line":319,"column":5}},"type":"if","locations":[{"start":{"line":317,"column":4},"end":{"line":319,"column":5}},{"start":{},"end":{}}]},"64":{"loc":{"start":{"line":317,"column":8},"end":{"line":317,"column":85}},"type":"binary-expr","locations":[{"start":{"line":317,"column":8},"end":{"line":317,"column":49}},{"start":{"line":317,"column":53},"end":{"line":317,"column":85}}]},"65":{"loc":{"start":{"line":320,"column":4},"end":{"line":322,"column":5}},"type":"if","locations":[{"start":{"line":320,"column":4},"end":{"line":322,"column":5}},{"start":{},"end":{}}]},"66":{"loc":{"start":{"line":320,"column":8},"end":{"line":320,"column":65}},"type":"binary-expr","locations":[{"start":{"line":320,"column":8},"end":{"line":320,"column":49}},{"start":{"line":320,"column":53},"end":{"line":320,"column":65}}]},"67":{"loc":{"start":{"line":323,"column":4},"end":{"line":325,"column":5}},"type":"if","locations":[{"start":{"line":323,"column":4},"end":{"line":325,"column":5}},{"start":{},"end":{}}]},"68":{"loc":{"start":{"line":323,"column":8},"end":{"line":323,"column":61}},"type":"binary-expr","locations":[{"start":{"line":323,"column":8},"end":{"line":323,"column":46}},{"start":{"line":323,"column":50},"end":{"line":323,"column":61}}]},"69":{"loc":{"start":{"line":326,"column":4},"end":{"line":328,"column":5}},"type":"if","locations":[{"start":{"line":326,"column":4},"end":{"line":328,"column":5}},{"start":{},"end":{}}]},"70":{"loc":{"start":{"line":331,"column":6},"end":{"line":338,"column":52}},"type":"cond-expr","locations":[{"start":{"line":332,"column":10},"end":{"line":337,"column":19}},{"start":{"line":338,"column":10},"end":{"line":338,"column":52}}]},"71":{"loc":{"start":{"line":345,"column":4},"end":{"line":345,"column":49}},"type":"if","locations":[{"start":{"line":345,"column":4},"end":{"line":345,"column":49}},{"start":{},"end":{}}]},"72":{"loc":{"start":{"line":346,"column":4},"end":{"line":346,"column":49}},"type":"if","locations":[{"start":{"line":346,"column":4},"end":{"line":346,"column":49}},{"start":{},"end":{}}]},"73":{"loc":{"start":{"line":347,"column":4},"end":{"line":349,"column":5}},"type":"if","locations":[{"start":{"line":347,"column":4},"end":{"line":349,"column":5}},{"start":{},"end":{}}]},"74":{"loc":{"start":{"line":350,"column":4},"end":{"line":352,"column":5}},"type":"if","locations":[{"start":{"line":350,"column":4},"end":{"line":352,"column":5}},{"start":{},"end":{}}]},"75":{"loc":{"start":{"line":362,"column":25},"end":{"line":362,"column":62}},"type":"binary-expr","locations":[{"start":{"line":362,"column":25},"end":{"line":362,"column":40}},{"start":{"line":362,"column":44},"end":{"line":362,"column":62}}]},"76":{"loc":{"start":{"line":367,"column":4},"end":{"line":367,"column":27}},"type":"if","locations":[{"start":{"line":367,"column":4},"end":{"line":367,"column":27}},{"start":{},"end":{}}]},"77":{"loc":{"start":{"line":369,"column":4},"end":{"line":377,"column":5}},"type":"if","locations":[{"start":{"line":369,"column":4},"end":{"line":377,"column":5}},{"start":{},"end":{}}]},"78":{"loc":{"start":{"line":369,"column":8},"end":{"line":369,"column":64}},"type":"binary-expr","locations":[{"start":{"line":369,"column":8},"end":{"line":369,"column":49}},{"start":{"line":369,"column":53},"end":{"line":369,"column":64}}]},"79":{"loc":{"start":{"line":373,"column":6},"end":{"line":376,"column":7}},"type":"if","locations":[{"start":{"line":373,"column":6},"end":{"line":376,"column":7}},{"start":{},"end":{}}]},"80":{"loc":{"start":{"line":383,"column":8},"end":{"line":383,"column":43}},"type":"binary-expr","locations":[{"start":{"line":383,"column":8},"end":{"line":383,"column":28}},{"start":{"line":383,"column":32},"end":{"line":383,"column":43}}]},"81":{"loc":{"start":{"line":399,"column":4},"end":{"line":399,"column":51}},"type":"if","locations":[{"start":{"line":399,"column":4},"end":{"line":399,"column":51}},{"start":{},"end":{}}]},"82":{"loc":{"start":{"line":424,"column":4},"end":{"line":424,"column":53}},"type":"if","locations":[{"start":{"line":424,"column":4},"end":{"line":424,"column":53}},{"start":{},"end":{}}]},"83":{"loc":{"start":{"line":425,"column":4},"end":{"line":425,"column":65}},"type":"if","locations":[{"start":{"line":425,"column":4},"end":{"line":425,"column":65}},{"start":{},"end":{}}]},"84":{"loc":{"start":{"line":428,"column":4},"end":{"line":428,"column":70}},"type":"if","locations":[{"start":{"line":428,"column":4},"end":{"line":428,"column":70}},{"start":{},"end":{}}]},"85":{"loc":{"start":{"line":429,"column":4},"end":{"line":429,"column":106}},"type":"if","locations":[{"start":{"line":429,"column":4},"end":{"line":429,"column":106}},{"start":{},"end":{}}]},"86":{"loc":{"start":{"line":431,"column":4},"end":{"line":482,"column":5}},"type":"if","locations":[{"start":{"line":431,"column":4},"end":{"line":482,"column":5}},{"start":{},"end":{}}]},"87":{"loc":{"start":{"line":448,"column":6},"end":{"line":448,"column":41}},"type":"if","locations":[{"start":{"line":448,"column":6},"end":{"line":448,"column":41}},{"start":{},"end":{}}]},"88":{"loc":{"start":{"line":484,"column":4},"end":{"line":497,"column":5}},"type":"if","locations":[{"start":{"line":484,"column":4},"end":{"line":497,"column":5}},{"start":{},"end":{}}]},"89":{"loc":{"start":{"line":496,"column":6},"end":{"line":496,"column":53}},"type":"if","locations":[{"start":{"line":496,"column":6},"end":{"line":496,"column":53}},{"start":{},"end":{}}]},"90":{"loc":{"start":{"line":501,"column":6},"end":{"line":501,"column":41}},"type":"binary-expr","locations":[{"start":{"line":501,"column":6},"end":{"line":501,"column":26}},{"start":{"line":501,"column":30},"end":{"line":501,"column":41}}]},"91":{"loc":{"start":{"line":528,"column":4},"end":{"line":528,"column":65}},"type":"if","locations":[{"start":{"line":528,"column":4},"end":{"line":528,"column":65}},{"start":{},"end":{}}]},"92":{"loc":{"start":{"line":529,"column":4},"end":{"line":529,"column":60}},"type":"if","locations":[{"start":{"line":529,"column":4},"end":{"line":529,"column":60}},{"start":{},"end":{}}]},"93":{"loc":{"start":{"line":530,"column":4},"end":{"line":530,"column":60}},"type":"if","locations":[{"start":{"line":530,"column":4},"end":{"line":530,"column":60}},{"start":{},"end":{}}]},"94":{"loc":{"start":{"line":531,"column":4},"end":{"line":531,"column":66}},"type":"if","locations":[{"start":{"line":531,"column":4},"end":{"line":531,"column":66}},{"start":{},"end":{}}]},"95":{"loc":{"start":{"line":532,"column":4},"end":{"line":532,"column":66}},"type":"if","locations":[{"start":{"line":532,"column":4},"end":{"line":532,"column":66}},{"start":{},"end":{}}]},"96":{"loc":{"start":{"line":533,"column":4},"end":{"line":533,"column":60}},"type":"if","locations":[{"start":{"line":533,"column":4},"end":{"line":533,"column":60}},{"start":{},"end":{}}]},"97":{"loc":{"start":{"line":534,"column":4},"end":{"line":534,"column":87}},"type":"if","locations":[{"start":{"line":534,"column":4},"end":{"line":534,"column":87}},{"start":{},"end":{}}]},"98":{"loc":{"start":{"line":542,"column":4},"end":{"line":542,"column":55}},"type":"if","locations":[{"start":{"line":542,"column":4},"end":{"line":542,"column":55}},{"start":{},"end":{}}]},"99":{"loc":{"start":{"line":543,"column":4},"end":{"line":543,"column":93}},"type":"if","locations":[{"start":{"line":543,"column":4},"end":{"line":543,"column":93}},{"start":{},"end":{}}]},"100":{"loc":{"start":{"line":550,"column":4},"end":{"line":550,"column":63}},"type":"if","locations":[{"start":{"line":550,"column":4},"end":{"line":550,"column":63}},{"start":{},"end":{}}]},"101":{"loc":{"start":{"line":552,"column":31},"end":{"line":552,"column":74}},"type":"binary-expr","locations":[{"start":{"line":552,"column":31},"end":{"line":552,"column":66}},{"start":{"line":552,"column":70},"end":{"line":552,"column":74}}]},"102":{"loc":{"start":{"line":553,"column":28},"end":{"line":553,"column":81}},"type":"binary-expr","locations":[{"start":{"line":553,"column":28},"end":{"line":553,"column":43}},{"start":{"line":553,"column":47},"end":{"line":553,"column":81}}]},"103":{"loc":{"start":{"line":554,"column":29},"end":{"line":554,"column":89}},"type":"cond-expr","locations":[{"start":{"line":554,"column":57},"end":{"line":554,"column":75}},{"start":{"line":554,"column":78},"end":{"line":554,"column":89}}]},"104":{"loc":{"start":{"line":555,"column":4},"end":{"line":563,"column":5}},"type":"if","locations":[{"start":{"line":555,"column":4},"end":{"line":563,"column":5}},{"start":{},"end":{}}]},"105":{"loc":{"start":{"line":556,"column":6},"end":{"line":560,"column":7}},"type":"binary-expr","locations":[{"start":{"line":556,"column":6},"end":{"line":556,"column":38}},{"start":{"line":558,"column":8},"end":{"line":558,"column":62}},{"start":{"line":559,"column":8},"end":{"line":559,"column":47}}]},"106":{"loc":{"start":{"line":564,"column":4},"end":{"line":566,"column":5}},"type":"if","locations":[{"start":{"line":564,"column":4},"end":{"line":566,"column":5}},{"start":{},"end":{}}]},"107":{"loc":{"start":{"line":564,"column":8},"end":{"line":564,"column":70}},"type":"binary-expr","locations":[{"start":{"line":564,"column":8},"end":{"line":564,"column":49}},{"start":{"line":564,"column":53},"end":{"line":564,"column":70}}]},"108":{"loc":{"start":{"line":567,"column":4},"end":{"line":569,"column":5}},"type":"if","locations":[{"start":{"line":567,"column":4},"end":{"line":569,"column":5}},{"start":{},"end":{}}]},"109":{"loc":{"start":{"line":567,"column":8},"end":{"line":567,"column":66}},"type":"binary-expr","locations":[{"start":{"line":567,"column":8},"end":{"line":567,"column":46}},{"start":{"line":567,"column":50},"end":{"line":567,"column":66}}]},"110":{"loc":{"start":{"line":571,"column":24},"end":{"line":571,"column":63}},"type":"binary-expr","locations":[{"start
[...]
lumn":1}},"43":{"start":{"line":62,"column":14},"end":{"line":62,"column":31}},"44":{"start":{"line":63,"column":2},"end":{"line":63,"column":69}},"45":{"start":{"line":63,"column":56},"end":{"line":63,"column":69}},"46":{"start":{"line":65,"column":19},"end":{"line":65,"column":42}},"47":{"start":{"line":66,"column":21},"end":{"line":66,"column":35}},"48":{"start":{"line":67,"column":2},"end":{"line":67,"column":50}},"49":{"start":{"line":67,"column":37},"end":{"line":67,"column":50}},"50":{"start":{"line":69,"column":2},"end":{"line":71,"column":3}},"51":{"start":{"line":70,"column":4},"end":{"line":70,"column":43}},"52":{"start":{"line":73,"column":2},"end":{"line":76,"column":3}},"53":{"start":{"line":74,"column":23},"end":{"line":74,"column":67}},"54":{"start":{"line":75,"column":4},"end":{"line":75,"column":41}},"55":{"start":{"line":78,"column":2},"end":{"line":81,"column":3}},"56":{"start":{"line":79,"column":23},"end":{"line":79,"column":70}},"57":{"start":{"line":80,"column":4},"end":{"line":80,"column":41}},"58":{"start":{"line":83,"column":2},"end":{"line":83,"column":15}},"59":{"start":{"line":86,"column":23},"end":{"line":93,"column":1}},"60":{"start":{"line":87,"column":17},"end":{"line":87,"column":34}},"61":{"start":{"line":88,"column":2},"end":{"line":88,"column":32}},"62":{"start":{"line":88,"column":15},"end":{"line":88,"column":32}},"63":{"start":{"line":89,"column":2},"end":{"line":89,"column":54}},"64":{"start":{"line":89,"column":31},"end":{"line":89,"column":54}},"65":{"start":{"line":90,"column":2},"end":{"line":90,"column":46}},"66":{"start":{"line":90,"column":32},"end":{"line":90,"column":46}},"67":{"start":{"line":91,"column":2},"end":{"line":91,"column":85}},"68":{"start":{"line":91,"column":54},"end":{"line":91,"column":85}},"69":{"start":{"line":92,"column":2},"end":{"line":92,"column":16}},"70":{"start":{"line":95,"column":21},"end":{"line":102,"column":3}},"71":{"start":{"line":96,"column":2},"end":{"line":102,"column":3}},"72":{"start":{"line":104,"column":21},"end":{"line":108,"column":3}},"73":{"start":{"line":105,"column":2},"end":{"line":108,"column":3}},"74":{"start":{"line":110,"column":20},"end":{"line":115,"column":13}},"75":{"start":{"line":112,"column":19},"end":{"line":112,"column":34}},"76":{"start":{"line":113,"column":4},"end":{"line":113,"column":31}},"77":{"start":{"line":117,"column":28},"end":{"line":123,"column":1}},"78":{"start":{"line":125,"column":28},"end":{"line":132,"column":1}},"79":{"start":{"line":134,"column":18},"end":{"line":139,"column":1}},"80":{"start":{"line":138,"column":23},"end":{"line":138,"column":40}},"81":{"start":{"line":141,"column":23},"end":{"line":146,"column":1}},"82":{"start":{"line":145,"column":23},"end":{"line":145,"column":64}},"83":{"start":{"line":148,"column":20},"end":{"line":156,"column":3}},"84":{"start":{"line":149,"column":2},"end":{"line":156,"column":3}},"85":{"start":{"line":158,"column":13},"end":{"line":162,"column":3}},"86":{"start":{"line":159,"column":2},"end":{"line":162,"column":3}},"87":{"start":{"line":164,"column":23},"end":{"line":172,"column":3}},"88":{"start":{"line":165,"column":2},"end":{"line":172,"column":3}},"89":{"start":{"line":174,"column":25},"end":{"line":182,"column":3}},"90":{"start":{"line":175,"column":2},"end":{"line":182,"column":3}},"91":{"start":{"line":184,"column":22},"end":{"line":188,"column":15}},"92":{"start":{"line":185,"column":2},"end":{"line":185,"column":36}},"93":{"start":{"line":185,"column":24},"end":{"line":185,"column":36}},"94":{"start":{"line":186,"column":2},"end":{"line":186,"column":38}},"95":{"start":{"line":186,"column":25},"end":{"line":186,"column":38}},"96":{"start":{"line":187,"column":2},"end":{"line":187,"column":15}},"97":{"start":{"line":190,"column":16},"end":{"line":192,"column":13}},"98":{"start":{"line":194,"column":29},"end":{"line":197,"column":80}},"99":{"start":{"line":195,"column":2},"end":{"line":195,"column":32}},"100":{"start":{"line":195,"column":20},"end":{"line":195,"column":32}},"101":{"start":{"line":196,"column":2},"end":{"line":196,"column":15}},"102":{"start":{"line":199,"column":21},"end":{"line":206,"column":1}},"103":{"start":{"line":203,"column":15},"end":{"line":203,"column":46}},"104":{"start":{"line":208,"column":26},"end":{"line":213,"column":2}},"105":{"start":{"line":215,"column":26},"end":{"line":217,"column":64}},"106":{"start":{"line":219,"column":16},"end":{"line":364,"column":1}},"107":{"start":{"line":366,"column":30},"end":{"line":375,"column":1}},"108":{"start":{"line":367,"column":18},"end":{"line":370,"column":5}},"109":{"start":{"line":367,"column":47},"end":{"line":370,"column":3}},"110":{"start":{"line":371,"column":2},"end":{"line":374,"column":4}},"111":{"start":{"line":377,"column":18},"end":{"line":384,"column":1}},"112":{"start":{"line":378,"column":17},"end":{"line":378,"column":45}},"113":{"start":{"line":379,"column":2},"end":{"line":379,"column":41}},"114":{"start":{"line":379,"column":22},"end":{"line":379,"column":41}},"115":{"start":{"line":380,"column":16},"end":{"line":380,"column":68}},"116":{"start":{"line":381,"column":2},"end":{"line":381,"column":21}},"117":{"start":{"line":382,"column":2},"end":{"line":382,"column":54}},"118":{"start":{"line":383,"column":2},"end":{"line":383,"column":14}},"119":{"start":{"line":386,"column":28},"end":{"line":392,"column":1}},"120":{"start":{"line":387,"column":2},"end":{"line":390,"column":3}},"121":{"start":{"line":388,"column":4},"end":{"line":388,"column":40}},"122":{"start":{"line":389,"column":4},"end":{"line":389,"column":16}},"123":{"start":{"line":391,"column":2},"end":{"line":391,"column":15}},"124":{"start":{"line":394,"column":0},"end":{"line":404,"column":2}}},"fnMap":{"0":{"name":"(anonymous_0)","decl":{"start":{"line":15,"column":19},"end":{"line":15,"column":20}},"loc":{"start":{"line":15,"column":30},"end":{"line":15,"column":68}}},"1":{"name":"(anonymous_1)","decl":{"start":{"line":17,"column":24},"end":{"line":17,"column":25}},"loc":{"start":{"line":17,"column":35},"end":{"line":21,"column":1}}},"2":{"name":"(anonymous_2)","decl":{"start":{"line":23,"column":23},"end":{"line":23,"column":24}},"loc":{"start":{"line":23,"column":34},"end":{"line":26,"column":1}}},"3":{"name":"(anonymous_3)","decl":{"start":{"line":28,"column":17},"end":{"line":28,"column":18}},"loc":{"start":{"line":28,"column":28},"end":{"line":31,"column":1}}},"4":{"name":"(anonymous_4)","decl":{"start":{"line":33,"column":22},"end":{"line":33,"column":23}},"loc":{"start":{"line":33,"column":33},"end":{"line":50,"column":1}}},"5":{"name":"(anonymous_5)","decl":{"start":{"line":42,"column":34},"end":{"line":42,"column":35}},"loc":{"start":{"line":42,"column":65},"end":{"line":46,"column":3}}},"6":{"name":"(anonymous_6)","decl":{"start":{"line":52,"column":22},"end":{"line":52,"column":23}},"loc":{"start":{"line":52,"column":48},"end":{"line":59,"column":1}}},"7":{"name":"(anonymous_7)","decl":{"start":{"line":53,"column":34},"end":{"line":53,"column":35}},"loc":{"start":{"line":53,"column":65},"end":{"line":53,"column":108}}},"8":{"name":"(anonymous_8)","decl":{"start":{"line":61,"column":19},"end":{"line":61,"column":20}},"loc":{"start":{"line":61,"column":30},"end":{"line":84,"column":1}}},"9":{"name":"(anonymous_9)","decl":{"start":{"line":86,"column":23},"end":{"line":86,"column":24}},"loc":{"start":{"line":86,"column":34},"end":{"line":93,"column":1}}},"10":{"name":"(anonymous_10)","decl":{"start":{"line":95,"column":21},"end":{"line":95,"column":22}},"loc":{"start":{"line":96,"column":2},"end":{"line":102,"column":3}}},"11":{"name":"(anonymous_11)","decl":{"start":{"line":104,"column":21},"end":{"line":104,"column":22}},"loc":{"start":{"line":105,"column":2},"end":{"line":108,"column":3}}},"12":{"name":"(anonymous_12)","decl":{"start":{"line":111,"column":14},"end":{"line":111,"column":15}},"loc":{"start":{"line":111,"column":23},"end":{"line":114,"column":3}}},"13":{"name":"(anonymous_13)","decl":{"start":{"line":138,"column":12},"end":{"line":138,"column":13}},"loc":{"start":{"line":138,"column":23},"end":{"line":138,"column":40}}},"14":{"name":"(anonymous_14)","decl":{"start":{"line":145,"column":12},"end":{"line":145,"column":13}},"loc":{"start":{"line":145,"column":23},"end":{"line":145,"column":64}}},"15":{"name":"(anonymous_15)","decl":{"start":{"line":148,"column":20},"end":{"line":148,"column":21}},"loc":{"start":{"line":149,"column":2},"end":{"line":156,"column":3}}},"16":{"name":"(anonymous_16)","decl":{"start":{"line":158,"column":13},"end":{"line":158,"column":14}},"loc":{"start":{"line":159,"column":2},"end":{"line":162,"column":3}}},"17":{"name":"(anonymous_17)","decl":{"start":{"line":164,"column":23},"end":{"line":164,"column":24}},"loc":{"start":{"line":165,"column":2},"end":{"line":172,"column":3}}},"18":{"name":"(anonymous_18)","decl":{"start":{"line":174,"column":25},"end":{"line":174,"column":26}},"loc":{"start":{"line":175,"column":2},"end":{"line":182,"column":3}}},"19":{"name":"(anonymous_19)","decl":{"start":{"line":184,"column":35},"end":{"line":184,"column":36}},"loc":{"start":{"line":184,"column":46},"end":{"line":188,"column":1}}},"20":{"name":"(anonymous_20)","decl":{"start":{"line":194,"column":42},"end":{"line":194,"column":43}},"loc":{"start":{"line":194,"column":53},"end":{"line":197,"column":1}}},"21":{"name":"(anonymous_21)","decl":{"start":{"line":203,"column":4},"end":{"line":203,"column":5}},"loc":{"start":{"line":203,"column":15},"end":{"line":203,"column":46}}},"22":{"name":"(anonymous_22)","decl":{"start":{"line":366,"column":30},"end":{"line":366,"column":31}},"loc":{"start":{"line":366,"column":41},"end":{"line":375,"column":1}}},"23":{"name":"(anonymous_23)","decl":{"start":{"line":367,"column":35},"end":{"line":367,"column":36}},"loc":{"start":{"line":367,"column":47},"end":{"line":370,"column":3}}},"24":{"name":"(anonymous_24)","decl":{"start":{"line":377,"column":18},"end":{"line":377,"column":19}},"loc":{"start":{"line":377,"column":36},"end":{"line":384,"column":1}}},"25":{"name":"(anonymous_25)","decl":{"start":{"line":386,"column":28},"end":{"line":386,"column":29}},"loc":{"start":{"line":386,"column":44},"end":{"line":392,"column":1}}}},"branchMap":{"0":{"loc":{"start":{"line":15,"column":37},"end":{"line":15,"column":48}},"type":"binary-expr","locations":[{"start":{"line":15,"column":37},"end":{"line":15,"column":42}},{"start":{"line":15,"column":46},"end":{"line":15,"column":48}}]},"1":{"loc":{"start":{"line":18,"column":2},"end":{"line":18,"column":62}},"type":"if","locations":[{"start":{"line":18,"column":2},"end":{"line":18,"column":62}},{"start":{},"end":{}}]},"2":{"loc":{"start":{"line":18,"column":6},"end":{"line":18,"column":43}},"type":"binary-expr","locations":[{"start":{"line":18,"column":6},"end":{"line":18,"column":25}},{"start":{"line":18,"column":29},"end":{"line":18,"column":43}}]},"3":{"loc":{"start":{"line":20,"column":9},"end":{"line":20,"column":26}},"type":"binary-expr","locations":[{"start":{"line":20,"column":9},"end":{"line":20,"column":13}},{"start":{"line":20,"column":17},"end":{"line":20,"column":26}}]},"4":{"loc":{"start":{"line":25,"column":9},"end":{"line":25,"column":48}},"type":"cond-expr","locations":[{"start":{"line":25,"column":17},"end":{"line":25,"column":36}},{"start":{"line":25,"column":39},"end":{"line":25,"column":48}}]},"5":{"loc":{"start":{"line":29,"column":2},"end":{"line":29,"column":78}},"type":"if","locations":[{"start":{"line":29,"column":2},"end":{"line":29,"column":78}},{"start":{},"end":{}}]},"6":{"loc":{"start":{"line":29,"column":6},"end":{"line":29,"column":59}},"type":"binary-expr","locations":[{"start":{"line":29,"column":6},"end":{"line":29,"column":18}},{"start":{"line":29,"column":22},"end":{"line":29,"column":36}},{"start":{"line":29,"column":40},"end":{"line":29,"column":59}}]},"7":{"loc":{"start":{"line":35,"column":2},"end":{"line":35,"column":45}},"type":"if","locations":[{"start":{"line":35,"column":2},"end":{"line":35,"column":45}},{"start":{},"end":{}}]},"8":{"loc":{"start":{"line":39,"column":2},"end":{"line":39,"column":68}},"type":"if","locations":[{"start":{"line":39,"column":2},"end":{"line":39,"column":68}},{"start":{},"end":{}}]},"9":{"loc":{"start":{"line":39,"column":6},"end":{"line":39,"column":53}},"type":"binary-expr","locations":[{"start":{"line":39,"column":6},"end":{"line":39,"column":18}},{"start":{"line":39,"column":22},"end":{"line":39,"column":35}},{"start":{"line":39,"column":39},"end":{"line":39,"column":53}}]},"10":{"loc":{"start":{"line":44,"column":4},"end":{"line":44,"column":46}},"type":"if","locations":[{"start":{"line":44,"column":4},"end":{"line":44,"column":46}},{"start":{},"end":{}}]},"11":{"loc":{"start":{"line":56,"column":2},"end":{"line":56,"column":30}},"type":"if","locations":[{"start":{"line":56,"column":2},"end":{"line":56,"column":30}},{"start":{},"end":{}}]},"12":{"loc":{"start":{"line":57,"column":2},"end":{"line":57,"column":31}},"type":"if","locations":[{"start":{"line":57,"column":2},"end":{"line":57,"column":31}},{"start":{},"end":{}}]},"13":{"loc":{"start":{"line":63,"column":2},"end":{"line":63,"column":69}},"type":"if","locations":[{"start":{"line":63,"column":2},"end":{"line":63,"column":69}},{"start":{},"end":{}}]},"14":{"loc":{"start":{"line":63,"column":6},"end":{"line":63,"column":54}},"type":"binary-expr","locations":[{"start":{"line":63,"column":6},"end":{"line":63,"column":27}},{"start":{"line":63,"column":31},"end":{"line":63,"column":54}}]},"15":{"loc":{"start":{"line":67,"column":2},"end":{"line":67,"column":50}},"type":"if","locations":[{"start":{"line":67,"column":2},"end":{"line":67,"column":50}},{"start":{},"end":{}}]},"16":{"loc":{"start":{"line":67,"column":6},"end":{"line":67,"column":35}},"type":"binary-expr","locations":[{"start":{"line":67,"column":6},"end":{"line":67,"column":18}},{"start":{"line":67,"column":22},"end":{"line":67,"column":35}}]},"17":{"loc":{"start":{"line":69,"column":2},"end":{"line":71,"column":3}},"type":"if","locations":[{"start":{"line":69,"column":2},"end":{"line":71,"column":3}},{"start":{},"end":{}}]},"18":{"loc":{"start":{"line":73,"column":2},"end":{"line":76,"column":3}},"type":"if","locations":[{"start":{"line":73,"column":2},"end":{"line":76,"column":3}},{"start":{},"end":{}}]},"19":{"loc":{"start":{"line":78,"column":2},"end":{"line":81,"column":3}},"type":"if","locations":[{"start":{"line":78,"column":2},"end":{"line":81,"column":3}},{"start":{},"end":{}}]},"20":{"loc":{"start":{"line":88,"column":2},"end":{"line":88,"column":32}},"type":"if","locations":[{"start":{"line":88,"column":2},"end":{"line":88,"column":32}},{"start":{},"end":{}}]},"21":{"loc":{"start":{"line":89,"column":2},"end":{"line":89,"column":54}},"type":"if","locations":[{"start":{"line":89,"column":2},"end":{"line":89,"column":54}},{"start":{},"end":{}}]},"22":{"loc":{"start":{"line":90,"column":2},"end":{"line":90,"column":46}},"type":"if","locations":[{"start":{"line":90,"column":2},"end":{"line":90,"column":46}},{"start":{},"end":{}}]},"23":{"loc":{"start":{"line":91,"column":2},"end":{"line":91,"column":85}},"type":"if","locations":[{"start":{"line":91,"column":2},"end":{"line":91,"column":85}},{"start":{},"end":{}}]},"24":{"loc":{"start":{"line":91,"column":6},"end":{"line":91,"column":52}},"type":"binary-expr","locations":[{"start":{"line":91,"column":6},"end":{"line":91,"column":26}},{"start":{"line":91,"column":30},"end":{"line":91,"column":52}}]},"25":{"loc":{"start":{"line":113,"column":11},"end":{"line":113,"column":30}},"type":"binary-expr","locations":[{"start":{"line":113,"column":11},"end":{"line":113,"column":17}},{"start":{"line":113,"column":21},"end":{"line":113,"column":30}}]},"26":{"loc":{"start":{"line":145,"column":23},"end":{"line":145,"column":64}},"type":"binary-expr","locations":[{"start":{"line":145,"column":23},"end":{"line":145,"column":43}},{"start":{"line":145,"column":47},"end":{"line":145,"column":64}}]},"27":{"loc":{"start":{"line":148,"column":28},"end":{"line":148,"column":41}},"type":"default-arg","locations":[{"start":{"line":148,"column":34},"end":{"line":148,"column":41}}]},"28":{"loc":{"start":{"line":164,"column":31},"end":{"line":164,"column":44}},"type":"default-arg","locations":[{"start":{"line":164,"column":37},"end":{"line":164,"column":44}}]},"29":{"loc":{"start":{"line":174,"column":33},"end":{"line":174,"column":45}},"type":"default-arg","locations":[{"start":{"line":174,"column":39},"end":{"line":174,"column":45}}]},"30":{"loc":{"start":{"line":185,"column":2},"end":{"line":185,"column":36}},"type":"if","locations":[{"start":{"line":185,"column":2},"end":{"line":185,"column":36}},{"start":{},"end":{}}]},"31":{"loc":{"start":{"line":186,"column":2},"end":{"line":186,"column":38}},"type":"if","locations":[{"start":{"line":186,"column":2},"end":{"line":186,"column":38}},{"start":{},"end":{}}]},"32":{"loc":{"start":{"line":195,"column":2},"end":{"line":195,"column":32}},"type":"if","locations":[{"start":{"line":195,"column":2},"end":{"line":195,"column":32}},{"start":{},"end":{}}]},"33":{"loc":{"start":{"line":368,"column":11},"end":{"line":368,"column":41}},"type":"binary-expr","locations":[{"start":{"line":368,"column":11},"end":{"line":368,"column":31}},{"start":{"line":368,"column":35},"end":{"line":368,"column":41}}]},"34":{"loc":{"start":{"line":372,"column":11},"end":{"line":372,"column":52}},"type":"binary-expr","locations":[{"start":{"line":372,"column":11},"end":{"line":372,"column":30}},{"start":{"line":372,"column":34},"end":{"line":372,"column":52}}]},"35":{"loc":{"start":{"line":378,"column":34},"end":{"line":378,"column":44}},"type":"binary-expr","locations":[{"start":{"line":378,"column":34},"end":{"line":378,"column":38}},{"start":{"line":378,"column":42},"end":{"line":378,"column":44}}]},"36":{"loc":{"start":{"line":379,"column":2},"end":{"line":379,"column":41}},"type":"if","locations":[{"start":{"line":379,"column":2},"end":{"line":379,"column":41}},{"start":{},"end":{}}]},"37":{"loc":{"start":{"line":387,"column":2},"end":{"line":390,"column":3}},"type":"if","locations":[{"start":{"line":387,"column":2},"end":{"line":390,"column":3}},{"start":{},"end":{}}]},"38":{"loc":{"start":{"line":387,"column":6},"end":{"line":387,"column":44}},"type":"binary-expr","locations":[{"start":{"line":387,"column":6},"end":{"line":387,"column":27}},{"start":{"line":387,"column":31},"end":{"line":387,"column":44}}]}},"s":{"0":2,"1":2,"2":2,"3":37,"4":2,"5":28,"6":11,"7":17,"8":17,"9":2,"10":4,"11":4,"12":2,"13":9,"14":0,"15":9,"16":2,"17":13,"18":13,"19":1,"20":12,"21":12,"22":12,"23":3,"24":9,"25":9,"26":81,"27":81,"28":9,"29":81,"30":9,"31":9,"32":2,"33":2,"34":17,"35":2,"36":2,"37":2,"38":0,"39":2,"40":0,"41":2,"42":2,"43":10,"44":10,"45":2,"46":8,"47":8,"48":8,"49":1,"50":7,"51":4,"52":3,"53":1,"54":1,"55":2,"56":1,"57":1,"58":1,"59":2,"60":7,"61":7,"62":1,"63":6,"64":1,"65":5,"66":2,"67":3,"68":2,"69":1,"70":2,"71":38,"72":2,"73":24,"74":2,"75":2,"76":2,"77":2,"78":2,"79":2,"80":1,"81":2,"82":1,"83":2,"84":30,"85":2,"86":4,"87":2,"88":4,"89":2,"90":8,"91":2,"92":2,"93":0,"94":2,"95":0,"96":2,"97":2,"98":2,"99":1,"100":0,"101":1,"102":2,"103":0,"104":2,"105":2,"106":2,"107":2,"108":6,"109":6,"110":6,"111":2,"112":8,"113":8,"114":5,"115":3,"116":3,"117":3,"118":3,"119":2,"120":2,"121":1,"122":1,"123":1,"124":2},"f":{"0":37,"1":28,"2":4,"3":9,"4":13,"5":81,"6":2,"7":17,"8":10,"9":7,"10":38,"11":24,"12":2,"13":1,"14":1,"15":30,"16":4,"17":4,"18":8,"19":2,"20":1,"21":0,"22":6,"23":6,"24":8,"25":2},"b":{"0":[37,4],"1":[11,17],"2":[28,18],"3":[17,2],"4":[2,2],"5":[0,9],"6":[9,9,9],"7":[1,12],"8":[3,9],"9":[12,11,10],"10":[9,72],"11":[0,2],"12":[0,2],"13":[2,8],"14":[10,10],"15":[1,7],"16":[8,8],"17":[4,3],"18":[1,2],"19":[1,1],"20":[1,6],"21":[1,5],"22":[2,3],"23":[2,1],"24":[3,2],"25":[2,1],"26":[1,0],"27":[26],"28":[0],"29":[8],"30":[0,2],"31":[0,2],"32":[0,1],"33":[6,0],"34":[6,0],"35":[8,0],"36":[5,3],"37":[1,1],"38":[2,1]}}
}
