TN:
SF:src\middlewares\authMiddleware.js
FN:7,(anonymous_0)
FN:15,(anonymous_1)
FN:36,(anonymous_2)
FNF:3
FNH:3
FNDA:2,(anonymous_0)
FNDA:5,(anonymous_1)
FNDA:7,(anonymous_2)
DA:5,1
DA:7,1
DA:8,2
DA:9,2
DA:10,1
DA:12,1
DA:15,1
DA:16,5
DA:22,5
DA:23,2
DA:28,2
DA:29,2
DA:32,5
DA:33,4
DA:36,1
DA:37,7
DA:38,7
DA:39,7
DA:40,1
DA:43,6
DA:47,6
DA:49,6
DA:50,1
DA:53,5
DA:54,5
DA:56,4
DA:57,1
DA:60,3
DA:61,1
DA:64,2
DA:65,2
DA:71,2
DA:73,1
DA:74,1
DA:78,1
LF:35
LH:35
BRDA:7,0,0,0
BRDA:9,1,0,1
BRDA:9,1,1,1
BRDA:22,2,0,2
BRDA:22,2,1,3
BRDA:22,3,0,5
BRDA:22,3,1,2
BRDA:32,4,0,1
BRDA:32,4,1,4
BRDA:39,5,0,1
BRDA:39,5,1,6
BRDA:39,6,0,7
BRDA:39,6,1,6
BRDA:49,7,0,1
BRDA:49,7,1,5
BRDA:49,8,0,6
BRDA:49,8,1,5
BRDA:56,9,0,1
BRDA:56,9,1,3
BRDA:60,10,0,1
BRDA:60,10,1,2
BRDA:64,11,0,1
BRDA:64,11,1,1
BRF:23
BRH:22
end_of_record
TN:
SF:src\middlewares\roleMiddleware.js
FN:8,(anonymous_0)
FN:9,(anonymous_1)
FNF:2
FNH:2
FNDA:7,(anonymous_0)
FNDA:7,(anonymous_1)
DA:8,2
DA:9,7
DA:10,7
DA:11,1
DA:14,6
DA:15,3
DA:18,3
DA:22,2
LF:8
LH:8
BRDA:10,0,0,1
BRDA:10,0,1,6
BRDA:14,1,0,3
BRDA:14,1,1,3
BRDA:14,2,0,6
BRDA:14,2,1,5
BRF:6
BRH:6
end_of_record
TN:
SF:src\routes\auth.js
FN:17,(anonymous_0)
FN:24,(anonymous_1)
FN:34,(anonymous_2)
FN:50,(anonymous_3)
FN:169,(anonymous_4)
FN:177,(anonymous_5)
FN:189,(anonymous_6)
FNF:7
FNH:7
FNDA:2,(anonymous_0)
FNDA:4,(anonymous_1)
FNDA:3,(anonymous_2)
FNDA:7,(anonymous_3)
FNDA:1,(anonymous_4)
FNDA:3,(anonymous_5)
FNDA:3,(anonymous_6)
DA:1,1
DA:2,1
DA:3,1
DA:4,1
DA:8,1
DA:17,1
DA:18,2
DA:19,2
DA:23,2
DA:24,4
DA:25,2
DA:26,1
DA:34,1
DA:35,3
DA:41,3
DA:42,2
DA:45,1
DA:46,1
DA:50,1
DA:51,7
DA:52,7
DA:54,7
DA:55,2
DA:58,5
DA:59,5
DA:60,5
DA:63,5
DA:64,2
DA:70,2
DA:71,1
DA:72,1
DA:74,1
DA:77,4
DA:82,4
DA:83,1
DA:84,1
DA:87,3
DA:88,3
DA:90,3
DA:96,3
DA:97,0
DA:101,3
DA:102,0
DA:108,0
DA:109,0
DA:112,0
DA:113,0
DA:117,3
DA:119,3
DA:120,0
DA:121,0
DA:124,3
DA:125,1
DA:129,2
DA:130,2
DA:131,2
DA:132,2
DA:134,2
DA:135,2
DA:140,2
DA:141,2
DA:150,2
DA:164,0
DA:165,0
DA:169,1
DA:170,1
DA:177,1
DA:178,3
DA:179,3
DA:180,2
DA:181,2
DA:182,2
DA:183,1
DA:185,0
DA:189,1
DA:190,3
DA:191,3
DA:193,2
DA:194,2
DA:195,2
DA:196,2
DA:197,2
DA:199,0
DA:200,0
DA:204,1
DA:206,1
LF:86
LH:73
BRDA:23,0,0,0
BRDA:23,0,1,2
BRDA:23,1,0,2
BRDA:23,1,1,2
BRDA:25,2,0,1
BRDA:25,2,1,1
BRDA:41,3,0,2
BRDA:41,3,1,1
BRDA:41,4,0,3
BRDA:41,4,1,3
BRDA:41,4,2,1
BRDA:52,5,0,7
BRDA:52,5,1,1
BRDA:54,6,0,2
BRDA:54,6,1,5
BRDA:54,7,0,7
BRDA:54,7,1,6
BRDA:63,8,0,2
BRDA:63,8,1,3
BRDA:70,9,0,1
BRDA:70,9,1,1
BRDA:70,10,0,2
BRDA:70,10,1,1
BRDA:82,11,0,1
BRDA:82,11,1,3
BRDA:82,12,0,4
BRDA:82,12,1,3
BRDA:96,13,0,0
BRDA:96,13,1,3
BRDA:101,14,0,0
BRDA:101,14,1,3
BRDA:101,15,0,3
BRDA:101,15,1,3
BRDA:101,15,2,3
BRDA:108,16,0,0
BRDA:108,16,1,0
BRDA:112,17,0,0
BRDA:112,17,1,0
BRDA:112,18,0,0
BRDA:112,18,1,0
BRDA:117,19,0,3
BRDA:117,19,1,0
BRDA:117,20,0,3
BRDA:117,20,1,3
BRDA:119,21,0,0
BRDA:119,21,1,3
BRDA:124,22,0,1
BRDA:124,22,1,2
BRDA:130,23,0,2
BRDA:130,23,1,0
BRDA:131,24,0,2
BRDA:131,24,1,0
BRDA:131,25,0,0
BRDA:131,25,1,2
BRDA:134,26,0,2
BRDA:134,26,1,0
BRDA:140,27,0,2
BRDA:140,27,1,0
BRDA:140,28,0,2
BRDA:140,28,1,0
BRDA:179,29,0,1
BRDA:179,29,1,2
BRDA:182,30,0,1
BRDA:182,30,1,1
BRDA:191,31,0,1
BRDA:191,31,1,2
BRDA:195,32,0,2
BRDA:195,32,1,2
BRF:68
BRH:51
end_of_record
TN:
SF:src\routes\clientes.js
FN:43,(anonymous_0)
FN:53,(anonymous_1)
FN:55,(anonymous_2)
FN:59,(anonymous_3)
FN:62,(anonymous_4)
FN:67,(anonymous_5)
FN:99,(anonymous_6)
FN:119,(anonymous_7)
FN:132,(anonymous_8)
FN:139,(anonymous_9)
FN:146,(anonymous_10)
FN:183,(anonymous_11)
FN:199,(anonymous_12)
FN:213,(anonymous_13)
FN:236,(anonymous_14)
FN:273,(anonymous_15)
FN:281,(anonymous_16)
FN:291,(anonymous_17)
FN:312,(anonymous_18)
FN:409,(anonymous_19)
FN:522,(anonymous_20)
FN:641,(anonymous_21)
FN:657,(anonymous_22)
FN:723,(anonymous_23)
FN:764,(anonymous_24)
FN:767,(anonymous_25)
FN:796,(anonymous_26)
FN:805,(anonymous_27)
FN:831,(anonymous_28)
FN:842,(anonymous_29)
FN:860,(anonymous_30)
FN:901,(anonymous_31)
FNF:32
FNH:20
FNDA:3,(anonymous_0)
FNDA:3,(anonymous_1)
FNDA:3,(anonymous_2)
FNDA:0,(anonymous_3)
FNDA:0,(anonymous_4)
FNDA:0,(anonymous_5)
FNDA:3,(anonymous_6)
FNDA:0,(anonymous_7)
FNDA:0,(anonymous_8)
FNDA:2,(anonymous_9)
FNDA:2,(anonymous_10)
FNDA:2,(anonymous_11)
FNDA:1,(anonymous_12)
FNDA:1,(anonymous_13)
FNDA:1,(anonymous_14)
FNDA:0,(anonymous_15)
FNDA:0,(anonymous_16)
FNDA:2,(anonymous_17)
FNDA:3,(anonymous_18)
FNDA:1,(anonymous_19)
FNDA:2,(anonymous_20)
FNDA:2,(anonymous_21)
FNDA:2,(anonymous_22)
FNDA:2,(anonymous_23)
FNDA:1,(anonymous_24)
FNDA:0,(anonymous_25)
FNDA:0,(anonymous_26)
FNDA:1,(anonymous_27)
FNDA:0,(anonymous_28)
FNDA:1,(anonymous_29)
FNDA:0,(anonymous_30)
FNDA:0,(anonymous_31)
DA:1,1
DA:2,1
DA:3,1
DA:4,1
DA:5,1
DA:6,1
DA:7,1
DA:8,1
DA:14,1
DA:15,1
DA:19,1
DA:21,1
DA:22,1
DA:23,1
DA:24,1
DA:43,1
DA:44,3
DA:45,3
DA:46,2
DA:47,2
DA:53,3
DA:55,1
DA:56,3
DA:57,3
DA:58,3
DA:59,0
DA:60,3
DA:61,3
DA:63,0
DA:66,3
DA:68,0
DA:72,3
DA:73,3
DA:74,3
DA:75,3
DA:77,3
DA:99,1
DA:100,3
DA:101,3
DA:119,1
DA:120,0
DA:129,0
DA:132,1
DA:139,2
DA:146,1
DA:147,2
DA:162,2
DA:163,2
DA:164,2
DA:166,2
DA:167,2
DA:168,2
DA:169,2
DA:170,0
DA:173,2
DA:174,2
DA:175,2
DA:176,0
DA:179,2
DA:183,1
DA:184,2
DA:185,2
DA:186,2
DA:191,2
DA:192,1
DA:194,1
DA:199,1
DA:200,1
DA:201,1
DA:202,1
DA:206,1
DA:207,1
DA:209,0
DA:213,1
DA:214,1
DA:215,1
DA:229,1
DA:230,1
DA:232,0
DA:236,1
DA:237,1
DA:238,1
DA:239,1
DA:240,1
DA:241,1
DA:252,1
DA:253,1
DA:255,1
DA:256,1
DA:259,1
DA:265,1
DA:267,1
DA:268,1
DA:273,0
DA:274,0
DA:275,0
DA:276,0
DA:281,0
DA:284,1
DA:286,0
DA:291,1
DA:292,2
DA:293,2
DA:294,2
DA:299,2
DA:300,1
DA:304,1
DA:305,1
DA:307,1
DA:312,1
DA:313,3
DA:314,3
DA:315,2
DA:317,2
DA:318,0
DA:320,2
DA:321,0
DA:323,2
DA:324,0
DA:326,2
DA:327,2
DA:330,2
DA:345,2
DA:346,2
DA:347,2
DA:348,1
DA:350,1
DA:351,0
DA:354,1
DA:367,1
DA:369,1
DA:370,1
DA:373,1
DA:374,0
DA:375,0
DA:380,1
DA:381,1
DA:386,0
DA:387,0
DA:389,1
DA:394,1
DA:399,1
DA:400,1
DA:405,1
DA:409,1
DA:410,1
DA:411,1
DA:412,1
DA:424,1
DA:425,1
DA:426,1
DA:427,1
DA:428,1
DA:429,1
DA:431,1
DA:432,0
DA:448,0
DA:450,0
DA:455,0
DA:464,0
DA:473,0
DA:474,0
DA:484,1
DA:485,0
DA:496,0
DA:499,1
DA:503,1
DA:507,1
DA:515,1
DA:517,0
DA:522,1
DA:523,2
DA:525,2
DA:526,2
DA:527,2
DA:528,2
DA:529,2
DA:530,2
DA:531,2
DA:532,2
DA:533,2
DA:534,2
DA:536,2
DA:537,2
DA:542,2
DA:543,1
DA:545,1
DA:550,1
DA:552,1
DA:553,1
DA:554,1
DA:555,1
DA:562,0
DA:564,1
DA:565,0
DA:567,1
DA:568,0
DA:571,1
DA:572,1
DA:573,1
DA:574,1
DA:578,1
DA:597,1
DA:598,1
DA:599,1
DA:600,0
DA:602,1
DA:603,0
DA:606,1
DA:613,1
DA:614,1
DA:616,1
DA:617,0
DA:618,0
DA:619,1
DA:620,1
DA:621,1
DA:622,1
DA:625,1
DA:628,1
DA:633,1
DA:634,1
DA:636,1
DA:641,1
DA:642,2
DA:643,2
DA:644,2
DA:649,2
DA:650,1
DA:652,1
DA:657,1
DA:658,2
DA:660,2
DA:661,2
DA:662,2
DA:665,2
DA:676,2
DA:679,1
DA:686,1
DA:688,0
DA:691,1
DA:693,1
DA:694,1
DA:700,1
DA:703,0
DA:712,0
DA:715,1
DA:717,1
DA:718,1
DA:723,1
DA:724,2
DA:725,2
DA:726,2
DA:729,2
DA:735,2
DA:738,1
DA:756,1
DA:759,1
DA:763,1
DA:764,1
DA:767,1
DA:779,1
DA:780,1
DA:781,0
DA:782,0
DA:795,1
DA:796,0
DA:798,1
DA:800,1
DA:805,1
DA:806,1
DA:807,1
DA:808,1
DA:810,1
DA:816,1
DA:818,1
DA:819,0
DA:820,0
DA:822,0
DA:825,1
DA:826,0
DA:831,0
DA:834,1
DA:836,0
DA:837,0
DA:842,1
DA:843,1
DA:844,1
DA:845,1
DA:848,1
DA:855,1
DA:860,1
DA:862,1
DA:864,0
DA:868,1
DA:871,1
DA:872,1
DA:875,1
DA:876,1
DA:877,1
DA:880,1
DA:881,0
DA:885,1
DA:888,1
DA:891,1
DA:892,1
DA:895,1
DA:896,0
DA:901,0
DA:904,1
DA:906,0
DA:907,0
DA:911,1
LF:313
LH:254
BRDA:45,0,0,1
BRDA:45,0,1,2
BRDA:46,1,0,2
BRDA:46,1,1,2
BRDA:47,2,0,2
BRDA:47,2,1,0
BRDA:47,3,0,2
BRDA:47,3,1,2
BRDA:48,4,0,2
BRDA:48,4,1,0
BRDA:53,5,0,0
BRDA:53,5,1,3
BRDA:58,6,0,3
BRDA:58,6,1,3
BRDA:63,7,0,0
BRDA:63,7,1,0
BRDA:63,7,2,0
BRDA:66,8,0,3
BRDA:66,8,1,3
BRDA:68,9,0,0
BRDA:68,9,1,0
BRDA:73,10,0,0
BRDA:73,10,1,3
BRDA:74,11,0,0
BRDA:74,11,1,3
BRDA:75,12,0,0
BRDA:75,12,1,3
BRDA:80,13,0,3
BRDA:80,13,1,0
BRDA:82,14,0,3
BRDA:82,14,1,3
BRDA:84,15,0,3
BRDA:84,15,1,3
BRDA:85,16,0,3
BRDA:85,16,1,3
BRDA:86,17,0,3
BRDA:86,17,1,3
BRDA:87,18,0,0
BRDA:87,18,1,3
BRDA:89,19,0,0
BRDA:89,19,1,0
BRDA:90,20,0,0
BRDA:90,20,1,0
BRDA:90,20,2,0
BRDA:91,21,0,0
BRDA:91,21,1,0
BRDA:92,22,0,0
BRDA:92,22,1,0
BRDA:93,23,0,0
BRDA:93,23,1,0
BRDA:106,24,0,3
BRDA:106,24,1,3
BRDA:107,25,0,3
BRDA:107,25,1,3
BRDA:110,26,0,3
BRDA:110,26,1,3
BRDA:111,27,0,0
BRDA:111,27,1,3
BRDA:129,28,0,0
BRDA:129,28,1,0
BRDA:143,29,0,2
BRDA:143,29,1,0
BRDA:146,30,0,2
BRDA:153,31,0,0
BRDA:153,31,1,2
BRDA:162,32,0,0
BRDA:162,32,1,2
BRDA:163,33,0,0
BRDA:163,33,1,2
BRDA:164,34,0,0
BRDA:164,34,1,2
BRDA:168,35,0,2
BRDA:168,35,1,0
BRDA:169,36,0,0
BRDA:169,36,1,2
BRDA:169,37,0,2
BRDA:169,37,1,2
BRDA:169,37,2,2
BRDA:173,38,0,2
BRDA:173,38,1,0
BRDA:174,39,0,2
BRDA:174,39,1,0
BRDA:175,40,0,0
BRDA:175,40,1,2
BRDA:175,41,0,2
BRDA:175,41,1,2
BRDA:191,42,0,1
BRDA:191,42,1,1
BRDA:206,43,0,0
BRDA:206,43,1,1
BRDA:229,44,0,0
BRDA:229,44,1,1
BRDA:230,45,0,1
BRDA:230,45,1,0
BRDA:245,46,0,1
BRDA:245,46,1,0
BRDA:246,47,0,1
BRDA:246,47,1,0
BRDA:247,48,0,1
BRDA:247,48,1,0
BRDA:247,49,0,1
BRDA:247,49,1,0
BRDA:252,50,0,0
BRDA:252,50,1,1
BRDA:253,51,0,0
BRDA:253,51,1,1
BRDA:255,52,0,1
BRDA:255,52,1,0
BRDA:255,53,0,1
BRDA:255,53,1,1
BRDA:256,54,0,1
BRDA:256,54,1,0
BRDA:265,55,0,0
BRDA:265,55,1,1
BRDA:267,56,0,1
BRDA:267,56,1,0
BRDA:267,57,0,1
BRDA:267,57,1,1
BRDA:274,58,0,0
BRDA:274,58,1,0
BRDA:274,59,0,0
BRDA:274,59,1,0
BRDA:275,60,0,0
BRDA:275,60,1,0
BRDA:299,61,0,1
BRDA:299,61,1,1
BRDA:304,62,0,0
BRDA:304,62,1,1
BRDA:317,63,0,0
BRDA:317,63,1,2
BRDA:317,64,0,2
BRDA:317,64,1,2
BRDA:320,65,0,0
BRDA:320,65,1,2
BRDA:320,66,0,2
BRDA:320,66,1,2
BRDA:323,67,0,0
BRDA:323,67,1,2
BRDA:323,68,0,2
BRDA:323,68,1,0
BRDA:326,69,0,2
BRDA:326,69,1,0
BRDA:331,70,0,2
BRDA:331,70,1,0
BRDA:345,71,0,0
BRDA:345,71,1,2
BRDA:346,72,0,0
BRDA:346,72,1,2
BRDA:347,73,0,1
BRDA:347,73,1,1
BRDA:350,74,0,0
BRDA:350,74,1,1
BRDA:362,75,0,1
BRDA:362,75,1,0
BRDA:367,76,0,0
BRDA:367,76,1,1
BRDA:369,77,0,1
BRDA:369,77,1,0
BRDA:369,78,0,1
BRDA:369,78,1,1
BRDA:373,79,0,0
BRDA:373,79,1,1
BRDA:383,80,0,1
BRDA:383,80,1,0
BRDA:399,81,0,0
BRDA:399,81,1,1
BRDA:424,82,0,0
BRDA:424,82,1,1
BRDA:425,83,0,0
BRDA:425,83,1,1
BRDA:428,84,0,0
BRDA:428,84,1,1
BRDA:429,85,0,0
BRDA:429,85,1,1
BRDA:431,86,0,0
BRDA:431,86,1,1
BRDA:448,87,0,0
BRDA:448,87,1,0
BRDA:484,88,0,0
BRDA:484,88,1,1
BRDA:496,89,0,0
BRDA:496,89,1,0
BRDA:501,90,0,1
BRDA:501,90,1,0
BRDA:528,91,0,0
BRDA:528,91,1,2
BRDA:529,92,0,0
BRDA:529,92,1,2
BRDA:530,93,0,2
BRDA:530,93,1,0
BRDA:531,94,0,0
BRDA:531,94,1,2
BRDA:532,95,0,0
BRDA:532,95,1,2
BRDA:533,96,0,0
BRDA:533,96,1,2
BRDA:534,97,0,0
BRDA:534,97,1,2
BRDA:542,98,0,1
BRDA:542,98,1,1
BRDA:543,99,0,0
BRDA:543,99,1,1
BRDA:550,100,0,0
BRDA:550,100,1,1
BRDA:552,101,0,1
BRDA:552,101,1,0
BRDA:553,102,0,1
BRDA:553,102,1,1
BRDA:554,103,0,1
BRDA:554,103,1,0
BRDA:555,104,0,0
BRDA:555,104,1,1
BRDA:556,105,0,1
BRDA:556,105,1,0
BRDA:556,105,2,0
BRDA:564,106,0,0
BRDA:564,106,1,1
BRDA:564,107,0,1
BRDA:564,107,1,0
BRDA:567,108,0,0
BRDA:567,108,1,1
BRDA:567,109,0,1
BRDA:567,109,1,0
BRDA:571,110,0,1
BRDA:571,110,1,1
BRDA:572,111,0,1
BRDA:572,111,1,1
BRDA:573,112,0,1
BRDA:573,112,1,1
BRDA:574,113,0,0
BRDA:574,113,1,1
BRDA:574,114,0,1
BRDA:574,114,1,0
BRDA:579,115,0,0
BRDA:579,115,1,1
BRDA:579,116,0,1
BRDA:579,116,1,1
BRDA:588,117,0,0
BRDA:588,117,1,1
BRDA:597,118,0,0
BRDA:597,118,1,1
BRDA:598,119,0,0
BRDA:598,119,1,1
BRDA:599,120,0,0
BRDA:599,120,1,1
BRDA:602,121,0,0
BRDA:602,121,1,1
BRDA:613,122,0,0
BRDA:613,122,1,1
BRDA:614,123,0,0
BRDA:614,123,1,1
BRDA:616,124,0,0
BRDA:616,124,1,1
BRDA:618,125,0,0
BRDA:618,125,1,0
BRDA:619,126,0,1
BRDA:619,126,1,0
BRDA:619,127,0,1
BRDA:619,127,1,1
BRDA:621,128,0,0
BRDA:621,128,1,1
BRDA:625,129,0,0
BRDA:625,129,1,1
BRDA:633,130,0,0
BRDA:633,130,1,1
BRDA:649,131,0,1
BRDA:649,131,1,1
BRDA:676,132,0,1
BRDA:676,132,1,1
BRDA:686,133,0,0
BRDA:686,133,1,1
BRDA:686,134,0,1
BRDA:686,134,1,0
BRDA:691,135,0,1
BRDA:691,135,1,0
BRDA:700,136,0,0
BRDA:700,136,1,1
BRDA:712,137,0,0
BRDA:712,137,1,0
BRDA:717,138,0,0
BRDA:717,138,1,1
BRDA:735,139,0,1
BRDA:735,139,1,1
BRDA:756,140,0,0
BRDA:756,140,1,1
BRDA:764,141,0,1
BRDA:764,141,1,0
BRDA:767,142,0,1
BRDA:767,142,1,0
BRDA:770,143,0,0
BRDA:770,143,1,0
BRDA:773,144,0,0
BRDA:773,144,1,0
BRDA:774,145,0,0
BRDA:774,145,1,0
BRDA:780,146,0,1
BRDA:780,146,1,0
BRDA:781,147,0,0
BRDA:781,147,1,0
BRDA:784,148,0,0
BRDA:784,148,1,0
BRDA:785,149,0,0
BRDA:785,149,1,0
BRDA:788,150,0,0
BRDA:788,150,1,0
BRDA:818,151,0,0
BRDA:818,151,1,1
BRDA:819,152,0,0
BRDA:819,152,1,0
BRDA:825,153,0,0
BRDA:825,153,1,1
BRDA:860,154,0,1
BRDA:860,154,1,0
BRDA:862,155,0,0
BRDA:862,155,1,1
BRDA:880,156,0,0
BRDA:880,156,1,1
BRDA:892,157,0,0
BRDA:892,157,1,1
BRDA:895,158,0,0
BRDA:895,158,1,1
BRDA:907,159,0,0
BRDA:907,159,1,0
BRF:323
BRH:169
end_of_record
TN:
SF:src\routes\convenios.js
FN:19,(anonymous_0)
FN:22,(anonymous_1)
FN:31,(anonymous_2)
FN:45,(anonymous_3)
FN:63,(anonymous_4)
FN:78,(anonymous_5)
FN:86,(anonymous_6)
FN:98,(anonymous_7)
FN:130,(anonymous_8)
FN:193,(anonymous_9)
FN:205,(anonymous_10)
FN:231,(anonymous_11)
FN:261,(anonymous_12)
FN:291,(anonymous_13)
FN:302,(anonymous_14)
FN:314,(anonymous_15)
FN:335,(anonymous_16)
FN:363,(anonymous_17)
FN:391,(anonymous_18)
FN:405,(anonymous_19)
FN:419,(anonymous_20)
FN:420,(anonymous_21)
FN:424,(anonymous_22)
FN:451,(anonymous_23)
FN:453,(anonymous_24)
FN:465,(anonymous_25)
FNF:26
FNH:24
FNDA:1,(anonymous_0)
FNDA:1,(anonymous_1)
FNDA:1,(anonymous_2)
FNDA:5,(anonymous_3)
FNDA:2,(anonymous_4)
FNDA:1,(anonymous_5)
FNDA:1,(anonymous_6)
FNDA:3,(anonymous_7)
FNDA:2,(anonymous_8)
FNDA:1,(anonymous_9)
FNDA:3,(anonymous_10)
FNDA:4,(anonymous_11)
FNDA:4,(anonymous_12)
FNDA:1,(anonymous_13)
FNDA:1,(anonymous_14)
FNDA:2,(anonymous_15)
FNDA:6,(anonymous_16)
FNDA:2,(anonymous_17)
FNDA:2,(anonymous_18)
FNDA:2,(anonymous_19)
FNDA:2,(anonymous_20)
FNDA:0,(anonymous_21)
FNDA:0,(anonymous_22)
FNDA:4,(anonymous_23)
FNDA:21,(anonymous_24)
FNDA:1,(anonymous_25)
DA:1,2
DA:2,2
DA:3,2
DA:4,2
DA:5,2
DA:6,2
DA:7,2
DA:9,2
DA:10,2
DA:13,2
DA:14,2
DA:15,0
DA:18,2
DA:20,1
DA:23,1
DA:24,1
DA:28,2
DA:32,1
DA:33,1
DA:34,1
DA:35,1
DA:36,0
DA:40,2
DA:41,2
DA:42,2
DA:45,5
DA:63,2
DA:64,2
DA:65,2
DA:66,2
DA:70,2
DA:71,1
DA:73,1
DA:78,2
DA:79,1
DA:80,1
DA:81,1
DA:85,1
DA:86,1
DA:93,0
DA:98,2
DA:99,3
DA:100,3
DA:101,3
DA:102,3
DA:105,3
DA:111,3
DA:113,3
DA:114,3
DA:115,1
DA:118,2
DA:119,2
DA:120,2
DA:121,1
DA:122,1
DA:123,1
DA:125,0
DA:130,2
DA:131,2
DA:132,2
DA:134,2
DA:135,2
DA:138,2
DA:144,2
DA:146,2
DA:147,2
DA:148,0
DA:152,2
DA:165,2
DA:166,1
DA:167,0
DA:171,1
DA:179,1
DA:181,1
DA:188,0
DA:193,2
DA:194,1
DA:195,1
DA:196,1
DA:197,1
DA:198,1
DA:200,0
DA:205,2
DA:206,3
DA:208,3
DA:209,1
DA:212,2
DA:213,1
DA:216,1
DA:217,1
DA:218,1
DA:223,1
DA:224,1
DA:226,0
DA:231,2
DA:232,4
DA:233,4
DA:234,4
DA:236,4
DA:237,4
DA:238,1
DA:239,1
DA:241,0
DA:243,3
DA:244,3
DA:245,3
DA:246,3
DA:248,3
DA:249,2
DA:250,1
DA:253,2
DA:254,2
DA:257,2
DA:258,1
DA:259,1
DA:261,4
DA:262,1
DA:263,1
DA:264,1
DA:265,1
DA:267,1
DA:269,1
DA:275,1
DA:277,1
DA:282,2
DA:283,2
DA:284,2
DA:286,0
DA:291,2
DA:292,1
DA:293,1
DA:294,1
DA:300,1
DA:302,1
DA:307,1
DA:309,0
DA:314,2
DA:315,2
DA:317,1
DA:318,1
DA:319,1
DA:320,1
DA:327,1
DA:328,1
DA:330,0
DA:335,2
DA:336,6
DA:337,6
DA:339,6
DA:340,4
DA:341,1
DA:343,3
DA:344,3
DA:345,1
DA:347,2
DA:348,1
DA:352,3
DA:353,3
DA:356,3
DA:361,3
DA:363,3
DA:365,3
DA:366,1
DA:370,2
DA:382,2
DA:383,2
DA:385,2
DA:386,2
DA:389,2
DA:391,2
DA:392,2
DA:393,2
DA:394,2
DA:396,2
DA:397,2
DA:405,2
DA:406,2
DA:407,2
DA:408,2
DA:417,2
DA:419,2
DA:420,2
DA:424,2
DA:426,2
DA:428,0
DA:434,2
DA:440,2
DA:451,2
DA:452,4
DA:453,21
DA:455,1
DA:465,2
DA:466,1
DA:467,1
DA:468,1
DA:471,2
DA:473,2
LF:197
LH:183
BRDA:14,0,0,0
BRDA:14,0,1,2
BRDA:35,1,0,1
BRDA:35,1,1,0
BRDA:35,2,0,1
BRDA:35,2,1,1
BRDA:49,3,0,5
BRDA:49,3,1,5
BRDA:50,4,0,5
BRDA:50,4,1,5
BRDA:51,5,0,5
BRDA:51,5,1,5
BRDA:55,6,0,5
BRDA:55,6,1,0
BRDA:56,7,0,5
BRDA:56,7,1,5
BRDA:57,8,0,5
BRDA:57,8,1,4
BRDA:59,9,0,0
BRDA:59,9,1,5
BRDA:70,10,0,1
BRDA:70,10,1,1
BRDA:85,11,0,0
BRDA:85,11,1,1
BRDA:111,12,0,0
BRDA:111,12,1,3
BRDA:111,13,0,3
BRDA:111,13,1,3
BRDA:113,14,0,3
BRDA:113,14,1,0
BRDA:114,15,0,1
BRDA:114,15,1,2
BRDA:119,16,0,0
BRDA:119,16,1,2
BRDA:119,17,0,2
BRDA:119,17,1,2
BRDA:120,18,0,1
BRDA:120,18,1,1
BRDA:122,19,0,0
BRDA:122,19,1,1
BRDA:144,20,0,0
BRDA:144,20,1,2
BRDA:144,21,0,2
BRDA:144,21,1,2
BRDA:146,22,0,2
BRDA:146,22,1,0
BRDA:147,23,0,0
BRDA:147,23,1,2
BRDA:165,24,0,1
BRDA:165,24,1,1
BRDA:166,25,0,1
BRDA:166,25,1,0
BRDA:179,26,0,0
BRDA:179,26,1,1
BRDA:197,27,0,0
BRDA:197,27,1,1
BRDA:208,28,0,1
BRDA:208,28,1,2
BRDA:208,29,0,3
BRDA:208,29,1,2
BRDA:212,30,0,1
BRDA:212,30,1,1
BRDA:212,31,0,2
BRDA:212,31,1,2
BRDA:212,31,2,2
BRDA:220,32,0,1
BRDA:220,32,1,1
BRDA:223,33,0,0
BRDA:223,33,1,1
BRDA:236,34,0,0
BRDA:236,34,1,4
BRDA:237,35,0,1
BRDA:237,35,1,3
BRDA:238,36,0,1
BRDA:238,36,1,0
BRDA:238,37,0,1
BRDA:238,37,1,1
BRDA:243,38,0,1
BRDA:243,38,1,2
BRDA:244,39,0,1
BRDA:244,39,1,2
BRDA:245,40,0,1
BRDA:245,40,1,2
BRDA:246,41,0,0
BRDA:246,41,1,3
BRDA:248,42,0,2
BRDA:248,42,1,1
BRDA:249,43,0,1
BRDA:249,43,1,1
BRDA:257,44,0,1
BRDA:257,44,1,1
BRDA:257,45,0,2
BRDA:257,45,1,1
BRDA:259,46,0,1
BRDA:259,46,1,0
BRDA:261,47,0,4
BRDA:261,47,1,0
BRDA:267,48,0,1
BRDA:267,48,1,0
BRDA:267,49,0,1
BRDA:267,49,1,1
BRDA:267,49,2,0
BRDA:267,49,3,0
BRDA:275,50,0,0
BRDA:275,50,1,1
BRDA:283,51,0,0
BRDA:283,51,1,2
BRDA:300,52,0,0
BRDA:300,52,1,1
BRDA:304,53,0,0
BRDA:304,53,1,1
BRDA:315,54,0,1
BRDA:315,54,1,1
BRDA:327,55,0,0
BRDA:327,55,1,1
BRDA:339,56,0,4
BRDA:339,56,1,2
BRDA:339,57,0,6
BRDA:339,57,1,2
BRDA:340,58,0,1
BRDA:340,58,1,3
BRDA:340,59,0,4
BRDA:340,59,1,4
BRDA:344,60,0,1
BRDA:344,60,1,2
BRDA:344,61,0,3
BRDA:344,61,1,2
BRDA:347,62,0,1
BRDA:347,62,1,1
BRDA:361,63,0,0
BRDA:361,63,1,3
BRDA:365,64,0,1
BRDA:365,64,1,2
BRDA:382,65,0,1
BRDA:382,65,1,1
BRDA:383,66,0,1
BRDA:383,66,1,1
BRDA:386,67,0,0
BRDA:386,67,1,2
BRDA:391,68,0,2
BRDA:391,68,1,0
BRDA:393,69,0,0
BRDA:393,69,1,2
BRDA:396,70,0,2
BRDA:396,70,1,0
BRDA:405,71,0,2
BRDA:405,71,1,0
BRDA:410,72,0,2
BRDA:410,72,1,0
BRDA:453,73,0,3
BRDA:453,73,1,6
BRDA:466,74,0,1
BRDA:466,74,1,0
BRF:153
BRH:116
end_of_record
TN:
SF:src\routes\ordenes.js
FN:15,(anonymous_0)
FN:62,(anonymous_1)
FN:84,(anonymous_2)
FN:134,(anonymous_3)
FN:197,(anonymous_4)
FN:198,(anonymous_5)
FN:212,(anonymous_6)
FN:236,(anonymous_7)
FN:258,(anonymous_8)
FN:320,(anonymous_9)
FN:330,(anonymous_10)
FN:341,(anonymous_11)
FN:346,(anonymous_12)
FN:357,(anonymous_13)
FN:358,(anonymous_14)
FN:436,(anonymous_15)
FNF:16
FNH:13
FNDA:5,(anonymous_0)
FNDA:1,(anonymous_1)
FNDA:2,(anonymous_2)
FNDA:2,(anonymous_3)
FNDA:0,(anonymous_4)
FNDA:0,(anonymous_5)
FNDA:2,(anonymous_6)
FNDA:1,(anonymous_7)
FNDA:5,(anonymous_8)
FNDA:4,(anonymous_9)
FNDA:3,(anonymous_10)
FNDA:4,(anonymous_11)
FNDA:3,(anonymous_12)
FNDA:2,(anonymous_13)
FNDA:0,(anonymous_14)
FNDA:2,(anonymous_15)
DA:1,1
DA:2,1
DA:3,1
DA:4,1
DA:5,1
DA:6,1
DA:7,1
DA:8,1
DA:9,1
DA:11,1
DA:12,1
DA:15,1
DA:16,5
DA:17,5
DA:21,3
DA:24,3
DA:25,2
DA:35,2
DA:37,2
DA:39,2
DA:40,0
DA:43,2
DA:44,2
DA:45,2
DA:47,2
DA:48,1
DA:53,2
DA:59,2
DA:62,1
DA:72,1
DA:74,1
DA:76,1
DA:78,3
DA:79,1
DA:84,1
DA:85,2
DA:86,2
DA:94,2
DA:95,2
DA:96,2
DA:97,2
DA:98,2
DA:100,2
DA:110,2
DA:111,2
DA:112,2
DA:113,2
DA:114,2
DA:115,2
DA:117,2
DA:118,2
DA:119,1
DA:120,1
DA:130,1
DA:134,1
DA:135,2
DA:136,2
DA:137,2
DA:140,2
DA:142,2
DA:149,2
DA:174,2
DA:175,0
DA:177,2
DA:178,0
DA:182,2
DA:185,2
DA:187,2
DA:190,1
DA:194,1
DA:197,1
DA:198,0
DA:199,0
DA:205,1
DA:207,1
DA:212,1
DA:213,2
DA:215,2
DA:216,2
DA:217,2
DA:220,2
DA:225,2
DA:228,1
DA:233,1
DA:236,1
DA:246,1
DA:248,1
DA:250,1
DA:252,1
DA:253,1
DA:258,1
DA:259,5
DA:260,5
DA:261,5
DA:262,5
DA:266,5
DA:268,5
DA:274,5
DA:276,5
DA:279,4
DA:280,0
DA:290,0
DA:292,0
DA:294,0
DA:295,0
DA:298,0
DA:299,0
DA:300,0
DA:302,0
DA:303,0
DA:308,4
DA:309,4
DA:311,4
DA:317,4
DA:320,4
DA:321,4
DA:326,4
DA:330,4
DA:336,4
DA:338,4
DA:340,4
DA:341,4
DA:342,4
DA:343,4
DA:346,4
DA:347,4
DA:348,1
DA:349,1
DA:350,1
DA:351,1
DA:355,4
DA:356,3
DA:357,2
DA:358,0
DA:360,3
DA:361,2
DA:362,2
DA:363,2
DA:364,2
DA:365,2
DA:367,2
DA:368,2
DA:373,4
DA:374,1
DA:378,3
DA:379,1
DA:386,2
DA:387,2
DA:388,2
DA:392,2
DA:393,2
DA:400,2
DA:412,2
DA:418,2
DA:419,2
DA:420,2
DA:421,2
DA:425,2
DA:432,2
DA:433,2
DA:436,2
DA:437,2
DA:438,2
DA:444,2
DA:445,0
DA:446,0
DA:448,0
DA:449,0
DA:450,0
DA:451,0
DA:454,0
DA:455,0
DA:459,0
DA:463,1
DA:464,1
DA:468,1
LF:176
LH:151
BRDA:24,0,0,2
BRDA:24,0,1,1
BRDA:35,1,0,0
BRDA:35,1,1,2
BRDA:39,2,0,0
BRDA:39,2,1,2
BRDA:45,3,0,1
BRDA:45,3,1,1
BRDA:47,4,0,1
BRDA:47,4,1,1
BRDA:47,5,0,2
BRDA:47,5,1,1
BRDA:59,6,0,1
BRDA:59,6,1,1
BRDA:67,7,0,1
BRDA:67,7,1,0
BRDA:74,8,0,0
BRDA:74,8,1,1
BRDA:78,9,0,2
BRDA:78,9,1,1
BRDA:95,10,0,2
BRDA:95,10,1,0
BRDA:95,11,0,2
BRDA:95,11,1,2
BRDA:96,12,0,2
BRDA:96,12,1,0
BRDA:96,13,0,2
BRDA:96,13,1,2
BRDA:110,14,0,0
BRDA:110,14,1,2
BRDA:111,15,0,0
BRDA:111,15,1,2
BRDA:112,16,0,0
BRDA:112,16,1,2
BRDA:113,17,0,0
BRDA:113,17,1,2
BRDA:114,18,0,0
BRDA:114,18,1,2
BRDA:115,19,0,0
BRDA:115,19,1,2
BRDA:118,20,0,1
BRDA:118,20,1,1
BRDA:119,21,0,1
BRDA:119,21,1,1
BRDA:121,22,0,1
BRDA:121,22,1,0
BRDA:174,23,0,0
BRDA:174,23,1,2
BRDA:177,24,0,0
BRDA:177,24,1,2
BRDA:187,25,0,1
BRDA:187,25,1,1
BRDA:194,26,0,0
BRDA:194,26,1,1
BRDA:201,27,0,0
BRDA:201,27,1,0
BRDA:225,28,0,1
BRDA:225,28,1,1
BRDA:233,29,0,0
BRDA:233,29,1,1
BRDA:241,30,0,1
BRDA:241,30,1,0
BRDA:248,31,0,0
BRDA:248,31,1,1
BRDA:252,32,0,0
BRDA:252,32,1,1
BRDA:266,33,0,5
BRDA:266,33,1,0
BRDA:276,34,0,1
BRDA:276,34,1,4
BRDA:279,35,0,0
BRDA:279,35,1,4
BRDA:290,36,0,0
BRDA:290,36,1,0
BRDA:294,37,0,0
BRDA:294,37,1,0
BRDA:300,38,0,0
BRDA:300,38,1,0
BRDA:302,39,0,0
BRDA:302,39,1,0
BRDA:302,40,0,0
BRDA:302,40,1,0
BRDA:309,41,0,4
BRDA:309,41,1,0
BRDA:309,42,0,4
BRDA:309,42,1,4
BRDA:309,42,2,4
BRDA:317,43,0,0
BRDA:317,43,1,4
BRDA:326,44,0,0
BRDA:326,44,1,4
BRDA:333,45,0,0
BRDA:333,45,1,3
BRDA:342,46,0,4
BRDA:342,46,1,0
BRDA:347,47,0,1
BRDA:347,47,1,3
BRDA:347,48,0,4
BRDA:347,48,1,1
BRDA:355,49,0,3
BRDA:355,49,1,1
BRDA:357,50,0,2
BRDA:357,50,1,2
BRDA:361,51,0,0
BRDA:361,51,1,2
BRDA:367,52,0,2
BRDA:367,52,1,0
BRDA:367,53,0,2
BRDA:367,53,1,2
BRDA:373,54,0,1
BRDA:373,54,1,3
BRDA:378,55,0,1
BRDA:378,55,1,2
BRDA:378,56,0,3
BRDA:378,56,1,2
BRDA:388,57,0,2
BRDA:388,57,1,2
BRDA:418,58,0,2
BRDA:418,58,1,0
BRDA:418,59,0,2
BRDA:418,59,1,2
BRDA:420,60,0,2
BRDA:420,60,1,0
BRDA:420,61,0,2
BRDA:420,61,1,2
BRDA:432,62,0,0
BRDA:432,62,1,2
BRDA:444,63,0,0
BRDA:444,63,1,2
BRDA:444,64,0,2
BRDA:444,64,1,0
BRDA:444,64,2,0
BRDA:444,64,3,0
BRDA:446,65,0,0
BRDA:446,65,1,0
BRDA:448,66,0,0
BRDA:448,66,1,0
BRDA:450,67,0,0
BRDA:450,67,1,0
BRDA:454,68,0,0
BRDA:454,68,1,0
BRDA:463,69,0,0
BRDA:463,69,1,1
BRF:143
BRH:86
end_of_record
TN:
SF:src\routes\productos.js
FN:10,(anonymous_0)
FN:29,(anonymous_1)
FN:46,(anonymous_2)
FN:84,(anonymous_3)
FN:121,(anonymous_4)
FNF:5
FNH:5
FNDA:1,(anonymous_0)
FNDA:2,(anonymous_1)
FNDA:4,(anonymous_2)
FNDA:1,(anonymous_3)
FNDA:3,(anonymous_4)
DA:1,1
DA:2,1
DA:3,1
DA:4,1
DA:5,1
DA:6,1
DA:7,1
DA:10,1
DA:11,1
DA:12,1
DA:13,1
DA:26,1
DA:29,2
DA:39,1
DA:41,0
DA:46,1
DA:47,4
DA:48,4
DA:49,2
DA:50,2
DA:64,2
DA:66,2
DA:76,2
DA:78,2
DA:79,0
DA:84,1
DA:85,1
DA:86,1
DA:87,1
DA:88,1
DA:89,1
DA:90,1
DA:91,1
DA:92,1
DA:94,1
DA:95,1
DA:102,1
DA:104,1
DA:114,1
DA:116,0
DA:117,0
DA:121,1
DA:122,3
DA:123,3
DA:126,3
DA:131,3
DA:132,2
DA:133,1
DA:135,1
DA:138,1
DA:140,1
DA:141,1
DA:145,1
LF:53
LH:49
BRDA:26,0,0,0
BRDA:26,0,1,1
BRDA:34,1,0,2
BRDA:34,1,1,1
BRDA:36,2,0,2
BRDA:36,2,1,1
BRDA:64,3,0,0
BRDA:64,3,1,2
BRDA:71,4,0,2
BRDA:71,4,1,2
BRDA:73,5,0,2
BRDA:73,5,1,2
BRDA:78,6,0,2
BRDA:78,6,1,0
BRDA:88,7,0,0
BRDA:88,7,1,1
BRDA:89,8,0,0
BRDA:89,8,1,1
BRDA:90,9,0,1
BRDA:90,9,1,0
BRDA:91,10,0,1
BRDA:91,10,1,0
BRDA:92,11,0,0
BRDA:92,11,1,1
BRDA:102,12,0,0
BRDA:102,12,1,1
BRDA:109,13,0,1
BRDA:109,13,1,1
BRDA:111,14,0,1
BRDA:111,14,1,1
BRDA:116,15,0,0
BRDA:116,15,1,0
BRDA:131,16,0,2
BRDA:131,16,1,1
BRDA:132,17,0,1
BRDA:132,17,1,1
BRDA:141,18,0,1
BRDA:141,18,1,0
BRF:38
BRH:26
end_of_record
TN:
SF:src\routes\reportes.js
FN:16,(anonymous_0)
FN:24,(anonymous_1)
FN:25,(anonymous_2)
FN:26,(anonymous_3)
FN:35,(anonymous_4)
FN:47,(anonymous_5)
FN:67,(anonymous_6)
FN:97,(anonymous_7)
FN:128,(anonymous_8)
FN:129,(anonymous_9)
FN:133,(anonymous_10)
FN:135,(anonymous_11)
FN:145,(anonymous_12)
FN:150,(anonymous_13)
FN:159,(anonymous_14)
FN:168,(anonymous_15)
FN:171,(anonymous_16)
FN:173,(anonymous_17)
FN:179,(anonymous_18)
FN:182,(anonymous_19)
FN:184,(anonymous_20)
FN:190,(anonymous_21)
FN:193,(anonymous_22)
FN:194,(anonymous_23)
FN:203,(anonymous_24)
FN:205,(anonymous_25)
FN:206,(anonymous_26)
FN:213,(anonymous_27)
FN:214,(anonymous_28)
FN:219,(anonymous_29)
FN:245,(anonymous_30)
FN:260,(anonymous_31)
FN:289,(anonymous_32)
FN:413,(anonymous_33)
FN:428,(anonymous_34)
FN:445,(anonymous_35)
FN:471,(anonymous_36)
FN:497,(anonymous_37)
FN:532,(anonymous_38)
FN:558,(anonymous_39)
FN:575,(anonymous_40)
FN:584,(anonymous_41)
FN:615,(anonymous_42)
FN:637,(anonymous_43)
FN:660,(anonymous_44)
FN:661,(anonymous_45)
FN:672,(anonymous_46)
FN:681,(anonymous_47)
FN:730,(anonymous_48)
FNF:49
FNH:47
FNDA:8,(anonymous_0)
FNDA:40,(anonymous_1)
FNDA:8,(anonymous_2)
FNDA:24,(anonymous_3)
FNDA:2,(anonymous_4)
FNDA:2,(anonymous_5)
FNDA:1,(anonymous_6)
FNDA:2,(anonymous_7)
FNDA:2,(anonymous_8)
FNDA:2,(anonymous_9)
FNDA:28,(anonymous_10)
FNDA:2,(anonymous_11)
FNDA:2,(anonymous_12)
FNDA:1,(anonymous_13)
FNDA:1,(anonymous_14)
FNDA:11,(anonymous_15)
FNDA:1,(anonymous_16)
FNDA:1,(anonymous_17)
FNDA:7,(anonymous_18)
FNDA:2,(anonymous_19)
FNDA:2,(anonymous_20)
FNDA:2,(anonymous_21)
FNDA:2,(anonymous_22)
FNDA:2,(anonymous_23)
FNDA:2,(anonymous_24)
FNDA:2,(anonymous_25)
FNDA:2,(anonymous_26)
FNDA:2,(anonymous_27)
FNDA:0,(anonymous_28)
FNDA:2,(anonymous_29)
FNDA:2,(anonymous_30)
FNDA:2,(anonymous_31)
FNDA:2,(anonymous_32)
FNDA:8,(anonymous_33)
FNDA:1,(anonymous_34)
FNDA:1,(anonymous_35)
FNDA:1,(anonymous_36)
FNDA:1,(anonymous_37)
FNDA:1,(anonymous_38)
FNDA:5,(anonymous_39)
FNDA:5,(anonymous_40)
FNDA:1,(anonymous_41)
FNDA:1,(anonymous_42)
FNDA:1,(anonymous_43)
FNDA:1,(anonymous_44)
FNDA:1,(anonymous_45)
FNDA:0,(anonymous_46)
FNDA:2,(anonymous_47)
FNDA:1,(anonymous_48)
DA:1,1
DA:2,1
DA:3,1
DA:4,1
DA:5,1
DA:10,1
DA:12,1
DA:13,1
DA:16,1
DA:17,8
DA:23,8
DA:24,40
DA:25,8
DA:26,24
DA:28,8
DA:29,8
DA:30,8
DA:32,8
DA:35,1
DA:36,2
DA:37,2
DA:38,2
DA:39,2
DA:41,2
DA:42,2
DA:44,2
DA:47,1
DA:48,2
DA:49,2
DA:50,2
DA:51,2
DA:53,2
DA:54,2
DA:56,2
DA:57,2
DA:58,2
DA:59,2
DA:61,2
DA:62,2
DA:64,2
DA:67,1
DA:68,1
DA:69,1
DA:70,1
DA:79,1
DA:82,1
DA:97,1
DA:98,2
DA:99,2
DA:100,1
DA:102,1
DA:103,1
DA:104,1
DA:111,1
DA:128,1
DA:129,2
DA:130,2
DA:131,28
DA:132,2
DA:133,28
DA:135,1
DA:136,2
DA:143,2
DA:144,2
DA:145,2
DA:150,1
DA:151,1
DA:152,1
DA:153,1
DA:154,11
DA:155,11
DA:156,11
DA:159,1
DA:160,1
DA:161,1
DA:162,1
DA:163,1
DA:164,0
DA:168,11
DA:171,1
DA:172,1
DA:173,1
DA:174,1
DA:175,1
DA:176,1
DA:179,7
DA:182,1
DA:183,2
DA:184,2
DA:185,2
DA:186,2
DA:187,2
DA:190,2
DA:193,1
DA:194,2
DA:203,1
DA:204,2
DA:205,2
DA:206,2
DA:207,2
DA:208,2
DA:212,2
DA:213,2
DA:214,0
DA:219,1
DA:220,2
DA:221,2
DA:222,2
DA:223,2
DA:225,2
DA:226,2
DA:227,2
DA:228,2
DA:230,2
DA:231,2
DA:234,2
DA:240,2
DA:242,2
DA:243,2
DA:245,2
DA:246,2
DA:247,2
DA:249,2
DA:251,2
DA:252,2
DA:253,0
DA:255,2
DA:256,2
DA:257,0
DA:260,2
DA:261,2
DA:262,2
DA:265,2
DA:266,2
DA:267,2
DA:270,2
DA:275,2
DA:278,2
DA:283,2
DA:285,2
DA:286,2
DA:287,2
DA:289,2
DA:290,2
DA:291,2
DA:292,0
DA:298,2
DA:299,2
DA:301,2
DA:308,2
DA:310,2
DA:315,2
DA:316,2
DA:318,2
DA:340,2
DA:342,2
DA:345,2
DA:364,2
DA:366,2
DA:369,2
DA:371,2
DA:408,0
DA:413,1
DA:414,8
DA:415,8
DA:416,1
DA:418,7
DA:419,7
DA:420,1
DA:422,6
DA:423,1
DA:425,5
DA:428,1
DA:429,1
DA:430,1
DA:433,1
DA:436,1
DA:438,1
DA:445,1
DA:446,1
DA:447,1
DA:448,1
DA:449,0
DA:450,0
DA:451,0
DA:452,0
DA:457,1
DA:459,1
DA:464,1
DA:466,1
DA:471,1
DA:472,1
DA:474,1
DA:475,1
DA:476,1
DA:477,0
DA:479,1
DA:480,1
DA:481,1
DA:482,1
DA:483,0
DA:487,1
DA:489,0
DA:490,0
DA:494,1
DA:497,1
DA:498,1
DA:499,1
DA:500,1
DA:502,1
DA:516,1
DA:517,1
DA:519,1
DA:520,1
DA:522,1
DA:524,1
DA:532,1
DA:533,1
DA:535,1
DA:536,1
DA:537,1
DA:538,0
DA:539,0
DA:541,1
DA:542,1
DA:543,1
DA:544,1
DA:545,1
DA:546,1
DA:547,1
DA:548,1
DA:549,1
DA:550,1
DA:551,1
DA:552,1
DA:553,1
DA:554,1
DA:555,1
DA:558,5
DA:575,5
DA:577,1
DA:579,0
DA:584,1
DA:585,1
DA:586,1
DA:587,1
DA:589,1
DA:606,1
DA:607,1
DA:608,1
DA:610,1
DA:612,1
DA:613,1
DA:615,1
DA:616,1
DA:617,1
DA:619,1
DA:630,1
DA:632,0
DA:637,1
DA:638,1
DA:639,1
DA:640,1
DA:642,1
DA:650,1
DA:651,1
DA:653,1
DA:654,1
DA:656,1
DA:658,1
DA:660,1
DA:661,1
DA:662,1
DA:663,1
DA:664,1
DA:665,1
DA:667,1
DA:668,1
DA:672,1
DA:674,1
DA:676,0
DA:681,1
DA:682,2
DA:683,2
DA:684,2
DA:686,2
DA:687,1
DA:691,1
DA:702,1
DA:703,1
DA:705,1
DA:722,1
DA:723,1
DA:725,1
DA:727,1
DA:728,1
DA:730,1
DA:731,1
DA:732,1
DA:734,1
DA:745,1
DA:747,0
DA:751,1
DA:752,1
LF:304
LH:284
BRDA:16,0,0,0
BRDA:35,1,0,0
BRDA:39,2,0,0
BRDA:39,2,1,2
BRDA:47,3,0,0
BRDA:56,4,0,0
BRDA:56,4,1,2
BRDA:57,5,0,0
BRDA:57,5,1,2
BRDA:67,6,0,1
BRDA:79,7,0,1
BRDA:79,7,1,0
BRDA:99,8,0,1
BRDA:99,8,1,1
BRDA:99,9,0,2
BRDA:99,9,1,1
BRDA:99,9,2,1
BRDA:99,9,3,1
BRDA:129,10,0,2
BRDA:129,10,1,0
BRDA:130,11,0,2
BRDA:130,11,1,0
BRDA:143,12,0,0
BRDA:143,12,1,2
BRDA:144,13,0,2
BRDA:144,13,1,0
BRDA:145,14,0,2
BRDA:145,14,1,0
BRDA:163,15,0,0
BRDA:163,15,1,1
BRDA:164,16,0,0
BRDA:164,16,1,0
BRDA:175,17,0,1
BRDA:175,17,1,0
BRDA:176,18,0,1
BRDA:176,18,1,0
BRDA:186,19,0,2
BRDA:186,19,1,0
BRDA:187,20,0,2
BRDA:187,20,1,2
BRDA:187,21,0,2
BRDA:187,21,1,0
BRDA:194,22,0,2
BRDA:194,22,1,0
BRDA:197,23,0,2
BRDA:197,23,1,0
BRDA:198,24,0,2
BRDA:198,24,1,0
BRDA:199,25,0,2
BRDA:199,25,1,0
BRDA:200,26,0,2
BRDA:200,26,1,0
BRDA:207,27,0,2
BRDA:207,27,1,0
BRDA:208,28,0,2
BRDA:208,28,1,2
BRDA:230,29,0,1
BRDA:230,29,1,1
BRDA:231,30,0,1
BRDA:231,30,1,1
BRDA:240,31,0,0
BRDA:240,31,1,2
BRDA:245,32,0,2
BRDA:245,32,1,0
BRDA:246,33,0,2
BRDA:246,33,1,0
BRDA:251,34,0,0
BRDA:251,34,1,2
BRDA:252,35,0,2
BRDA:252,35,1,0
BRDA:253,36,0,0
BRDA:253,36,1,0
BRDA:255,37,0,2
BRDA:255,37,1,2
BRDA:256,38,0,2
BRDA:256,38,1,0
BRDA:275,39,0,0
BRDA:275,39,1,2
BRDA:283,40,0,0
BRDA:283,40,1,2
BRDA:289,41,0,2
BRDA:289,41,1,0
BRDA:291,42,0,2
BRDA:291,42,1,0
BRDA:292,43,0,0
BRDA:292,43,1,0
BRDA:298,44,0,1
BRDA:298,44,1,1
BRDA:299,45,0,1
BRDA:299,45,1,1
BRDA:308,46,0,0
BRDA:308,46,1,2
BRDA:310,47,0,1
BRDA:310,47,1,1
BRDA:315,48,0,1
BRDA:315,48,1,1
BRDA:316,49,0,1
BRDA:316,49,1,1
BRDA:340,50,0,0
BRDA:340,50,1,2
BRDA:364,51,0,0
BRDA:364,51,1,2
BRDA:374,52,0,1
BRDA:374,52,1,1
BRDA:375,53,0,1
BRDA:375,53,1,1
BRDA:396,54,0,2
BRDA:396,54,1,2
BRDA:415,55,0,1
BRDA:415,55,1,7
BRDA:415,56,0,8
BRDA:415,56,1,7
BRDA:419,57,0,1
BRDA:419,57,1,6
BRDA:419,58,0,7
BRDA:419,58,1,6
BRDA:422,59,0,1
BRDA:422,59,1,5
BRDA:436,60,0,0
BRDA:436,60,1,1
BRDA:445,61,0,1
BRDA:445,61,1,0
BRDA:447,62,0,1
BRDA:447,62,1,0
BRDA:447,63,0,1
BRDA:447,63,1,1
BRDA:449,64,0,0
BRDA:449,64,1,0
BRDA:451,65,0,0
BRDA:451,65,1,0
BRDA:451,66,0,0
BRDA:451,66,1,0
BRDA:464,67,0,0
BRDA:464,67,1,1
BRDA:471,68,0,1
BRDA:471,68,1,0
BRDA:472,69,0,1
BRDA:472,69,1,1
BRDA:475,70,0,0
BRDA:475,70,1,1
BRDA:476,71,0,1
BRDA:476,71,1,0
BRDA:477,72,0,0
BRDA:477,72,1,0
BRDA:479,73,0,1
BRDA:479,73,1,0
BRDA:481,74,0,0
BRDA:481,74,1,1
BRDA:482,75,0,1
BRDA:482,75,1,0
BRDA:483,76,0,0
BRDA:483,76,1,0
BRDA:516,77,0,1
BRDA:516,77,1,0
BRDA:517,78,0,1
BRDA:517,78,1,0
BRDA:520,79,0,0
BRDA:520,79,1,1
BRDA:522,80,0,1
BRDA:522,80,1,0
BRDA:533,81,0,1
BRDA:533,81,1,0
BRDA:536,82,0,0
BRDA:536,82,1,1
BRDA:537,83,0,1
BRDA:537,83,1,0
BRDA:538,84,0,0
BRDA:538,84,1,0
BRDA:538,85,0,0
BRDA:538,85,1,0
BRDA:539,86,0,0
BRDA:539,86,1,0
BRDA:541,87,0,1
BRDA:541,87,1,0
BRDA:543,88,0,1
BRDA:543,88,1,1
BRDA:544,89,0,1
BRDA:544,89,1,1
BRDA:545,90,0,1
BRDA:545,90,1,1
BRDA:546,91,0,1
BRDA:546,91,1,1
BRDA:547,92,0,1
BRDA:547,92,1,1
BRDA:548,93,0,1
BRDA:548,93,1,1
BRDA:549,94,0,1
BRDA:549,94,1,1
BRDA:550,95,0,1
BRDA:550,95,1,1
BRDA:551,96,0,1
BRDA:551,96,1,1
BRDA:552,97,0,1
BRDA:552,97,1,1
BRDA:553,98,0,1
BRDA:553,98,1,1
BRDA:554,99,0,1
BRDA:554,99,1,1
BRDA:562,100,0,5
BRDA:562,100,1,5
BRDA:563,101,0,5
BRDA:563,101,1,5
BRDA:564,102,0,5
BRDA:564,102,1,5
BRDA:565,103,0,5
BRDA:565,103,1,5
BRDA:566,104,0,5
BRDA:566,104,1,5
BRDA:567,105,0,5
BRDA:567,105,1,4
BRDA:568,106,0,5
BRDA:568,106,1,5
BRDA:569,107,0,5
BRDA:569,107,1,5
BRDA:570,108,0,5
BRDA:570,108,1,5
BRDA:571,109,0,5
BRDA:571,109,1,5
BRDA:572,110,0,5
BRDA:572,110,1,5
BRDA:573,111,0,5
BRDA:573,111,1,5
BRDA:575,112,0,5
BRDA:575,112,1,4
BRDA:575,112,2,4
BRDA:575,112,3,4
BRDA:606,113,0,1
BRDA:606,113,1,0
BRDA:607,114,0,1
BRDA:607,114,1,0
BRDA:608,115,0,1
BRDA:608,115,1,0
BRDA:608,116,0,1
BRDA:608,116,1,1
BRDA:613,117,0,0
BRDA:613,117,1,1
BRDA:616,118,0,1
BRDA:616,118,1,0
BRDA:621,119,0,1
BRDA:621,119,1,0
BRDA:622,120,0,1
BRDA:622,120,1,0
BRDA:623,121,0,1
BRDA:623,121,1,0
BRDA:624,122,0,1
BRDA:624,122,1,0
BRDA:650,123,0,1
BRDA:650,123,1,0
BRDA:651,124,0,1
BRDA:651,124,1,0
BRDA:654,125,0,0
BRDA:654,125,1,1
BRDA:656,126,0,1
BRDA:656,126,1,0
BRDA:662,127,0,1
BRDA:662,127,1,0
BRDA:663,128,0,1
BRDA:663,128,1,0
BRDA:664,129,0,1
BRDA:664,129,1,0
BRDA:686,130,0,1
BRDA:686,130,1,1
BRDA:686,131,0,2
BRDA:686,131,1,1
BRDA:702,132,0,0
BRDA:702,132,1,1
BRDA:703,133,0,1
BRDA:703,133,1,1
BRDA:722,134,0,1
BRDA:722,134,1,0
BRDA:723,135,0,1
BRDA:723,135,1,0
BRDA:728,136,0,0
BRDA:728,136,1,1
BRDA:731,137,0,1
BRDA:731,137,1,0
BRDA:736,138,0,1
BRDA:736,138,1,0
BRDA:737,139,0,1
BRDA:737,139,1,0
BRDA:738,140,0,1
BRDA:738,140,1,0
BRF:282
BRH:182
end_of_record
TN:
SF:src\services\authUser.js
FN:1,(anonymous_0)
FN:8,(anonymous_1)
FN:14,(anonymous_2)
FN:23,(anonymous_3)
FN:45,(anonymous_4)
FNF:5
FNH:5
FNDA:22,(anonymous_0)
FNDA:11,(anonymous_1)
FNDA:2,(anonymous_2)
FNDA:6,(anonymous_3)
FNDA:4,(anonymous_4)
DA:1,1
DA:2,22
DA:5,22
DA:8,1
DA:9,11
DA:10,11
DA:11,11
DA:14,2
DA:23,1
DA:24,6
DA:30,6
DA:32,5
DA:33,3
DA:38,3
DA:39,2
DA:42,4
DA:45,1
DA:46,4
DA:47,4
DA:48,4
DA:50,4
DA:52,3
DA:61,1
LF:23
LH:23
BRDA:1,0,0,1
BRDA:5,1,0,11
BRDA:5,1,1,11
BRDA:9,2,0,11
BRDA:9,2,1,4
BRDA:10,3,0,11
BRDA:10,3,1,3
BRDA:10,4,0,1
BRDA:10,4,1,10
BRDA:20,5,0,2
BRDA:20,5,1,1
BRDA:30,6,0,1
BRDA:30,6,1,5
BRDA:32,7,0,3
BRDA:32,7,1,2
BRDA:32,8,0,5
BRDA:32,8,1,4
BRDA:32,8,2,4
BRDA:38,9,0,1
BRDA:38,9,1,2
BRDA:42,10,0,2
BRDA:42,10,1,2
BRDA:42,11,0,4
BRDA:42,11,1,3
BRDA:48,12,0,4
BRDA:48,12,1,1
BRDA:50,13,0,1
BRDA:50,13,1,3
BRDA:50,14,0,4
BRDA:50,14,1,2
BRF:30
BRH:30
end_of_record
TN:
SF:src\services\reporting.js
FN:4,(anonymous_0)
FN:7,(anonymous_1)
FN:10,(anonymous_2)
FN:11,(anonymous_3)
FN:15,(anonymous_4)
FN:20,(anonymous_5)
FN:26,(anonymous_6)
FN:40,(anonymous_7)
FN:43,(anonymous_8)
FN:54,(anonymous_9)
FN:61,(anonymous_10)
FN:65,(anonymous_11)
FN:76,(anonymous_12)
FN:88,(anonymous_13)
FN:101,(anonymous_14)
FN:109,(anonymous_15)
FN:134,(anonymous_16)
FN:156,(anonymous_17)
FN:159,(anonymous_18)
FN:164,(anonymous_19)
FN:165,(anonymous_20)
FN:166,(anonymous_21)
FN:171,(anonymous_22)
FN:173,(anonymous_23)
FN:180,(anonymous_24)
FN:182,(anonymous_25)
FN:183,(anonymous_26)
FN:188,(anonymous_27)
FN:196,(anonymous_28)
FN:206,(anonymous_29)
FN:208,(anonymous_30)
FN:210,(anonymous_31)
FN:211,(anonymous_32)
FN:215,(anonymous_33)
FN:217,(anonymous_34)
FN:219,(anonymous_35)
FN:222,(anonymous_36)
FN:228,(anonymous_37)
FN:239,(anonymous_38)
FN:245,(anonymous_39)
FN:247,(anonymous_40)
FN:248,(anonymous_41)
FN:252,(anonymous_42)
FN:259,(anonymous_43)
FN:260,(anonymous_44)
FN:262,(anonymous_45)
FN:272,(anonymous_46)
FN:273,(anonymous_47)
FN:274,(anonymous_48)
FN:294,(anonymous_49)
FN:300,(anonymous_50)
FN:301,(anonymous_51)
FN:302,(anonymous_52)
FN:306,(anonymous_53)
FN:311,(anonymous_54)
FN:317,(anonymous_55)
FN:318,(anonymous_56)
FNF:57
FNH:56
FNDA:3,(anonymous_0)
FNDA:2,(anonymous_1)
FNDA:5,(anonymous_2)
FNDA:5,(anonymous_3)
FNDA:2,(anonymous_4)
FNDA:3,(anonymous_5)
FNDA:52,(anonymous_6)
FNDA:24,(anonymous_7)
FNDA:24,(anonymous_8)
FNDA:43,(anonymous_9)
FNDA:215,(anonymous_10)
FNDA:20,(anonymous_11)
FNDA:220,(anonymous_12)
FNDA:10,(anonymous_13)
FNDA:5,(anonymous_14)
FNDA:3,(anonymous_15)
FNDA:1,(anonymous_16)
FNDA:0,(anonymous_17)
FNDA:20,(anonymous_18)
FNDA:29,(anonymous_19)
FNDA:16,(anonymous_20)
FNDA:20,(anonymous_21)
FNDA:23,(anonymous_22)
FNDA:3,(anonymous_23)
FNDA:13,(anonymous_24)
FNDA:10,(anonymous_25)
FNDA:18,(anonymous_26)
FNDA:4,(anonymous_27)
FNDA:16,(anonymous_28)
FNDA:3,(anonymous_29)
FNDA:6,(anonymous_30)
FNDA:4,(anonymous_31)
FNDA:4,(anonymous_32)
FNDA:1,(anonymous_33)
FNDA:2,(anonymous_34)
FNDA:1,(anonymous_35)
FNDA:1,(anonymous_36)
FNDA:2,(anonymous_37)
FNDA:6,(anonymous_38)
FNDA:8,(anonymous_39)
FNDA:4,(anonymous_40)
FNDA:2,(anonymous_41)
FNDA:2,(anonymous_42)
FNDA:4,(anonymous_43)
FNDA:3,(anonymous_44)
FNDA:3,(anonymous_45)
FNDA:4,(anonymous_46)
FNDA:3,(anonymous_47)
FNDA:5,(anonymous_48)
FNDA:8,(anonymous_49)
FNDA:3,(anonymous_50)
FNDA:1,(anonymous_51)
FNDA:8,(anonymous_52)
FNDA:24,(anonymous_53)
FNDA:16,(anonymous_54)
FNDA:5,(anonymous_55)
FNDA:5,(anonymous_56)
DA:1,1
DA:2,1
DA:4,1
DA:5,3
DA:7,1
DA:8,2
DA:10,5
DA:11,5
DA:12,2
DA:15,1
DA:16,2
DA:17,2
DA:20,1
DA:21,3
DA:22,3
DA:23,3
DA:26,1
DA:27,52
DA:28,52
DA:29,52
DA:30,52
DA:35,1
DA:37,51
DA:40,1
DA:41,24
DA:43,1
DA:44,24
DA:45,24
DA:46,24
DA:47,24
DA:54,1
DA:55,43
DA:61,215
DA:62,43
DA:65,1
DA:66,20
DA:76,220
DA:77,20
DA:85,20
DA:88,1
DA:89,10
DA:90,10
DA:92,10
DA:93,10
DA:94,10
DA:95,20
DA:96,20
DA:98,10
DA:101,5
DA:109,1
DA:113,3
DA:114,3
DA:116,3
DA:117,0
DA:118,0
DA:120,0
DA:122,3
DA:123,1
DA:125,2
DA:126,1
DA:128,1
DA:129,1
DA:131,0
DA:134,1
DA:135,1
DA:136,1
DA:137,1
DA:138,1
DA:139,1
DA:140,1
DA:141,1
DA:142,1
DA:143,1
DA:144,1
DA:149,1
DA:156,1
DA:157,0
DA:159,1
DA:160,20
DA:161,20
DA:164,29
DA:165,16
DA:166,1
DA:167,20
DA:168,20
DA:171,23
DA:173,1
DA:174,3
DA:175,3
DA:176,3
DA:177,3
DA:180,13
DA:182,1
DA:183,10
DA:184,18
DA:185,18
DA:188,1
DA:189,4
DA:190,4
DA:191,16
DA:193,4
DA:196,1
DA:197,16
DA:198,2
DA:199,2
DA:201,14
DA:202,14
DA:203,14
DA:206,1
DA:207,3
DA:208,6
DA:211,4
DA:215,1
DA:216,1
DA:217,2
DA:220,1
DA:222,1
DA:228,1
DA:239,6
DA:240,2
DA:241,2
DA:242,2
DA:243,2
DA:244,2
DA:245,8
DA:246,2
DA:247,4
DA:249,2
DA:250,2
DA:251,2
DA:252,2
DA:257,2
DA:258,2
DA:259,4
DA:261,3
DA:262,3
DA:265,3
DA:266,3
DA:267,3
DA:270,2
DA:271,2
DA:272,4
DA:274,3
DA:275,5
DA:276,5
DA:277,5
DA:281,2
DA:294,8
DA:300,3
DA:301,1
DA:302,8
DA:307,24
DA:312,16
DA:317,5
DA:318,5
DA:323,1
LF:156
LH:151
BRDA:5,0,0,3
BRDA:5,0,1,3
BRDA:5,0,2,3
BRDA:8,1,0,2
BRDA:8,1,1,1
BRDA:11,2,0,5
BRDA:11,2,1,4
BRDA:12,3,0,2
BRDA:12,3,1,0
BRDA:16,4,0,2
BRDA:16,4,1,2
BRDA:17,5,0,2
BRDA:17,5,1,0
BRDA:17,6,0,2
BRDA:17,6,1,2
BRDA:27,7,0,0
BRDA:27,7,1,52
BRDA:27,8,0,52
BRDA:27,8,1,0
BRDA:30,9,0,1
BRDA:30,9,1,51
BRDA:31,10,0,52
BRDA:31,10,1,52
BRDA:31,10,2,51
BRDA:45,11,0,0
BRDA:45,11,1,24
BRDA:54,12,0,0
BRDA:88,13,0,0
BRDA:90,14,0,0
BRDA:90,14,1,10
BRDA:101,15,0,0
BRDA:111,16,0,3
BRDA:111,17,0,3
BRDA:111,18,0,3
BRDA:113,19,0,3
BRDA:113,19,1,0
BRDA:114,20,0,3
BRDA:114,20,1,1
BRDA:116,21,0,0
BRDA:116,21,1,3
BRDA:116,22,0,3
BRDA:116,22,1,0
BRDA:117,23,0,0
BRDA:117,23,1,0
BRDA:122,24,0,1
BRDA:122,24,1,2
BRDA:122,25,0,3
BRDA:122,25,1,3
BRDA:125,26,0,1
BRDA:125,26,1,1
BRDA:125,27,0,2
BRDA:125,27,1,1
BRDA:128,28,0,1
BRDA:128,28,1,0
BRDA:134,29,0,0
BRDA:134,30,0,0
BRDA:139,31,0,0
BRDA:139,31,1,1
BRDA:156,32,0,0
BRDA:161,33,0,20
BRDA:161,33,1,13
BRDA:164,34,0,0
BRDA:164,34,1,29
BRDA:165,35,0,16
BRDA:165,35,1,0
BRDA:168,36,0,20
BRDA:168,36,1,0
BRDA:177,37,0,3
BRDA:177,37,1,0
BRDA:197,38,0,2
BRDA:197,38,1,14
BRDA:206,39,0,3
BRDA:208,40,0,6
BRDA:208,40,1,6
BRDA:215,41,0,1
BRDA:217,42,0,2
BRDA:217,42,1,2
BRDA:229,43,0,0
BRDA:230,44,0,0
BRDA:231,45,0,1
BRDA:233,46,0,1
BRDA:234,47,0,1
BRDA:235,48,0,0
BRDA:236,49,0,0
BRDA:237,50,0,2
BRDA:240,51,0,2
BRDA:240,51,1,1
BRDA:241,52,0,2
BRDA:241,52,1,1
BRDA:242,53,0,2
BRDA:242,53,1,1
BRDA:243,54,0,2
BRDA:243,54,1,1
BRDA:244,55,0,2
BRDA:244,55,1,1
BRDA:247,56,0,4
BRDA:247,56,1,4
BRDA:250,57,0,0
BRDA:250,57,1,2
BRDA:259,58,0,4
BRDA:259,58,1,4
BRDA:265,59,0,0
BRDA:265,59,1,3
BRDA:267,60,0,3
BRDA:267,60,1,3
BRDA:272,61,0,4
BRDA:272,61,1,4
BRDA:276,62,0,5
BRDA:276,62,1,0
BRDA:277,63,0,5
BRDA:277,63,1,5
BRDA:284,64,0,1
BRDA:284,64,1,1
BRDA:285,65,0,1
BRDA:285,65,1,1
BRDA:286,66,0,1
BRDA:286,66,1,1
BRDA:289,67,0,1
BRDA:289,67,1,1
BRDA:290,68,0,1
BRDA:290,68,1,1
BRDA:307,69,0,24
BRDA:307,69,1,24
BRDA:312,70,0,16
BRDA:312,70,1,16
BRF:125
BRH:95
end_of_record
TN:
SF:src\services\telegramApi.js
FN:1,(anonymous_0)
FN:10,(anonymous_1)
FN:19,(anonymous_2)
FN:30,(anonymous_3)
FN:39,(anonymous_4)
FN:53,(anonymous_5)
FN:68,(anonymous_6)
FNF:7
FNH:5
FNDA:7,(anonymous_0)
FNDA:0,(anonymous_1)
FNDA:0,(anonymous_2)
FNDA:2,(anonymous_3)
FNDA:2,(anonymous_4)
FNDA:2,(anonymous_5)
FNDA:1,(anonymous_6)
DA:1,1
DA:2,7
DA:3,7
DA:5,7
DA:10,4
DA:11,4
DA:12,0
DA:13,0
DA:14,0
DA:16,4
DA:19,1
DA:20,0
DA:25,0
DA:26,0
DA:27,0
DA:30,1
DA:31,2
DA:32,2
DA:33,2
DA:35,1
DA:39,1
DA:40,2
DA:41,2
DA:42,2
DA:46,1
DA:48,1
DA:49,1
DA:53,1
DA:54,2
DA:55,2
DA:56,2
DA:61,1
DA:63,1
DA:64,1
DA:68,1
DA:69,1
DA:74,1
DA:75,1
DA:76,1
DA:79,1
LF:40
LH:33
BRDA:2,0,0,7
BRDA:2,0,1,0
BRDA:3,1,0,0
BRDA:3,1,1,7
BRDA:11,2,0,0
BRDA:11,2,1,4
BRDA:11,3,0,4
BRDA:11,3,1,4
BRDA:12,4,0,0
BRDA:12,4,1,0
BRDA:25,5,0,0
BRDA:25,5,1,0
BRDA:26,6,0,0
BRDA:26,6,1,0
BRDA:31,7,0,0
BRDA:31,7,1,2
BRDA:40,8,0,0
BRDA:40,8,1,2
BRDA:40,9,0,2
BRDA:40,9,1,2
BRDA:54,10,0,0
BRDA:54,10,1,2
BRDA:54,11,0,2
BRDA:54,11,1,2
BRDA:72,12,0,1
BRDA:72,12,1,0
BRDA:74,13,0,0
BRDA:74,13,1,1
BRDA:75,14,0,0
BRDA:75,14,1,1
BRF:30
BRH:15
end_of_record
TN:
SF:src\services\telegramInvitationEmail.js
FN:12,(anonymous_0)
FN:20,(anonymous_1)
FN:22,(anonymous_2)
FN:28,(anonymous_3)
FN:43,(anonymous_4)
FN:59,(anonymous_5)
FN:66,(anonymous_6)
FN:147,(anonymous_7)
FN:222,(anonymous_8)
FN:312,(anonymous_9)
FNF:10
FNH:8
FNDA:14,(anonymous_0)
FNDA:8,(anonymous_1)
FNDA:7,(anonymous_2)
FNDA:3,(anonymous_3)
FNDA:0,(anonymous_4)
FNDA:0,(anonymous_5)
FNDA:2,(anonymous_6)
FNDA:4,(anonymous_7)
FNDA:3,(anonymous_8)
FNDA:3,(anonymous_9)
DA:1,1
DA:2,1
DA:3,1
DA:5,1
DA:12,1
DA:13,14
DA:20,8
DA:22,7
DA:28,1
DA:33,3
DA:34,3
DA:38,3
DA:41,1
DA:43,1
DA:44,0
DA:46,0
DA:59,0
DA:60,0
DA:63,0
DA:66,1
DA:67,2
DA:68,2
DA:69,2
DA:76,2
DA:77,2
DA:78,2
DA:86,2
DA:147,1
DA:151,4
DA:152,4
DA:153,4
DA:154,4
DA:156,4
DA:157,3
DA:158,1
DA:161,2
DA:162,2
DA:163,2
DA:164,2
DA:165,2
DA:167,2
DA:215,1
DA:217,1
DA:218,1
DA:222,1
DA:226,3
DA:227,3
DA:228,3
DA:229,3
DA:230,3
DA:231,3
DA:233,3
DA:234,1
DA:237,2
DA:238,1
DA:249,1
DA:252,1
DA:264,1
DA:265,1
DA:266,1
DA:268,1
DA:284,1
DA:285,1
DA:295,1
DA:297,0
DA:307,0
DA:308,0
DA:312,1
DA:317,3
DA:318,3
DA:320,3
DA:322,2
DA:324,2
DA:325,2
DA:326,2
DA:339,1
DA:341,1
DA:342,1
DA:346,1
LF:79
LH:71
BRDA:13,0,0,14
BRDA:13,0,1,0
BRDA:20,1,0,8
BRDA:20,1,1,2
BRDA:22,2,0,5
BRDA:25,3,0,7
BRDA:25,3,1,5
BRDA:31,4,0,0
BRDA:33,5,0,0
BRDA:33,5,1,3
BRDA:38,6,0,0
BRDA:38,6,1,3
BRDA:44,7,0,0
BRDA:44,7,1,0
BRDA:54,8,0,0
BRDA:54,8,1,0
BRDA:55,9,0,0
BRDA:55,9,1,0
BRDA:67,10,0,2
BRDA:67,10,1,0
BRDA:67,11,0,2
BRDA:67,11,1,0
BRDA:69,12,0,0
BRDA:69,12,1,2
BRDA:72,13,0,2
BRDA:72,13,1,2
BRDA:76,14,0,2
BRDA:76,14,1,0
BRDA:89,15,0,2
BRDA:89,15,1,0
BRDA:92,16,0,2
BRDA:92,16,1,0
BRDA:132,17,0,2
BRDA:132,17,1,0
BRDA:149,18,0,2
BRDA:149,19,0,2
BRDA:152,20,0,4
BRDA:152,20,1,2
BRDA:153,21,0,4
BRDA:153,21,1,2
BRDA:154,22,0,4
BRDA:154,22,1,4
BRDA:156,23,0,1
BRDA:156,23,1,3
BRDA:157,24,0,1
BRDA:157,24,1,2
BRDA:157,25,0,3
BRDA:157,25,1,3
BRDA:161,26,0,2
BRDA:161,26,1,0
BRDA:161,27,0,2
BRDA:161,27,1,0
BRDA:164,28,0,2
BRDA:164,28,1,0
BRDA:170,29,0,2
BRDA:170,29,1,2
BRDA:173,30,0,2
BRDA:173,30,1,0
BRDA:186,31,0,2
BRDA:186,31,1,0
BRDA:215,32,0,1
BRDA:215,32,1,0
BRDA:224,33,0,0
BRDA:224,34,0,1
BRDA:224,35,0,2
BRDA:228,36,0,3
BRDA:228,36,1,2
BRDA:229,37,0,3
BRDA:229,37,1,2
BRDA:230,38,0,3
BRDA:230,38,1,3
BRDA:233,39,0,1
BRDA:233,39,1,2
BRDA:233,40,0,3
BRDA:233,40,1,2
BRDA:233,40,2,2
BRDA:237,41,0,1
BRDA:237,41,1,1
BRDA:237,42,0,2
BRDA:237,42,1,2
BRDA:271,43,0,1
BRDA:271,43,1,1
BRDA:284,44,0,1
BRDA:284,44,1,0
BRDA:315,45,0,1
BRDA:315,46,0,1
BRDA:317,47,0,3
BRDA:317,47,1,1
BRDA:317,47,2,1
BRDA:318,48,0,3
BRDA:318,48,1,1
BRDA:320,49,0,1
BRDA:320,49,1,2
BRDA:320,50,0,3
BRDA:320,50,1,2
BRDA:322,51,0,2
BRDA:322,51,1,0
BRDA:322,52,0,2
BRDA:322,52,1,0
BRDA:333,53,0,2
BRDA:333,53,1,0
BRF:101
BRH:73
end_of_record
TN:
SF:src\validation\eciencia.js
FN:15,(anonymous_0)
FN:17,(anonymous_1)
FN:23,(anonymous_2)
FN:28,(anonymous_3)
FN:33,(anonymous_4)
FN:42,(anonymous_5)
FN:52,(anonymous_6)
FN:53,(anonymous_7)
FN:61,(anonymous_8)
FN:86,(anonymous_9)
FN:95,(anonymous_10)
FN:104,(anonymous_11)
FN:111,(anonymous_12)
FN:138,(anonymous_13)
FN:145,(anonymous_14)
FN:148,(anonymous_15)
FN:158,(anonymous_16)
FN:164,(anonymous_17)
FN:174,(anonymous_18)
FN:184,(anonymous_19)
FN:194,(anonymous_20)
FN:203,(anonymous_21)
FN:366,(anonymous_22)
FN:367,(anonymous_23)
FN:377,(anonymous_24)
FN:386,(anonymous_25)
FNF:26
FNH:25
FNDA:37,(anonymous_0)
FNDA:28,(anonymous_1)
FNDA:4,(anonymous_2)
FNDA:9,(anonymous_3)
FNDA:13,(anonymous_4)
FNDA:81,(anonymous_5)
FNDA:2,(anonymous_6)
FNDA:17,(anonymous_7)
FNDA:10,(anonymous_8)
FNDA:7,(anonymous_9)
FNDA:38,(anonymous_10)
FNDA:24,(anonymous_11)
FNDA:2,(anonymous_12)
FNDA:1,(anonymous_13)
FNDA:1,(anonymous_14)
FNDA:30,(anonymous_15)
FNDA:4,(anonymous_16)
FNDA:4,(anonymous_17)
FNDA:8,(anonymous_18)
FNDA:2,(anonymous_19)
FNDA:1,(anonymous_20)
FNDA:0,(anonymous_21)
FNDA:6,(anonymous_22)
FNDA:6,(anonymous_23)
FNDA:8,(anonymous_24)
FNDA:2,(anonymous_25)
DA:1,2
DA:3,2
DA:15,37
DA:17,2
DA:18,28
DA:19,17
DA:20,17
DA:23,2
DA:24,4
DA:25,4
DA:28,2
DA:29,9
DA:30,9
DA:33,2
DA:34,13
DA:35,13
DA:37,12
DA:38,12
DA:39,12
DA:41,9
DA:42,9
DA:43,81
DA:44,81
DA:45,81
DA:48,9
DA:49,9
DA:52,2
DA:53,17
DA:54,2
DA:55,2
DA:56,2
DA:57,2
DA:58,2
DA:61,2
DA:62,10
DA:63,10
DA:65,8
DA:66,8
DA:67,8
DA:69,7
DA:70,4
DA:73,3
DA:74,1
DA:75,1
DA:78,2
DA:79,1
DA:80,1
DA:83,1
DA:86,2
DA:87,7
DA:88,7
DA:89,6
DA:90,5
DA:91,3
DA:92,1
DA:95,2
DA:96,38
DA:104,2
DA:105,24
DA:110,2
DA:112,2
DA:113,2
DA:117,2
DA:125,2
DA:134,2
DA:138,1
DA:141,2
DA:145,1
DA:148,2
DA:149,30
DA:158,2
DA:159,4
DA:164,2
DA:165,4
DA:174,2
DA:175,8
DA:184,2
DA:185,2
DA:186,2
DA:187,2
DA:190,2
DA:194,2
DA:195,1
DA:196,1
DA:199,2
DA:203,0
DA:208,2
DA:215,2
DA:219,2
DA:366,2
DA:367,6
DA:371,6
DA:377,2
DA:378,8
DA:379,8
DA:380,3
DA:381,3
DA:382,3
DA:383,3
DA:386,2
DA:387,2
DA:388,1
DA:389,1
DA:391,1
DA:394,2
LF:105
LH:104
BRDA:15,0,0,37
BRDA:15,0,1,4
BRDA:18,1,0,11
BRDA:18,1,1,17
BRDA:18,2,0,28
BRDA:18,2,1,18
BRDA:20,3,0,17
BRDA:20,3,1,2
BRDA:25,4,0,2
BRDA:25,4,1,2
BRDA:29,5,0,0
BRDA:29,5,1,9
BRDA:29,6,0,9
BRDA:29,6,1,9
BRDA:29,6,2,9
BRDA:35,7,0,1
BRDA:35,7,1,12
BRDA:39,8,0,3
BRDA:39,8,1,9
BRDA:39,9,0,12
BRDA:39,9,1,11
BRDA:39,9,2,10
BRDA:44,10,0,9
BRDA:44,10,1,72
BRDA:56,11,0,0
BRDA:56,11,1,2
BRDA:57,12,0,0
BRDA:57,12,1,2
BRDA:63,13,0,2
BRDA:63,13,1,8
BRDA:63,14,0,10
BRDA:63,14,1,10
BRDA:67,15,0,1
BRDA:67,15,1,7
BRDA:67,16,0,8
BRDA:67,16,1,8
BRDA:69,17,0,4
BRDA:69,17,1,3
BRDA:73,18,0,1
BRDA:73,18,1,2
BRDA:78,19,0,1
BRDA:78,19,1,1
BRDA:88,20,0,1
BRDA:88,20,1,6
BRDA:89,21,0,1
BRDA:89,21,1,5
BRDA:90,22,0,2
BRDA:90,22,1,3
BRDA:91,23,0,2
BRDA:91,23,1,1
BRDA:91,24,0,3
BRDA:91,24,1,2
BRDA:113,25,0,2
BRDA:113,25,1,1
BRDA:145,26,0,1
BRDA:145,26,1,0
BRDA:148,27,0,26
BRDA:164,28,0,0
BRDA:174,29,0,8
BRDA:185,30,0,0
BRDA:185,30,1,2
BRDA:186,31,0,0
BRDA:186,31,1,2
BRDA:195,32,0,0
BRDA:195,32,1,1
BRDA:368,33,0,6
BRDA:368,33,1,0
BRDA:372,34,0,6
BRDA:372,34,1,0
BRDA:378,35,0,8
BRDA:378,35,1,0
BRDA:379,36,0,5
BRDA:379,36,1,3
BRDA:387,37,0,1
BRDA:387,37,1,1
BRDA:387,38,0,2
BRDA:387,38,1,1
BRF:77
BRH:66
end_of_record
