TN:
SF:src\middlewares\authMiddleware.js
FN:7,(anonymous_0)
FN:15,(anonymous_1)
FN:36,(anonymous_2)
FNF:3
FNH:3
FNDA:2,(anonymous_0)
FNDA:5,(anonymous_1)
FNDA:7,(anonymous_2)
DA:5,1
DA:7,1
DA:8,2
DA:9,2
DA:10,1
DA:12,1
DA:15,1
DA:16,5
DA:22,5
DA:23,2
DA:28,2
DA:29,2
DA:32,5
DA:33,4
DA:36,1
DA:37,7
DA:38,7
DA:39,7
DA:40,1
DA:43,6
DA:47,6
DA:49,6
DA:50,1
DA:53,5
DA:54,5
DA:56,4
DA:57,1
DA:60,3
DA:61,1
DA:64,2
DA:65,2
DA:71,2
DA:73,1
DA:74,1
DA:78,1
LF:35
LH:35
BRDA:7,0,0,0
BRDA:9,1,0,1
BRDA:9,1,1,1
BRDA:22,2,0,2
BRDA:22,2,1,3
BRDA:22,3,0,5
BRDA:22,3,1,2
BRDA:32,4,0,1
BRDA:32,4,1,4
BRDA:39,5,0,1
BRDA:39,5,1,6
BRDA:39,6,0,7
BRDA:39,6,1,6
BRDA:49,7,0,1
BRDA:49,7,1,5
BRDA:49,8,0,6
BRDA:49,8,1,5
BRDA:56,9,0,1
BRDA:56,9,1,3
BRDA:60,10,0,1
BRDA:60,10,1,2
BRDA:64,11,0,1
BRDA:64,11,1,1
BRF:23
BRH:22
end_of_record
TN:
SF:src\middlewares\roleMiddleware.js
FN:8,(anonymous_0)
FN:9,(anonymous_1)
FNF:2
FNH:2
FNDA:7,(anonymous_0)
FNDA:7,(anonymous_1)
DA:8,2
DA:9,7
DA:10,7
DA:11,1
DA:14,6
DA:15,3
DA:18,3
DA:22,2
LF:8
LH:8
BRDA:10,0,0,1
BRDA:10,0,1,6
BRDA:14,1,0,3
BRDA:14,1,1,3
BRDA:14,2,0,6
BRDA:14,2,1,5
BRF:6
BRH:6
end_of_record
TN:
SF:src\routes\alimentos.js
FN:14,(anonymous_0)
FN:31,(anonymous_1)
FN:50,(anonymous_2)
FN:84,(anonymous_3)
FN:100,(anonymous_4)
FN:114,(anonymous_5)
FN:133,(anonymous_6)
FN:167,(anonymous_7)
FN:184,(anonymous_8)
FN:185,(anonymous_9)
FN:198,(anonymous_10)
FN:214,(anonymous_11)
FNF:12
FNH:1
FNDA:1,(anonymous_0)
FNDA:0,(anonymous_1)
FNDA:0,(anonymous_2)
FNDA:0,(anonymous_3)
FNDA:0,(anonymous_4)
FNDA:0,(anonymous_5)
FNDA:0,(anonymous_6)
FNDA:0,(anonymous_7)
FNDA:0,(anonymous_8)
FNDA:0,(anonymous_9)
FNDA:0,(anonymous_10)
FNDA:0,(anonymous_11)
DA:1,1
DA:2,1
DA:3,1
DA:4,1
DA:5,1
DA:6,1
DA:7,1
DA:9,1
DA:14,1
DA:15,1
DA:16,1
DA:17,1
DA:22,1
DA:23,1
DA:25,0
DA:26,0
DA:31,1
DA:32,0
DA:33,0
DA:34,0
DA:35,0
DA:41,0
DA:42,0
DA:44,0
DA:45,0
DA:50,1
DA:51,0
DA:52,0
DA:53,0
DA:54,0
DA:57,0
DA:59,0
DA:64,0
DA:65,0
DA:68,0
DA:73,0
DA:74,0
DA:76,0
DA:77,0
DA:84,1
DA:85,0
DA:86,0
DA:87,0
DA:96,0
DA:97,0
DA:100,0
DA:106,0
DA:108,0
DA:109,0
DA:114,1
DA:115,0
DA:116,0
DA:117,0
DA:118,0
DA:123,0
DA:125,0
DA:127,0
DA:128,0
DA:133,1
DA:134,0
DA:135,0
DA:136,0
DA:137,0
DA:140,0
DA:142,0
DA:147,0
DA:148,0
DA:151,0
DA:156,0
DA:157,0
DA:159,0
DA:160,0
DA:167,1
DA:168,0
DA:169,0
DA:172,0
DA:175,0
DA:180,0
DA:182,0
DA:184,0
DA:185,0
DA:192,0
DA:193,0
DA:198,1
DA:199,0
DA:200,0
DA:201,0
DA:202,0
DA:205,0
DA:210,0
DA:213,0
DA:214,0
DA:221,0
DA:225,0
DA:228,0
DA:230,0
DA:231,0
DA:235,1
LF:98
LH:22
BRDA:22,0,0,0
BRDA:22,0,1,1
BRDA:25,1,0,0
BRDA:25,1,1,0
BRDA:41,2,0,0
BRDA:41,2,1,0
BRDA:44,3,0,0
BRDA:44,3,1,0
BRDA:53,4,0,0
BRDA:53,4,1,0
BRDA:53,5,0,0
BRDA:53,5,1,0
BRDA:64,6,0,0
BRDA:64,6,1,0
BRDA:64,7,0,0
BRDA:64,7,1,0
BRDA:73,8,0,0
BRDA:73,8,1,0
BRDA:76,9,0,0
BRDA:76,9,1,0
BRDA:96,10,0,0
BRDA:96,10,1,0
BRDA:108,11,0,0
BRDA:108,11,1,0
BRDA:125,12,0,0
BRDA:125,12,1,0
BRDA:127,13,0,0
BRDA:127,13,1,0
BRDA:136,14,0,0
BRDA:136,14,1,0
BRDA:136,15,0,0
BRDA:136,15,1,0
BRDA:147,16,0,0
BRDA:147,16,1,0
BRDA:147,17,0,0
BRDA:147,17,1,0
BRDA:156,18,0,0
BRDA:156,18,1,0
BRDA:159,19,0,0
BRDA:159,19,1,0
BRDA:180,20,0,0
BRDA:180,20,1,0
BRDA:184,21,0,0
BRDA:184,21,1,0
BRDA:192,22,0,0
BRDA:192,22,1,0
BRDA:210,23,0,0
BRDA:210,23,1,0
BRDA:213,24,0,0
BRDA:213,24,1,0
BRDA:217,25,0,0
BRDA:217,25,1,0
BRDA:225,26,0,0
BRDA:225,26,1,0
BRDA:230,27,0,0
BRDA:230,27,1,0
BRF:56
BRH:1
end_of_record
TN:
SF:src\routes\auth.js
FN:17,(anonymous_0)
FN:24,(anonymous_1)
FN:34,(anonymous_2)
FN:50,(anonymous_3)
FN:169,(anonymous_4)
FN:177,(anonymous_5)
FN:189,(anonymous_6)
FNF:7
FNH:7
FNDA:2,(anonymous_0)
FNDA:4,(anonymous_1)
FNDA:3,(anonymous_2)
FNDA:7,(anonymous_3)
FNDA:1,(anonymous_4)
FNDA:3,(anonymous_5)
FNDA:3,(anonymous_6)
DA:1,1
DA:2,1
DA:3,1
DA:4,1
DA:8,1
DA:17,1
DA:18,2
DA:19,2
DA:23,2
DA:24,4
DA:25,2
DA:26,1
DA:34,1
DA:35,3
DA:41,3
DA:42,2
DA:45,1
DA:46,1
DA:50,1
DA:51,7
DA:52,7
DA:54,7
DA:55,2
DA:58,5
DA:59,5
DA:60,5
DA:63,5
DA:64,2
DA:70,2
DA:71,1
DA:72,1
DA:74,1
DA:77,4
DA:82,4
DA:83,1
DA:84,1
DA:87,3
DA:88,3
DA:90,3
DA:96,3
DA:97,0
DA:101,3
DA:102,0
DA:108,0
DA:109,0
DA:112,0
DA:113,0
DA:117,3
DA:119,3
DA:120,0
DA:121,0
DA:124,3
DA:125,1
DA:129,2
DA:130,2
DA:131,2
DA:132,2
DA:134,2
DA:135,2
DA:140,2
DA:141,2
DA:150,2
DA:164,0
DA:165,0
DA:169,1
DA:170,1
DA:177,1
DA:178,3
DA:179,3
DA:180,2
DA:181,2
DA:182,2
DA:183,1
DA:185,0
DA:189,1
DA:190,3
DA:191,3
DA:193,2
DA:194,2
DA:195,2
DA:196,2
DA:197,2
DA:199,0
DA:200,0
DA:204,1
DA:206,1
LF:86
LH:73
BRDA:23,0,0,0
BRDA:23,0,1,2
BRDA:23,1,0,2
BRDA:23,1,1,2
BRDA:25,2,0,1
BRDA:25,2,1,1
BRDA:41,3,0,2
BRDA:41,3,1,1
BRDA:41,4,0,3
BRDA:41,4,1,3
BRDA:41,4,2,1
BRDA:52,5,0,7
BRDA:52,5,1,1
BRDA:54,6,0,2
BRDA:54,6,1,5
BRDA:54,7,0,7
BRDA:54,7,1,6
BRDA:63,8,0,2
BRDA:63,8,1,3
BRDA:70,9,0,1
BRDA:70,9,1,1
BRDA:70,10,0,2
BRDA:70,10,1,1
BRDA:82,11,0,1
BRDA:82,11,1,3
BRDA:82,12,0,4
BRDA:82,12,1,3
BRDA:96,13,0,0
BRDA:96,13,1,3
BRDA:101,14,0,0
BRDA:101,14,1,3
BRDA:101,15,0,3
BRDA:101,15,1,3
BRDA:101,15,2,3
BRDA:108,16,0,0
BRDA:108,16,1,0
BRDA:112,17,0,0
BRDA:112,17,1,0
BRDA:112,18,0,0
BRDA:112,18,1,0
BRDA:117,19,0,3
BRDA:117,19,1,0
BRDA:117,20,0,3
BRDA:117,20,1,3
BRDA:119,21,0,0
BRDA:119,21,1,3
BRDA:124,22,0,1
BRDA:124,22,1,2
BRDA:130,23,0,2
BRDA:130,23,1,0
BRDA:131,24,0,2
BRDA:131,24,1,0
BRDA:131,25,0,0
BRDA:131,25,1,2
BRDA:134,26,0,2
BRDA:134,26,1,0
BRDA:140,27,0,2
BRDA:140,27,1,0
BRDA:140,28,0,2
BRDA:140,28,1,0
BRDA:179,29,0,1
BRDA:179,29,1,2
BRDA:182,30,0,1
BRDA:182,30,1,1
BRDA:191,31,0,1
BRDA:191,31,1,2
BRDA:195,32,0,2
BRDA:195,32,1,2
BRF:68
BRH:51
end_of_record
TN:
SF:src\routes\categorias.js
FN:12,(anonymous_0)
FN:28,(anonymous_1)
FN:47,(anonymous_2)
FNF:3
FNH:1
FNDA:1,(anonymous_0)
FNDA:0,(anonymous_1)
FNDA:0,(anonymous_2)
DA:1,1
DA:2,1
DA:3,1
DA:4,1
DA:5,1
DA:6,1
DA:8,1
DA:12,1
DA:13,1
DA:14,1
DA:15,1
DA:20,1
DA:21,1
DA:23,0
DA:28,1
DA:29,0
DA:30,0
DA:31,0
DA:32,0
DA:38,0
DA:39,0
DA:41,0
DA:42,0
DA:47,1
DA:48,0
DA:49,0
DA:50,0
DA:51,0
DA:58,0
DA:59,0
DA:61,0
DA:62,0
DA:66,1
LF:33
LH:16
BRDA:20,0,0,0
BRDA:20,0,1,1
BRDA:38,1,0,0
BRDA:38,1,1,0
BRDA:41,2,0,0
BRDA:41,2,1,0
BRDA:58,3,0,0
BRDA:58,3,1,0
BRDA:61,4,0,0
BRDA:61,4,1,0
BRF:10
BRH:1
end_of_record
TN:
SF:src\routes\clientes.js
FN:43,(anonymous_0)
FN:53,(anonymous_1)
FN:55,(anonymous_2)
FN:59,(anonymous_3)
FN:62,(anonymous_4)
FN:67,(anonymous_5)
FN:99,(anonymous_6)
FN:119,(anonymous_7)
FN:132,(anonymous_8)
FN:139,(anonymous_9)
FN:146,(anonymous_10)
FN:183,(anonymous_11)
FN:199,(anonymous_12)
FN:213,(anonymous_13)
FN:236,(anonymous_14)
FN:273,(anonymous_15)
FN:281,(anonymous_16)
FN:291,(anonymous_17)
FN:312,(anonymous_18)
FN:409,(anonymous_19)
FN:522,(anonymous_20)
FN:641,(anonymous_21)
FN:657,(anonymous_22)
FN:723,(anonymous_23)
FN:764,(anonymous_24)
FN:767,(anonymous_25)
FN:796,(anonymous_26)
FN:805,(anonymous_27)
FN:831,(anonymous_28)
FN:842,(anonymous_29)
FN:860,(anonymous_30)
FN:901,(anonymous_31)
FNF:32
FNH:20
FNDA:3,(anonymous_0)
FNDA:3,(anonymous_1)
FNDA:3,(anonymous_2)
FNDA:0,(anonymous_3)
FNDA:0,(anonymous_4)
FNDA:0,(anonymous_5)
FNDA:3,(anonymous_6)
FNDA:0,(anonymous_7)
FNDA:0,(anonymous_8)
FNDA:2,(anonymous_9)
FNDA:2,(anonymous_10)
FNDA:2,(anonymous_11)
FNDA:1,(anonymous_12)
FNDA:1,(anonymous_13)
FNDA:1,(anonymous_14)
FNDA:0,(anonymous_15)
FNDA:0,(anonymous_16)
FNDA:2,(anonymous_17)
FNDA:3,(anonymous_18)
FNDA:1,(anonymous_19)
FNDA:2,(anonymous_20)
FNDA:2,(anonymous_21)
FNDA:2,(anonymous_22)
FNDA:2,(anonymous_23)
FNDA:1,(anonymous_24)
FNDA:0,(anonymous_25)
FNDA:0,(anonymous_26)
FNDA:1,(anonymous_27)
FNDA:0,(anonymous_28)
FNDA:1,(anonymous_29)
FNDA:0,(anonymous_30)
FNDA:0,(anonymous_31)
DA:1,1
DA:2,1
DA:3,1
DA:4,1
DA:5,1
DA:6,1
DA:7,1
DA:8,1
DA:14,1
DA:15,1
DA:19,1
DA:21,1
DA:22,1
DA:23,1
DA:24,1
DA:43,1
DA:44,3
DA:45,3
DA:46,2
DA:47,2
DA:53,3
DA:55,1
DA:56,3
DA:57,3
DA:58,3
DA:59,0
DA:60,3
DA:61,3
DA:63,0
DA:66,3
DA:68,0
DA:72,3
DA:73,3
DA:74,3
DA:75,3
DA:77,3
DA:99,1
DA:100,3
DA:101,3
DA:119,1
DA:120,0
DA:129,0
DA:132,1
DA:139,2
DA:146,1
DA:147,2
DA:162,2
DA:163,2
DA:164,2
DA:166,2
DA:167,2
DA:168,2
DA:169,2
DA:170,0
DA:173,2
DA:174,2
DA:175,2
DA:176,0
DA:179,2
DA:183,1
DA:184,2
DA:185,2
DA:186,2
DA:191,2
DA:192,1
DA:194,1
DA:199,1
DA:200,1
DA:201,1
DA:202,1
DA:206,1
DA:207,1
DA:209,0
DA:213,1
DA:214,1
DA:215,1
DA:229,1
DA:230,1
DA:232,0
DA:236,1
DA:237,1
DA:238,1
DA:239,1
DA:240,1
DA:241,1
DA:252,1
DA:253,1
DA:255,1
DA:256,1
DA:259,1
DA:265,1
DA:267,1
DA:268,1
DA:273,0
DA:274,0
DA:275,0
DA:276,0
DA:281,0
DA:284,1
DA:286,0
DA:291,1
DA:292,2
DA:293,2
DA:294,2
DA:299,2
DA:300,1
DA:304,1
DA:305,1
DA:307,1
DA:312,1
DA:313,3
DA:314,3
DA:315,2
DA:317,2
DA:318,0
DA:320,2
DA:321,0
DA:323,2
DA:324,0
DA:326,2
DA:327,2
DA:330,2
DA:345,2
DA:346,2
DA:347,2
DA:348,1
DA:350,1
DA:351,0
DA:354,1
DA:367,1
DA:369,1
DA:370,1
DA:373,1
DA:374,0
DA:375,0
DA:380,1
DA:381,1
DA:386,0
DA:387,0
DA:389,1
DA:394,1
DA:399,1
DA:400,1
DA:405,1
DA:409,1
DA:410,1
DA:411,1
DA:412,1
DA:424,1
DA:425,1
DA:426,1
DA:427,1
DA:428,1
DA:429,1
DA:431,1
DA:432,0
DA:448,0
DA:450,0
DA:455,0
DA:464,0
DA:473,0
DA:474,0
DA:484,1
DA:485,0
DA:496,0
DA:499,1
DA:503,1
DA:507,1
DA:515,1
DA:517,0
DA:522,1
DA:523,2
DA:525,2
DA:526,2
DA:527,2
DA:528,2
DA:529,2
DA:530,2
DA:531,2
DA:532,2
DA:533,2
DA:534,2
DA:536,2
DA:537,2
DA:542,2
DA:543,1
DA:545,1
DA:550,1
DA:552,1
DA:553,1
DA:554,1
DA:555,1
DA:562,0
DA:564,1
DA:565,0
DA:567,1
DA:568,0
DA:571,1
DA:572,1
DA:573,1
DA:574,1
DA:578,1
DA:597,1
DA:598,1
DA:599,1
DA:600,0
DA:602,1
DA:603,0
DA:606,1
DA:613,1
DA:614,1
DA:616,1
DA:617,0
DA:618,0
DA:619,1
DA:620,1
DA:621,1
DA:622,1
DA:625,1
DA:628,1
DA:633,1
DA:634,1
DA:636,1
DA:641,1
DA:642,2
DA:643,2
DA:644,2
DA:649,2
DA:650,1
DA:652,1
DA:657,1
DA:658,2
DA:660,2
DA:661,2
DA:662,2
DA:665,2
DA:676,2
DA:679,1
DA:686,1
DA:688,0
DA:691,1
DA:693,1
DA:694,1
DA:700,1
DA:703,0
DA:712,0
DA:715,1
DA:717,1
DA:718,1
DA:723,1
DA:724,2
DA:725,2
DA:726,2
DA:729,2
DA:735,2
DA:738,1
DA:756,1
DA:759,1
DA:763,1
DA:764,1
DA:767,1
DA:779,1
DA:780,1
DA:781,0
DA:782,0
DA:795,1
DA:796,0
DA:798,1
DA:800,1
DA:805,1
DA:806,1
DA:807,1
DA:808,1
DA:810,1
DA:816,1
DA:818,1
DA:819,0
DA:820,0
DA:822,0
DA:825,1
DA:826,0
DA:831,0
DA:834,1
DA:836,0
DA:837,0
DA:842,1
DA:843,1
DA:844,1
DA:845,1
DA:848,1
DA:855,1
DA:860,1
DA:862,1
DA:864,0
DA:868,1
DA:871,1
DA:872,1
DA:875,1
DA:876,1
DA:877,1
DA:880,1
DA:881,0
DA:885,1
DA:888,1
DA:891,1
DA:892,1
DA:895,1
DA:896,0
DA:901,0
DA:904,1
DA:906,0
DA:907,0
DA:911,1
LF:313
LH:254
BRDA:45,0,0,1
BRDA:45,0,1,2
BRDA:46,1,0,2
BRDA:46,1,1,2
BRDA:47,2,0,2
BRDA:47,2,1,0
BRDA:47,3,0,2
BRDA:47,3,1,2
BRDA:48,4,0,2
BRDA:48,4,1,0
BRDA:53,5,0,0
BRDA:53,5,1,3
BRDA:58,6,0,3
BRDA:58,6,1,3
BRDA:63,7,0,0
BRDA:63,7,1,0
BRDA:63,7,2,0
BRDA:66,8,0,3
BRDA:66,8,1,3
BRDA:68,9,0,0
BRDA:68,9,1,0
BRDA:73,10,0,0
BRDA:73,10,1,3
BRDA:74,11,0,0
BRDA:74,11,1,3
BRDA:75,12,0,0
BRDA:75,12,1,3
BRDA:80,13,0,3
BRDA:80,13,1,0
BRDA:82,14,0,3
BRDA:82,14,1,3
BRDA:84,15,0,3
BRDA:84,15,1,3
BRDA:85,16,0,3
BRDA:85,16,1,3
BRDA:86,17,0,3
BRDA:86,17,1,3
BRDA:87,18,0,0
BRDA:87,18,1,3
BRDA:89,19,0,0
BRDA:89,19,1,0
BRDA:90,20,0,0
BRDA:90,20,1,0
BRDA:90,20,2,0
BRDA:91,21,0,0
BRDA:91,21,1,0
BRDA:92,22,0,0
BRDA:92,22,1,0
BRDA:93,23,0,0
BRDA:93,23,1,0
BRDA:106,24,0,3
BRDA:106,24,1,3
BRDA:107,25,0,3
BRDA:107,25,1,3
BRDA:110,26,0,3
BRDA:110,26,1,3
BRDA:111,27,0,0
BRDA:111,27,1,3
BRDA:129,28,0,0
BRDA:129,28,1,0
BRDA:143,29,0,2
BRDA:143,29,1,0
BRDA:146,30,0,2
BRDA:153,31,0,0
BRDA:153,31,1,2
BRDA:162,32,0,0
BRDA:162,32,1,2
BRDA:163,33,0,0
BRDA:163,33,1,2
BRDA:164,34,0,0
BRDA:164,34,1,2
BRDA:168,35,0,2
BRDA:168,35,1,0
BRDA:169,36,0,0
BRDA:169,36,1,2
BRDA:169,37,0,2
BRDA:169,37,1,2
BRDA:169,37,2,2
BRDA:173,38,0,2
BRDA:173,38,1,0
BRDA:174,39,0,2
BRDA:174,39,1,0
BRDA:175,40,0,0
BRDA:175,40,1,2
BRDA:175,41,0,2
BRDA:175,41,1,2
BRDA:191,42,0,1
BRDA:191,42,1,1
BRDA:206,43,0,0
BRDA:206,43,1,1
BRDA:229,44,0,0
BRDA:229,44,1,1
BRDA:230,45,0,1
BRDA:230,45,1,0
BRDA:245,46,0,1
BRDA:245,46,1,0
BRDA:246,47,0,1
BRDA:246,47,1,0
BRDA:247,48,0,1
BRDA:247,48,1,0
BRDA:247,49,0,1
BRDA:247,49,1,0
BRDA:252,50,0,0
BRDA:252,50,1,1
BRDA:253,51,0,0
BRDA:253,51,1,1
BRDA:255,52,0,1
BRDA:255,52,1,0
BRDA:255,53,0,1
BRDA:255,53,1,1
BRDA:256,54,0,1
BRDA:256,54,1,0
BRDA:265,55,0,0
BRDA:265,55,1,1
BRDA:267,56,0,1
BRDA:267,56,1,0
BRDA:267,57,0,1
BRDA:267,57,1,1
BRDA:274,58,0,0
BRDA:274,58,1,0
BRDA:274,59,0,0
BRDA:274,59,1,0
BRDA:275,60,0,0
BRDA:275,60,1,0
BRDA:299,61,0,1
BRDA:299,61,1,1
BRDA:304,62,0,0
BRDA:304,62,1,1
BRDA:317,63,0,0
BRDA:317,63,1,2
BRDA:317,64,0,2
BRDA:317,64,1,2
BRDA:320,65,0,0
BRDA:320,65,1,2
BRDA:320,66,0,2
BRDA:320,66,1,2
BRDA:323,67,0,0
BRDA:323,67,1,2
BRDA:323,68,0,2
BRDA:323,68,1,0
BRDA:326,69,0,2
BRDA:326,69,1,0
BRDA:331,70,0,2
BRDA:331,70,1,0
BRDA:345,71,0,0
BRDA:345,71,1,2
BRDA:346,72,0,0
BRDA:346,72,1,2
BRDA:347,73,0,1
BRDA:347,73,1,1
BRDA:350,74,0,0
BRDA:350,74,1,1
BRDA:362,75,0,1
BRDA:362,75,1,0
BRDA:367,76,0,0
BRDA:367,76,1,1
BRDA:369,77,0,1
BRDA:369,77,1,0
BRDA:369,78,0,1
BRDA:369,78,1,1
BRDA:373,79,0,0
BRDA:373,79,1,1
BRDA:383,80,0,1
BRDA:383,80,1,0
BRDA:399,81,0,0
BRDA:399,81,1,1
BRDA:424,82,0,0
BRDA:424,82,1,1
BRDA:425,83,0,0
BRDA:425,83,1,1
BRDA:428,84,0,0
BRDA:428,84,1,1
BRDA:429,85,0,0
BRDA:429,85,1,1
BRDA:431,86,0,0
BRDA:431,86,1,1
BRDA:448,87,0,0
BRDA:448,87,1,0
BRDA:484,88,0,0
BRDA:484,88,1,1
BRDA:496,89,0,0
BRDA:496,89,1,0
BRDA:501,90,0,1
BRDA:501,90,1,0
BRDA:528,91,0,0
BRDA:528,91,1,2
BRDA:529,92,0,0
BRDA:529,92,1,2
BRDA:530,93,0,2
BRDA:530,93,1,0
BRDA:531,94,0,0
BRDA:531,94,1,2
BRDA:532,95,0,0
BRDA:532,95,1,2
BRDA:533,96,0,0
BRDA:533,96,1,2
BRDA:534,97,0,0
BRDA:534,97,1,2
BRDA:542,98,0,1
BRDA:542,98,1,1
BRDA:543,99,0,0
BRDA:543,99,1,1
BRDA:550,100,0,0
BRDA:550,100,1,1
BRDA:552,101,0,1
BRDA:552,101,1,0
BRDA:553,102,0,1
BRDA:553,102,1,1
BRDA:554,103,0,1
BRDA:554,103,1,0
BRDA:555,104,0,0
BRDA:555,104,1,1
BRDA:556,105,0,1
BRDA:556,105,1,0
BRDA:556,105,2,0
BRDA:564,106,0,0
BRDA:564,106,1,1
BRDA:564,107,0,1
BRDA:564,107,1,0
BRDA:567,108,0,0
BRDA:567,108,1,1
BRDA:567,109,0,1
BRDA:567,109,1,0
BRDA:571,110,0,1
BRDA:571,110,1,1
BRDA:572,111,0,1
BRDA:572,111,1,1
BRDA:573,112,0,1
BRDA:573,112,1,1
BRDA:574,113,0,0
BRDA:574,113,1,1
BRDA:574,114,0,1
BRDA:574,114,1,0
BRDA:579,115,0,0
BRDA:579,115,1,1
BRDA:579,116,0,1
BRDA:579,116,1,1
BRDA:588,117,0,0
BRDA:588,117,1,1
BRDA:597,118,0,0
BRDA:597,118,1,1
BRDA:598,119,0,0
BRDA:598,119,1,1
BRDA:599,120,0,0
BRDA:599,120,1,1
BRDA:602,121,0,0
BRDA:602,121,1,1
BRDA:613,122,0,0
BRDA:613,122,1,1
BRDA:614,123,0,0
BRDA:614,123,1,1
BRDA:616,124,0,0
BRDA:616,124,1,1
BRDA:618,125,0,0
BRDA:618,125,1,0
BRDA:619,126,0,1
BRDA:619,126,1,0
BRDA:619,127,0,1
BRDA:619,127,1,1
BRDA:621,128,0,0
BRDA:621,128,1,1
BRDA:625,129,0,0
BRDA:625,129,1,1
BRDA:633,130,0,0
BRDA:633,130,1,1
BRDA:649,131,0,1
BRDA:649,131,1,1
BRDA:676,132,0,1
BRDA:676,132,1,1
BRDA:686,133,0,0
BRDA:686,133,1,1
BRDA:686,134,0,1
BRDA:686,134,1,0
BRDA:691,135,0,1
BRDA:691,135,1,0
BRDA:700,136,0,0
BRDA:700,136,1,1
BRDA:712,137,0,0
BRDA:712,137,1,0
BRDA:717,138,0,0
BRDA:717,138,1,1
BRDA:735,139,0,1
BRDA:735,139,1,1
BRDA:756,140,0,0
BRDA:756,140,1,1
BRDA:764,141,0,1
BRDA:764,141,1,0
BRDA:767,142,0,1
BRDA:767,142,1,0
BRDA:770,143,0,0
BRDA:770,143,1,0
BRDA:773,144,0,0
BRDA:773,144,1,0
BRDA:774,145,0,0
BRDA:774,145,1,0
BRDA:780,146,0,1
BRDA:780,146,1,0
BRDA:781,147,0,0
BRDA:781,147,1,0
BRDA:784,148,0,0
BRDA:784,148,1,0
BRDA:785,149,0,0
BRDA:785,149,1,0
BRDA:788,150,0,0
BRDA:788,150,1,0
BRDA:818,151,0,0
BRDA:818,151,1,1
BRDA:819,152,0,0
BRDA:819,152,1,0
BRDA:825,153,0,0
BRDA:825,153,1,1
BRDA:860,154,0,1
BRDA:860,154,1,0
BRDA:862,155,0,0
BRDA:862,155,1,1
BRDA:880,156,0,0
BRDA:880,156,1,1
BRDA:892,157,0,0
BRDA:892,157,1,1
BRDA:895,158,0,0
BRDA:895,158,1,1
BRDA:907,159,0,0
BRDA:907,159,1,0
BRF:323
BRH:169
end_of_record
TN:
SF:src\routes\convenios.js
FN:19,(anonymous_0)
FN:22,(anonymous_1)
FN:31,(anonymous_2)
FN:45,(anonymous_3)
FN:63,(anonymous_4)
FN:78,(anonymous_5)
FN:86,(anonymous_6)
FN:98,(anonymous_7)
FN:130,(anonymous_8)
FN:193,(anonymous_9)
FN:205,(anonymous_10)
FN:231,(anonymous_11)
FN:261,(anonymous_12)
FN:291,(anonymous_13)
FN:302,(anonymous_14)
FN:314,(anonymous_15)
FN:335,(anonymous_16)
FN:363,(anonymous_17)
FN:391,(anonymous_18)
FN:405,(anonymous_19)
FN:419,(anonymous_20)
FN:420,(anonymous_21)
FN:424,(anonymous_22)
FN:451,(anonymous_23)
FN:453,(anonymous_24)
FN:465,(anonymous_25)
FNF:26
FNH:24
FNDA:1,(anonymous_0)
FNDA:1,(anonymous_1)
FNDA:1,(anonymous_2)
FNDA:5,(anonymous_3)
FNDA:2,(anonymous_4)
FNDA:1,(anonymous_5)
FNDA:1,(anonymous_6)
FNDA:3,(anonymous_7)
FNDA:2,(anonymous_8)
FNDA:1,(anonymous_9)
FNDA:3,(anonymous_10)
FNDA:4,(anonymous_11)
FNDA:4,(anonymous_12)
FNDA:1,(anonymous_13)
FNDA:1,(anonymous_14)
FNDA:2,(anonymous_15)
FNDA:6,(anonymous_16)
FNDA:2,(anonymous_17)
FNDA:2,(anonymous_18)
FNDA:2,(anonymous_19)
FNDA:2,(anonymous_20)
FNDA:0,(anonymous_21)
FNDA:0,(anonymous_22)
FNDA:4,(anonymous_23)
FNDA:21,(anonymous_24)
FNDA:1,(anonymous_25)
DA:1,2
DA:2,2
DA:3,2
DA:4,2
DA:5,2
DA:6,2
DA:7,2
DA:9,2
DA:10,2
DA:13,2
DA:14,2
DA:15,0
DA:18,2
DA:20,1
DA:23,1
DA:24,1
DA:28,2
DA:32,1
DA:33,1
DA:34,1
DA:35,1
DA:36,0
DA:40,2
DA:41,2
DA:42,2
DA:45,5
DA:63,2
DA:64,2
DA:65,2
DA:66,2
DA:70,2
DA:71,1
DA:73,1
DA:78,2
DA:79,1
DA:80,1
DA:81,1
DA:85,1
DA:86,1
DA:93,0
DA:98,2
DA:99,3
DA:100,3
DA:101,3
DA:102,3
DA:105,3
DA:111,3
DA:113,3
DA:114,3
DA:115,1
DA:118,2
DA:119,2
DA:120,2
DA:121,1
DA:122,1
DA:123,1
DA:125,0
DA:130,2
DA:131,2
DA:132,2
DA:134,2
DA:135,2
DA:138,2
DA:144,2
DA:146,2
DA:147,2
DA:148,0
DA:152,2
DA:165,2
DA:166,1
DA:167,0
DA:171,1
DA:179,1
DA:181,1
DA:188,0
DA:193,2
DA:194,1
DA:195,1
DA:196,1
DA:197,1
DA:198,1
DA:200,0
DA:205,2
DA:206,3
DA:208,3
DA:209,1
DA:212,2
DA:213,1
DA:216,1
DA:217,1
DA:218,1
DA:223,1
DA:224,1
DA:226,0
DA:231,2
DA:232,4
DA:233,4
DA:234,4
DA:236,4
DA:237,4
DA:238,1
DA:239,1
DA:241,0
DA:243,3
DA:244,3
DA:245,3
DA:246,3
DA:248,3
DA:249,2
DA:250,1
DA:253,2
DA:254,2
DA:257,2
DA:258,1
DA:259,1
DA:261,4
DA:262,1
DA:263,1
DA:264,1
DA:265,1
DA:267,1
DA:269,1
DA:275,1
DA:277,1
DA:282,2
DA:283,2
DA:284,2
DA:286,0
DA:291,2
DA:292,1
DA:293,1
DA:294,1
DA:300,1
DA:302,1
DA:307,1
DA:309,0
DA:314,2
DA:315,2
DA:317,1
DA:318,1
DA:319,1
DA:320,1
DA:327,1
DA:328,1
DA:330,0
DA:335,2
DA:336,6
DA:337,6
DA:339,6
DA:340,4
DA:341,1
DA:343,3
DA:344,3
DA:345,1
DA:347,2
DA:348,1
DA:352,3
DA:353,3
DA:356,3
DA:361,3
DA:363,3
DA:365,3
DA:366,1
DA:370,2
DA:382,2
DA:383,2
DA:385,2
DA:386,2
DA:389,2
DA:391,2
DA:392,2
DA:393,2
DA:394,2
DA:396,2
DA:397,2
DA:405,2
DA:406,2
DA:407,2
DA:408,2
DA:417,2
DA:419,2
DA:420,2
DA:424,2
DA:426,2
DA:428,0
DA:434,2
DA:440,2
DA:451,2
DA:452,4
DA:453,21
DA:455,1
DA:465,2
DA:466,1
DA:467,1
DA:468,1
DA:471,2
DA:473,2
LF:197
LH:183
BRDA:14,0,0,0
BRDA:14,0,1,2
BRDA:35,1,0,1
BRDA:35,1,1,0
BRDA:35,2,0,1
BRDA:35,2,1,1
BRDA:49,3,0,5
BRDA:49,3,1,5
BRDA:50,4,0,5
BRDA:50,4,1,5
BRDA:51,5,0,5
BRDA:51,5,1,5
BRDA:55,6,0,5
BRDA:55,6,1,0
BRDA:56,7,0,5
BRDA:56,7,1,5
BRDA:57,8,0,5
BRDA:57,8,1,4
BRDA:59,9,0,0
BRDA:59,9,1,5
BRDA:70,10,0,1
BRDA:70,10,1,1
BRDA:85,11,0,0
BRDA:85,11,1,1
BRDA:111,12,0,0
BRDA:111,12,1,3
BRDA:111,13,0,3
BRDA:111,13,1,3
BRDA:113,14,0,3
BRDA:113,14,1,0
BRDA:114,15,0,1
BRDA:114,15,1,2
BRDA:119,16,0,0
BRDA:119,16,1,2
BRDA:119,17,0,2
BRDA:119,17,1,2
BRDA:120,18,0,1
BRDA:120,18,1,1
BRDA:122,19,0,0
BRDA:122,19,1,1
BRDA:144,20,0,0
BRDA:144,20,1,2
BRDA:144,21,0,2
BRDA:144,21,1,2
BRDA:146,22,0,2
BRDA:146,22,1,0
BRDA:147,23,0,0
BRDA:147,23,1,2
BRDA:165,24,0,1
BRDA:165,24,1,1
BRDA:166,25,0,1
BRDA:166,25,1,0
BRDA:179,26,0,0
BRDA:179,26,1,1
BRDA:197,27,0,0
BRDA:197,27,1,1
BRDA:208,28,0,1
BRDA:208,28,1,2
BRDA:208,29,0,3
BRDA:208,29,1,2
BRDA:212,30,0,1
BRDA:212,30,1,1
BRDA:212,31,0,2
BRDA:212,31,1,2
BRDA:212,31,2,2
BRDA:220,32,0,1
BRDA:220,32,1,1
BRDA:223,33,0,0
BRDA:223,33,1,1
BRDA:236,34,0,0
BRDA:236,34,1,4
BRDA:237,35,0,1
BRDA:237,35,1,3
BRDA:238,36,0,1
BRDA:238,36,1,0
BRDA:238,37,0,1
BRDA:238,37,1,1
BRDA:243,38,0,1
BRDA:243,38,1,2
BRDA:244,39,0,1
BRDA:244,39,1,2
BRDA:245,40,0,1
BRDA:245,40,1,2
BRDA:246,41,0,0
BRDA:246,41,1,3
BRDA:248,42,0,2
BRDA:248,42,1,1
BRDA:249,43,0,1
BRDA:249,43,1,1
BRDA:257,44,0,1
BRDA:257,44,1,1
BRDA:257,45,0,2
BRDA:257,45,1,1
BRDA:259,46,0,1
BRDA:259,46,1,0
BRDA:261,47,0,4
BRDA:261,47,1,0
BRDA:267,48,0,1
BRDA:267,48,1,0
BRDA:267,49,0,1
BRDA:267,49,1,1
BRDA:267,49,2,0
BRDA:267,49,3,0
BRDA:275,50,0,0
BRDA:275,50,1,1
BRDA:283,51,0,0
BRDA:283,51,1,2
BRDA:300,52,0,0
BRDA:300,52,1,1
BRDA:304,53,0,0
BRDA:304,53,1,1
BRDA:315,54,0,1
BRDA:315,54,1,1
BRDA:327,55,0,0
BRDA:327,55,1,1
BRDA:339,56,0,4
BRDA:339,56,1,2
BRDA:339,57,0,6
BRDA:339,57,1,2
BRDA:340,58,0,1
BRDA:340,58,1,3
BRDA:340,59,0,4
BRDA:340,59,1,4
BRDA:344,60,0,1
BRDA:344,60,1,2
BRDA:344,61,0,3
BRDA:344,61,1,2
BRDA:347,62,0,1
BRDA:347,62,1,1
BRDA:361,63,0,0
BRDA:361,63,1,3
BRDA:365,64,0,1
BRDA:365,64,1,2
BRDA:382,65,0,1
BRDA:382,65,1,1
BRDA:383,66,0,1
BRDA:383,66,1,1
BRDA:386,67,0,0
BRDA:386,67,1,2
BRDA:391,68,0,2
BRDA:391,68,1,0
BRDA:393,69,0,0
BRDA:393,69,1,2
BRDA:396,70,0,2
BRDA:396,70,1,0
BRDA:405,71,0,2
BRDA:405,71,1,0
BRDA:410,72,0,2
BRDA:410,72,1,0
BRDA:453,73,0,3
BRDA:453,73,1,6
BRDA:466,74,0,1
BRDA:466,74,1,0
BRF:153
BRH:116
end_of_record
TN:
SF:src\routes\empleados.js
FN:8,(anonymous_0)
FN:37,(anonymous_1)
FN:52,(anonymous_2)
FN:54,(anonymous_3)
FN:120,(anonymous_4)
FN:137,(anonymous_5)
FN:166,(anonymous_6)
FN:192,(anonymous_7)
FN:218,(anonymous_8)
FN:243,(anonymous_9)
FN:275,(anonymous_10)
FN:291,(anonymous_11)
FNF:12
FNH:1
FNDA:1,(anonymous_0)
FNDA:0,(anonymous_1)
FNDA:0,(anonymous_2)
FNDA:0,(anonymous_3)
FNDA:0,(anonymous_4)
FNDA:0,(anonymous_5)
FNDA:0,(anonymous_6)
FNDA:0,(anonymous_7)
FNDA:0,(anonymous_8)
FNDA:0,(anonymous_9)
FNDA:0,(anonymous_10)
FNDA:0,(anonymous_11)
DA:1,1
DA:2,1
DA:3,1
DA:4,1
DA:5,1
DA:8,1
DA:9,1
DA:10,1
DA:12,1
DA:29,1
DA:30,1
DA:32,0
DA:37,1
DA:38,0
DA:39,0
DA:40,0
DA:41,0
DA:44,0
DA:49,0
DA:51,0
DA:52,0
DA:53,0
DA:54,0
DA:55,0
DA:59,0
DA:61,0
DA:74,0
DA:77,0
DA:105,0
DA:106,0
DA:107,0
DA:110,0
DA:112,0
DA:120,1
DA:121,0
DA:122,0
DA:123,0
DA:129,0
DA:130,0
DA:132,0
DA:137,1
DA:138,0
DA:139,0
DA:140,0
DA:141,0
DA:153,0
DA:155,0
DA:159,0
DA:161,0
DA:166,1
DA:167,0
DA:168,0
DA:171,0
DA:175,0
DA:176,0
DA:179,0
DA:180,0
DA:184,0
DA:185,0
DA:187,0
DA:192,1
DA:193,0
DA:194,0
DA:196,0
DA:202,0
DA:203,0
DA:207,0
DA:209,0
DA:211,0
DA:213,0
DA:218,1
DA:219,0
DA:220,0
DA:221,0
DA:222,0
DA:229,0
DA:232,0
DA:236,0
DA:238,0
DA:243,1
DA:244,0
DA:245,0
DA:246,0
DA:247,0
DA:260,0
DA:263,0
DA:264,0
DA:268,0
DA:270,0
DA:275,1
DA:276,0
DA:277,0
DA:278,0
DA:279,0
DA:283,0
DA:284,0
DA:286,0
DA:291,1
DA:292,0
DA:293,0
DA:294,0
DA:295,0
DA:299,0
DA:300,0
DA:302,0
DA:306,1
LF:106
LH:21
BRDA:29,0,0,0
BRDA:29,0,1,1
BRDA:49,1,0,0
BRDA:49,1,1,0
BRDA:51,2,0,0
BRDA:51,2,1,0
BRDA:51,3,0,0
BRDA:51,3,1,0
BRDA:53,4,0,0
BRDA:53,4,1,0
BRDA:55,5,0,0
BRDA:55,5,1,0
BRDA:59,6,0,0
BRDA:59,6,1,0
BRDA:59,7,0,0
BRDA:59,7,1,0
BRDA:74,8,0,0
BRDA:74,8,1,0
BRDA:105,9,0,0
BRDA:105,9,1,0
BRDA:129,10,0,0
BRDA:129,10,1,0
BRDA:153,11,0,0
BRDA:153,11,1,0
BRDA:175,12,0,0
BRDA:175,12,1,0
BRDA:184,13,0,0
BRDA:184,13,1,0
BRDA:202,14,0,0
BRDA:202,14,1,0
BRDA:202,15,0,0
BRDA:202,15,1,0
BRDA:209,16,0,0
BRDA:209,16,1,0
BRDA:229,17,0,0
BRDA:229,17,1,0
BRDA:260,18,0,0
BRDA:260,18,1,0
BRDA:263,19,0,0
BRDA:263,19,1,0
BRDA:263,20,0,0
BRDA:263,20,1,0
BRDA:283,21,0,0
BRDA:283,21,1,0
BRDA:299,22,0,0
BRDA:299,22,1,0
BRF:46
BRH:1
end_of_record
TN:
SF:src\routes\menu.js
FN:20,(anonymous_0)
FN:22,(anonymous_1)
FN:25,(anonymous_2)
FN:32,(anonymous_3)
FN:40,(anonymous_4)
FN:51,(anonymous_5)
FN:69,(anonymous_6)
FN:71,(anonymous_7)
FN:74,(anonymous_8)
FN:110,(anonymous_9)
FN:112,(anonymous_10)
FN:118,(anonymous_11)
FN:131,(anonymous_12)
FN:168,(anonymous_13)
FN:210,(anonymous_14)
FN:216,(anonymous_15)
FN:227,(anonymous_16)
FN:240,(anonymous_17)
FN:283,(anonymous_18)
FN:315,(anonymous_19)
FN:318,(anonymous_20)
FN:327,(anonymous_21)
FN:342,(anonymous_22)
FN:351,(anonymous_23)
FN:352,(anonymous_24)
FN:368,(anonymous_25)
FN:394,(anonymous_26)
FN:399,(anonymous_27)
FN:419,(anonymous_28)
FN:425,(anonymous_29)
FN:439,(anonymous_30)
FN:452,(anonymous_31)
FN:471,(anonymous_32)
FN:475,(anonymous_33)
FN:487,(anonymous_34)
FN:504,(anonymous_35)
FN:567,(anonymous_36)
FN:599,(anonymous_37)
FN:671,(anonymous_38)
FN:672,(anonymous_39)
FN:686,(anonymous_40)
FN:755,(anonymous_41)
FN:760,(anonymous_42)
FN:763,(anonymous_43)
FN:764,(anonymous_44)
FN:766,(anonymous_45)
FN:767,(anonymous_46)
FN:768,(anonymous_47)
FN:769,(anonymous_48)
FN:773,(anonymous_49)
FNF:50
FNH:34
FNDA:47,(anonymous_0)
FNDA:47,(anonymous_1)
FNDA:30,(anonymous_2)
FNDA:3,(anonymous_3)
FNDA:11,(anonymous_4)
FNDA:3,(anonymous_5)
FNDA:1,(anonymous_6)
FNDA:0,(anonymous_7)
FNDA:1,(anonymous_8)
FNDA:5,(anonymous_9)
FNDA:0,(anonymous_10)
FNDA:0,(anonymous_11)
FNDA:0,(anonymous_12)
FNDA:1,(anonymous_13)
FNDA:0,(anonymous_14)
FNDA:5,(anonymous_15)
FNDA:1,(anonymous_16)
FNDA:1,(anonymous_17)
FNDA:2,(anonymous_18)
FNDA:0,(anonymous_19)
FNDA:9,(anonymous_20)
FNDA:7,(anonymous_21)
FNDA:6,(anonymous_22)
FNDA:2,(anonymous_23)
FNDA:1,(anonymous_24)
FNDA:2,(anonymous_25)
FNDA:1,(anonymous_26)
FNDA:2,(anonymous_27)
FNDA:1,(anonymous_28)
FNDA:1,(anonymous_29)
FNDA:0,(anonymous_30)
FNDA:1,(anonymous_31)
FNDA:2,(anonymous_32)
FNDA:1,(anonymous_33)
FNDA:0,(anonymous_34)
FNDA:5,(anonymous_35)
FNDA:0,(anonymous_36)
FNDA:3,(anonymous_37)
FNDA:0,(anonymous_38)
FNDA:0,(anonymous_39)
FNDA:0,(anonymous_40)
FNDA:0,(anonymous_41)
FNDA:2,(anonymous_42)
FNDA:4,(anonymous_43)
FNDA:4,(anonymous_44)
FNDA:2,(anonymous_45)
FNDA:0,(anonymous_46)
FNDA:0,(anonymous_47)
FNDA:2,(anonymous_48)
FNDA:0,(anonymous_49)
DA:1,1
DA:2,1
DA:3,1
DA:4,1
DA:5,1
DA:6,1
DA:7,1
DA:8,1
DA:9,1
DA:11,1
DA:13,1
DA:14,1
DA:15,1
DA:16,1
DA:17,1
DA:18,1
DA:20,1
DA:21,47
DA:22,47
DA:25,1
DA:26,30
DA:32,1
DA:33,3
DA:40,1
DA:41,11
DA:42,11
DA:43,11
DA:44,27
DA:45,27
DA:48,11
DA:51,1
DA:52,3
DA:53,3
DA:54,3
DA:55,9
DA:57,3
DA:58,9
DA:59,9
DA:60,9
DA:61,6
DA:62,3
DA:63,3
DA:64,3
DA:66,3
DA:69,1
DA:70,1
DA:71,0
DA:74,1
DA:75,1
DA:76,1
DA:78,1
DA:79,0
DA:80,0
DA:81,0
DA:85,1
DA:86,1
DA:88,0
DA:89,0
DA:90,0
DA:93,1
DA:94,0
DA:95,0
DA:96,0
DA:97,0
DA:100,0
DA:101,0
DA:102,0
DA:103,0
DA:107,1
DA:110,5
DA:112,1
DA:113,0
DA:114,0
DA:115,0
DA:118,1
DA:119,0
DA:121,0
DA:124,0
DA:128,0
DA:131,1
DA:132,0
DA:133,0
DA:134,0
DA:135,0
DA:136,0
DA:138,0
DA:139,0
DA:141,0
DA:144,0
DA:150,0
DA:159,0
DA:163,0
DA:164,0
DA:168,1
DA:169,1
DA:170,0
DA:171,0
DA:172,0
DA:173,0
DA:174,0
DA:177,0
DA:178,0
DA:179,0
DA:180,0
DA:181,0
DA:184,0
DA:185,0
DA:186,0
DA:187,0
DA:188,0
DA:189,0
DA:190,0
DA:192,0
DA:193,0
DA:195,0
DA:197,0
DA:202,0
DA:203,0
DA:206,0
DA:207,0
DA:210,1
DA:211,0
DA:212,0
DA:213,0
DA:216,1
DA:217,5
DA:223,5
DA:224,5
DA:227,1
DA:228,1
DA:229,1
DA:240,1
DA:241,1
DA:242,1
DA:253,1
DA:255,1
DA:270,1
DA:273,1
DA:283,1
DA:284,2
DA:286,2
DA:287,3
DA:288,1
DA:289,1
DA:300,3
DA:301,3
DA:303,3
DA:304,3
DA:305,3
DA:306,3
DA:307,3
DA:308,3
DA:309,3
DA:310,3
DA:311,3
DA:315,2
DA:318,1
DA:319,9
DA:323,9
DA:324,9
DA:327,1
DA:328,7
DA:329,7
DA:330,21
DA:332,7
DA:333,7
DA:334,7
DA:335,15
DA:336,15
DA:337,15
DA:339,7
DA:342,1
DA:343,6
DA:348,6
DA:351,1
DA:352,2
DA:353,1
DA:354,1
DA:368,1
DA:369,2
DA:375,2
DA:377,2
DA:378,2
DA:380,2
DA:382,2
DA:385,2
DA:386,2
DA:387,2
DA:390,2
DA:391,2
DA:394,1
DA:395,1
DA:396,1
DA:399,1
DA:400,2
DA:402,2
DA:403,6
DA:404,6
DA:408,2
DA:414,2
DA:416,2
DA:419,1
DA:420,1
DA:421,1
DA:422,1
DA:425,1
DA:426,1
DA:427,1
DA:428,0
DA:431,1
DA:432,1
DA:433,0
DA:436,1
DA:439,1
DA:440,0
DA:441,0
DA:442,0
DA:443,0
DA:445,0
DA:446,0
DA:450,1
DA:452,1
DA:453,1
DA:454,1
DA:455,1
DA:456,1
DA:458,1
DA:459,1
DA:461,1
DA:463,0
DA:464,0
DA:468,1
DA:469,1
DA:471,1
DA:472,2
DA:475,1
DA:476,1
DA:477,1
DA:478,1
DA:479,1
DA:480,1
DA:482,0
DA:483,0
DA:487,1
DA:488,0
DA:489,0
DA:490,0
DA:491,0
DA:492,0
DA:495,0
DA:496,0
DA:497,0
DA:499,0
DA:500,0
DA:504,1
DA:507,5
DA:508,5
DA:509,5
DA:510,5
DA:512,4
DA:513,4
DA:514,4
DA:515,4
DA:517,4
DA:518,1
DA:523,3
DA:529,3
DA:530,1
DA:536,2
DA:537,2
DA:538,1
DA:544,1
DA:545,1
DA:548,1
DA:549,1
DA:550,1
DA:552,1
DA:553,0
DA:556,1
DA:558,0
DA:559,0
DA:561,0
DA:562,0
DA:563,0
DA:567,1
DA:568,0
DA:569,0
DA:570,0
DA:572,0
DA:573,0
DA:574,0
DA:576,0
DA:577,0
DA:578,0
DA:581,0
DA:590,0
DA:592,0
DA:593,0
DA:597,1
DA:599,1
DA:602,3
DA:603,3
DA:604,3
DA:605,3
DA:606,3
DA:607,3
DA:608,3
DA:610,3
DA:611,1
DA:616,2
DA:617,2
DA:623,2
DA:624,2
DA:625,2
DA:627,2
DA:628,1
DA:634,1
DA:637,1
DA:638,1
DA:639,1
DA:640,1
DA:641,1
DA:642,1
DA:643,1
DA:644,1
DA:646,1
DA:647,1
DA:657,1
DA:658,1
DA:659,1
DA:660,1
DA:662,1
DA:670,1
DA:671,0
DA:672,0
DA:674,0
DA:679,0
DA:680,0
DA:685,0
DA:686,0
DA:692,1
DA:715,1
DA:716,1
DA:717,0
DA:721,1
DA:731,1
DA:732,0
DA:735,1
DA:744,0
DA:745,0
DA:747,0
DA:748,0
DA:749,0
DA:755,1
DA:756,0
DA:757,0
DA:760,1
DA:761,2
DA:762,2
DA:763,4
DA:764,4
DA:765,2
DA:766,2
DA:767,2
DA:768,2
DA:769,2
DA:773,1
DA:774,0
DA:775,0
DA:777,0
DA:778,0
DA:779,0
DA:781,0
DA:782,0
DA:783,0
DA:784,0
DA:786,0
DA:787,0
DA:792,0
DA:793,0
DA:797,0
DA:800,1
DA:801,1
LF:383
LH:249
BRDA:21,0,0,0
BRDA:21,0,1,47
BRDA:22,1,0,47
BRDA:22,1,1,0
BRDA:26,2,0,30
BRDA:26,2,1,0
BRDA:42,3,0,11
BRDA:42,3,1,0
BRDA:42,4,0,11
BRDA:42,4,1,11
BRDA:45,5,0,27
BRDA:45,5,1,0
BRDA:58,6,0,9
BRDA:58,6,1,0
BRDA:59,7,0,0
BRDA:59,7,1,9
BRDA:60,8,0,3
BRDA:60,8,1,6
BRDA:61,9,0,3
BRDA:61,9,1,3
BRDA:61,10,0,6
BRDA:61,10,1,3
BRDA:62,11,0,0
BRDA:62,11,1,3
BRDA:63,12,0,0
BRDA:63,12,1,3
BRDA:64,13,0,3
BRDA:64,13,1,0
BRDA:64,14,0,3
BRDA:64,14,1,0
BRDA:64,14,2,0
BRDA:70,15,0,1
BRDA:70,15,1,0
BRDA:71,16,0,0
BRDA:71,16,1,0
BRDA:75,17,0,1
BRDA:75,17,1,0
BRDA:76,18,0,1
BRDA:76,18,1,0
BRDA:76,19,0,0
BRDA:76,19,1,0
BRDA:78,20,0,0
BRDA:78,20,1,1
BRDA:93,21,0,0
BRDA:93,21,1,1
BRDA:94,22,0,0
BRDA:94,22,1,0
BRDA:100,23,0,0
BRDA:100,23,1,0
BRDA:110,24,0,5
BRDA:110,24,1,0
BRDA:113,25,0,0
BRDA:113,25,1,0
BRDA:114,26,0,0
BRDA:114,26,1,0
BRDA:119,27,0,0
BRDA:119,27,1,0
BRDA:119,27,2,0
BRDA:119,27,3,0
BRDA:119,27,4,0
BRDA:121,28,0,0
BRDA:121,28,1,0
BRDA:124,29,0,0
BRDA:124,29,1,0
BRDA:124,29,2,0
BRDA:128,30,0,0
BRDA:128,30,1,0
BRDA:128,30,2,0
BRDA:138,31,0,0
BRDA:138,31,1,0
BRDA:138,32,0,0
BRDA:138,32,1,0
BRDA:139,33,0,0
BRDA:139,33,1,0
BRDA:169,34,0,1
BRDA:169,34,1,0
BRDA:170,35,0,0
BRDA:170,35,1,0
BRDA:171,36,0,0
BRDA:171,36,1,0
BRDA:178,37,0,0
BRDA:178,37,1,0
BRDA:185,38,0,0
BRDA:185,38,1,0
BRDA:187,39,0,0
BRDA:187,39,1,0
BRDA:187,40,0,0
BRDA:187,40,1,0
BRDA:202,41,0,0
BRDA:202,41,1,0
BRDA:211,42,0,0
BRDA:211,42,1,0
BRDA:213,43,0,0
BRDA:213,43,1,0
BRDA:223,44,0,0
BRDA:223,44,1,5
BRDA:224,45,0,5
BRDA:224,45,1,2
BRDA:253,46,0,0
BRDA:253,46,1,1
BRDA:270,47,0,0
BRDA:270,47,1,1
BRDA:283,48,0,0
BRDA:286,49,0,2
BRDA:286,49,1,0
BRDA:287,50,0,1
BRDA:287,50,1,2
BRDA:291,51,0,1
BRDA:291,51,1,0
BRDA:292,52,0,1
BRDA:292,52,1,0
BRDA:296,53,0,1
BRDA:296,53,1,0
BRDA:301,54,0,0
BRDA:301,54,1,3
BRDA:301,55,0,3
BRDA:301,55,1,0
BRDA:303,56,0,0
BRDA:303,56,1,3
BRDA:305,57,0,3
BRDA:305,57,1,0
BRDA:306,58,0,0
BRDA:306,58,1,3
BRDA:308,59,0,0
BRDA:308,59,1,3
BRDA:309,60,0,3
BRDA:309,60,1,0
BRDA:323,61,0,0
BRDA:323,61,1,9
BRDA:324,62,0,9
BRDA:324,62,1,0
BRDA:335,63,0,15
BRDA:335,63,1,0
BRDA:336,64,0,5
BRDA:336,64,1,10
BRDA:336,65,0,15
BRDA:336,65,1,5
BRDA:337,66,0,5
BRDA:337,66,1,10
BRDA:337,67,0,15
BRDA:337,67,1,10
BRDA:337,67,2,5
BRDA:339,68,0,7
BRDA:339,68,1,5
BRDA:362,69,0,1
BRDA:362,69,1,0
BRDA:363,70,0,1
BRDA:363,70,1,0
BRDA:368,71,0,0
BRDA:368,72,0,1
BRDA:375,73,0,1
BRDA:375,73,1,1
BRDA:378,74,0,0
BRDA:378,74,1,2
BRDA:386,75,0,2
BRDA:386,75,1,0
BRDA:390,76,0,1
BRDA:390,76,1,1
BRDA:391,77,0,2
BRDA:391,77,1,0
BRDA:396,78,0,1
BRDA:396,78,1,1
BRDA:399,79,0,1
BRDA:414,80,0,0
BRDA:414,80,1,2
BRDA:416,81,0,2
BRDA:416,81,1,0
BRDA:420,82,0,1
BRDA:420,82,1,0
BRDA:421,83,0,1
BRDA:421,83,1,0
BRDA:422,84,0,1
BRDA:422,84,1,1
BRDA:427,85,0,0
BRDA:427,85,1,1
BRDA:432,86,0,0
BRDA:432,86,1,1
BRDA:446,87,0,0
BRDA:446,87,1,0
BRDA:464,88,0,0
BRDA:464,88,1,0
BRDA:483,89,0,0
BRDA:483,89,1,0
BRDA:491,90,0,0
BRDA:491,90,1,0
BRDA:496,91,0,0
BRDA:496,91,1,0
BRDA:500,92,0,0
BRDA:500,92,1,0
BRDA:510,93,0,1
BRDA:510,93,1,4
BRDA:512,94,0,4
BRDA:512,94,1,0
BRDA:517,95,0,1
BRDA:517,95,1,3
BRDA:529,96,0,1
BRDA:529,96,1,2
BRDA:529,97,0,3
BRDA:529,97,1,2
BRDA:537,98,0,1
BRDA:537,98,1,1
BRDA:537,99,0,2
BRDA:537,99,1,1
BRDA:545,100,0,0
BRDA:545,100,1,1
BRDA:547,101,0,1
BRDA:547,101,1,1
BRDA:552,102,0,0
BRDA:552,102,1,1
BRDA:558,103,0,0
BRDA:558,103,1,0
BRDA:558,104,0,0
BRDA:558,104,1,0
BRDA:558,104,2,0
BRDA:562,105,0,0
BRDA:562,105,1,0
BRDA:563,106,0,0
BRDA:563,106,1,0
BRDA:563,107,0,0
BRDA:563,107,1,0
BRDA:570,108,0,0
BRDA:570,108,1,0
BRDA:574,109,0,0
BRDA:574,109,1,0
BRDA:577,110,0,0
BRDA:577,110,1,0
BRDA:593,111,0,0
BRDA:593,111,1,0
BRDA:605,112,0,3
BRDA:605,112,1,0
BRDA:610,113,0,1
BRDA:610,113,1,2
BRDA:624,114,0,2
BRDA:624,114,1,0
BRDA:627,115,0,1
BRDA:627,115,1,1
BRDA:627,116,0,2
BRDA:627,116,1,2
BRDA:627,116,2,2
BRDA:658,117,0,1
BRDA:658,117,1,0
BRDA:658,118,0,1
BRDA:658,118,1,1
BRDA:670,119,0,0
BRDA:670,119,1,1
BRDA:670,120,0,1
BRDA:670,120,1,1
BRDA:679,121,0,0
BRDA:679,121,1,0
BRDA:685,122,0,0
BRDA:685,122,1,0
BRDA:696,123,0,1
BRDA:696,123,1,0
BRDA:716,124,0,0
BRDA:716,124,1,1
BRDA:726,125,0,1
BRDA:726,125,1,0
BRDA:726,126,0,1
BRDA:726,126,1,0
BRDA:731,127,0,0
BRDA:731,127,1,1
BRDA:744,128,0,0
BRDA:744,128,1,0
BRDA:744,129,0,0
BRDA:744,129,1,0
BRDA:744,129,2,0
BRDA:748,130,0,0
BRDA:748,130,1,0
BRDA:749,131,0,0
BRDA:749,131,1,0
BRDA:750,132,0,0
BRDA:750,132,1,0
BRDA:756,133,0,0
BRDA:756,133,1,0
BRDA:761,134,0,2
BRDA:761,134,1,0
BRDA:762,135,0,2
BRDA:762,135,1,0
BRDA:765,136,0,0
BRDA:765,136,1,2
BRDA:769,137,0,2
BRDA:769,137,1,2
BRDA:773,138,0,0
BRDA:774,139,0,0
BRDA:774,139,1,0
BRDA:774,140,0,0
BRDA:774,140,1,0
BRDA:774,140,2,0
BRDA:777,141,0,0
BRDA:777,141,1,0
BRDA:778,142,0,0
BRDA:778,142,1,0
BRDA:781,143,0,0
BRDA:781,143,1,0
BRDA:783,144,0,0
BRDA:783,144,1,0
BRDA:787,145,0,0
BRDA:787,145,1,0
BRDA:789,146,0,0
BRDA:789,146,1,0
BRDA:792,147,0,0
BRDA:792,147,1,0
BRF:302
BRH:121
end_of_record
TN:
SF:src\routes\ordenes.js
FN:15,(anonymous_0)
FN:62,(anonymous_1)
FN:84,(anonymous_2)
FN:134,(anonymous_3)
FN:197,(anonymous_4)
FN:198,(anonymous_5)
FN:212,(anonymous_6)
FN:236,(anonymous_7)
FN:258,(anonymous_8)
FN:320,(anonymous_9)
FN:330,(anonymous_10)
FN:341,(anonymous_11)
FN:346,(anonymous_12)
FN:357,(anonymous_13)
FN:358,(anonymous_14)
FN:436,(anonymous_15)
FNF:16
FNH:13
FNDA:5,(anonymous_0)
FNDA:1,(anonymous_1)
FNDA:2,(anonymous_2)
FNDA:2,(anonymous_3)
FNDA:0,(anonymous_4)
FNDA:0,(anonymous_5)
FNDA:2,(anonymous_6)
FNDA:1,(anonymous_7)
FNDA:5,(anonymous_8)
FNDA:4,(anonymous_9)
FNDA:3,(anonymous_10)
FNDA:4,(anonymous_11)
FNDA:3,(anonymous_12)
FNDA:2,(anonymous_13)
FNDA:0,(anonymous_14)
FNDA:2,(anonymous_15)
DA:1,1
DA:2,1
DA:3,1
DA:4,1
DA:5,1
DA:6,1
DA:7,1
DA:8,1
DA:9,1
DA:11,1
DA:12,1
DA:15,1
DA:16,5
DA:17,5
DA:21,3
DA:24,3
DA:25,2
DA:35,2
DA:37,2
DA:39,2
DA:40,0
DA:43,2
DA:44,2
DA:45,2
DA:47,2
DA:48,1
DA:53,2
DA:59,2
DA:62,1
DA:72,1
DA:74,1
DA:76,1
DA:78,3
DA:79,1
DA:84,1
DA:85,2
DA:86,2
DA:94,2
DA:95,2
DA:96,2
DA:97,2
DA:98,2
DA:100,2
DA:110,2
DA:111,2
DA:112,2
DA:113,2
DA:114,2
DA:115,2
DA:117,2
DA:118,2
DA:119,1
DA:120,1
DA:130,1
DA:134,1
DA:135,2
DA:136,2
DA:137,2
DA:140,2
DA:142,2
DA:149,2
DA:174,2
DA:175,0
DA:177,2
DA:178,0
DA:182,2
DA:185,2
DA:187,2
DA:190,1
DA:194,1
DA:197,1
DA:198,0
DA:199,0
DA:205,1
DA:207,1
DA:212,1
DA:213,2
DA:215,2
DA:216,2
DA:217,2
DA:220,2
DA:225,2
DA:228,1
DA:233,1
DA:236,1
DA:246,1
DA:248,1
DA:250,1
DA:252,1
DA:253,1
DA:258,1
DA:259,5
DA:260,5
DA:261,5
DA:262,5
DA:266,5
DA:268,5
DA:274,5
DA:276,5
DA:279,4
DA:280,0
DA:290,0
DA:292,0
DA:294,0
DA:295,0
DA:298,0
DA:299,0
DA:300,0
DA:302,0
DA:303,0
DA:308,4
DA:309,4
DA:311,4
DA:317,4
DA:320,4
DA:321,4
DA:326,4
DA:330,4
DA:336,4
DA:338,4
DA:340,4
DA:341,4
DA:342,4
DA:343,4
DA:346,4
DA:347,4
DA:348,1
DA:349,1
DA:350,1
DA:351,1
DA:355,4
DA:356,3
DA:357,2
DA:358,0
DA:360,3
DA:361,2
DA:362,2
DA:363,2
DA:364,2
DA:365,2
DA:367,2
DA:368,2
DA:373,4
DA:374,1
DA:378,3
DA:379,1
DA:386,2
DA:387,2
DA:388,2
DA:392,2
DA:393,2
DA:400,2
DA:412,2
DA:418,2
DA:419,2
DA:420,2
DA:421,2
DA:425,2
DA:432,2
DA:433,2
DA:436,2
DA:437,2
DA:438,2
DA:444,2
DA:445,0
DA:446,0
DA:448,0
DA:449,0
DA:450,0
DA:451,0
DA:454,0
DA:455,0
DA:459,0
DA:463,1
DA:464,1
DA:468,1
LF:176
LH:151
BRDA:24,0,0,2
BRDA:24,0,1,1
BRDA:35,1,0,0
BRDA:35,1,1,2
BRDA:39,2,0,0
BRDA:39,2,1,2
BRDA:45,3,0,1
BRDA:45,3,1,1
BRDA:47,4,0,1
BRDA:47,4,1,1
BRDA:47,5,0,2
BRDA:47,5,1,1
BRDA:59,6,0,1
BRDA:59,6,1,1
BRDA:67,7,0,1
BRDA:67,7,1,0
BRDA:74,8,0,0
BRDA:74,8,1,1
BRDA:78,9,0,2
BRDA:78,9,1,1
BRDA:95,10,0,2
BRDA:95,10,1,0
BRDA:95,11,0,2
BRDA:95,11,1,2
BRDA:96,12,0,2
BRDA:96,12,1,0
BRDA:96,13,0,2
BRDA:96,13,1,2
BRDA:110,14,0,0
BRDA:110,14,1,2
BRDA:111,15,0,0
BRDA:111,15,1,2
BRDA:112,16,0,0
BRDA:112,16,1,2
BRDA:113,17,0,0
BRDA:113,17,1,2
BRDA:114,18,0,0
BRDA:114,18,1,2
BRDA:115,19,0,0
BRDA:115,19,1,2
BRDA:118,20,0,1
BRDA:118,20,1,1
BRDA:119,21,0,1
BRDA:119,21,1,1
BRDA:121,22,0,1
BRDA:121,22,1,0
BRDA:174,23,0,0
BRDA:174,23,1,2
BRDA:177,24,0,0
BRDA:177,24,1,2
BRDA:187,25,0,1
BRDA:187,25,1,1
BRDA:194,26,0,0
BRDA:194,26,1,1
BRDA:201,27,0,0
BRDA:201,27,1,0
BRDA:225,28,0,1
BRDA:225,28,1,1
BRDA:233,29,0,0
BRDA:233,29,1,1
BRDA:241,30,0,1
BRDA:241,30,1,0
BRDA:248,31,0,0
BRDA:248,31,1,1
BRDA:252,32,0,0
BRDA:252,32,1,1
BRDA:266,33,0,5
BRDA:266,33,1,0
BRDA:276,34,0,1
BRDA:276,34,1,4
BRDA:279,35,0,0
BRDA:279,35,1,4
BRDA:290,36,0,0
BRDA:290,36,1,0
BRDA:294,37,0,0
BRDA:294,37,1,0
BRDA:300,38,0,0
BRDA:300,38,1,0
BRDA:302,39,0,0
BRDA:302,39,1,0
BRDA:302,40,0,0
BRDA:302,40,1,0
BRDA:309,41,0,4
BRDA:309,41,1,0
BRDA:309,42,0,4
BRDA:309,42,1,4
BRDA:309,42,2,4
BRDA:317,43,0,0
BRDA:317,43,1,4
BRDA:326,44,0,0
BRDA:326,44,1,4
BRDA:333,45,0,0
BRDA:333,45,1,3
BRDA:342,46,0,4
BRDA:342,46,1,0
BRDA:347,47,0,1
BRDA:347,47,1,3
BRDA:347,48,0,4
BRDA:347,48,1,1
BRDA:355,49,0,3
BRDA:355,49,1,1
BRDA:357,50,0,2
BRDA:357,50,1,2
BRDA:361,51,0,0
BRDA:361,51,1,2
BRDA:367,52,0,2
BRDA:367,52,1,0
BRDA:367,53,0,2
BRDA:367,53,1,2
BRDA:373,54,0,1
BRDA:373,54,1,3
BRDA:378,55,0,1
BRDA:378,55,1,2
BRDA:378,56,0,3
BRDA:378,56,1,2
BRDA:388,57,0,2
BRDA:388,57,1,2
BRDA:418,58,0,2
BRDA:418,58,1,0
BRDA:418,59,0,2
BRDA:418,59,1,2
BRDA:420,60,0,2
BRDA:420,60,1,0
BRDA:420,61,0,2
BRDA:420,61,1,2
BRDA:432,62,0,0
BRDA:432,62,1,2
BRDA:444,63,0,0
BRDA:444,63,1,2
BRDA:444,64,0,2
BRDA:444,64,1,0
BRDA:444,64,2,0
BRDA:444,64,3,0
BRDA:446,65,0,0
BRDA:446,65,1,0
BRDA:448,66,0,0
BRDA:448,66,1,0
BRDA:450,67,0,0
BRDA:450,67,1,0
BRDA:454,68,0,0
BRDA:454,68,1,0
BRDA:463,69,0,0
BRDA:463,69,1,1
BRF:143
BRH:86
end_of_record
TN:
SF:src\routes\productos.js
FN:10,(anonymous_0)
FN:29,(anonymous_1)
FN:46,(anonymous_2)
FN:84,(anonymous_3)
FN:121,(anonymous_4)
FNF:5
FNH:5
FNDA:1,(anonymous_0)
FNDA:2,(anonymous_1)
FNDA:4,(anonymous_2)
FNDA:1,(anonymous_3)
FNDA:3,(anonymous_4)
DA:1,1
DA:2,1
DA:3,1
DA:4,1
DA:5,1
DA:6,1
DA:7,1
DA:10,1
DA:11,1
DA:12,1
DA:13,1
DA:26,1
DA:29,2
DA:39,1
DA:41,0
DA:46,1
DA:47,4
DA:48,4
DA:49,2
DA:50,2
DA:64,2
DA:66,2
DA:76,2
DA:78,2
DA:79,0
DA:84,1
DA:85,1
DA:86,1
DA:87,1
DA:88,1
DA:89,1
DA:90,1
DA:91,1
DA:92,1
DA:94,1
DA:95,1
DA:102,1
DA:104,1
DA:114,1
DA:116,0
DA:117,0
DA:121,1
DA:122,3
DA:123,3
DA:126,3
DA:131,3
DA:132,2
DA:133,1
DA:135,1
DA:138,1
DA:140,1
DA:141,1
DA:145,1
LF:53
LH:49
BRDA:26,0,0,0
BRDA:26,0,1,1
BRDA:34,1,0,2
BRDA:34,1,1,1
BRDA:36,2,0,2
BRDA:36,2,1,1
BRDA:64,3,0,0
BRDA:64,3,1,2
BRDA:71,4,0,2
BRDA:71,4,1,2
BRDA:73,5,0,2
BRDA:73,5,1,2
BRDA:78,6,0,2
BRDA:78,6,1,0
BRDA:88,7,0,0
BRDA:88,7,1,1
BRDA:89,8,0,0
BRDA:89,8,1,1
BRDA:90,9,0,1
BRDA:90,9,1,0
BRDA:91,10,0,1
BRDA:91,10,1,0
BRDA:92,11,0,0
BRDA:92,11,1,1
BRDA:102,12,0,0
BRDA:102,12,1,1
BRDA:109,13,0,1
BRDA:109,13,1,1
BRDA:111,14,0,1
BRDA:111,14,1,1
BRDA:116,15,0,0
BRDA:116,15,1,0
BRDA:131,16,0,2
BRDA:131,16,1,1
BRDA:132,17,0,1
BRDA:132,17,1,1
BRDA:141,18,0,1
BRDA:141,18,1,0
BRF:38
BRH:26
end_of_record
TN:
SF:src\routes\reportes.js
FN:16,(anonymous_0)
FN:24,(anonymous_1)
FN:25,(anonymous_2)
FN:26,(anonymous_3)
FN:35,(anonymous_4)
FN:47,(anonymous_5)
FN:67,(anonymous_6)
FN:97,(anonymous_7)
FN:128,(anonymous_8)
FN:129,(anonymous_9)
FN:133,(anonymous_10)
FN:135,(anonymous_11)
FN:145,(anonymous_12)
FN:150,(anonymous_13)
FN:159,(anonymous_14)
FN:168,(anonymous_15)
FN:171,(anonymous_16)
FN:173,(anonymous_17)
FN:179,(anonymous_18)
FN:182,(anonymous_19)
FN:184,(anonymous_20)
FN:190,(anonymous_21)
FN:193,(anonymous_22)
FN:194,(anonymous_23)
FN:203,(anonymous_24)
FN:205,(anonymous_25)
FN:206,(anonymous_26)
FN:213,(anonymous_27)
FN:214,(anonymous_28)
FN:219,(anonymous_29)
FN:245,(anonymous_30)
FN:260,(anonymous_31)
FN:289,(anonymous_32)
FN:413,(anonymous_33)
FN:428,(anonymous_34)
FN:445,(anonymous_35)
FN:471,(anonymous_36)
FN:497,(anonymous_37)
FN:532,(anonymous_38)
FN:558,(anonymous_39)
FN:575,(anonymous_40)
FN:584,(anonymous_41)
FN:615,(anonymous_42)
FN:637,(anonymous_43)
FN:660,(anonymous_44)
FN:661,(anonymous_45)
FN:672,(anonymous_46)
FN:681,(anonymous_47)
FN:730,(anonymous_48)
FNF:49
FNH:47
FNDA:8,(anonymous_0)
FNDA:40,(anonymous_1)
FNDA:8,(anonymous_2)
FNDA:24,(anonymous_3)
FNDA:2,(anonymous_4)
FNDA:2,(anonymous_5)
FNDA:1,(anonymous_6)
FNDA:2,(anonymous_7)
FNDA:2,(anonymous_8)
FNDA:2,(anonymous_9)
FNDA:28,(anonymous_10)
FNDA:2,(anonymous_11)
FNDA:2,(anonymous_12)
FNDA:1,(anonymous_13)
FNDA:1,(anonymous_14)
FNDA:11,(anonymous_15)
FNDA:1,(anonymous_16)
FNDA:1,(anonymous_17)
FNDA:7,(anonymous_18)
FNDA:2,(anonymous_19)
FNDA:2,(anonymous_20)
FNDA:2,(anonymous_21)
FNDA:2,(anonymous_22)
FNDA:2,(anonymous_23)
FNDA:2,(anonymous_24)
FNDA:2,(anonymous_25)
FNDA:2,(anonymous_26)
FNDA:2,(anonymous_27)
FNDA:0,(anonymous_28)
FNDA:2,(anonymous_29)
FNDA:2,(anonymous_30)
FNDA:2,(anonymous_31)
FNDA:2,(anonymous_32)
FNDA:8,(anonymous_33)
FNDA:1,(anonymous_34)
FNDA:1,(anonymous_35)
FNDA:1,(anonymous_36)
FNDA:1,(anonymous_37)
FNDA:1,(anonymous_38)
FNDA:5,(anonymous_39)
FNDA:5,(anonymous_40)
FNDA:1,(anonymous_41)
FNDA:1,(anonymous_42)
FNDA:1,(anonymous_43)
FNDA:1,(anonymous_44)
FNDA:1,(anonymous_45)
FNDA:0,(anonymous_46)
FNDA:2,(anonymous_47)
FNDA:1,(anonymous_48)
DA:1,1
DA:2,1
DA:3,1
DA:4,1
DA:5,1
DA:10,1
DA:12,1
DA:13,1
DA:16,1
DA:17,8
DA:23,8
DA:24,40
DA:25,8
DA:26,24
DA:28,8
DA:29,8
DA:30,8
DA:32,8
DA:35,1
DA:36,2
DA:37,2
DA:38,2
DA:39,2
DA:41,2
DA:42,2
DA:44,2
DA:47,1
DA:48,2
DA:49,2
DA:50,2
DA:51,2
DA:53,2
DA:54,2
DA:56,2
DA:57,2
DA:58,2
DA:59,2
DA:61,2
DA:62,2
DA:64,2
DA:67,1
DA:68,1
DA:69,1
DA:70,1
DA:79,1
DA:82,1
DA:97,1
DA:98,2
DA:99,2
DA:100,1
DA:102,1
DA:103,1
DA:104,1
DA:111,1
DA:128,1
DA:129,2
DA:130,2
DA:131,28
DA:132,2
DA:133,28
DA:135,1
DA:136,2
DA:143,2
DA:144,2
DA:145,2
DA:150,1
DA:151,1
DA:152,1
DA:153,1
DA:154,11
DA:155,11
DA:156,11
DA:159,1
DA:160,1
DA:161,1
DA:162,1
DA:163,1
DA:164,0
DA:168,11
DA:171,1
DA:172,1
DA:173,1
DA:174,1
DA:175,1
DA:176,1
DA:179,7
DA:182,1
DA:183,2
DA:184,2
DA:185,2
DA:186,2
DA:187,2
DA:190,2
DA:193,1
DA:194,2
DA:203,1
DA:204,2
DA:205,2
DA:206,2
DA:207,2
DA:208,2
DA:212,2
DA:213,2
DA:214,0
DA:219,1
DA:220,2
DA:221,2
DA:222,2
DA:223,2
DA:225,2
DA:226,2
DA:227,2
DA:228,2
DA:230,2
DA:231,2
DA:234,2
DA:240,2
DA:242,2
DA:243,2
DA:245,2
DA:246,2
DA:247,2
DA:249,2
DA:251,2
DA:252,2
DA:253,0
DA:255,2
DA:256,2
DA:257,0
DA:260,2
DA:261,2
DA:262,2
DA:265,2
DA:266,2
DA:267,2
DA:270,2
DA:275,2
DA:278,2
DA:283,2
DA:285,2
DA:286,2
DA:287,2
DA:289,2
DA:290,2
DA:291,2
DA:292,0
DA:298,2
DA:299,2
DA:301,2
DA:308,2
DA:310,2
DA:315,2
DA:316,2
DA:318,2
DA:340,2
DA:342,2
DA:345,2
DA:364,2
DA:366,2
DA:369,2
DA:371,2
DA:408,0
DA:413,1
DA:414,8
DA:415,8
DA:416,1
DA:418,7
DA:419,7
DA:420,1
DA:422,6
DA:423,1
DA:425,5
DA:428,1
DA:429,1
DA:430,1
DA:433,1
DA:436,1
DA:438,1
DA:445,1
DA:446,1
DA:447,1
DA:448,1
DA:449,0
DA:450,0
DA:451,0
DA:452,0
DA:457,1
DA:459,1
DA:464,1
DA:466,1
DA:471,1
DA:472,1
DA:474,1
DA:475,1
DA:476,1
DA:477,0
DA:479,1
DA:480,1
DA:481,1
DA:482,1
DA:483,0
DA:487,1
DA:489,0
DA:490,0
DA:494,1
DA:497,1
DA:498,1
DA:499,1
DA:500,1
DA:502,1
DA:516,1
DA:517,1
DA:519,1
DA:520,1
DA:522,1
DA:524,1
DA:532,1
DA:533,1
DA:535,1
DA:536,1
DA:537,1
DA:538,0
DA:539,0
DA:541,1
DA:542,1
DA:543,1
DA:544,1
DA:545,1
DA:546,1
DA:547,1
DA:548,1
DA:549,1
DA:550,1
DA:551,1
DA:552,1
DA:553,1
DA:554,1
DA:555,1
DA:558,5
DA:575,5
DA:577,1
DA:579,0
DA:584,1
DA:585,1
DA:586,1
DA:587,1
DA:589,1
DA:606,1
DA:607,1
DA:608,1
DA:610,1
DA:612,1
DA:613,1
DA:615,1
DA:616,1
DA:617,1
DA:619,1
DA:630,1
DA:632,0
DA:637,1
DA:638,1
DA:639,1
DA:640,1
DA:642,1
DA:650,1
DA:651,1
DA:653,1
DA:654,1
DA:656,1
DA:658,1
DA:660,1
DA:661,1
DA:662,1
DA:663,1
DA:664,1
DA:665,1
DA:667,1
DA:668,1
DA:672,1
DA:674,1
DA:676,0
DA:681,1
DA:682,2
DA:683,2
DA:684,2
DA:686,2
DA:687,1
DA:691,1
DA:702,1
DA:703,1
DA:705,1
DA:722,1
DA:723,1
DA:725,1
DA:727,1
DA:728,1
DA:730,1
DA:731,1
DA:732,1
DA:734,1
DA:745,1
DA:747,0
DA:751,1
DA:752,1
LF:304
LH:284
BRDA:16,0,0,0
BRDA:35,1,0,0
BRDA:39,2,0,0
BRDA:39,2,1,2
BRDA:47,3,0,0
BRDA:56,4,0,0
BRDA:56,4,1,2
BRDA:57,5,0,0
BRDA:57,5,1,2
BRDA:67,6,0,1
BRDA:79,7,0,1
BRDA:79,7,1,0
BRDA:99,8,0,1
BRDA:99,8,1,1
BRDA:99,9,0,2
BRDA:99,9,1,1
BRDA:99,9,2,1
BRDA:99,9,3,1
BRDA:129,10,0,2
BRDA:129,10,1,0
BRDA:130,11,0,2
BRDA:130,11,1,0
BRDA:143,12,0,0
BRDA:143,12,1,2
BRDA:144,13,0,2
BRDA:144,13,1,0
BRDA:145,14,0,2
BRDA:145,14,1,0
BRDA:163,15,0,0
BRDA:163,15,1,1
BRDA:164,16,0,0
BRDA:164,16,1,0
BRDA:175,17,0,1
BRDA:175,17,1,0
BRDA:176,18,0,1
BRDA:176,18,1,0
BRDA:186,19,0,2
BRDA:186,19,1,0
BRDA:187,20,0,2
BRDA:187,20,1,2
BRDA:187,21,0,2
BRDA:187,21,1,0
BRDA:194,22,0,2
BRDA:194,22,1,0
BRDA:197,23,0,2
BRDA:197,23,1,0
BRDA:198,24,0,2
BRDA:198,24,1,0
BRDA:199,25,0,2
BRDA:199,25,1,0
BRDA:200,26,0,2
BRDA:200,26,1,0
BRDA:207,27,0,2
BRDA:207,27,1,0
BRDA:208,28,0,2
BRDA:208,28,1,2
BRDA:230,29,0,1
BRDA:230,29,1,1
BRDA:231,30,0,1
BRDA:231,30,1,1
BRDA:240,31,0,0
BRDA:240,31,1,2
BRDA:245,32,0,2
BRDA:245,32,1,0
BRDA:246,33,0,2
BRDA:246,33,1,0
BRDA:251,34,0,0
BRDA:251,34,1,2
BRDA:252,35,0,2
BRDA:252,35,1,0
BRDA:253,36,0,0
BRDA:253,36,1,0
BRDA:255,37,0,2
BRDA:255,37,1,2
BRDA:256,38,0,2
BRDA:256,38,1,0
BRDA:275,39,0,0
BRDA:275,39,1,2
BRDA:283,40,0,0
BRDA:283,40,1,2
BRDA:289,41,0,2
BRDA:289,41,1,0
BRDA:291,42,0,2
BRDA:291,42,1,0
BRDA:292,43,0,0
BRDA:292,43,1,0
BRDA:298,44,0,1
BRDA:298,44,1,1
BRDA:299,45,0,1
BRDA:299,45,1,1
BRDA:308,46,0,0
BRDA:308,46,1,2
BRDA:310,47,0,1
BRDA:310,47,1,1
BRDA:315,48,0,1
BRDA:315,48,1,1
BRDA:316,49,0,1
BRDA:316,49,1,1
BRDA:340,50,0,0
BRDA:340,50,1,2
BRDA:364,51,0,0
BRDA:364,51,1,2
BRDA:374,52,0,1
BRDA:374,52,1,1
BRDA:375,53,0,1
BRDA:375,53,1,1
BRDA:396,54,0,2
BRDA:396,54,1,2
BRDA:415,55,0,1
BRDA:415,55,1,7
BRDA:415,56,0,8
BRDA:415,56,1,7
BRDA:419,57,0,1
BRDA:419,57,1,6
BRDA:419,58,0,7
BRDA:419,58,1,6
BRDA:422,59,0,1
BRDA:422,59,1,5
BRDA:436,60,0,0
BRDA:436,60,1,1
BRDA:445,61,0,1
BRDA:445,61,1,0
BRDA:447,62,0,1
BRDA:447,62,1,0
BRDA:447,63,0,1
BRDA:447,63,1,1
BRDA:449,64,0,0
BRDA:449,64,1,0
BRDA:451,65,0,0
BRDA:451,65,1,0
BRDA:451,66,0,0
BRDA:451,66,1,0
BRDA:464,67,0,0
BRDA:464,67,1,1
BRDA:471,68,0,1
BRDA:471,68,1,0
BRDA:472,69,0,1
BRDA:472,69,1,1
BRDA:475,70,0,0
BRDA:475,70,1,1
BRDA:476,71,0,1
BRDA:476,71,1,0
BRDA:477,72,0,0
BRDA:477,72,1,0
BRDA:479,73,0,1
BRDA:479,73,1,0
BRDA:481,74,0,0
BRDA:481,74,1,1
BRDA:482,75,0,1
BRDA:482,75,1,0
BRDA:483,76,0,0
BRDA:483,76,1,0
BRDA:516,77,0,1
BRDA:516,77,1,0
BRDA:517,78,0,1
BRDA:517,78,1,0
BRDA:520,79,0,0
BRDA:520,79,1,1
BRDA:522,80,0,1
BRDA:522,80,1,0
BRDA:533,81,0,1
BRDA:533,81,1,0
BRDA:536,82,0,0
BRDA:536,82,1,1
BRDA:537,83,0,1
BRDA:537,83,1,0
BRDA:538,84,0,0
BRDA:538,84,1,0
BRDA:538,85,0,0
BRDA:538,85,1,0
BRDA:539,86,0,0
BRDA:539,86,1,0
BRDA:541,87,0,1
BRDA:541,87,1,0
BRDA:543,88,0,1
BRDA:543,88,1,1
BRDA:544,89,0,1
BRDA:544,89,1,1
BRDA:545,90,0,1
BRDA:545,90,1,1
BRDA:546,91,0,1
BRDA:546,91,1,1
BRDA:547,92,0,1
BRDA:547,92,1,1
BRDA:548,93,0,1
BRDA:548,93,1,1
BRDA:549,94,0,1
BRDA:549,94,1,1
BRDA:550,95,0,1
BRDA:550,95,1,1
BRDA:551,96,0,1
BRDA:551,96,1,1
BRDA:552,97,0,1
BRDA:552,97,1,1
BRDA:553,98,0,1
BRDA:553,98,1,1
BRDA:554,99,0,1
BRDA:554,99,1,1
BRDA:562,100,0,5
BRDA:562,100,1,5
BRDA:563,101,0,5
BRDA:563,101,1,5
BRDA:564,102,0,5
BRDA:564,102,1,5
BRDA:565,103,0,5
BRDA:565,103,1,5
BRDA:566,104,0,5
BRDA:566,104,1,5
BRDA:567,105,0,5
BRDA:567,105,1,4
BRDA:568,106,0,5
BRDA:568,106,1,5
BRDA:569,107,0,5
BRDA:569,107,1,5
BRDA:570,108,0,5
BRDA:570,108,1,5
BRDA:571,109,0,5
BRDA:571,109,1,5
BRDA:572,110,0,5
BRDA:572,110,1,5
BRDA:573,111,0,5
BRDA:573,111,1,5
BRDA:575,112,0,5
BRDA:575,112,1,4
BRDA:575,112,2,4
BRDA:575,112,3,4
BRDA:606,113,0,1
BRDA:606,113,1,0
BRDA:607,114,0,1
BRDA:607,114,1,0
BRDA:608,115,0,1
BRDA:608,115,1,0
BRDA:608,116,0,1
BRDA:608,116,1,1
BRDA:613,117,0,0
BRDA:613,117,1,1
BRDA:616,118,0,1
BRDA:616,118,1,0
BRDA:621,119,0,1
BRDA:621,119,1,0
BRDA:622,120,0,1
BRDA:622,120,1,0
BRDA:623,121,0,1
BRDA:623,121,1,0
BRDA:624,122,0,1
BRDA:624,122,1,0
BRDA:650,123,0,1
BRDA:650,123,1,0
BRDA:651,124,0,1
BRDA:651,124,1,0
BRDA:654,125,0,0
BRDA:654,125,1,1
BRDA:656,126,0,1
BRDA:656,126,1,0
BRDA:662,127,0,1
BRDA:662,127,1,0
BRDA:663,128,0,1
BRDA:663,128,1,0
BRDA:664,129,0,1
BRDA:664,129,1,0
BRDA:686,130,0,1
BRDA:686,130,1,1
BRDA:686,131,0,2
BRDA:686,131,1,1
BRDA:702,132,0,0
BRDA:702,132,1,1
BRDA:703,133,0,1
BRDA:703,133,1,1
BRDA:722,134,0,1
BRDA:722,134,1,0
BRDA:723,135,0,1
BRDA:723,135,1,0
BRDA:728,136,0,0
BRDA:728,136,1,1
BRDA:731,137,0,1
BRDA:731,137,1,0
BRDA:736,138,0,1
BRDA:736,138,1,0
BRDA:737,139,0,1
BRDA:737,139,1,0
BRDA:738,140,0,1
BRDA:738,140,1,0
BRF:282
BRH:182
end_of_record
TN:
SF:src\routes\telegram.js
FN:33,(anonymous_0)
FN:35,(anonymous_1)
FN:42,(anonymous_2)
FN:50,(anonymous_3)
FN:53,(anonymous_4)
FN:59,(anonymous_5)
FN:65,(anonymous_6)
FN:67,(anonymous_7)
FN:78,(anonymous_8)
FN:79,(anonymous_9)
FN:91,(anonymous_10)
FN:92,(anonymous_11)
FN:98,(anonymous_12)
FN:102,(anonymous_13)
FN:108,(anonymous_14)
FN:114,(anonymous_15)
FN:121,(anonymous_16)
FN:123,(anonymous_17)
FN:125,(anonymous_18)
FN:135,(anonymous_19)
FN:142,(anonymous_20)
FN:164,(anonymous_21)
FN:171,(anonymous_22)
FN:177,(anonymous_23)
FN:183,(anonymous_24)
FN:196,(anonymous_25)
FN:233,(anonymous_26)
FN:239,(anonymous_27)
FN:240,(anonymous_28)
FN:242,(anonymous_29)
FN:252,(anonymous_30)
FN:262,(anonymous_31)
FN:267,(anonymous_32)
FN:271,(anonymous_33)
FN:281,(anonymous_34)
FN:291,(anonymous_35)
FN:303,(anonymous_36)
FN:315,(anonymous_37)
FN:376,(anonymous_38)
FN:403,(anonymous_39)
FN:409,(anonymous_40)
FN:414,(anonymous_41)
FN:428,(anonymous_42)
FN:439,(anonymous_43)
FN:446,(anonymous_44)
FN:447,(anonymous_45)
FN:453,(anonymous_46)
FN:461,(anonymous_47)
FN:463,(anonymous_48)
FN:494,(anonymous_49)
FN:510,(anonymous_50)
FN:520,(anonymous_51)
FN:529,(anonymous_52)
FN:546,(anonymous_53)
FN:561,(anonymous_54)
FN:576,(anonymous_55)
FN:602,(anonymous_56)
FN:650,(anonymous_57)
FN:663,(anonymous_58)
FN:685,(anonymous_59)
FN:700,(anonymous_60)
FN:712,(anonymous_61)
FN:724,(anonymous_62)
FN:741,(anonymous_63)
FN:762,(anonymous_64)
FN:770,(anonymous_65)
FN:776,(anonymous_66)
FN:778,(anonymous_67)
FN:836,(anonymous_68)
FN:934,(anonymous_69)
FN:956,(anonymous_70)
FN:1025,(anonymous_71)
FN:1025,(anonymous_72)
FN:1046,(anonymous_73)
FN:1062,(anonymous_74)
FN:1076,(anonymous_75)
FN:1082,(anonymous_76)
FN:1104,(anonymous_77)
FN:1140,(anonymous_78)
FN:1244,(anonymous_79)
FN:1392,(anonymous_80)
FN:1407,(anonymous_81)
FN:1460,(anonymous_82)
FN:1483,(anonymous_83)
FN:1687,(anonymous_84)
FN:1703,(anonymous_85)
FN:1725,(anonymous_86)
FN:1732,(anonymous_87)
FN:1741,(anonymous_88)
FN:1753,(anonymous_89)
FN:1798,(anonymous_90)
FN:1851,(anonymous_91)
FN:1869,(anonymous_92)
FN:1871,(anonymous_93)
FN:1874,(anonymous_94)
FN:1946,(anonymous_95)
FN:1951,(anonymous_96)
FN:1953,(anonymous_97)
FN:1963,(anonymous_98)
FNF:99
FNH:77
FNDA:140,(anonymous_0)
FNDA:106,(anonymous_1)
FNDA:31,(anonymous_2)
FNDA:4,(anonymous_3)
FNDA:5,(anonymous_4)
FNDA:12,(anonymous_5)
FNDA:14,(anonymous_6)
FNDA:2,(anonymous_7)
FNDA:1,(anonymous_8)
FNDA:2,(anonymous_9)
FNDA:3,(anonymous_10)
FNDA:15,(anonymous_11)
FNDA:15,(anonymous_12)
FNDA:1,(anonymous_13)
FNDA:2,(anonymous_14)
FNDA:2,(anonymous_15)
FNDA:3,(anonymous_16)
FNDA:0,(anonymous_17)
FNDA:0,(anonymous_18)
FNDA:1,(anonymous_19)
FNDA:1,(anonymous_20)
FNDA:0,(anonymous_21)
FNDA:2,(anonymous_22)
FNDA:2,(anonymous_23)
FNDA:3,(anonymous_24)
FNDA:51,(anonymous_25)
FNDA:48,(anonymous_26)
FNDA:25,(anonymous_27)
FNDA:37,(anonymous_28)
FNDA:48,(anonymous_29)
FNDA:10,(anonymous_30)
FNDA:11,(anonymous_31)
FNDA:3,(anonymous_32)
FNDA:46,(anonymous_33)
FNDA:1,(anonymous_34)
FNDA:1,(anonymous_35)
FNDA:11,(anonymous_36)
FNDA:1,(anonymous_37)
FNDA:1,(anonymous_38)
FNDA:2,(anonymous_39)
FNDA:0,(anonymous_40)
FNDA:8,(anonymous_41)
FNDA:8,(anonymous_42)
FNDA:2,(anonymous_43)
FNDA:6,(anonymous_44)
FNDA:2,(anonymous_45)
FNDA:7,(anonymous_46)
FNDA:4,(anonymous_47)
FNDA:4,(anonymous_48)
FNDA:10,(anonymous_49)
FNDA:4,(anonymous_50)
FNDA:2,(anonymous_51)
FNDA:2,(anonymous_52)
FNDA:1,(anonymous_53)
FNDA:2,(anonymous_54)
FNDA:3,(anonymous_55)
FNDA:2,(anonymous_56)
FNDA:1,(anonymous_57)
FNDA:5,(anonymous_58)
FNDA:0,(anonymous_59)
FNDA:2,(anonymous_60)
FNDA:1,(anonymous_61)
FNDA:2,(anonymous_62)
FNDA:4,(anonymous_63)
FNDA:7,(anonymous_64)
FNDA:7,(anonymous_65)
FNDA:9,(anonymous_66)
FNDA:1,(anonymous_67)
FNDA:0,(anonymous_68)
FNDA:0,(anonymous_69)
FNDA:8,(anonymous_70)
FNDA:1,(anonymous_71)
FNDA:0,(anonymous_72)
FNDA:3,(anonymous_73)
FNDA:0,(anonymous_74)
FNDA:0,(anonymous_75)
FNDA:1,(anonymous_76)
FNDA:1,(anonymous_77)
FNDA:1,(anonymous_78)
FNDA:45,(anonymous_79)
FNDA:0,(anonymous_80)
FNDA:0,(anonymous_81)
FNDA:0,(anonymous_82)
FNDA:47,(anonymous_83)
FNDA:0,(anonymous_84)
FNDA:3,(anonymous_85)
FNDA:0,(anonymous_86)
FNDA:0,(anonymous_87)
FNDA:0,(anonymous_88)
FNDA:0,(anonymous_89)
FNDA:0,(anonymous_90)
FNDA:11,(anonymous_91)
FNDA:6,(anonymous_92)
FNDA:47,(anonymous_93)
FNDA:11,(anonymous_94)
FNDA:0,(anonymous_95)
FNDA:0,(anonymous_96)
FNDA:0,(anonymous_97)
FNDA:3,(anonymous_98)
DA:2,7
DA:3,7
DA:4,7
DA:5,7
DA:6,7
DA:16,7
DA:24,7
DA:26,7
DA:27,7
DA:29,7
DA:30,7
DA:31,7
DA:32,7
DA:33,140
DA:35,7
DA:36,106
DA:42,7
DA:43,31
DA:50,7
DA:51,4
DA:53,7
DA:54,5
DA:55,4
DA:56,4
DA:59,7
DA:60,12
DA:61,12
DA:62,12
DA:65,14
DA:67,7
DA:68,2
DA:69,0
DA:70,0
DA:71,2
DA:72,0
DA:73,0
DA:74,0
DA:78,7
DA:79,2
DA:82,1
DA:85,1
DA:88,1
DA:91,7
DA:92,3
DA:93,15
DA:94,0
DA:95,0
DA:97,3
DA:98,15
DA:102,7
DA:103,1
DA:108,7
DA:109,2
DA:114,7
DA:121,7
DA:123,7
DA:124,0
DA:126,0
DA:127,0
DA:131,0
DA:135,7
DA:136,1
DA:142,7
DA:143,1
DA:144,1
DA:145,1
DA:146,1
DA:148,1
DA:149,1
DA:151,1
DA:152,1
DA:154,1
DA:155,0
DA:157,1
DA:158,0
DA:160,1
DA:161,1
DA:164,7
DA:165,0
DA:171,7
DA:172,2
DA:177,7
DA:178,2
DA:183,7
DA:184,3
DA:188,7
DA:196,7
DA:197,51
DA:198,18
DA:199,18
DA:213,33
DA:214,33
DA:215,33
DA:216,33
DA:217,33
DA:219,33
DA:233,7
DA:234,48
DA:235,48
DA:236,5
DA:239,25
DA:240,37
DA:242,7
DA:243,48
DA:248,48
DA:249,48
DA:252,7
DA:253,10
DA:259,10
DA:262,7
DA:263,11
DA:264,11
DA:267,7
DA:268,3
DA:271,7
DA:272,46
DA:277,46
DA:278,46
DA:281,7
DA:282,1
DA:287,1
DA:288,1
DA:291,7
DA:292,1
DA:293,1
DA:294,1
DA:299,1
DA:300,1
DA:303,7
DA:304,11
DA:311,11
DA:312,11
DA:315,7
DA:318,1
DA:323,1
DA:324,0
DA:325,0
DA:326,0
DA:328,1
DA:329,0
DA:330,0
DA:331,0
DA:333,1
DA:334,0
DA:335,0
DA:336,0
DA:339,1
DA:355,1
DA:356,1
DA:357,0
DA:363,0
DA:364,0
DA:367,1
DA:372,1
DA:373,1
DA:376,7
DA:384,1
DA:390,1
DA:391,1
DA:400,1
DA:403,7
DA:404,2
DA:409,2
DA:412,7
DA:414,7
DA:415,8
DA:416,3
DA:417,3
DA:418,2
DA:425,6
DA:428,7
DA:429,8
DA:434,8
DA:435,8
DA:436,0
DA:439,7
DA:440,2
DA:445,2
DA:446,6
DA:447,2
DA:448,2
DA:449,2
DA:450,2
DA:453,7
DA:454,7
DA:455,7
DA:456,7
DA:461,7
DA:463,7
DA:464,4
DA:465,4
DA:467,4
DA:468,4
DA:469,4
DA:490,4
DA:491,4
DA:494,7
DA:495,10
DA:496,10
DA:506,10
DA:507,10
DA:510,7
DA:511,4
DA:516,4
DA:517,4
DA:520,7
DA:521,2
DA:526,2
DA:529,7
DA:530,2
DA:531,2
DA:532,2
DA:546,7
DA:547,1
DA:548,1
DA:561,7
DA:562,2
DA:572,2
DA:573,2
DA:576,7
DA:577,3
DA:580,3
DA:581,1
DA:582,1
DA:583,1
DA:594,1
DA:597,2
DA:598,2
DA:600,2
DA:601,2
DA:602,2
DA:603,2
DA:604,0
DA:610,0
DA:612,2
DA:615,2
DA:627,2
DA:629,2
DA:643,2
DA:644,0
DA:645,0
DA:647,2
DA:650,7
DA:651,1
DA:652,1
DA:653,1
DA:654,1
DA:655,1
DA:656,0
DA:658,1
DA:659,1
DA:660,1
DA:663,7
DA:664,5
DA:665,5
DA:666,5
DA:667,5
DA:668,5
DA:669,5
DA:670,5
DA:671,5
DA:672,5
DA:673,5
DA:685,7
DA:686,0
DA:687,0
DA:688,0
DA:689,0
DA:690,0
DA:691,0
DA:692,0
DA:694,0
DA:695,0
DA:696,0
DA:697,0
DA:700,7
DA:701,2
DA:702,2
DA:703,0
DA:704,0
DA:705,2
DA:706,0
DA:707,0
DA:708,0
DA:712,7
DA:713,1
DA:714,1
DA:715,0
DA:716,0
DA:717,1
DA:718,0
DA:719,0
DA:720,0
DA:724,7
DA:725,2
DA:726,1
DA:727,1
DA:728,1
DA:730,1
DA:731,1
DA:732,0
DA:733,0
DA:734,0
DA:735,0
DA:737,1
DA:738,1
DA:741,7
DA:742,4
DA:743,1
DA:750,3
DA:751,0
DA:753,3
DA:762,7
DA:763,7
DA:767,7
DA:770,7
DA:771,7
DA:772,6
DA:773,6
DA:776,7
DA:777,9
DA:778,9
DA:779,9
DA:781,9
DA:782,1
DA:787,1
DA:788,1
DA:789,1
DA:792,8
DA:793,0
DA:794,0
DA:795,0
DA:798,8
DA:799,1
DA:800,1
DA:801,1
DA:802,1
DA:804,1
DA:807,7
DA:810,7
DA:811,7
DA:812,1
DA:813,1
DA:817,6
DA:818,1
DA:819,1
DA:820,1
DA:821,1
DA:822,1
DA:823,1
DA:824,1
DA:828,5
DA:829,0
DA:830,0
DA:831,0
DA:832,0
DA:833,0
DA:834,0
DA:836,0
DA:837,0
DA:838,0
DA:839,0
DA:842,0
DA:843,0
DA:844,0
DA:845,0
DA:846,0
DA:850,5
DA:851,4
DA:852,4
DA:853,4
DA:855,4
DA:856,0
DA:857,0
DA:860,4
DA:861,0
DA:862,0
DA:865,4
DA:866,0
DA:867,0
DA:868,0
DA:872,4
DA:873,4
DA:874,4
DA:876,1
DA:877,1
DA:878,1
DA:880,1
DA:881,1
DA:882,1
DA:884,1
DA:887,1
DA:892,1
DA:893,1
DA:897,3
DA:898,3
DA:900,0
DA:901,0
DA:904,3
DA:905,3
DA:906,3
DA:910,1
DA:911,1
DA:912,1
DA:913,1
DA:914,1
DA:916,1
DA:917,0
DA:918,0
DA:921,1
DA:922,1
DA:923,0
DA:924,0
DA:927,1
DA:929,1
DA:936,1
DA:937,1
DA:938,1
DA:939,1
DA:940,1
DA:941,1
DA:944,0
DA:945,0
DA:946,0
DA:947,0
DA:948,0
DA:951,0
DA:956,7
DA:957,8
DA:958,8
DA:960,8
DA:962,8
DA:963,8
DA:966,8
DA:967,8
DA:969,8
DA:971,3
DA:973,3
DA:974,1
DA:975,1
DA:977,2
DA:978,2
DA:981,5
DA:983,2
DA:985,2
DA:986,0
DA:987,0
DA:989,2
DA:990,2
DA:994,2
DA:997,2
DA:998,2
DA:1001,3
DA:1002,1
DA:1003,1
DA:1006,2
DA:1008,2
DA:1010,2
DA:1011,1
DA:1012,1
DA:1014,1
DA:1015,1
DA:1018,1
DA:1019,1
DA:1020,0
DA:1021,0
DA:1023,1
DA:1024,1
DA:1025,1
DA:1027,1
DA:1034,1
DA:1035,0
DA:1036,0
DA:1039,1
DA:1040,1
DA:1043,0
DA:1046,7
DA:1047,3
DA:1048,3
DA:1049,0
DA:1050,0
DA:1053,3
DA:1054,3
DA:1056,3
DA:1057,3
DA:1059,3
DA:1062,7
DA:1076,7
DA:1077,0
DA:1078,0
DA:1079,0
DA:1082,7
DA:1083,1
DA:1084,1
DA:1090,1
DA:1095,1
DA:1104,7
DA:1105,1
DA:1106,1
DA:1107,1
DA:1120,1
DA:1129,1
DA:1130,1
DA:1131,1
DA:1132,1
DA:1140,7
DA:1141,1
DA:1142,1
DA:1143,1
DA:1144,0
DA:1150,0
DA:1153,1
DA:1154,1
DA:1155,0
DA:1161,0
DA:1163,1
DA:1164,1
DA:1165,1
DA:1166,0
DA:1172,0
DA:1175,1
DA:1177,1
DA:1178,0
DA:1184,0
DA:1187,1
DA:1188,1
DA:1210,1
DA:1212,1
DA:1213,1
DA:1225,0
DA:1229,0
DA:1232,1
DA:1233,1
DA:1234,1
DA:1235,1
DA:1241,1
DA:1244,7
DA:1245,45
DA:1246,1
DA:1247,1
DA:1253,1
DA:1256,44
DA:1257,1
DA:1263,1
DA:1266,43
DA:1267,2
DA:1268,0
DA:1269,0
DA:1271,2
DA:1274,2
DA:1287,2
DA:1290,41
DA:1291,2
DA:1292,0
DA:1293,0
DA:1295,2
DA:1296,0
DA:1297,0
DA:1299,2
DA:1305,2
DA:1308,39
DA:1309,0
DA:1310,0
DA:1311,0
DA:1314,39
DA:1315,1
DA:1316,1
DA:1317,0
DA:1318,0
DA:1320,1
DA:1328,1
DA:1331,1
DA:1332,1
DA:1338,1
DA:1341,38
DA:1342,3
DA:1343,0
DA:1344,0
DA:1348,3
DA:1351,3
DA:1357,3
DA:1358,1
DA:1364,1
DA:1368,2
DA:1373,2
DA:1385,2
DA:1386,0
DA:1390,2
DA:1391,2
DA:1392,2
DA:1395,2
DA:1401,2
DA:1404,35
DA:1407,7
DA:1408,0
DA:1409,0
DA:1410,0
DA:1411,0
DA:1412,0
DA:1414,0
DA:1415,0
DA:1417,0
DA:1418,0
DA:1424,0
DA:1427,0
DA:1428,0
DA:1429,0
DA:1439,0
DA:1440,0
DA:1442,0
DA:1445,0
DA:1446,0
DA:1447,0
DA:1450,0
DA:1460,7
DA:1461,0
DA:1475,0
DA:1483,7
DA:1484,47
DA:1485,47
DA:1486,45
DA:1488,45
DA:1489,45
DA:1490,0
DA:1491,0
DA:1494,45
DA:1495,45
DA:1496,45
DA:1498,35
DA:1499,0
DA:1500,0
DA:1503,35
DA:1504,3
DA:1505,2
DA:1506,2
DA:1507,0
DA:1513,0
DA:1517,3
DA:1518,2
DA:1524,2
DA:1526,1
DA:1527,0
DA:1533,0
DA:1535,1
DA:1536,0
DA:1542,0
DA:1545,1
DA:1551,1
DA:1554,32
DA:1555,32
DA:1556,1
DA:1557,1
DA:1559,31
DA:1560,1
DA:1561,1
DA:1563,30
DA:1564,1
DA:1565,1
DA:1568,29
DA:1569,3
DA:1570,2
DA:1577,3
DA:1579,26
DA:1580,1
DA:1582,1
DA:1583,1
DA:1589,1
DA:1591,0
DA:1592,0
DA:1593,0
DA:1596,25
DA:1597,1
DA:1598,1
DA:1599,0
DA:1601,1
DA:1602,0
DA:1604,1
DA:1607,24
DA:1608,2
DA:1609,0
DA:1610,0
DA:1612,2
DA:1613,2
DA:1614,2
DA:1615,1
DA:1616,1
DA:1618,1
DA:1619,1
DA:1620,1
DA:1623,22
DA:1624,5
DA:1625,0
DA:1626,0
DA:1628,5
DA:1629,1
DA:1630,1
DA:1632,4
DA:1633,4
DA:1634,0
DA:1635,0
DA:1638,4
DA:1639,4
DA:1640,1
DA:1641,1
DA:1642,1
DA:1643,1
DA:1644,1
DA:1645,1
DA:1647,3
DA:1648,3
DA:1651,17
DA:1654,17
DA:1655,8
DA:1656,8
DA:1659,9
DA:1663,9
DA:1664,0
DA:1665,0
DA:1667,9
DA:1668,9
DA:1669,9
DA:1671,0
DA:1681,0
DA:1683,9
DA:1687,7
DA:1688,0
DA:1689,0
DA:1690,0
DA:1699,0
DA:1703,7
DA:1704,3
DA:1705,3
DA:1706,3
DA:1707,3
DA:1708,0
DA:1710,3
DA:1711,0
DA:1714,3
DA:1715,3
DA:1717,0
DA:1718,0
DA:1719,0
DA:1725,7
DA:1726,0
DA:1727,0
DA:1728,0
DA:1729,0
DA:1732,7
DA:1733,0
DA:1737,0
DA:1738,0
DA:1741,7
DA:1742,0
DA:1749,0
DA:1750,0
DA:1753,7
DA:1754,0
DA:1755,0
DA:1756,0
DA:1757,0
DA:1758,0
DA:1761,0
DA:1762,0
DA:1764,0
DA:1765,0
DA:1767,0
DA:1768,0
DA:1771,0
DA:1772,0
DA:1774,0
DA:1775,0
DA:1776,0
DA:1778,0
DA:1779,0
DA:1781,0
DA:1782,0
DA:1783,0
DA:1784,0
DA:1785,0
DA:1788,0
DA:1789,0
DA:1790,0
DA:1792,0
DA:1794,0
DA:1795,0
DA:1797,0
DA:1798,0
DA:1800,0
DA:1802,0
DA:1803,0
DA:1804,0
DA:1806,0
DA:1825,0
DA:1827,0
DA:1836,0
DA:1838,0
DA:1839,0
DA:1843,7
DA:1844,7
DA:1848,7
DA:1849,7
DA:1851,7
DA:1852,11
DA:1854,11
DA:1859,11
DA:1860,25
DA:1861,25
DA:1862,5
DA:1863,5
DA:1866,6
DA:1869,7
DA:1870,6
DA:1871,47
DA:1872,6
DA:1874,6
DA:1876,11
DA:1877,11
DA:1878,11
DA:1879,5
DA:1880,5
DA:1881,4
DA:1883,1
DA:1884,1
DA:1887,6
DA:1888,11
DA:1890,4
DA:1893,6
DA:1894,6
DA:1896,6
DA:1897,5
DA:1898,5
DA:1899,2
DA:1902,6
DA:1903,6
DA:1904,6
DA:1905,6
DA:1906,3
DA:1907,3
DA:1912,6
DA:1913,6
DA:1915,6
DA:1917,1
DA:1918,1
DA:1919,2
DA:1921,1
DA:1922,2
DA:1924,1
DA:1925,1
DA:1926,1
DA:1931,5
DA:1932,5
DA:1933,1
DA:1934,0
DA:1938,5
DA:1939,5
DA:1941,5
DA:1942,5
DA:1946,7
DA:1947,0
DA:1948,0
DA:1951,7
DA:1952,0
DA:1953,0
DA:1957,7
DA:1963,7
DA:1964,3
DA:1965,3
DA:1966,3
DA:1974,3
DA:1975,3
DA:1977,3
DA:1978,10
DA:1979,10
DA:1980,8
DA:1981,4
DA:1983,4
DA:1987,3
DA:1990,7
LF:878
LH:635
BRDA:29,0,0,7
BRDA:29,0,1,7
BRDA:30,1,0,7
BRDA:30,1,1,7
BRDA:31,2,0,7
BRDA:31,2,1,7
BRDA:32,3,0,7
BRDA:32,3,1,7
BRDA:36,4,0,106
BRDA:36,4,1,1
BRDA:54,5,0,1
BRDA:54,5,1,4
BRDA:68,6,0,0
BRDA:68,6,1,0
BRDA:68,6,2,2
BRDA:68,6,3,0
BRDA:68,6,4,0
BRDA:68,6,5,0
BRDA:80,7,0,2
BRDA:80,7,1,0
BRDA:83,8,0,1
BRDA:83,8,1,0
BRDA:93,9,0,15
BRDA:93,9,1,0
BRDA:93,10,0,15
BRDA:93,10,1,0
BRDA:95,11,0,0
BRDA:95,11,1,0
BRDA:126,12,0,0
BRDA:126,12,1,0
BRDA:145,13,0,1
BRDA:145,13,1,0
BRDA:145,14,0,1
BRDA:145,14,1,1
BRDA:148,15,0,1
BRDA:148,15,1,0
BRDA:148,16,0,1
BRDA:148,16,1,1
BRDA:151,17,0,1
BRDA:151,17,1,0
BRDA:151,18,0,1
BRDA:151,18,1,1
BRDA:154,19,0,0
BRDA:154,19,1,1
BRDA:154,20,0,1
BRDA:154,20,1,1
BRDA:157,21,0,0
BRDA:157,21,1,1
BRDA:157,22,0,1
BRDA:157,22,1,1
BRDA:197,23,0,18
BRDA:197,23,1,33
BRDA:198,24,0,18
BRDA:198,24,1,16
BRDA:200,25,0,18
BRDA:200,25,1,0
BRDA:200,26,0,18
BRDA:200,26,1,0
BRDA:201,27,0,18
BRDA:201,27,1,0
BRDA:201,28,0,18
BRDA:201,28,1,0
BRDA:202,29,0,18
BRDA:202,29,1,0
BRDA:202,29,2,0
BRDA:203,30,0,18
BRDA:203,30,1,16
BRDA:204,31,0,18
BRDA:204,31,1,17
BRDA:205,32,0,18
BRDA:205,32,1,0
BRDA:206,33,0,18
BRDA:206,33,1,0
BRDA:213,34,0,33
BRDA:213,34,1,1
BRDA:213,34,2,1
BRDA:214,35,0,33
BRDA:214,35,1,2
BRDA:215,36,0,33
BRDA:215,36,1,29
BRDA:216,37,0,3
BRDA:216,37,1,30
BRDA:217,38,0,33
BRDA:217,38,1,2
BRDA:220,39,0,33
BRDA:220,39,1,29
BRDA:220,40,0,33
BRDA:220,40,1,29
BRDA:221,41,0,33
BRDA:221,41,1,23
BRDA:221,42,0,33
BRDA:221,42,1,23
BRDA:222,43,0,33
BRDA:222,43,1,2
BRDA:222,43,2,2
BRDA:224,44,0,33
BRDA:224,44,1,31
BRDA:225,45,0,33
BRDA:225,45,1,5
BRDA:228,46,0,33
BRDA:228,46,1,29
BRDA:229,47,0,33
BRDA:229,47,1,4
BRDA:229,47,2,3
BRDA:229,47,3,3
BRDA:234,48,0,48
BRDA:234,48,1,1
BRDA:235,49,0,43
BRDA:235,49,1,5
BRDA:236,50,0,5
BRDA:236,50,1,3
BRDA:248,51,0,0
BRDA:248,51,1,48
BRDA:249,52,0,48
BRDA:249,52,1,29
BRDA:256,53,0,10
BRDA:256,53,1,0
BRDA:259,54,0,0
BRDA:259,54,1,10
BRDA:264,55,0,0
BRDA:264,55,1,11
BRDA:277,56,0,0
BRDA:277,56,1,46
BRDA:278,57,0,46
BRDA:278,57,1,3
BRDA:287,58,0,0
BRDA:287,58,1,1
BRDA:288,59,0,1
BRDA:288,59,1,1
BRDA:293,60,0,0
BRDA:293,60,1,1
BRDA:299,61,0,0
BRDA:299,61,1,1
BRDA:300,62,0,1
BRDA:300,62,1,0
BRDA:311,63,0,0
BRDA:311,63,1,11
BRDA:312,64,0,11
BRDA:312,64,1,0
BRDA:323,65,0,0
BRDA:323,65,1,1
BRDA:323,66,0,1
BRDA:323,66,1,0
BRDA:323,66,2,0
BRDA:328,67,0,0
BRDA:328,67,1,1
BRDA:328,68,0,1
BRDA:328,68,1,0
BRDA:333,69,0,0
BRDA:333,69,1,1
BRDA:333,70,0,1
BRDA:333,70,1,0
BRDA:342,71,0,1
BRDA:342,71,1,0
BRDA:343,72,0,1
BRDA:343,72,1,1
BRDA:355,73,0,1
BRDA:355,73,1,1
BRDA:356,74,0,0
BRDA:356,74,1,1
BRDA:363,75,0,0
BRDA:363,75,1,0
BRDA:372,76,0,0
BRDA:372,76,1,1
BRDA:381,77,0,1
BRDA:382,78,0,1
BRDA:403,79,0,2
BRDA:405,80,0,2
BRDA:405,80,1,2
BRDA:406,81,0,2
BRDA:406,81,1,2
BRDA:415,82,0,8
BRDA:415,82,1,0
BRDA:416,83,0,0
BRDA:416,83,1,3
BRDA:417,84,0,2
BRDA:417,84,1,1
BRDA:417,85,0,3
BRDA:417,85,1,3
BRDA:417,85,2,3
BRDA:419,86,0,2
BRDA:419,86,1,0
BRDA:420,87,0,2
BRDA:420,87,1,0
BRDA:421,88,0,2
BRDA:421,88,1,1
BRDA:434,89,0,0
BRDA:434,89,1,8
BRDA:435,90,0,8
BRDA:435,90,1,0
BRDA:445,91,0,0
BRDA:445,91,1,2
BRDA:446,92,0,2
BRDA:446,92,1,0
BRDA:447,93,0,2
BRDA:447,93,1,0
BRDA:448,94,0,2
BRDA:448,94,1,2
BRDA:448,94,2,0
BRDA:449,95,0,0
BRDA:449,95,1,2
BRDA:455,96,0,0
BRDA:455,96,1,7
BRDA:455,97,0,7
BRDA:455,97,1,7
BRDA:463,98,0,3
BRDA:465,99,0,0
BRDA:465,99,1,4
BRDA:468,100,0,4
BRDA:468,100,1,4
BRDA:471,101,0,4
BRDA:471,101,1,3
BRDA:472,102,0,4
BRDA:472,102,1,3
BRDA:474,103,0,4
BRDA:474,103,1,0
BRDA:476,104,0,4
BRDA:476,104,1,4
BRDA:477,105,0,4
BRDA:477,105,1,3
BRDA:478,106,0,4
BRDA:478,106,1,3
BRDA:488,107,0,1
BRDA:488,107,1,3
BRDA:506,108,0,0
BRDA:506,108,1,10
BRDA:507,109,0,10
BRDA:507,109,1,6
BRDA:516,110,0,0
BRDA:516,110,1,4
BRDA:517,111,0,4
BRDA:517,111,1,0
BRDA:526,112,0,2
BRDA:526,112,1,0
BRDA:530,113,0,2
BRDA:530,113,1,0
BRDA:531,114,0,2
BRDA:531,114,1,0
BRDA:534,115,0,2
BRDA:534,115,1,0
BRDA:535,116,0,2
BRDA:535,116,1,0
BRDA:536,117,0,2
BRDA:536,117,1,0
BRDA:537,118,0,2
BRDA:537,118,1,0
BRDA:538,119,0,0
BRDA:538,119,1,2
BRDA:539,120,0,0
BRDA:539,120,1,2
BRDA:541,121,0,2
BRDA:541,121,1,2
BRDA:547,122,0,1
BRDA:547,122,1,0
BRDA:550,123,0,1
BRDA:550,123,1,0
BRDA:551,124,0,1
BRDA:551,124,1,0
BRDA:552,125,0,1
BRDA:552,125,1,0
BRDA:553,126,0,1
BRDA:553,126,1,0
BRDA:554,127,0,0
BRDA:554,127,1,1
BRDA:555,128,0,0
BRDA:555,128,1,1
BRDA:557,129,0,1
BRDA:557,129,1,1
BRDA:572,130,0,0
BRDA:572,130,1,2
BRDA:573,131,0,2
BRDA:573,131,1,2
BRDA:580,132,0,1
BRDA:580,132,1,2
BRDA:580,133,0,3
BRDA:580,133,1,1
BRDA:581,134,0,1
BRDA:581,134,1,0
BRDA:586,135,0,1
BRDA:586,135,1,0
BRDA:588,136,0,1
BRDA:588,136,1,0
BRDA:589,137,0,1
BRDA:589,137,1,0
BRDA:598,138,0,0
BRDA:598,138,1,2
BRDA:601,139,0,2
BRDA:601,139,1,0
BRDA:603,140,0,0
BRDA:603,140,1,2
BRDA:610,141,0,0
BRDA:610,141,1,0
BRDA:622,142,0,0
BRDA:622,142,1,2
BRDA:627,143,0,0
BRDA:627,143,1,2
BRDA:632,144,0,2
BRDA:632,144,1,0
BRDA:633,145,0,2
BRDA:633,145,1,0
BRDA:634,146,0,2
BRDA:634,146,1,0
BRDA:636,147,0,2
BRDA:636,147,1,0
BRDA:637,148,0,2
BRDA:637,148,1,0
BRDA:639,149,0,2
BRDA:639,149,1,0
BRDA:643,150,0,0
BRDA:643,150,1,2
BRDA:651,151,0,1
BRDA:651,151,1,0
BRDA:654,152,0,0
BRDA:654,152,1,1
BRDA:655,153,0,0
BRDA:655,153,1,1
BRDA:659,154,0,0
BRDA:659,154,1,1
BRDA:659,155,0,1
BRDA:659,155,1,1
BRDA:659,155,2,1
BRDA:664,156,0,5
BRDA:664,156,1,1
BRDA:665,157,0,5
BRDA:665,157,1,3
BRDA:666,158,0,5
BRDA:666,158,1,1
BRDA:667,159,0,5
BRDA:667,159,1,1
BRDA:668,160,0,5
BRDA:668,160,1,3
BRDA:669,161,0,5
BRDA:669,161,1,5
BRDA:670,162,0,5
BRDA:670,162,1,5
BRDA:674,163,0,4
BRDA:674,163,1,1
BRDA:675,164,0,5
BRDA:675,164,1,0
BRDA:676,165,0,2
BRDA:676,165,1,3
BRDA:677,166,0,5
BRDA:677,166,1,0
BRDA:678,167,0,5
BRDA:678,167,1,0
BRDA:679,168,0,1
BRDA:679,168,1,4
BRDA:680,169,0,2
BRDA:680,169,1,3
BRDA:681,170,0,0
BRDA:681,170,1,5
BRDA:687,171,0,0
BRDA:687,171,1,0
BRDA:688,172,0,0
BRDA:688,172,1,0
BRDA:689,173,0,0
BRDA:689,173,1,0
BRDA:690,174,0,0
BRDA:690,174,1,0
BRDA:691,175,0,0
BRDA:691,175,1,0
BRDA:694,176,0,0
BRDA:694,176,1,0
BRDA:696,177,0,0
BRDA:696,177,1,0
BRDA:696,178,0,0
BRDA:696,178,1,0
BRDA:701,179,0,0
BRDA:701,179,1,2
BRDA:702,180,0,0
BRDA:702,180,1,0
BRDA:702,180,2,2
BRDA:702,180,3,0
BRDA:702,180,4,0
BRDA:702,180,5,0
BRDA:703,181,0,0
BRDA:703,181,1,0
BRDA:704,182,0,0
BRDA:704,182,1,0
BRDA:705,183,0,2
BRDA:705,183,1,0
BRDA:706,184,0,0
BRDA:706,184,1,0
BRDA:707,185,0,0
BRDA:707,185,1,0
BRDA:713,186,0,1
BRDA:713,186,1,0
BRDA:714,187,0,0
BRDA:714,187,1,0
BRDA:714,187,2,1
BRDA:714,187,3,0
BRDA:714,187,4,0
BRDA:714,187,5,0
BRDA:725,188,0,1
BRDA:725,188,1,1
BRDA:731,189,0,0
BRDA:731,189,1,1
BRDA:742,190,0,1
BRDA:742,190,1,3
BRDA:750,191,0,0
BRDA:750,191,1,3
BRDA:763,192,0,7
BRDA:763,192,1,0
BRDA:767,193,0,6
BRDA:767,193,1,1
BRDA:771,194,0,1
BRDA:771,194,1,6
BRDA:772,195,0,0
BRDA:772,195,1,6
BRDA:781,196,0,1
BRDA:781,196,1,8
BRDA:783,197,0,1
BRDA:783,197,1,0
BRDA:787,198,0,0
BRDA:787,198,1,1
BRDA:792,199,0,0
BRDA:792,199,1,8
BRDA:798,200,0,1
BRDA:798,200,1,7
BRDA:800,201,0,1
BRDA:800,201,1,0
BRDA:811,202,0,1
BRDA:811,202,1,6
BRDA:817,203,0,1
BRDA:817,203,1,5
BRDA:828,204,0,0
BRDA:828,204,1,5
BRDA:832,205,0,0
BRDA:832,205,1,0
BRDA:837,206,0,0
BRDA:837,206,1,0
BRDA:850,207,0,4
BRDA:850,207,1,1
BRDA:855,208,0,0
BRDA:855,208,1,4
BRDA:855,209,0,4
BRDA:855,209,1,4
BRDA:860,210,0,0
BRDA:860,210,1,4
BRDA:860,211,0,4
BRDA:860,211,1,4
BRDA:865,212,0,0
BRDA:865,212,1,4
BRDA:865,213,0,4
BRDA:865,213,1,4
BRDA:874,214,0,1
BRDA:874,214,1,3
BRDA:874,215,0,4
BRDA:874,215,1,2
BRDA:911,216,0,1
BRDA:911,216,1,0
BRDA:916,217,0,0
BRDA:916,217,1,1
BRDA:922,218,0,0
BRDA:922,218,1,1
BRDA:927,219,0,1
BRDA:927,219,1,0
BRDA:936,220,0,1
BRDA:936,220,1,0
BRDA:960,221,0,0
BRDA:960,221,1,8
BRDA:962,222,0,8
BRDA:962,222,1,0
BRDA:962,223,0,8
BRDA:962,223,1,8
BRDA:969,224,0,3
BRDA:969,224,1,5
BRDA:973,225,0,1
BRDA:973,225,1,2
BRDA:973,226,0,3
BRDA:973,226,1,3
BRDA:981,227,0,2
BRDA:981,227,1,3
BRDA:985,228,0,0
BRDA:985,228,1,2
BRDA:985,229,0,2
BRDA:985,229,1,2
BRDA:1001,230,0,1
BRDA:1001,230,1,2
BRDA:1006,231,0,2
BRDA:1006,231,1,0
BRDA:1010,232,0,1
BRDA:1010,232,1,1
BRDA:1010,233,0,2
BRDA:1010,233,1,2
BRDA:1015,234,0,0
BRDA:1015,234,1,1
BRDA:1019,235,0,0
BRDA:1019,235,1,1
BRDA:1023,236,0,1
BRDA:1023,236,1,0
BRDA:1025,237,0,1
BRDA:1025,237,1,0
BRDA:1025,237,2,0
BRDA:1034,238,0,0
BRDA:1034,238,1,1
BRDA:1048,239,0,0
BRDA:1048,239,1,3
BRDA:1054,240,0,3
BRDA:1054,240,1,3
BRDA:1054,240,2,3
BRDA:1062,241,0,0
BRDA:1067,242,0,0
BRDA:1067,242,1,0
BRDA:1068,243,0,0
BRDA:1068,243,1,0
BRDA:1069,244,0,0
BRDA:1069,244,1,0
BRDA:1070,245,0,0
BRDA:1070,245,1,0
BRDA:1077,246,0,0
BRDA:1077,246,1,0
BRDA:1078,247,0,0
BRDA:1078,247,1,0
BRDA:1083,248,0,0
BRDA:1083,248,1,1
BRDA:1083,249,0,1
BRDA:1083,249,1,1
BRDA:1098,250,0,1
BRDA:1098,250,1,0
BRDA:1099,251,0,1
BRDA:1099,251,1,1
BRDA:1105,252,0,0
BRDA:1105,252,1,1
BRDA:1105,253,0,1
BRDA:1105,253,1,1
BRDA:1141,254,0,0
BRDA:1141,254,1,1
BRDA:1141,255,0,1
BRDA:1141,255,1,1
BRDA:1143,256,0,0
BRDA:1143,256,1,1
BRDA:1154,257,0,0
BRDA:1154,257,1,1
BRDA:1165,258,0,0
BRDA:1165,258,1,1
BRDA:1165,259,0,1
BRDA:1165,259,1,1
BRDA:1165,259,2,1
BRDA:1177,260,0,0
BRDA:1177,260,1,1
BRDA:1177,261,0,1
BRDA:1177,261,1,1
BRDA:1177,261,2,1
BRDA:1177,261,3,0
BRDA:1194,262,0,1
BRDA:1194,262,1,0
BRDA:1195,263,0,1
BRDA:1195,263,1,1
BRDA:1210,264,0,0
BRDA:1210,264,1,1
BRDA:1245,265,0,1
BRDA:1245,265,1,44
BRDA:1256,266,0,1
BRDA:1256,266,1,43
BRDA:1266,267,0,2
BRDA:1266,267,1,41
BRDA:1267,268,0,0
BRDA:1267,268,1,2
BRDA:1290,269,0,2
BRDA:1290,269,1,39
BRDA:1291,270,0,0
BRDA:1291,270,1,2
BRDA:1295,271,0,0
BRDA:1295,271,1,2
BRDA:1308,272,0,0
BRDA:1308,272,1,39
BRDA:1309,273,0,0
BRDA:1309,273,1,0
BRDA:1314,274,0,1
BRDA:1314,274,1,38
BRDA:1315,275,0,1
BRDA:1315,275,1,0
BRDA:1316,276,0,0
BRDA:1316,276,1,1
BRDA:1341,277,0,3
BRDA:1341,277,1,35
BRDA:1342,278,0,0
BRDA:1342,278,1,3
BRDA:1357,279,0,1
BRDA:1357,279,1,2
BRDA:1357,280,0,3
BRDA:1357,280,1,3
BRDA:1385,281,0,0
BRDA:1385,281,1,2
BRDA:1385,282,0,2
BRDA:1385,282,1,0
BRDA:1390,283,0,2
BRDA:1390,283,1,0
BRDA:1390,284,0,2
BRDA:1390,284,1,2
BRDA:1410,285,0,0
BRDA:1410,285,1,0
BRDA:1415,286,0,0
BRDA:1415,286,1,0
BRDA:1417,287,0,0
BRDA:1417,287,1,0
BRDA:1417,288,0,0
BRDA:1417,288,1,0
BRDA:1428,289,0,0
BRDA:1428,289,1,0
BRDA:1432,290,0,0
BRDA:1432,290,1,0
BRDA:1439,291,0,0
BRDA:1439,291,1,0
BRDA:1445,292,0,0
BRDA:1445,292,1,0
BRDA:1470,293,0,0
BRDA:1470,293,1,0
BRDA:1485,294,0,2
BRDA:1485,294,1,45
BRDA:1486,295,0,17
BRDA:1486,295,1,28
BRDA:1489,296,0,0
BRDA:1489,296,1,45
BRDA:1496,297,0,10
BRDA:1496,297,1,35
BRDA:1498,298,0,0
BRDA:1498,298,1,35
BRDA:1498,299,0,35
BRDA:1498,299,1,26
BRDA:1503,300,0,3
BRDA:1503,300,1,32
BRDA:1504,301,0,2
BRDA:1504,301,1,1
BRDA:1506,302,0,0
BRDA:1506,302,1,2
BRDA:1506,303,0,2
BRDA:1506,303,1,2
BRDA:1517,304,0,2
BRDA:1517,304,1,1
BRDA:1526,305,0,0
BRDA:1526,305,1,1
BRDA:1526,306,0,1
BRDA:1526,306,1,0
BRDA:1535,307,0,0
BRDA:1535,307,1,1
BRDA:1546,308,0,1
BRDA:1546,308,1,1
BRDA:1555,309,0,1
BRDA:1555,309,1,31
BRDA:1559,310,0,1
BRDA:1559,310,1,30
BRDA:1563,311,0,1
BRDA:1563,311,1,29
BRDA:1568,312,0,3
BRDA:1568,312,1,26
BRDA:1569,313,0,2
BRDA:1569,313,1,1
BRDA:1579,314,0,1
BRDA:1579,314,1,25
BRDA:1580,315,0,1
BRDA:1580,315,1,0
BRDA:1582,316,0,1
BRDA:1582,316,1,0
BRDA:1591,317,0,0
BRDA:1591,317,1,0
BRDA:1596,318,0,1
BRDA:1596,318,1,24
BRDA:1596,319,0,25
BRDA:1596,319,1,24
BRDA:1598,320,0,0
BRDA:1598,320,1,1
BRDA:1598,321,0,1
BRDA:1598,321,1,0
BRDA:1601,322,0,0
BRDA:1601,322,1,1
BRDA:1607,323,0,2
BRDA:1607,323,1,22
BRDA:1608,324,0,0
BRDA:1608,324,1,2
BRDA:1614,325,0,1
BRDA:1614,325,1,1
BRDA:1623,326,0,5
BRDA:1623,326,1,17
BRDA:1624,327,0,0
BRDA:1624,327,1,5
BRDA:1628,328,0,1
BRDA:1628,328,1,4
BRDA:1633,329,0,0
BRDA:1633,329,1,4
BRDA:1639,330,0,1
BRDA:1639,330,1,3
BRDA:1639,331,0,4
BRDA:1639,331,1,1
BRDA:1651,332,0,0
BRDA:1651,332,1,17
BRDA:1654,333,0,8
BRDA:1654,333,1,9
BRDA:1654,334,0,17
BRDA:1654,334,1,16
BRDA:1663,335,0,0
BRDA:1663,335,1,9
BRDA:1675,336,0,0
BRDA:1675,336,1,0
BRDA:1679,337,0,0
BRDA:1679,337,1,0
BRDA:1705,338,0,3
BRDA:1705,338,1,3
BRDA:1706,339,0,3
BRDA:1706,339,1,0
BRDA:1707,340,0,0
BRDA:1707,340,1,3
BRDA:1707,341,0,3
BRDA:1707,341,1,0
BRDA:1710,342,0,0
BRDA:1710,342,1,3
BRDA:1710,343,0,3
BRDA:1710,343,1,3
BRDA:1714,344,0,3
BRDA:1714,344,1,0
BRDA:1728,345,0,0
BRDA:1728,345,1,0
BRDA:1737,346,0,0
BRDA:1737,346,1,0
BRDA:1738,347,0,0
BRDA:1738,347,1,0
BRDA:1749,348,0,0
BRDA:1749,348,1,0
BRDA:1750,349,0,0
BRDA:1750,349,1,0
BRDA:1755,350,0,0
BRDA:1755,350,1,0
BRDA:1756,351,0,0
BRDA:1756,351,1,0
BRDA:1757,352,0,0
BRDA:1757,352,1,0
BRDA:1757,353,0,0
BRDA:1757,353,1,0
BRDA:1761,354,0,0
BRDA:1761,354,1,0
BRDA:1765,355,0,0
BRDA:1765,355,1,0
BRDA:1767,356,0,0
BRDA:1767,356,1,0
BRDA:1771,357,0,0
BRDA:1771,357,1,0
BRDA:1771,357,2,0
BRDA:1771,357,3,0
BRDA:1771,357,4,0
BRDA:1772,358,0,0
BRDA:1772,358,1,0
BRDA:1784,359,0,0
BRDA:1784,359,1,0
BRDA:1785,360,0,0
BRDA:1785,360,1,0
BRDA:1788,361,0,0
BRDA:1788,361,1,0
BRDA:1795,362,0,0
BRDA:1795,362,1,0
BRDA:1795,363,0,0
BRDA:1795,363,1,0
BRDA:1797,364,0,0
BRDA:1797,364,1,0
BRDA:1800,365,0,0
BRDA:1800,365,1,0
BRDA:1800,366,0,0
BRDA:1800,366,1,0
BRDA:1810,367,0,0
BRDA:1810,367,1,0
BRDA:1851,368,0,5
BRDA:1852,369,0,11
BRDA:1852,369,1,0
BRDA:1861,370,0,5
BRDA:1861,370,1,20
BRDA:1863,371,0,5
BRDA:1863,371,1,4
BRDA:1870,372,0,6
BRDA:1870,372,1,0
BRDA:1871,373,0,47
BRDA:1871,373,1,0
BRDA:1878,374,0,5
BRDA:1878,374,1,6
BRDA:1880,375,0,4
BRDA:1880,375,1,1
BRDA:1880,376,0,5
BRDA:1880,376,1,5
BRDA:1888,377,0,2
BRDA:1888,377,1,9
BRDA:1893,378,0,6
BRDA:1893,378,1,5
BRDA:1896,379,0,5
BRDA:1896,379,1,1
BRDA:1896,380,0,6
BRDA:1896,380,1,5
BRDA:1898,381,0,3
BRDA:1898,381,1,2
BRDA:1898,382,0,5
BRDA:1898,382,1,4
BRDA:1898,383,0,3
BRDA:1898,383,1,0
BRDA:1899,384,0,1
BRDA:1899,384,1,1
BRDA:1902,385,0,6
BRDA:1902,385,1,0
BRDA:1905,386,0,3
BRDA:1905,386,1,3
BRDA:1905,387,0,6
BRDA:1905,387,1,3
BRDA:1907,388,0,3
BRDA:1907,388,1,0
BRDA:1912,389,0,6
BRDA:1912,389,1,3
BRDA:1915,390,0,1
BRDA:1915,390,1,5
BRDA:1915,391,0,6
BRDA:1915,391,1,2
BRDA:1915,391,2,2
BRDA:1918,392,0,1
BRDA:1918,392,1,0
BRDA:1919,393,0,0
BRDA:1919,393,1,2
BRDA:1921,394,0,1
BRDA:1921,394,1,0
BRDA:1922,395,0,0
BRDA:1922,395,1,2
BRDA:1924,396,0,1
BRDA:1924,396,1,0
BRDA:1931,397,0,5
BRDA:1931,397,1,0
BRDA:1932,398,0,1
BRDA:1932,398,1,4
BRDA:1933,399,0,1
BRDA:1933,399,1,0
BRDA:1938,400,0,0
BRDA:1938,400,1,5
BRDA:1938,401,0,5
BRDA:1938,401,1,4
BRDA:1938,401,2,1
BRDA:1939,402,0,2
BRDA:1939,402,1,3
BRDA:1939,403,0,5
BRDA:1939,403,1,2
BRDA:1941,404,0,5
BRDA:1941,404,1,4
BRDA:1948,405,0,0
BRDA:1948,405,1,0
BRDA:1964,406,0,3
BRDA:1964,406,1,0
BRDA:1965,407,0,3
BRDA:1965,407,1,0
BRDA:1967,408,0,3
BRDA:1967,408,1,1
BRDA:1968,409,0,3
BRDA:1968,409,1,0
BRDA:1969,410,0,3
BRDA:1969,410,1,0
BRDA:1970,411,0,3
BRDA:1970,411,1,1
BRDA:1971,412,0,3
BRDA:1971,412,1,0
BRDA:1978,413,0,10
BRDA:1978,413,1,0
BRDA:1979,414,0,2
BRDA:1979,414,1,8
BRDA:1980,415,0,4
BRDA:1980,415,1,4
BRDA:1981,416,0,0
BRDA:1981,416,1,4
BRF:859
BRH:528
end_of_record
TN:
SF:src\services\authUser.js
FN:1,(anonymous_0)
FN:8,(anonymous_1)
FN:14,(anonymous_2)
FN:23,(anonymous_3)
FN:45,(anonymous_4)
FNF:5
FNH:5
FNDA:22,(anonymous_0)
FNDA:11,(anonymous_1)
FNDA:2,(anonymous_2)
FNDA:6,(anonymous_3)
FNDA:4,(anonymous_4)
DA:1,1
DA:2,22
DA:5,22
DA:8,1
DA:9,11
DA:10,11
DA:11,11
DA:14,2
DA:23,1
DA:24,6
DA:30,6
DA:32,5
DA:33,3
DA:38,3
DA:39,2
DA:42,4
DA:45,1
DA:46,4
DA:47,4
DA:48,4
DA:50,4
DA:52,3
DA:61,1
LF:23
LH:23
BRDA:1,0,0,1
BRDA:5,1,0,11
BRDA:5,1,1,11
BRDA:9,2,0,11
BRDA:9,2,1,4
BRDA:10,3,0,11
BRDA:10,3,1,3
BRDA:10,4,0,1
BRDA:10,4,1,10
BRDA:20,5,0,2
BRDA:20,5,1,1
BRDA:30,6,0,1
BRDA:30,6,1,5
BRDA:32,7,0,3
BRDA:32,7,1,2
BRDA:32,8,0,5
BRDA:32,8,1,4
BRDA:32,8,2,4
BRDA:38,9,0,1
BRDA:38,9,1,2
BRDA:42,10,0,2
BRDA:42,10,1,2
BRDA:42,11,0,4
BRDA:42,11,1,3
BRDA:48,12,0,4
BRDA:48,12,1,1
BRDA:50,13,0,1
BRDA:50,13,1,3
BRDA:50,14,0,4
BRDA:50,14,1,2
BRF:30
BRH:30
end_of_record
TN:
SF:src\services\reporting.js
FN:4,(anonymous_0)
FN:7,(anonymous_1)
FN:10,(anonymous_2)
FN:11,(anonymous_3)
FN:15,(anonymous_4)
FN:20,(anonymous_5)
FN:26,(anonymous_6)
FN:40,(anonymous_7)
FN:43,(anonymous_8)
FN:54,(anonymous_9)
FN:61,(anonymous_10)
FN:65,(anonymous_11)
FN:76,(anonymous_12)
FN:88,(anonymous_13)
FN:101,(anonymous_14)
FN:109,(anonymous_15)
FN:134,(anonymous_16)
FN:156,(anonymous_17)
FN:159,(anonymous_18)
FN:164,(anonymous_19)
FN:165,(anonymous_20)
FN:166,(anonymous_21)
FN:171,(anonymous_22)
FN:173,(anonymous_23)
FN:180,(anonymous_24)
FN:182,(anonymous_25)
FN:183,(anonymous_26)
FN:188,(anonymous_27)
FN:196,(anonymous_28)
FN:206,(anonymous_29)
FN:208,(anonymous_30)
FN:210,(anonymous_31)
FN:211,(anonymous_32)
FN:215,(anonymous_33)
FN:217,(anonymous_34)
FN:219,(anonymous_35)
FN:222,(anonymous_36)
FN:228,(anonymous_37)
FN:239,(anonymous_38)
FN:245,(anonymous_39)
FN:247,(anonymous_40)
FN:248,(anonymous_41)
FN:252,(anonymous_42)
FN:259,(anonymous_43)
FN:260,(anonymous_44)
FN:262,(anonymous_45)
FN:272,(anonymous_46)
FN:273,(anonymous_47)
FN:274,(anonymous_48)
FN:294,(anonymous_49)
FN:300,(anonymous_50)
FN:301,(anonymous_51)
FN:302,(anonymous_52)
FN:306,(anonymous_53)
FN:311,(anonymous_54)
FN:317,(anonymous_55)
FN:318,(anonymous_56)
FNF:57
FNH:56
FNDA:3,(anonymous_0)
FNDA:2,(anonymous_1)
FNDA:5,(anonymous_2)
FNDA:5,(anonymous_3)
FNDA:2,(anonymous_4)
FNDA:3,(anonymous_5)
FNDA:52,(anonymous_6)
FNDA:24,(anonymous_7)
FNDA:24,(anonymous_8)
FNDA:43,(anonymous_9)
FNDA:215,(anonymous_10)
FNDA:20,(anonymous_11)
FNDA:220,(anonymous_12)
FNDA:10,(anonymous_13)
FNDA:5,(anonymous_14)
FNDA:3,(anonymous_15)
FNDA:1,(anonymous_16)
FNDA:0,(anonymous_17)
FNDA:20,(anonymous_18)
FNDA:29,(anonymous_19)
FNDA:16,(anonymous_20)
FNDA:20,(anonymous_21)
FNDA:23,(anonymous_22)
FNDA:3,(anonymous_23)
FNDA:13,(anonymous_24)
FNDA:10,(anonymous_25)
FNDA:18,(anonymous_26)
FNDA:4,(anonymous_27)
FNDA:16,(anonymous_28)
FNDA:3,(anonymous_29)
FNDA:6,(anonymous_30)
FNDA:4,(anonymous_31)
FNDA:4,(anonymous_32)
FNDA:1,(anonymous_33)
FNDA:2,(anonymous_34)
FNDA:1,(anonymous_35)
FNDA:1,(anonymous_36)
FNDA:2,(anonymous_37)
FNDA:6,(anonymous_38)
FNDA:8,(anonymous_39)
FNDA:4,(anonymous_40)
FNDA:2,(anonymous_41)
FNDA:2,(anonymous_42)
FNDA:4,(anonymous_43)
FNDA:3,(anonymous_44)
FNDA:3,(anonymous_45)
FNDA:4,(anonymous_46)
FNDA:3,(anonymous_47)
FNDA:5,(anonymous_48)
FNDA:8,(anonymous_49)
FNDA:3,(anonymous_50)
FNDA:1,(anonymous_51)
FNDA:8,(anonymous_52)
FNDA:24,(anonymous_53)
FNDA:16,(anonymous_54)
FNDA:5,(anonymous_55)
FNDA:5,(anonymous_56)
DA:1,1
DA:2,1
DA:4,1
DA:5,3
DA:7,1
DA:8,2
DA:10,5
DA:11,5
DA:12,2
DA:15,1
DA:16,2
DA:17,2
DA:20,1
DA:21,3
DA:22,3
DA:23,3
DA:26,1
DA:27,52
DA:28,52
DA:29,52
DA:30,52
DA:35,1
DA:37,51
DA:40,1
DA:41,24
DA:43,1
DA:44,24
DA:45,24
DA:46,24
DA:47,24
DA:54,1
DA:55,43
DA:61,215
DA:62,43
DA:65,1
DA:66,20
DA:76,220
DA:77,20
DA:85,20
DA:88,1
DA:89,10
DA:90,10
DA:92,10
DA:93,10
DA:94,10
DA:95,20
DA:96,20
DA:98,10
DA:101,5
DA:109,1
DA:113,3
DA:114,3
DA:116,3
DA:117,0
DA:118,0
DA:120,0
DA:122,3
DA:123,1
DA:125,2
DA:126,1
DA:128,1
DA:129,1
DA:131,0
DA:134,1
DA:135,1
DA:136,1
DA:137,1
DA:138,1
DA:139,1
DA:140,1
DA:141,1
DA:142,1
DA:143,1
DA:144,1
DA:149,1
DA:156,1
DA:157,0
DA:159,1
DA:160,20
DA:161,20
DA:164,29
DA:165,16
DA:166,1
DA:167,20
DA:168,20
DA:171,23
DA:173,1
DA:174,3
DA:175,3
DA:176,3
DA:177,3
DA:180,13
DA:182,1
DA:183,10
DA:184,18
DA:185,18
DA:188,1
DA:189,4
DA:190,4
DA:191,16
DA:193,4
DA:196,1
DA:197,16
DA:198,2
DA:199,2
DA:201,14
DA:202,14
DA:203,14
DA:206,1
DA:207,3
DA:208,6
DA:211,4
DA:215,1
DA:216,1
DA:217,2
DA:220,1
DA:222,1
DA:228,1
DA:239,6
DA:240,2
DA:241,2
DA:242,2
DA:243,2
DA:244,2
DA:245,8
DA:246,2
DA:247,4
DA:249,2
DA:250,2
DA:251,2
DA:252,2
DA:257,2
DA:258,2
DA:259,4
DA:261,3
DA:262,3
DA:265,3
DA:266,3
DA:267,3
DA:270,2
DA:271,2
DA:272,4
DA:274,3
DA:275,5
DA:276,5
DA:277,5
DA:281,2
DA:294,8
DA:300,3
DA:301,1
DA:302,8
DA:307,24
DA:312,16
DA:317,5
DA:318,5
DA:323,1
LF:156
LH:151
BRDA:5,0,0,3
BRDA:5,0,1,3
BRDA:5,0,2,3
BRDA:8,1,0,2
BRDA:8,1,1,1
BRDA:11,2,0,5
BRDA:11,2,1,4
BRDA:12,3,0,2
BRDA:12,3,1,0
BRDA:16,4,0,2
BRDA:16,4,1,2
BRDA:17,5,0,2
BRDA:17,5,1,0
BRDA:17,6,0,2
BRDA:17,6,1,2
BRDA:27,7,0,0
BRDA:27,7,1,52
BRDA:27,8,0,52
BRDA:27,8,1,0
BRDA:30,9,0,1
BRDA:30,9,1,51
BRDA:31,10,0,52
BRDA:31,10,1,52
BRDA:31,10,2,51
BRDA:45,11,0,0
BRDA:45,11,1,24
BRDA:54,12,0,0
BRDA:88,13,0,0
BRDA:90,14,0,0
BRDA:90,14,1,10
BRDA:101,15,0,0
BRDA:111,16,0,3
BRDA:111,17,0,3
BRDA:111,18,0,3
BRDA:113,19,0,3
BRDA:113,19,1,0
BRDA:114,20,0,3
BRDA:114,20,1,1
BRDA:116,21,0,0
BRDA:116,21,1,3
BRDA:116,22,0,3
BRDA:116,22,1,0
BRDA:117,23,0,0
BRDA:117,23,1,0
BRDA:122,24,0,1
BRDA:122,24,1,2
BRDA:122,25,0,3
BRDA:122,25,1,3
BRDA:125,26,0,1
BRDA:125,26,1,1
BRDA:125,27,0,2
BRDA:125,27,1,1
BRDA:128,28,0,1
BRDA:128,28,1,0
BRDA:134,29,0,0
BRDA:134,30,0,0
BRDA:139,31,0,0
BRDA:139,31,1,1
BRDA:156,32,0,0
BRDA:161,33,0,20
BRDA:161,33,1,13
BRDA:164,34,0,0
BRDA:164,34,1,29
BRDA:165,35,0,16
BRDA:165,35,1,0
BRDA:168,36,0,20
BRDA:168,36,1,0
BRDA:177,37,0,3
BRDA:177,37,1,0
BRDA:197,38,0,2
BRDA:197,38,1,14
BRDA:206,39,0,3
BRDA:208,40,0,6
BRDA:208,40,1,6
BRDA:215,41,0,1
BRDA:217,42,0,2
BRDA:217,42,1,2
BRDA:229,43,0,0
BRDA:230,44,0,0
BRDA:231,45,0,1
BRDA:233,46,0,1
BRDA:234,47,0,1
BRDA:235,48,0,0
BRDA:236,49,0,0
BRDA:237,50,0,2
BRDA:240,51,0,2
BRDA:240,51,1,1
BRDA:241,52,0,2
BRDA:241,52,1,1
BRDA:242,53,0,2
BRDA:242,53,1,1
BRDA:243,54,0,2
BRDA:243,54,1,1
BRDA:244,55,0,2
BRDA:244,55,1,1
BRDA:247,56,0,4
BRDA:247,56,1,4
BRDA:250,57,0,0
BRDA:250,57,1,2
BRDA:259,58,0,4
BRDA:259,58,1,4
BRDA:265,59,0,0
BRDA:265,59,1,3
BRDA:267,60,0,3
BRDA:267,60,1,3
BRDA:272,61,0,4
BRDA:272,61,1,4
BRDA:276,62,0,5
BRDA:276,62,1,0
BRDA:277,63,0,5
BRDA:277,63,1,5
BRDA:284,64,0,1
BRDA:284,64,1,1
BRDA:285,65,0,1
BRDA:285,65,1,1
BRDA:286,66,0,1
BRDA:286,66,1,1
BRDA:289,67,0,1
BRDA:289,67,1,1
BRDA:290,68,0,1
BRDA:290,68,1,1
BRDA:307,69,0,24
BRDA:307,69,1,24
BRDA:312,70,0,16
BRDA:312,70,1,16
BRF:125
BRH:95
end_of_record
TN:
SF:src\services\telegramApi.js
FN:1,(anonymous_0)
FN:10,(anonymous_1)
FN:19,(anonymous_2)
FN:30,(anonymous_3)
FN:39,(anonymous_4)
FN:53,(anonymous_5)
FN:68,(anonymous_6)
FNF:7
FNH:5
FNDA:7,(anonymous_0)
FNDA:0,(anonymous_1)
FNDA:0,(anonymous_2)
FNDA:2,(anonymous_3)
FNDA:2,(anonymous_4)
FNDA:2,(anonymous_5)
FNDA:1,(anonymous_6)
DA:1,1
DA:2,7
DA:3,7
DA:5,7
DA:10,4
DA:11,4
DA:12,0
DA:13,0
DA:14,0
DA:16,4
DA:19,1
DA:20,0
DA:25,0
DA:26,0
DA:27,0
DA:30,1
DA:31,2
DA:32,2
DA:33,2
DA:35,1
DA:39,1
DA:40,2
DA:41,2
DA:42,2
DA:46,1
DA:48,1
DA:49,1
DA:53,1
DA:54,2
DA:55,2
DA:56,2
DA:61,1
DA:63,1
DA:64,1
DA:68,1
DA:69,1
DA:74,1
DA:75,1
DA:76,1
DA:79,1
LF:40
LH:33
BRDA:2,0,0,7
BRDA:2,0,1,0
BRDA:3,1,0,0
BRDA:3,1,1,7
BRDA:11,2,0,0
BRDA:11,2,1,4
BRDA:11,3,0,4
BRDA:11,3,1,4
BRDA:12,4,0,0
BRDA:12,4,1,0
BRDA:25,5,0,0
BRDA:25,5,1,0
BRDA:26,6,0,0
BRDA:26,6,1,0
BRDA:31,7,0,0
BRDA:31,7,1,2
BRDA:40,8,0,0
BRDA:40,8,1,2
BRDA:40,9,0,2
BRDA:40,9,1,2
BRDA:54,10,0,0
BRDA:54,10,1,2
BRDA:54,11,0,2
BRDA:54,11,1,2
BRDA:72,12,0,1
BRDA:72,12,1,0
BRDA:74,13,0,0
BRDA:74,13,1,1
BRDA:75,14,0,0
BRDA:75,14,1,1
BRF:30
BRH:15
end_of_record
TN:
SF:src\services\telegramInvitationEmail.js
FN:12,(anonymous_0)
FN:20,(anonymous_1)
FN:22,(anonymous_2)
FN:28,(anonymous_3)
FN:43,(anonymous_4)
FN:59,(anonymous_5)
FN:66,(anonymous_6)
FN:147,(anonymous_7)
FN:222,(anonymous_8)
FN:312,(anonymous_9)
FNF:10
FNH:8
FNDA:14,(anonymous_0)
FNDA:8,(anonymous_1)
FNDA:7,(anonymous_2)
FNDA:3,(anonymous_3)
FNDA:0,(anonymous_4)
FNDA:0,(anonymous_5)
FNDA:2,(anonymous_6)
FNDA:4,(anonymous_7)
FNDA:3,(anonymous_8)
FNDA:3,(anonymous_9)
DA:1,1
DA:2,1
DA:3,1
DA:5,1
DA:12,1
DA:13,14
DA:20,8
DA:22,7
DA:28,1
DA:33,3
DA:34,3
DA:38,3
DA:41,1
DA:43,1
DA:44,0
DA:46,0
DA:59,0
DA:60,0
DA:63,0
DA:66,1
DA:67,2
DA:68,2
DA:69,2
DA:76,2
DA:77,2
DA:78,2
DA:86,2
DA:147,1
DA:151,4
DA:152,4
DA:153,4
DA:154,4
DA:156,4
DA:157,3
DA:158,1
DA:161,2
DA:162,2
DA:163,2
DA:164,2
DA:165,2
DA:167,2
DA:215,1
DA:217,1
DA:218,1
DA:222,1
DA:226,3
DA:227,3
DA:228,3
DA:229,3
DA:230,3
DA:231,3
DA:233,3
DA:234,1
DA:237,2
DA:238,1
DA:249,1
DA:252,1
DA:264,1
DA:265,1
DA:266,1
DA:268,1
DA:284,1
DA:285,1
DA:295,1
DA:297,0
DA:307,0
DA:308,0
DA:312,1
DA:317,3
DA:318,3
DA:320,3
DA:322,2
DA:324,2
DA:325,2
DA:326,2
DA:339,1
DA:341,1
DA:342,1
DA:346,1
LF:79
LH:71
BRDA:13,0,0,14
BRDA:13,0,1,0
BRDA:20,1,0,8
BRDA:20,1,1,2
BRDA:22,2,0,5
BRDA:25,3,0,7
BRDA:25,3,1,5
BRDA:31,4,0,0
BRDA:33,5,0,0
BRDA:33,5,1,3
BRDA:38,6,0,0
BRDA:38,6,1,3
BRDA:44,7,0,0
BRDA:44,7,1,0
BRDA:54,8,0,0
BRDA:54,8,1,0
BRDA:55,9,0,0
BRDA:55,9,1,0
BRDA:67,10,0,2
BRDA:67,10,1,0
BRDA:67,11,0,2
BRDA:67,11,1,0
BRDA:69,12,0,0
BRDA:69,12,1,2
BRDA:72,13,0,2
BRDA:72,13,1,2
BRDA:76,14,0,2
BRDA:76,14,1,0
BRDA:89,15,0,2
BRDA:89,15,1,0
BRDA:92,16,0,2
BRDA:92,16,1,0
BRDA:132,17,0,2
BRDA:132,17,1,0
BRDA:149,18,0,2
BRDA:149,19,0,2
BRDA:152,20,0,4
BRDA:152,20,1,2
BRDA:153,21,0,4
BRDA:153,21,1,2
BRDA:154,22,0,4
BRDA:154,22,1,4
BRDA:156,23,0,1
BRDA:156,23,1,3
BRDA:157,24,0,1
BRDA:157,24,1,2
BRDA:157,25,0,3
BRDA:157,25,1,3
BRDA:161,26,0,2
BRDA:161,26,1,0
BRDA:161,27,0,2
BRDA:161,27,1,0
BRDA:164,28,0,2
BRDA:164,28,1,0
BRDA:170,29,0,2
BRDA:170,29,1,2
BRDA:173,30,0,2
BRDA:173,30,1,0
BRDA:186,31,0,2
BRDA:186,31,1,0
BRDA:215,32,0,1
BRDA:215,32,1,0
BRDA:224,33,0,0
BRDA:224,34,0,1
BRDA:224,35,0,2
BRDA:228,36,0,3
BRDA:228,36,1,2
BRDA:229,37,0,3
BRDA:229,37,1,2
BRDA:230,38,0,3
BRDA:230,38,1,3
BRDA:233,39,0,1
BRDA:233,39,1,2
BRDA:233,40,0,3
BRDA:233,40,1,2
BRDA:233,40,2,2
BRDA:237,41,0,1
BRDA:237,41,1,1
BRDA:237,42,0,2
BRDA:237,42,1,2
BRDA:271,43,0,1
BRDA:271,43,1,1
BRDA:284,44,0,1
BRDA:284,44,1,0
BRDA:315,45,0,1
BRDA:315,46,0,1
BRDA:317,47,0,3
BRDA:317,47,1,1
BRDA:317,47,2,1
BRDA:318,48,0,3
BRDA:318,48,1,1
BRDA:320,49,0,1
BRDA:320,49,1,2
BRDA:320,50,0,3
BRDA:320,50,1,2
BRDA:322,51,0,2
BRDA:322,51,1,0
BRDA:322,52,0,2
BRDA:322,52,1,0
BRDA:333,53,0,2
BRDA:333,53,1,0
BRF:101
BRH:73
end_of_record
TN:
SF:src\services\xlsxReader.js
FN:15,(anonymous_0)
FN:16,(anonymous_1)
FN:25,(anonymous_2)
FN:31,(anonymous_3)
FN:43,(anonymous_4)
FN:45,(anonymous_5)
FN:51,(anonymous_6)
FN:63,(anonymous_7)
FN:76,(anonymous_8)
FN:94,(anonymous_9)
FN:109,(anonymous_10)
FN:117,(anonymous_11)
FN:151,(anonymous_12)
FN:177,(anonymous_13)
FN:186,(anonymous_14)
FN:188,(anonymous_15)
FN:194,(anonymous_16)
FN:210,(anonymous_17)
FN:218,(anonymous_18)
FN:234,(anonymous_19)
FN:244,(anonymous_20)
FN:253,(anonymous_21)
FN:267,(anonymous_22)
FN:276,(anonymous_23)
FN:290,(anonymous_24)
FN:290,(anonymous_25)
FN:293,(anonymous_26)
FN:307,(anonymous_27)
FNF:28
FNH:1
FNDA:0,(anonymous_0)
FNDA:0,(anonymous_1)
FNDA:0,(anonymous_2)
FNDA:0,(anonymous_3)
FNDA:0,(anonymous_4)
FNDA:0,(anonymous_5)
FNDA:0,(anonymous_6)
FNDA:0,(anonymous_7)
FNDA:0,(anonymous_8)
FNDA:0,(anonymous_9)
FNDA:0,(anonymous_10)
FNDA:0,(anonymous_11)
FNDA:0,(anonymous_12)
FNDA:0,(anonymous_13)
FNDA:0,(anonymous_14)
FNDA:0,(anonymous_15)
FNDA:0,(anonymous_16)
FNDA:0,(anonymous_17)
FNDA:0,(anonymous_18)
FNDA:0,(anonymous_19)
FNDA:0,(anonymous_20)
FNDA:0,(anonymous_21)
FNDA:0,(anonymous_22)
FNDA:0,(anonymous_23)
FNDA:0,(anonymous_24)
FNDA:0,(anonymous_25)
FNDA:1,(anonymous_26)
FNDA:0,(anonymous_27)
DA:1,1
DA:3,1
DA:4,1
DA:5,1
DA:7,1
DA:15,1
DA:16,0
DA:17,0
DA:18,0
DA:19,0
DA:20,0
DA:22,0
DA:25,1
DA:26,0
DA:27,0
DA:28,0
DA:31,1
DA:32,0
DA:33,0
DA:34,0
DA:43,1
DA:45,1
DA:46,0
DA:47,0
DA:48,0
DA:51,1
DA:52,0
DA:54,0
DA:55,0
DA:57,0
DA:63,1
DA:64,0
DA:66,0
DA:67,0
DA:68,0
DA:70,0
DA:76,1
DA:77,0
DA:78,0
DA:80,0
DA:81,0
DA:83,0
DA:84,0
DA:85,0
DA:87,0
DA:94,1
DA:95,0
DA:96,0
DA:97,0
DA:99,0
DA:100,0
DA:101,0
DA:102,0
DA:103,0
DA:106,0
DA:109,1
DA:110,0
DA:111,0
DA:112,0
DA:114,0
DA:117,1
DA:118,0
DA:119,0
DA:120,0
DA:121,0
DA:122,0
DA:124,0
DA:125,0
DA:126,0
DA:129,0
DA:130,0
DA:131,0
DA:132,0
DA:133,0
DA:134,0
DA:135,0
DA:136,0
DA:138,0
DA:145,0
DA:148,0
DA:151,1
DA:152,0
DA:153,0
DA:155,0
DA:156,0
DA:157,0
DA:160,0
DA:161,0
DA:162,0
DA:163,0
DA:165,0
DA:166,0
DA:167,0
DA:168,0
DA:169,0
DA:171,0
DA:174,0
DA:177,1
DA:178,0
DA:179,0
DA:186,1
DA:188,1
DA:189,0
DA:190,0
DA:191,0
DA:194,1
DA:195,0
DA:196,0
DA:198,0
DA:199,0
DA:200,0
DA:203,0
DA:204,0
DA:206,0
DA:207,0
DA:209,0
DA:210,0
DA:211,0
DA:212,0
DA:215,0
DA:218,1
DA:219,0
DA:220,0
DA:222,0
DA:223,0
DA:224,0
DA:226,0
DA:227,0
DA:229,0
DA:231,0
DA:234,1
DA:235,0
DA:236,0
DA:237,0
DA:239,0
DA:242,1
DA:244,1
DA:245,0
DA:246,0
DA:247,0
DA:253,1
DA:254,0
DA:255,0
DA:256,0
DA:258,0
DA:259,0
DA:261,0
DA:262,0
DA:264,0
DA:267,1
DA:268,0
DA:270,0
DA:271,0
DA:272,0
DA:273,0
DA:276,1
DA:277,0
DA:278,0
DA:280,0
DA:281,0
DA:282,0
DA:283,0
DA:285,0
DA:286,0
DA:287,0
DA:290,0
DA:293,1
DA:294,1
DA:295,1
DA:298,0
DA:299,0
DA:300,0
DA:301,0
DA:302,0
DA:305,0
DA:307,0
DA:309,0
DA:310,0
DA:313,0
DA:314,0
DA:315,0
DA:318,0
DA:319,0
DA:325,1
LF:184
LH:32
BRDA:16,0,0,0
BRDA:16,0,1,0
BRDA:17,1,0,0
BRDA:17,1,1,0
BRDA:19,2,0,0
BRDA:19,2,1,0
BRDA:19,3,0,0
BRDA:19,3,1,0
BRDA:20,4,0,0
BRDA:20,4,1,0
BRDA:22,5,0,0
BRDA:22,5,1,0
BRDA:26,6,0,0
BRDA:26,6,1,0
BRDA:28,7,0,0
BRDA:28,7,1,0
BRDA:28,7,2,0
BRDA:28,7,3,0
BRDA:28,7,4,0
BRDA:32,8,0,0
BRDA:32,8,1,0
BRDA:35,9,0,0
BRDA:35,9,1,0
BRDA:35,9,2,0
BRDA:35,9,3,0
BRDA:35,9,4,0
BRDA:35,9,5,0
BRDA:43,10,0,0
BRDA:43,10,1,0
BRDA:43,10,2,0
BRDA:43,10,3,0
BRDA:47,11,0,0
BRDA:47,11,1,0
BRDA:52,12,0,0
BRDA:52,12,1,0
BRDA:55,13,0,0
BRDA:55,13,1,0
BRDA:64,14,0,0
BRDA:64,14,1,0
BRDA:68,15,0,0
BRDA:68,15,1,0
BRDA:78,16,0,0
BRDA:78,16,1,0
BRDA:81,17,0,0
BRDA:81,17,1,0
BRDA:85,18,0,0
BRDA:85,18,1,0
BRDA:96,19,0,0
BRDA:96,19,1,0
BRDA:102,20,0,0
BRDA:102,20,1,0
BRDA:112,21,0,0
BRDA:112,21,1,0
BRDA:125,22,0,0
BRDA:125,22,1,0
BRDA:153,23,0,0
BRDA:153,23,1,0
BRDA:156,24,0,0
BRDA:156,24,1,0
BRDA:165,25,0,0
BRDA:165,25,1,0
BRDA:166,26,0,0
BRDA:166,26,1,0
BRDA:168,27,0,0
BRDA:168,27,1,0
BRDA:168,28,0,0
BRDA:168,28,1,0
BRDA:179,29,0,0
BRDA:179,29,1,0
BRDA:186,30,0,0
BRDA:186,30,1,0
BRDA:189,31,0,0
BRDA:189,31,1,0
BRDA:190,32,0,0
BRDA:190,32,1,0
BRDA:191,33,0,0
BRDA:191,33,1,0
BRDA:200,34,0,0
BRDA:200,34,1,0
BRDA:200,35,0,0
BRDA:200,35,1,0
BRDA:209,36,0,0
BRDA:209,36,1,0
BRDA:210,37,0,0
BRDA:210,37,1,0
BRDA:211,38,0,0
BRDA:211,38,1,0
BRDA:211,39,0,0
BRDA:211,39,1,0
BRDA:211,39,2,0
BRDA:222,40,0,0
BRDA:222,40,1,0
BRDA:236,41,0,0
BRDA:236,41,1,0
BRDA:237,42,0,0
BRDA:237,42,1,0
BRDA:245,43,0,0
BRDA:245,43,1,0
BRDA:246,44,0,0
BRDA:246,44,1,0
BRDA:254,45,0,0
BRDA:254,45,1,0
BRDA:256,46,0,0
BRDA:256,46,1,0
BRDA:259,47,0,0
BRDA:259,47,1,0
BRDA:262,48,0,0
BRDA:262,48,1,0
BRDA:268,49,0,0
BRDA:268,49,1,0
BRDA:271,50,0,0
BRDA:271,50,1,0
BRDA:271,51,0,0
BRDA:271,51,1,0
BRDA:272,52,0,0
BRDA:272,52,1,0
BRDA:272,53,0,0
BRDA:272,53,1,0
BRDA:273,54,0,0
BRDA:273,54,1,0
BRDA:280,55,0,0
BRDA:280,55,1,0
BRDA:281,56,0,0
BRDA:281,56,1,0
BRDA:283,57,0,0
BRDA:283,57,1,0
BRDA:285,58,0,0
BRDA:285,58,1,0
BRDA:286,59,0,0
BRDA:286,59,1,0
BRDA:290,60,0,0
BRDA:290,60,1,0
BRDA:290,61,0,0
BRDA:290,61,1,0
BRDA:293,62,0,1
BRDA:293,63,0,1
BRDA:294,64,0,1
BRDA:294,64,1,0
BRDA:294,65,0,1
BRDA:294,65,1,0
BRDA:301,66,0,0
BRDA:301,66,1,0
BRDA:301,67,0,0
BRDA:301,67,1,0
BRDA:307,68,0,0
BRDA:307,68,1,0
BRDA:309,69,0,0
BRDA:309,69,1,0
BRDA:314,70,0,0
BRDA:314,70,1,0
BRF:150
BRH:4
end_of_record
TN:
SF:src\validation\eciencia.js
FN:15,(anonymous_0)
FN:17,(anonymous_1)
FN:23,(anonymous_2)
FN:28,(anonymous_3)
FN:33,(anonymous_4)
FN:42,(anonymous_5)
FN:52,(anonymous_6)
FN:53,(anonymous_7)
FN:61,(anonymous_8)
FN:86,(anonymous_9)
FN:95,(anonymous_10)
FN:104,(anonymous_11)
FN:111,(anonymous_12)
FN:138,(anonymous_13)
FN:145,(anonymous_14)
FN:148,(anonymous_15)
FN:158,(anonymous_16)
FN:164,(anonymous_17)
FN:174,(anonymous_18)
FN:184,(anonymous_19)
FN:194,(anonymous_20)
FN:203,(anonymous_21)
FN:366,(anonymous_22)
FN:367,(anonymous_23)
FN:377,(anonymous_24)
FN:386,(anonymous_25)
FNF:26
FNH:25
FNDA:37,(anonymous_0)
FNDA:28,(anonymous_1)
FNDA:4,(anonymous_2)
FNDA:9,(anonymous_3)
FNDA:13,(anonymous_4)
FNDA:81,(anonymous_5)
FNDA:2,(anonymous_6)
FNDA:17,(anonymous_7)
FNDA:10,(anonymous_8)
FNDA:7,(anonymous_9)
FNDA:38,(anonymous_10)
FNDA:24,(anonymous_11)
FNDA:2,(anonymous_12)
FNDA:1,(anonymous_13)
FNDA:1,(anonymous_14)
FNDA:30,(anonymous_15)
FNDA:4,(anonymous_16)
FNDA:4,(anonymous_17)
FNDA:8,(anonymous_18)
FNDA:2,(anonymous_19)
FNDA:1,(anonymous_20)
FNDA:0,(anonymous_21)
FNDA:6,(anonymous_22)
FNDA:6,(anonymous_23)
FNDA:8,(anonymous_24)
FNDA:2,(anonymous_25)
DA:1,2
DA:3,2
DA:15,37
DA:17,2
DA:18,28
DA:19,17
DA:20,17
DA:23,2
DA:24,4
DA:25,4
DA:28,2
DA:29,9
DA:30,9
DA:33,2
DA:34,13
DA:35,13
DA:37,12
DA:38,12
DA:39,12
DA:41,9
DA:42,9
DA:43,81
DA:44,81
DA:45,81
DA:48,9
DA:49,9
DA:52,2
DA:53,17
DA:54,2
DA:55,2
DA:56,2
DA:57,2
DA:58,2
DA:61,2
DA:62,10
DA:63,10
DA:65,8
DA:66,8
DA:67,8
DA:69,7
DA:70,4
DA:73,3
DA:74,1
DA:75,1
DA:78,2
DA:79,1
DA:80,1
DA:83,1
DA:86,2
DA:87,7
DA:88,7
DA:89,6
DA:90,5
DA:91,3
DA:92,1
DA:95,2
DA:96,38
DA:104,2
DA:105,24
DA:110,2
DA:112,2
DA:113,2
DA:117,2
DA:125,2
DA:134,2
DA:138,1
DA:141,2
DA:145,1
DA:148,2
DA:149,30
DA:158,2
DA:159,4
DA:164,2
DA:165,4
DA:174,2
DA:175,8
DA:184,2
DA:185,2
DA:186,2
DA:187,2
DA:190,2
DA:194,2
DA:195,1
DA:196,1
DA:199,2
DA:203,0
DA:208,2
DA:215,2
DA:219,2
DA:366,2
DA:367,6
DA:371,6
DA:377,2
DA:378,8
DA:379,8
DA:380,3
DA:381,3
DA:382,3
DA:383,3
DA:386,2
DA:387,2
DA:388,1
DA:389,1
DA:391,1
DA:394,2
LF:105
LH:104
BRDA:15,0,0,37
BRDA:15,0,1,4
BRDA:18,1,0,11
BRDA:18,1,1,17
BRDA:18,2,0,28
BRDA:18,2,1,18
BRDA:20,3,0,17
BRDA:20,3,1,2
BRDA:25,4,0,2
BRDA:25,4,1,2
BRDA:29,5,0,0
BRDA:29,5,1,9
BRDA:29,6,0,9
BRDA:29,6,1,9
BRDA:29,6,2,9
BRDA:35,7,0,1
BRDA:35,7,1,12
BRDA:39,8,0,3
BRDA:39,8,1,9
BRDA:39,9,0,12
BRDA:39,9,1,11
BRDA:39,9,2,10
BRDA:44,10,0,9
BRDA:44,10,1,72
BRDA:56,11,0,0
BRDA:56,11,1,2
BRDA:57,12,0,0
BRDA:57,12,1,2
BRDA:63,13,0,2
BRDA:63,13,1,8
BRDA:63,14,0,10
BRDA:63,14,1,10
BRDA:67,15,0,1
BRDA:67,15,1,7
BRDA:67,16,0,8
BRDA:67,16,1,8
BRDA:69,17,0,4
BRDA:69,17,1,3
BRDA:73,18,0,1
BRDA:73,18,1,2
BRDA:78,19,0,1
BRDA:78,19,1,1
BRDA:88,20,0,1
BRDA:88,20,1,6
BRDA:89,21,0,1
BRDA:89,21,1,5
BRDA:90,22,0,2
BRDA:90,22,1,3
BRDA:91,23,0,2
BRDA:91,23,1,1
BRDA:91,24,0,3
BRDA:91,24,1,2
BRDA:113,25,0,2
BRDA:113,25,1,1
BRDA:145,26,0,1
BRDA:145,26,1,0
BRDA:148,27,0,26
BRDA:164,28,0,0
BRDA:174,29,0,8
BRDA:185,30,0,0
BRDA:185,30,1,2
BRDA:186,31,0,0
BRDA:186,31,1,2
BRDA:195,32,0,0
BRDA:195,32,1,1
BRDA:368,33,0,6
BRDA:368,33,1,0
BRDA:372,34,0,6
BRDA:372,34,1,0
BRDA:378,35,0,8
BRDA:378,35,1,0
BRDA:379,36,0,5
BRDA:379,36,1,3
BRDA:387,37,0,1
BRDA:387,37,1,1
BRDA:387,38,0,2
BRDA:387,38,1,1
BRF:77
BRH:66
end_of_record
